[2022-07-18 08:53:15.868] [renderer1] [critical] Extension 'ms-vsliveshare.vsliveshare' wants API proposal 'notebookDocumentEvents' but that proposal DOES NOT EXIST. Likely, the proposal has been finalized (check 'vscode.d.ts') or was abandoned.
[2022-07-18 08:53:17.178] [renderer1] [error] [Extension Host] (node:12478) [DEP0005] DeprecationWarning: Buffer() is deprecated due to security and usability issues. Please use the Buffer.alloc(), Buffer.allocUnsafe(), or Buffer.from() methods instead.
(Use `code --trace-deprecation ...` to show where the warning was created)
[2022-07-18 08:53:40.263] [renderer1] [info] [onWill-handler] applying additional workspace edit from extensions ["Python"]
[2022-07-18 08:53:46.915] [renderer1] [info] [onWill-handler] applying additional workspace edit from extensions ["Python"]
[2022-07-18 10:12:31.724] [renderer1] [error] Illegal value for `line`: Error: Illegal value for `line`
    at S._lineAt (/opt/visual-studio-code/resources/app/out/vs/workbench/api/node/extensionHostProcess.js:79:1174)
    at Object.rangeOffset [as lineAt] (/opt/visual-studio-code/resources/app/out/vs/workbench/api/node/extensionHostProcess.js:79:95)
    at /home/bot/.vscode/extensions/formulahendry.auto-rename-tag-0.1.10/packages/extension/dist/webpack:/auto-rename-tag/src/extensionMain.ts:319:41
    at w.invoke (/opt/visual-studio-code/resources/app/out/vs/workbench/api/node/extensionHostProcess.js:61:145)
    at v.deliver (/opt/visual-studio-code/resources/app/out/vs/workbench/api/node/extensionHostProcess.js:61:2266)
    at p.fire (/opt/visual-studio-code/resources/app/out/vs/workbench/api/node/extensionHostProcess.js:61:1844)
    at I.$acceptModelChanged (/opt/visual-studio-code/resources/app/out/vs/workbench/api/node/extensionHostProcess.js:87:12655)
    at s._doInvokeHandler (/opt/visual-studio-code/resources/app/out/vs/workbench/api/node/extensionHostProcess.js:95:13708)
    at s._invokeHandler (/opt/visual-studio-code/resources/app/out/vs/workbench/api/node/extensionHostProcess.js:95:13390)
    at s._receiveRequest (/opt/visual-studio-code/resources/app/out/vs/workbench/api/node/extensionHostProcess.js:95:12159)
    at s._receiveOneMessage (/opt/visual-studio-code/resources/app/out/vs/workbench/api/node/extensionHostProcess.js:95:10853)
    at /opt/visual-studio-code/resources/app/out/vs/workbench/api/node/extensionHostProcess.js:95:8957
    at w.invoke (/opt/visual-studio-code/resources/app/out/vs/workbench/api/node/extensionHostProcess.js:61:145)
    at v.deliver (/opt/visual-studio-code/resources/app/out/vs/workbench/api/node/extensionHostProcess.js:61:2266)
    at p.fire (/opt/visual-studio-code/resources/app/out/vs/workbench/api/node/extensionHostProcess.js:61:1844)
    at a.fire (/opt/visual-studio-code/resources/app/out/vs/workbench/api/node/extensionHostProcess.js:69:18976)
    at /opt/visual-studio-code/resources/app/out/vs/workbench/api/node/extensionHostProcess.js:111:34679
    at w.invoke (/opt/visual-studio-code/resources/app/out/vs/workbench/api/node/extensionHostProcess.js:61:145)
    at v.deliver (/opt/visual-studio-code/resources/app/out/vs/workbench/api/node/extensionHostProcess.js:61:2266)
    at p.fire (/opt/visual-studio-code/resources/app/out/vs/workbench/api/node/extensionHostProcess.js:61:1844)
    at a.fire (/opt/visual-studio-code/resources/app/out/vs/workbench/api/node/extensionHostProcess.js:69:18976)
    at r._receiveMessage (/opt/visual-studio-code/resources/app/out/vs/workbench/api/node/extensionHostProcess.js:69:23563)
    at /opt/visual-studio-code/resources/app/out/vs/workbench/api/node/extensionHostProcess.js:69:21097
    at w.invoke (/opt/visual-studio-code/resources/app/out/vs/workbench/api/node/extensionHostProcess.js:61:145)
    at v.deliver (/opt/visual-studio-code/resources/app/out/vs/workbench/api/node/extensionHostProcess.js:61:2266)
    at p.fire (/opt/visual-studio-code/resources/app/out/vs/workbench/api/node/extensionHostProcess.js:61:1844)
    at p.acceptChunk (/opt/visual-studio-code/resources/app/out/vs/workbench/api/node/extensionHostProcess.js:69:15807)
    at /opt/visual-studio-code/resources/app/out/vs/workbench/api/node/extensionHostProcess.js:69:14937
    at Socket.R (/opt/visual-studio-code/resources/app/out/vs/workbench/api/node/extensionHostProcess.js:111:13763)
    at Socket.emit (node:events:390:28)
    at Socket.emit (node:domain:475:12)
    at addChunk (node:internal/streams/readable:315:12)
    at readableAddChunk (node:internal/streams/readable:289:9)
    at Socket.Readable.push (node:internal/streams/readable:228:10)
    at Pipe.onStreamRead (node:internal/stream_base_commons:199:23)
[2022-07-18 10:12:50.896] [renderer1] [error] Illegal value for `line`: Error: Illegal value for `line`
    at S._lineAt (/opt/visual-studio-code/resources/app/out/vs/workbench/api/node/extensionHostProcess.js:79:1174)
    at Object.rangeOffset [as lineAt] (/opt/visual-studio-code/resources/app/out/vs/workbench/api/node/extensionHostProcess.js:79:95)
    at /home/bot/.vscode/extensions/formulahendry.auto-rename-tag-0.1.10/packages/extension/dist/webpack:/auto-rename-tag/src/extensionMain.ts:319:41
    at w.invoke (/opt/visual-studio-code/resources/app/out/vs/workbench/api/node/extensionHostProcess.js:61:145)
    at v.deliver (/opt/visual-studio-code/resources/app/out/vs/workbench/api/node/extensionHostProcess.js:61:2266)
    at p.fire (/opt/visual-studio-code/resources/app/out/vs/workbench/api/node/extensionHostProcess.js:61:1844)
    at I.$acceptModelChanged (/opt/visual-studio-code/resources/app/out/vs/workbench/api/node/extensionHostProcess.js:87:12655)
    at s._doInvokeHandler (/opt/visual-studio-code/resources/app/out/vs/workbench/api/node/extensionHostProcess.js:95:13708)
    at s._invokeHandler (/opt/visual-studio-code/resources/app/out/vs/workbench/api/node/extensionHostProcess.js:95:13390)
    at s._receiveRequest (/opt/visual-studio-code/resources/app/out/vs/workbench/api/node/extensionHostProcess.js:95:12159)
    at s._receiveOneMessage (/opt/visual-studio-code/resources/app/out/vs/workbench/api/node/extensionHostProcess.js:95:10853)
    at /opt/visual-studio-code/resources/app/out/vs/workbench/api/node/extensionHostProcess.js:95:8957
    at w.invoke (/opt/visual-studio-code/resources/app/out/vs/workbench/api/node/extensionHostProcess.js:61:145)
    at v.deliver (/opt/visual-studio-code/resources/app/out/vs/workbench/api/node/extensionHostProcess.js:61:2266)
    at p.fire (/opt/visual-studio-code/resources/app/out/vs/workbench/api/node/extensionHostProcess.js:61:1844)
    at a.fire (/opt/visual-studio-code/resources/app/out/vs/workbench/api/node/extensionHostProcess.js:69:18976)
    at /opt/visual-studio-code/resources/app/out/vs/workbench/api/node/extensionHostProcess.js:111:34679
    at w.invoke (/opt/visual-studio-code/resources/app/out/vs/workbench/api/node/extensionHostProcess.js:61:145)
    at v.deliver (/opt/visual-studio-code/resources/app/out/vs/workbench/api/node/extensionHostProcess.js:61:2266)
    at p.fire (/opt/visual-studio-code/resources/app/out/vs/workbench/api/node/extensionHostProcess.js:61:1844)
    at a.fire (/opt/visual-studio-code/resources/app/out/vs/workbench/api/node/extensionHostProcess.js:69:18976)
    at r._receiveMessage (/opt/visual-studio-code/resources/app/out/vs/workbench/api/node/extensionHostProcess.js:69:23563)
    at /opt/visual-studio-code/resources/app/out/vs/workbench/api/node/extensionHostProcess.js:69:21097
    at w.invoke (/opt/visual-studio-code/resources/app/out/vs/workbench/api/node/extensionHostProcess.js:61:145)
    at v.deliver (/opt/visual-studio-code/resources/app/out/vs/workbench/api/node/extensionHostProcess.js:61:2266)
    at p.fire (/opt/visual-studio-code/resources/app/out/vs/workbench/api/node/extensionHostProcess.js:61:1844)
    at p.acceptChunk (/opt/visual-studio-code/resources/app/out/vs/workbench/api/node/extensionHostProcess.js:69:15807)
    at /opt/visual-studio-code/resources/app/out/vs/workbench/api/node/extensionHostProcess.js:69:14937
    at Socket.R (/opt/visual-studio-code/resources/app/out/vs/workbench/api/node/extensionHostProcess.js:111:13763)
    at Socket.emit (node:events:390:28)
    at Socket.emit (node:domain:475:12)
    at addChunk (node:internal/streams/readable:315:12)
    at readableAddChunk (node:internal/streams/readable:289:9)
    at Socket.Readable.push (node:internal/streams/readable:228:10)
    at Pipe.onStreamRead (node:internal/stream_base_commons:199:23)
[2022-07-18 10:13:05.017] [renderer1] [error] Illegal value for `line`: Error: Illegal value for `line`
    at S._lineAt (/opt/visual-studio-code/resources/app/out/vs/workbench/api/node/extensionHostProcess.js:79:1174)
    at Object.rangeOffset [as lineAt] (/opt/visual-studio-code/resources/app/out/vs/workbench/api/node/extensionHostProcess.js:79:95)
    at /home/bot/.vscode/extensions/formulahendry.auto-rename-tag-0.1.10/packages/extension/dist/webpack:/auto-rename-tag/src/extensionMain.ts:319:41
    at w.invoke (/opt/visual-studio-code/resources/app/out/vs/workbench/api/node/extensionHostProcess.js:61:145)
    at v.deliver (/opt/visual-studio-code/resources/app/out/vs/workbench/api/node/extensionHostProcess.js:61:2266)
    at p.fire (/opt/visual-studio-code/resources/app/out/vs/workbench/api/node/extensionHostProcess.js:61:1844)
    at I.$acceptModelChanged (/opt/visual-studio-code/resources/app/out/vs/workbench/api/node/extensionHostProcess.js:87:12655)
    at s._doInvokeHandler (/opt/visual-studio-code/resources/app/out/vs/workbench/api/node/extensionHostProcess.js:95:13708)
    at s._invokeHandler (/opt/visual-studio-code/resources/app/out/vs/workbench/api/node/extensionHostProcess.js:95:13390)
    at s._receiveRequest (/opt/visual-studio-code/resources/app/out/vs/workbench/api/node/extensionHostProcess.js:95:12159)
    at s._receiveOneMessage (/opt/visual-studio-code/resources/app/out/vs/workbench/api/node/extensionHostProcess.js:95:10853)
    at /opt/visual-studio-code/resources/app/out/vs/workbench/api/node/extensionHostProcess.js:95:8957
    at w.invoke (/opt/visual-studio-code/resources/app/out/vs/workbench/api/node/extensionHostProcess.js:61:145)
    at v.deliver (/opt/visual-studio-code/resources/app/out/vs/workbench/api/node/extensionHostProcess.js:61:2266)
    at p.fire (/opt/visual-studio-code/resources/app/out/vs/workbench/api/node/extensionHostProcess.js:61:1844)
    at a.fire (/opt/visual-studio-code/resources/app/out/vs/workbench/api/node/extensionHostProcess.js:69:18976)
    at /opt/visual-studio-code/resources/app/out/vs/workbench/api/node/extensionHostProcess.js:111:34679
    at w.invoke (/opt/visual-studio-code/resources/app/out/vs/workbench/api/node/extensionHostProcess.js:61:145)
    at v.deliver (/opt/visual-studio-code/resources/app/out/vs/workbench/api/node/extensionHostProcess.js:61:2266)
    at p.fire (/opt/visual-studio-code/resources/app/out/vs/workbench/api/node/extensionHostProcess.js:61:1844)
    at a.fire (/opt/visual-studio-code/resources/app/out/vs/workbench/api/node/extensionHostProcess.js:69:18976)
    at r._receiveMessage (/opt/visual-studio-code/resources/app/out/vs/workbench/api/node/extensionHostProcess.js:69:23563)
    at /opt/visual-studio-code/resources/app/out/vs/workbench/api/node/extensionHostProcess.js:69:21097
    at w.invoke (/opt/visual-studio-code/resources/app/out/vs/workbench/api/node/extensionHostProcess.js:61:145)
    at v.deliver (/opt/visual-studio-code/resources/app/out/vs/workbench/api/node/extensionHostProcess.js:61:2266)
    at p.fire (/opt/visual-studio-code/resources/app/out/vs/workbench/api/node/extensionHostProcess.js:61:1844)
    at p.acceptChunk (/opt/visual-studio-code/resources/app/out/vs/workbench/api/node/extensionHostProcess.js:69:15807)
    at /opt/visual-studio-code/resources/app/out/vs/workbench/api/node/extensionHostProcess.js:69:14937
    at Socket.R (/opt/visual-studio-code/resources/app/out/vs/workbench/api/node/extensionHostProcess.js:111:13763)
    at Socket.emit (node:events:390:28)
    at Socket.emit (node:domain:475:12)
    at addChunk (node:internal/streams/readable:315:12)
    at readableAddChunk (node:internal/streams/readable:289:9)
    at Socket.Readable.push (node:internal/streams/readable:228:10)
    at Pipe.onStreamRead (node:internal/stream_base_commons:199:23)
