[2022-07-17T20:56:31.076Z] Log level: Info
[2022-07-17T20:56:31.077Z] [info] Validating found git in: git
[2022-07-17T20:56:31.154Z] [info] Using git 2.37.1 from git
[2022-07-17T20:56:31.191Z] > git rev-parse --show-toplevel [26ms]
[2022-07-17T20:56:31.682Z] > git rev-parse --git-dir --git-common-dir [483ms]
[2022-07-17T20:56:31.685Z] [info] Open repository: /home/bot/AAMeineSachen/FL3XX/BRIGHT-reporting
[2022-07-17T20:56:31.722Z] > git status -z -uall [16ms]
[2022-07-17T20:56:31.765Z] > git symbolic-ref --short HEAD [34ms]
[2022-07-17T20:56:31.808Z] > git for-each-ref --format=%(refname)%00%(upstream:short)%00%(objectname)%00%(upstream:track)%00%(upstream:remotename)%00%(upstream:remoteref) refs/heads/psalah refs/remotes/psalah [31ms]
[2022-07-17T20:56:31.846Z] > git remote --verbose [18ms]
[2022-07-17T20:56:31.846Z] > git for-each-ref --sort -committerdate --format %(refname) %(objectname) %(*objectname) [27ms]
[2022-07-17T20:56:31.877Z] > git config --get commit.template [9ms]
[2022-07-17T20:56:31.893Z] > git status -z -uall [4ms]
[2022-07-17T20:56:31.905Z] > git symbolic-ref --short HEAD [2ms]
[2022-07-17T20:56:31.961Z] > git for-each-ref --format=%(refname)%00%(upstream:short)%00%(objectname)%00%(upstream:track)%00%(upstream:remotename)%00%(upstream:remoteref) refs/heads/psalah refs/remotes/psalah [43ms]
[2022-07-17T20:56:31.988Z] > git remote --verbose [5ms]
[2022-07-17T20:56:31.988Z] > git for-each-ref --sort -committerdate --format %(refname) %(objectname) %(*objectname) [16ms]
[2022-07-17T20:56:32.004Z] > git config --get commit.template [3ms]
[2022-07-17T20:56:32.250Z] > git check-ignore -v -z --stdin [2ms]
[2022-07-17T20:56:32.339Z] > git show --textconv :app/etl/read_config.py [13ms]
[2022-07-17T20:56:32.340Z] > git ls-files --stage -- /home/bot/AAMeineSachen/FL3XX/BRIGHT-reporting/app/etl/read_config.py [3ms]
[2022-07-17T20:56:32.787Z] > git fetch [1092ms]
[2022-07-17T20:56:32.787Z] Missing or invalid credentials.
Skip silent fetch commands
Missing or invalid credentials.
Skip silent fetch commands
remote: Unauthorized
fatal: Authentication failed for 'https://git.fl3xx.com/FL3XX/BRIGHT-reporting.git/'
[2022-07-17T20:56:32.917Z] > git ls-files --stage -- /home/bot/AAMeineSachen/FL3XX/BRIGHT-reporting/app/etl/read_config.py [8ms]
[2022-07-17T20:56:32.946Z] > git show --textconv :app/etl/read_config.py [5ms]
[2022-07-17T20:56:37.226Z] > git show --textconv :app/etl/ps_etl.py [13ms]
[2022-07-17T20:56:37.227Z] > git ls-files --stage -- /home/bot/AAMeineSachen/FL3XX/BRIGHT-reporting/app/etl/ps_etl.py [2ms]
[2022-07-17T20:56:37.241Z] > git cat-file -s f01ff8279bda1a91387ab57ba8abccce4081ce8e [1ms]
[2022-07-17T20:56:37.397Z] > git status -z -uall [1ms]
[2022-07-17T20:56:37.411Z] > git symbolic-ref --short HEAD [1ms]
[2022-07-17T20:56:37.425Z] > git for-each-ref --format=%(refname)%00%(upstream:short)%00%(objectname)%00%(upstream:track)%00%(upstream:remotename)%00%(upstream:remoteref) refs/heads/psalah refs/remotes/psalah [1ms]
[2022-07-17T20:56:37.456Z] > git remote --verbose [2ms]
[2022-07-17T20:56:37.456Z] > git for-each-ref --sort -committerdate --format %(refname) %(objectname) %(*objectname) [18ms]
[2022-07-17T20:56:37.478Z] > git config --get commit.template [4ms]
[2022-07-17T20:56:37.498Z] > git ls-files --stage -- /home/bot/AAMeineSachen/FL3XX/BRIGHT-reporting/app/etl/ps_etl.py [0ms]
[2022-07-17T20:56:37.511Z] > git cat-file -s f01ff8279bda1a91387ab57ba8abccce4081ce8e [1ms]
[2022-07-17T20:56:37.530Z] > git show --textconv :app/etl/ps_etl.py [1ms]
[2022-07-17T20:57:09.894Z] > git show --textconv :app/qa/qa.py [11ms]
[2022-07-17T20:57:09.895Z] > git ls-files --stage -- /home/bot/AAMeineSachen/FL3XX/BRIGHT-reporting/app/qa/qa.py [2ms]
[2022-07-17T20:57:09.919Z] > git cat-file -s 6f2303872cafabece1bafde71a2911bd12b8ee43 [13ms]
[2022-07-17T20:58:19.774Z] > git status -z -uall [11ms]
[2022-07-17T20:58:19.787Z] > git symbolic-ref --short HEAD [2ms]
[2022-07-17T20:58:19.799Z] > git for-each-ref --format=%(refname)%00%(upstream:short)%00%(objectname)%00%(upstream:track)%00%(upstream:remotename)%00%(upstream:remoteref) refs/heads/psalah refs/remotes/psalah [2ms]
[2022-07-17T20:58:19.819Z] > git for-each-ref --sort -committerdate --format %(refname) %(objectname) %(*objectname) [10ms]
[2022-07-17T20:58:19.820Z] > git remote --verbose [2ms]
[2022-07-17T20:58:19.832Z] > git config --get commit.template [1ms]
[2022-07-17T20:58:29.812Z] > git status -z -uall [1ms]
[2022-07-17T20:58:29.823Z] > git symbolic-ref --short HEAD [0ms]
[2022-07-17T20:58:29.834Z] > git for-each-ref --format=%(refname)%00%(upstream:short)%00%(objectname)%00%(upstream:track)%00%(upstream:remotename)%00%(upstream:remoteref) refs/heads/psalah refs/remotes/psalah [0ms]
[2022-07-17T20:58:29.856Z] > git for-each-ref --sort -committerdate --format %(refname) %(objectname) %(*objectname) [11ms]
[2022-07-17T20:58:29.857Z] > git remote --verbose [1ms]
[2022-07-17T20:58:29.872Z] > git config --get commit.template [1ms]
[2022-07-17T20:58:33.781Z] > git show --textconv :app/etl/ps_etl.py [11ms]
[2022-07-17T20:58:33.782Z] > git ls-files --stage -- /home/bot/AAMeineSachen/FL3XX/BRIGHT-reporting/app/etl/ps_etl.py [1ms]
[2022-07-17T20:58:33.793Z] > git cat-file -s f01ff8279bda1a91387ab57ba8abccce4081ce8e [1ms]
[2022-07-17T20:58:34.884Z] > git status -z -uall [1ms]
[2022-07-17T20:58:34.897Z] > git symbolic-ref --short HEAD [1ms]
[2022-07-17T20:58:34.908Z] > git for-each-ref --format=%(refname)%00%(upstream:short)%00%(objectname)%00%(upstream:track)%00%(upstream:remotename)%00%(upstream:remoteref) refs/heads/psalah refs/remotes/psalah [0ms]
[2022-07-17T20:58:34.931Z] > git for-each-ref --sort -committerdate --format %(refname) %(objectname) %(*objectname) [11ms]
[2022-07-17T20:58:34.932Z] > git remote --verbose [1ms]
[2022-07-17T20:58:34.943Z] > git config --get commit.template [1ms]
[2022-07-17T20:58:35.744Z] > git show --textconv :app/qa/qa.py [11ms]
[2022-07-17T20:58:35.745Z] > git ls-files --stage -- /home/bot/AAMeineSachen/FL3XX/BRIGHT-reporting/app/qa/qa.py [1ms]
[2022-07-17T20:58:35.755Z] > git cat-file -s 6f2303872cafabece1bafde71a2911bd12b8ee43 [0ms]
[2022-07-17T20:58:39.956Z] > git status -z -uall [1ms]
[2022-07-17T20:58:39.967Z] > git symbolic-ref --short HEAD [1ms]
[2022-07-17T20:58:39.977Z] > git for-each-ref --format=%(refname)%00%(upstream:short)%00%(objectname)%00%(upstream:track)%00%(upstream:remotename)%00%(upstream:remoteref) refs/heads/psalah refs/remotes/psalah [0ms]
[2022-07-17T20:58:39.999Z] > git for-each-ref --sort -committerdate --format %(refname) %(objectname) %(*objectname) [11ms]
[2022-07-17T20:58:39.999Z] > git remote --verbose [0ms]
[2022-07-17T20:58:40.011Z] > git config --get commit.template [0ms]
[2022-07-17T20:58:45.031Z] > git status -z -uall [1ms]
[2022-07-17T20:58:45.047Z] > git symbolic-ref --short HEAD [0ms]
[2022-07-17T20:58:45.063Z] > git for-each-ref --format=%(refname)%00%(upstream:short)%00%(objectname)%00%(upstream:track)%00%(upstream:remotename)%00%(upstream:remoteref) refs/heads/psalah refs/remotes/psalah [1ms]
[2022-07-17T20:58:45.086Z] > git for-each-ref --sort -committerdate --format %(refname) %(objectname) %(*objectname) [12ms]
[2022-07-17T20:58:45.086Z] > git remote --verbose [1ms]
[2022-07-17T20:58:45.102Z] > git config --get commit.template [1ms]
[2022-07-17T20:58:50.113Z] > git status -z -uall [0ms]
[2022-07-17T20:58:50.126Z] > git symbolic-ref --short HEAD [1ms]
[2022-07-17T20:58:50.138Z] > git for-each-ref --format=%(refname)%00%(upstream:short)%00%(objectname)%00%(upstream:track)%00%(upstream:remotename)%00%(upstream:remoteref) refs/heads/psalah refs/remotes/psalah [1ms]
[2022-07-17T20:58:50.163Z] > git remote --verbose [2ms]
[2022-07-17T20:58:50.163Z] > git for-each-ref --sort -committerdate --format %(refname) %(objectname) %(*objectname) [13ms]
[2022-07-17T20:58:50.183Z] > git config --get commit.template [5ms]
[2022-07-17T20:58:55.210Z] > git status -z -uall [1ms]
[2022-07-17T20:58:55.221Z] > git symbolic-ref --short HEAD [0ms]
[2022-07-17T20:58:55.233Z] > git for-each-ref --format=%(refname)%00%(upstream:short)%00%(objectname)%00%(upstream:track)%00%(upstream:remotename)%00%(upstream:remoteref) refs/heads/psalah refs/remotes/psalah [1ms]
[2022-07-17T20:58:55.254Z] > git for-each-ref --sort -committerdate --format %(refname) %(objectname) %(*objectname) [11ms]
[2022-07-17T20:58:55.254Z] > git remote --verbose [0ms]
[2022-07-17T20:58:55.266Z] > git config --get commit.template [1ms]
[2022-07-17T20:59:00.279Z] > git status -z -uall [1ms]
[2022-07-17T20:59:00.290Z] > git symbolic-ref --short HEAD [1ms]
[2022-07-17T20:59:00.301Z] > git for-each-ref --format=%(refname)%00%(upstream:short)%00%(objectname)%00%(upstream:track)%00%(upstream:remotename)%00%(upstream:remoteref) refs/heads/psalah refs/remotes/psalah [1ms]
[2022-07-17T20:59:00.325Z] > git for-each-ref --sort -committerdate --format %(refname) %(objectname) %(*objectname) [13ms]
[2022-07-17T20:59:00.326Z] > git remote --verbose [3ms]
[2022-07-17T20:59:00.339Z] > git config --get commit.template [2ms]
[2022-07-17T20:59:05.353Z] > git status -z -uall [1ms]
[2022-07-17T20:59:05.365Z] > git symbolic-ref --short HEAD [2ms]
[2022-07-17T20:59:05.377Z] > git for-each-ref --format=%(refname)%00%(upstream:short)%00%(objectname)%00%(upstream:track)%00%(upstream:remotename)%00%(upstream:remoteref) refs/heads/psalah refs/remotes/psalah [1ms]
[2022-07-17T20:59:05.397Z] > git for-each-ref --sort -committerdate --format %(refname) %(objectname) %(*objectname) [10ms]
[2022-07-17T20:59:05.398Z] > git remote --verbose [1ms]
[2022-07-17T20:59:05.410Z] > git config --get commit.template [1ms]
[2022-07-17T20:59:10.434Z] > git status -z -uall [1ms]
[2022-07-17T20:59:10.447Z] > git symbolic-ref --short HEAD [1ms]
[2022-07-17T20:59:10.458Z] > git for-each-ref --format=%(refname)%00%(upstream:short)%00%(objectname)%00%(upstream:track)%00%(upstream:remotename)%00%(upstream:remoteref) refs/heads/psalah refs/remotes/psalah [0ms]
[2022-07-17T20:59:10.479Z] > git for-each-ref --sort -committerdate --format %(refname) %(objectname) %(*objectname) [11ms]
[2022-07-17T20:59:10.479Z] > git remote --verbose [1ms]
[2022-07-17T20:59:10.491Z] > git config --get commit.template [1ms]
[2022-07-17T20:59:15.522Z] > git status -z -uall [2ms]
[2022-07-17T20:59:15.542Z] > git symbolic-ref --short HEAD [2ms]
[2022-07-17T20:59:15.560Z] > git for-each-ref --format=%(refname)%00%(upstream:short)%00%(objectname)%00%(upstream:track)%00%(upstream:remotename)%00%(upstream:remoteref) refs/heads/psalah refs/remotes/psalah [1ms]
[2022-07-17T20:59:15.585Z] > git for-each-ref --sort -committerdate --format %(refname) %(objectname) %(*objectname) [10ms]
[2022-07-17T20:59:15.585Z] > git remote --verbose [0ms]
[2022-07-17T20:59:15.599Z] > git config --get commit.template [1ms]
[2022-07-17T20:59:30.008Z] > git status -z -uall [11ms]
[2022-07-17T20:59:30.020Z] > git symbolic-ref --short HEAD [1ms]
[2022-07-17T20:59:30.032Z] > git for-each-ref --format=%(refname)%00%(upstream:short)%00%(objectname)%00%(upstream:track)%00%(upstream:remotename)%00%(upstream:remoteref) refs/heads/psalah refs/remotes/psalah [0ms]
[2022-07-17T20:59:30.056Z] > git for-each-ref --sort -committerdate --format %(refname) %(objectname) %(*objectname) [11ms]
[2022-07-17T20:59:30.056Z] > git remote --verbose [1ms]
[2022-07-17T20:59:30.068Z] > git config --get commit.template [1ms]
[2022-07-17T20:59:31.435Z] > git show --textconv :app/etl/read_config.py [11ms]
[2022-07-17T20:59:31.435Z] > git ls-files --stage -- /home/bot/AAMeineSachen/FL3XX/BRIGHT-reporting/app/etl/read_config.py [1ms]
[2022-07-17T20:59:32.568Z] > git show --textconv :app/etl/helpers.py [11ms]
[2022-07-17T20:59:32.569Z] > git ls-files --stage -- /home/bot/AAMeineSachen/FL3XX/BRIGHT-reporting/app/etl/helpers.py [1ms]
[2022-07-17T20:59:36.038Z] > git show --textconv :app/etl/read_config.py [21ms]
[2022-07-17T20:59:36.039Z] > git ls-files --stage -- /home/bot/AAMeineSachen/FL3XX/BRIGHT-reporting/app/etl/read_config.py [2ms]
[2022-07-17T20:59:36.863Z] > git show --textconv :app/qa/qa.py [11ms]
[2022-07-17T20:59:36.863Z] > git ls-files --stage -- /home/bot/AAMeineSachen/FL3XX/BRIGHT-reporting/app/qa/qa.py [0ms]
[2022-07-17T20:59:36.875Z] > git cat-file -s 6f2303872cafabece1bafde71a2911bd12b8ee43 [1ms]
[2022-07-17T20:59:39.594Z] > git check-ignore -v -z --stdin [1ms]
[2022-07-17T20:59:40.617Z] > git status -z -uall [1ms]
[2022-07-17T20:59:40.631Z] > git symbolic-ref --short HEAD [1ms]
[2022-07-17T20:59:40.647Z] > git for-each-ref --format=%(refname)%00%(upstream:short)%00%(objectname)%00%(upstream:track)%00%(upstream:remotename)%00%(upstream:remoteref) refs/heads/psalah refs/remotes/psalah [0ms]
[2022-07-17T20:59:40.672Z] > git for-each-ref --sort -committerdate --format %(refname) %(objectname) %(*objectname) [12ms]
[2022-07-17T20:59:40.672Z] > git remote --verbose [0ms]
[2022-07-17T20:59:40.685Z] > git config --get commit.template [0ms]
[2022-07-17T20:59:42.142Z] > git show --textconv :app/etl/read_config.py [12ms]
[2022-07-17T20:59:42.143Z] > git ls-files --stage -- /home/bot/AAMeineSachen/FL3XX/BRIGHT-reporting/app/etl/read_config.py [2ms]
[2022-07-17T20:59:45.246Z] > git show --textconv :app/qa/qa.py [12ms]
[2022-07-17T20:59:45.247Z] > git ls-files --stage -- /home/bot/AAMeineSachen/FL3XX/BRIGHT-reporting/app/qa/qa.py [1ms]
[2022-07-17T20:59:45.258Z] > git cat-file -s 6f2303872cafabece1bafde71a2911bd12b8ee43 [1ms]
[2022-07-17T20:59:49.305Z] > git status -z -uall [11ms]
[2022-07-17T20:59:49.318Z] > git symbolic-ref --short HEAD [1ms]
[2022-07-17T20:59:49.330Z] > git for-each-ref --format=%(refname)%00%(upstream:short)%00%(objectname)%00%(upstream:track)%00%(upstream:remotename)%00%(upstream:remoteref) refs/heads/psalah refs/remotes/psalah [1ms]
[2022-07-17T20:59:49.353Z] > git for-each-ref --sort -committerdate --format %(refname) %(objectname) %(*objectname) [12ms]
[2022-07-17T20:59:49.353Z] > git remote --verbose [1ms]
[2022-07-17T20:59:49.366Z] > git config --get commit.template [0ms]
[2022-07-17T21:00:04.066Z] > git status -z -uall [2ms]
[2022-07-17T21:00:04.079Z] > git symbolic-ref --short HEAD [1ms]
[2022-07-17T21:00:04.092Z] > git for-each-ref --format=%(refname)%00%(upstream:short)%00%(objectname)%00%(upstream:track)%00%(upstream:remotename)%00%(upstream:remoteref) refs/heads/psalah refs/remotes/psalah [1ms]
[2022-07-17T21:00:04.115Z] > git remote --verbose [1ms]
[2022-07-17T21:00:04.115Z] > git for-each-ref --sort -committerdate --format %(refname) %(objectname) %(*objectname) [12ms]
[2022-07-17T21:00:04.127Z] > git config --get commit.template [0ms]
[2022-07-17T21:00:09.393Z] > git status -z -uall [1ms]
[2022-07-17T21:00:09.404Z] > git symbolic-ref --short HEAD [0ms]
[2022-07-17T21:00:09.415Z] > git for-each-ref --format=%(refname)%00%(upstream:short)%00%(objectname)%00%(upstream:track)%00%(upstream:remotename)%00%(upstream:remoteref) refs/heads/psalah refs/remotes/psalah [0ms]
[2022-07-17T21:00:09.438Z] > git for-each-ref --sort -committerdate --format %(refname) %(objectname) %(*objectname) [11ms]
[2022-07-17T21:00:09.438Z] > git remote --verbose [1ms]
[2022-07-17T21:00:09.450Z] > git config --get commit.template [0ms]
[2022-07-17T21:00:14.477Z] > git status -z -uall [1ms]
[2022-07-17T21:00:14.491Z] > git symbolic-ref --short HEAD [0ms]
[2022-07-17T21:00:14.503Z] > git for-each-ref --format=%(refname)%00%(upstream:short)%00%(objectname)%00%(upstream:track)%00%(upstream:remotename)%00%(upstream:remoteref) refs/heads/psalah refs/remotes/psalah [0ms]
[2022-07-17T21:00:14.528Z] > git for-each-ref --sort -committerdate --format %(refname) %(objectname) %(*objectname) [13ms]
[2022-07-17T21:00:14.528Z] > git remote --verbose [0ms]
[2022-07-17T21:00:14.541Z] > git config --get commit.template [1ms]
[2022-07-17T21:00:19.575Z] > git status -z -uall [2ms]
[2022-07-17T21:00:19.594Z] > git symbolic-ref --short HEAD [1ms]
[2022-07-17T21:00:19.607Z] > git for-each-ref --format=%(refname)%00%(upstream:short)%00%(objectname)%00%(upstream:track)%00%(upstream:remotename)%00%(upstream:remoteref) refs/heads/psalah refs/remotes/psalah [1ms]
[2022-07-17T21:00:19.629Z] > git for-each-ref --sort -committerdate --format %(refname) %(objectname) %(*objectname) [12ms]
[2022-07-17T21:00:19.629Z] > git remote --verbose [1ms]
[2022-07-17T21:00:19.642Z] > git config --get commit.template [1ms]
[2022-07-17T21:00:24.665Z] > git status -z -uall [1ms]
[2022-07-17T21:00:24.677Z] > git symbolic-ref --short HEAD [0ms]
[2022-07-17T21:00:24.689Z] > git for-each-ref --format=%(refname)%00%(upstream:short)%00%(objectname)%00%(upstream:track)%00%(upstream:remotename)%00%(upstream:remoteref) refs/heads/psalah refs/remotes/psalah [1ms]
[2022-07-17T21:00:24.718Z] > git remote --verbose [6ms]
[2022-07-17T21:00:24.718Z] > git for-each-ref --sort -committerdate --format %(refname) %(objectname) %(*objectname) [17ms]
[2022-07-17T21:00:24.730Z] > git config --get commit.template [0ms]
[2022-07-17T21:00:56.540Z] > git status -z -uall [12ms]
[2022-07-17T21:00:56.552Z] > git symbolic-ref --short HEAD [1ms]
[2022-07-17T21:00:56.566Z] > git for-each-ref --format=%(refname)%00%(upstream:short)%00%(objectname)%00%(upstream:track)%00%(upstream:remotename)%00%(upstream:remoteref) refs/heads/psalah refs/remotes/psalah [1ms]
[2022-07-17T21:00:56.590Z] > git for-each-ref --sort -committerdate --format %(refname) %(objectname) %(*objectname) [12ms]
[2022-07-17T21:00:56.590Z] > git remote --verbose [0ms]
[2022-07-17T21:00:56.602Z] > git config --get commit.template [0ms]
[2022-07-17T21:01:05.926Z] > git status -z -uall [12ms]
[2022-07-17T21:01:05.939Z] > git symbolic-ref --short HEAD [1ms]
[2022-07-17T21:01:05.950Z] > git for-each-ref --format=%(refname)%00%(upstream:short)%00%(objectname)%00%(upstream:track)%00%(upstream:remotename)%00%(upstream:remoteref) refs/heads/psalah refs/remotes/psalah [0ms]
[2022-07-17T21:01:05.975Z] > git for-each-ref --sort -committerdate --format %(refname) %(objectname) %(*objectname) [13ms]
[2022-07-17T21:01:05.975Z] > git remote --verbose [1ms]
[2022-07-17T21:01:05.987Z] > git config --get commit.template [1ms]
[2022-07-17T21:01:15.292Z] > git status -z -uall [2ms]
[2022-07-17T21:01:15.315Z] > git symbolic-ref --short HEAD [12ms]
[2022-07-17T21:01:15.328Z] > git for-each-ref --format=%(refname)%00%(upstream:short)%00%(objectname)%00%(upstream:track)%00%(upstream:remotename)%00%(upstream:remoteref) refs/heads/psalah refs/remotes/psalah [1ms]
[2022-07-17T21:01:15.350Z] > git remote --verbose [0ms]
[2022-07-17T21:01:15.350Z] > git for-each-ref --sort -committerdate --format %(refname) %(objectname) %(*objectname) [11ms]
[2022-07-17T21:01:15.363Z] > git config --get commit.template [0ms]
[2022-07-17T21:01:25.106Z] > git status -z -uall [13ms]
[2022-07-17T21:01:25.118Z] > git symbolic-ref --short HEAD [1ms]
[2022-07-17T21:01:25.132Z] > git for-each-ref --format=%(refname)%00%(upstream:short)%00%(objectname)%00%(upstream:track)%00%(upstream:remotename)%00%(upstream:remoteref) refs/heads/psalah refs/remotes/psalah [1ms]
[2022-07-17T21:01:25.157Z] > git for-each-ref --sort -committerdate --format %(refname) %(objectname) %(*objectname) [12ms]
[2022-07-17T21:01:25.158Z] > git remote --verbose [1ms]
[2022-07-17T21:01:25.169Z] > git config --get commit.template [0ms]
[2022-07-17T21:01:46.928Z] > git status -z -uall [12ms]
[2022-07-17T21:01:46.941Z] > git symbolic-ref --short HEAD [1ms]
[2022-07-17T21:01:46.954Z] > git for-each-ref --format=%(refname)%00%(upstream:short)%00%(objectname)%00%(upstream:track)%00%(upstream:remotename)%00%(upstream:remoteref) refs/heads/psalah refs/remotes/psalah [1ms]
[2022-07-17T21:01:46.977Z] > git remote --verbose [1ms]
[2022-07-17T21:01:46.977Z] > git for-each-ref --sort -committerdate --format %(refname) %(objectname) %(*objectname) [12ms]
[2022-07-17T21:01:46.990Z] > git config --get commit.template [1ms]
[2022-07-17T21:01:52.001Z] > git status -z -uall [1ms]
[2022-07-17T21:01:52.013Z] > git symbolic-ref --short HEAD [1ms]
[2022-07-17T21:01:52.025Z] > git for-each-ref --format=%(refname)%00%(upstream:short)%00%(objectname)%00%(upstream:track)%00%(upstream:remotename)%00%(upstream:remoteref) refs/heads/psalah refs/remotes/psalah [1ms]
[2022-07-17T21:01:52.048Z] > git for-each-ref --sort -committerdate --format %(refname) %(objectname) %(*objectname) [12ms]
[2022-07-17T21:01:52.048Z] > git remote --verbose [1ms]
[2022-07-17T21:01:52.061Z] > git config --get commit.template [0ms]
[2022-07-17T21:01:57.075Z] > git status -z -uall [1ms]
[2022-07-17T21:01:57.087Z] > git symbolic-ref --short HEAD [1ms]
[2022-07-17T21:01:57.099Z] > git for-each-ref --format=%(refname)%00%(upstream:short)%00%(objectname)%00%(upstream:track)%00%(upstream:remotename)%00%(upstream:remoteref) refs/heads/psalah refs/remotes/psalah [1ms]
[2022-07-17T21:01:57.123Z] > git for-each-ref --sort -committerdate --format %(refname) %(objectname) %(*objectname) [12ms]
[2022-07-17T21:01:57.123Z] > git remote --verbose [0ms]
[2022-07-17T21:01:57.135Z] > git config --get commit.template [0ms]
[2022-07-17T21:02:17.779Z] > git show --textconv :app/qa/qa.py [13ms]
[2022-07-17T21:02:17.779Z] > git ls-files --stage -- /home/bot/AAMeineSachen/FL3XX/BRIGHT-reporting/app/qa/qa.py [0ms]
[2022-07-17T21:02:17.793Z] > git cat-file -s 6f2303872cafabece1bafde71a2911bd12b8ee43 [2ms]
[2022-07-17T21:02:20.156Z] > git status -z -uall [0ms]
[2022-07-17T21:02:20.168Z] > git symbolic-ref --short HEAD [0ms]
[2022-07-17T21:02:20.180Z] > git for-each-ref --format=%(refname)%00%(upstream:short)%00%(objectname)%00%(upstream:track)%00%(upstream:remotename)%00%(upstream:remoteref) refs/heads/psalah refs/remotes/psalah [0ms]
[2022-07-17T21:02:20.211Z] > git remote --verbose [7ms]
[2022-07-17T21:02:20.211Z] > git for-each-ref --sort -committerdate --format %(refname) %(objectname) %(*objectname) [19ms]
[2022-07-17T21:02:20.223Z] > git config --get commit.template [0ms]
[2022-07-17T21:02:31.650Z] > git show --textconv :app/qa/qa.py [12ms]
[2022-07-17T21:02:31.650Z] > git ls-files --stage -- /home/bot/AAMeineSachen/FL3XX/BRIGHT-reporting/app/qa/qa.py [1ms]
[2022-07-17T21:02:31.662Z] > git cat-file -s 6f2303872cafabece1bafde71a2911bd12b8ee43 [1ms]
[2022-07-17T21:02:34.063Z] > git status -z -uall [1ms]
[2022-07-17T21:02:34.076Z] > git symbolic-ref --short HEAD [0ms]
[2022-07-17T21:02:34.089Z] > git for-each-ref --format=%(refname)%00%(upstream:short)%00%(objectname)%00%(upstream:track)%00%(upstream:remotename)%00%(upstream:remoteref) refs/heads/psalah refs/remotes/psalah [1ms]
[2022-07-17T21:02:34.113Z] > git for-each-ref --sort -committerdate --format %(refname) %(objectname) %(*objectname) [12ms]
[2022-07-17T21:02:34.113Z] > git remote --verbose [0ms]
[2022-07-17T21:02:34.128Z] > git config --get commit.template [1ms]
[2022-07-17T21:04:33.580Z] > git show --textconv :app/qa/qa.py [18ms]
[2022-07-17T21:04:33.581Z] > git ls-files --stage -- /home/bot/AAMeineSachen/FL3XX/BRIGHT-reporting/app/qa/qa.py [2ms]
[2022-07-17T21:04:33.592Z] > git cat-file -s 6f2303872cafabece1bafde71a2911bd12b8ee43 [1ms]
[2022-07-17T21:04:37.473Z] > git status -z -uall [1ms]
[2022-07-17T21:04:37.484Z] > git symbolic-ref --short HEAD [0ms]
[2022-07-17T21:04:37.496Z] > git for-each-ref --format=%(refname)%00%(upstream:short)%00%(objectname)%00%(upstream:track)%00%(upstream:remotename)%00%(upstream:remoteref) refs/heads/psalah refs/remotes/psalah [1ms]
[2022-07-17T21:04:37.520Z] > git for-each-ref --sort -committerdate --format %(refname) %(objectname) %(*objectname) [12ms]
[2022-07-17T21:04:37.521Z] > git remote --verbose [1ms]
[2022-07-17T21:04:37.533Z] > git config --get commit.template [1ms]
[2022-07-17T21:05:37.764Z] > git show --textconv :app/qa/qa.py [20ms]
[2022-07-17T21:05:37.765Z] > git ls-files --stage -- /home/bot/AAMeineSachen/FL3XX/BRIGHT-reporting/app/qa/qa.py [3ms]
[2022-07-17T21:05:37.783Z] > git cat-file -s 6f2303872cafabece1bafde71a2911bd12b8ee43 [2ms]
[2022-07-17T21:05:45.679Z] > git show --textconv :app/etl/read_config.py [11ms]
[2022-07-17T21:05:45.680Z] > git ls-files --stage -- /home/bot/AAMeineSachen/FL3XX/BRIGHT-reporting/app/etl/read_config.py [1ms]
[2022-07-17T21:05:59.385Z] > git status -z -uall [0ms]
[2022-07-17T21:05:59.397Z] > git symbolic-ref --short HEAD [1ms]
[2022-07-17T21:05:59.408Z] > git for-each-ref --format=%(refname)%00%(upstream:short)%00%(objectname)%00%(upstream:track)%00%(upstream:remotename)%00%(upstream:remoteref) refs/heads/psalah refs/remotes/psalah [1ms]
[2022-07-17T21:05:59.430Z] > git for-each-ref --sort -committerdate --format %(refname) %(objectname) %(*objectname) [11ms]
[2022-07-17T21:05:59.430Z] > git remote --verbose [1ms]
[2022-07-17T21:05:59.442Z] > git config --get commit.template [0ms]
[2022-07-17T21:06:10.556Z] > git status -z -uall [0ms]
[2022-07-17T21:06:10.568Z] > git symbolic-ref --short HEAD [1ms]
[2022-07-17T21:06:10.579Z] > git for-each-ref --format=%(refname)%00%(upstream:short)%00%(objectname)%00%(upstream:track)%00%(upstream:remotename)%00%(upstream:remoteref) refs/heads/psalah refs/remotes/psalah [0ms]
[2022-07-17T21:06:10.602Z] > git for-each-ref --sort -committerdate --format %(refname) %(objectname) %(*objectname) [12ms]
[2022-07-17T21:06:10.602Z] > git remote --verbose [0ms]
[2022-07-17T21:06:10.614Z] > git config --get commit.template [0ms]
[2022-07-17T21:06:20.688Z] > git status -z -uall [1ms]
[2022-07-17T21:06:20.700Z] > git symbolic-ref --short HEAD [1ms]
[2022-07-17T21:06:20.713Z] > git for-each-ref --format=%(refname)%00%(upstream:short)%00%(objectname)%00%(upstream:track)%00%(upstream:remotename)%00%(upstream:remoteref) refs/heads/psalah refs/remotes/psalah [1ms]
[2022-07-17T21:06:20.739Z] > git for-each-ref --sort -committerdate --format %(refname) %(objectname) %(*objectname) [13ms]
[2022-07-17T21:06:20.740Z] > git remote --verbose [3ms]
[2022-07-17T21:06:20.757Z] > git config --get commit.template [1ms]
[2022-07-17T21:06:29.010Z] > git status -z -uall [1ms]
[2022-07-17T21:06:29.027Z] > git symbolic-ref --short HEAD [1ms]
[2022-07-17T21:06:29.041Z] > git for-each-ref --format=%(refname)%00%(upstream:short)%00%(objectname)%00%(upstream:track)%00%(upstream:remotename)%00%(upstream:remoteref) refs/heads/psalah refs/remotes/psalah [1ms]
[2022-07-17T21:06:29.065Z] > git for-each-ref --sort -committerdate --format %(refname) %(objectname) %(*objectname) [12ms]
[2022-07-17T21:06:29.065Z] > git remote --verbose [1ms]
[2022-07-17T21:06:29.080Z] > git config --get commit.template [1ms]
[2022-07-17T21:06:34.115Z] > git status -z -uall [1ms]
[2022-07-17T21:06:34.133Z] > git symbolic-ref --short HEAD [1ms]
[2022-07-17T21:06:34.145Z] > git for-each-ref --format=%(refname)%00%(upstream:short)%00%(objectname)%00%(upstream:track)%00%(upstream:remotename)%00%(upstream:remoteref) refs/heads/psalah refs/remotes/psalah [1ms]
[2022-07-17T21:06:34.166Z] > git for-each-ref --sort -committerdate --format %(refname) %(objectname) %(*objectname) [11ms]
[2022-07-17T21:06:34.166Z] > git remote --verbose [0ms]
[2022-07-17T21:06:34.179Z] > git config --get commit.template [1ms]
[2022-07-17T21:06:39.205Z] > git status -z -uall [0ms]
[2022-07-17T21:06:39.216Z] > git symbolic-ref --short HEAD [0ms]
[2022-07-17T21:06:39.228Z] > git for-each-ref --format=%(refname)%00%(upstream:short)%00%(objectname)%00%(upstream:track)%00%(upstream:remotename)%00%(upstream:remoteref) refs/heads/psalah refs/remotes/psalah [0ms]
[2022-07-17T21:06:39.253Z] > git for-each-ref --sort -committerdate --format %(refname) %(objectname) %(*objectname) [12ms]
[2022-07-17T21:06:39.253Z] > git remote --verbose [1ms]
[2022-07-17T21:06:39.265Z] > git config --get commit.template [1ms]
[2022-07-17T21:06:46.154Z] > git status -z -uall [0ms]
[2022-07-17T21:06:46.166Z] > git symbolic-ref --short HEAD [1ms]
[2022-07-17T21:06:46.177Z] > git for-each-ref --format=%(refname)%00%(upstream:short)%00%(objectname)%00%(upstream:track)%00%(upstream:remotename)%00%(upstream:remoteref) refs/heads/psalah refs/remotes/psalah [1ms]
[2022-07-17T21:06:46.198Z] > git for-each-ref --sort -committerdate --format %(refname) %(objectname) %(*objectname) [11ms]
[2022-07-17T21:06:46.198Z] > git remote --verbose [1ms]
[2022-07-17T21:06:46.210Z] > git config --get commit.template [1ms]
[2022-07-17T21:07:37.632Z] > git show --textconv :app/etl/ps_etl.py [11ms]
[2022-07-17T21:07:37.632Z] > git ls-files --stage -- /home/bot/AAMeineSachen/FL3XX/BRIGHT-reporting/app/etl/ps_etl.py [0ms]
[2022-07-17T21:07:37.644Z] > git cat-file -s f01ff8279bda1a91387ab57ba8abccce4081ce8e [0ms]
[2022-07-17T21:10:20.841Z] > git show --textconv :app/etl/ps_etl.py [12ms]
[2022-07-17T21:10:20.842Z] > git ls-files --stage -- /home/bot/AAMeineSachen/FL3XX/BRIGHT-reporting/app/etl/ps_etl.py [1ms]
[2022-07-17T21:10:20.854Z] > git cat-file -s f01ff8279bda1a91387ab57ba8abccce4081ce8e [1ms]
[2022-07-17T21:10:24.082Z] > git status -z -uall [0ms]
[2022-07-17T21:10:24.093Z] > git symbolic-ref --short HEAD [0ms]
[2022-07-17T21:10:24.106Z] > git for-each-ref --format=%(refname)%00%(upstream:short)%00%(objectname)%00%(upstream:track)%00%(upstream:remotename)%00%(upstream:remoteref) refs/heads/psalah refs/remotes/psalah [0ms]
[2022-07-17T21:10:24.128Z] > git for-each-ref --sort -committerdate --format %(refname) %(objectname) %(*objectname) [11ms]
[2022-07-17T21:10:24.128Z] > git remote --verbose [0ms]
[2022-07-17T21:10:24.140Z] > git config --get commit.template [1ms]
[2022-07-17T21:10:32.759Z] > git status -z -uall [1ms]
[2022-07-17T21:10:32.775Z] > git symbolic-ref --short HEAD [1ms]
[2022-07-17T21:10:32.789Z] > git for-each-ref --format=%(refname)%00%(upstream:short)%00%(objectname)%00%(upstream:track)%00%(upstream:remotename)%00%(upstream:remoteref) refs/heads/psalah refs/remotes/psalah [1ms]
[2022-07-17T21:10:32.822Z] > git for-each-ref --sort -committerdate --format %(refname) %(objectname) %(*objectname) [17ms]
[2022-07-17T21:10:32.823Z] > git remote --verbose [1ms]
[2022-07-17T21:10:32.840Z] > git config --get commit.template [0ms]
[2022-07-17T21:10:51.766Z] > git status -z -uall [16ms]
[2022-07-17T21:10:51.779Z] > git symbolic-ref --short HEAD [1ms]
[2022-07-17T21:10:51.792Z] > git for-each-ref --format=%(refname)%00%(upstream:short)%00%(objectname)%00%(upstream:track)%00%(upstream:remotename)%00%(upstream:remoteref) refs/heads/psalah refs/remotes/psalah [2ms]
[2022-07-17T21:10:51.816Z] > git for-each-ref --sort -committerdate --format %(refname) %(objectname) %(*objectname) [12ms]
[2022-07-17T21:10:51.817Z] > git remote --verbose [1ms]
[2022-07-17T21:10:51.828Z] > git config --get commit.template [0ms]
