["INFO" - 10:56:33 PM] Extension Name: esbenp.prettier-vscode.
["INFO" - 10:56:33 PM] Extension Version: 9.5.0.
["INFO" - 11:02:14 PM] Formatting vscode-userdata:/home/bot/.config/Code/User/settings.json
["INFO" - 11:02:14 PM] File Info:
{
  "ignored": false,
  "inferredParser": "json"
}
["INFO" - 11:02:14 PM] No local configuration (i.e. .prettierrc or .editorconfig) detected, falling back to VS Code configuration
["INFO" - 11:02:14 PM] Prettier Options:
{
  "arrowParens": "always",
  "bracketSpacing": true,
  "endOfLine": "lf",
  "htmlWhitespaceSensitivity": "css",
  "insertPragma": false,
  "jsxBracketSameLine": false,
  "jsxSingleQuote": false,
  "printWidth": 80,
  "proseWrap": "preserve",
  "quoteProps": "as-needed",
  "requirePragma": false,
  "semi": true,
  "singleQuote": false,
  "tabWidth": 2,
  "trailingComma": "es5",
  "useTabs": false,
  "vueIndentScriptAndStyle": false,
  "filepath": "/home/bot/.config/Code/User/settings.json",
  "parser": "json"
}
["INFO" - 11:02:14 PM] Formatting completed in 0.04ms.
["INFO" - 11:02:28 PM] Formatting vscode-userdata:/home/bot/.config/Code/User/settings.json
["INFO" - 11:02:28 PM] File Info:
{
  "ignored": false,
  "inferredParser": "json"
}
["INFO" - 11:02:28 PM] No local configuration (i.e. .prettierrc or .editorconfig) detected, falling back to VS Code configuration
["INFO" - 11:02:28 PM] Prettier Options:
{
  "arrowParens": "always",
  "bracketSpacing": true,
  "endOfLine": "lf",
  "htmlWhitespaceSensitivity": "css",
  "insertPragma": false,
  "jsxBracketSameLine": false,
  "jsxSingleQuote": false,
  "printWidth": 80,
  "proseWrap": "preserve",
  "quoteProps": "as-needed",
  "requirePragma": false,
  "semi": true,
  "singleQuote": false,
  "tabWidth": 2,
  "trailingComma": "es5",
  "useTabs": false,
  "vueIndentScriptAndStyle": false,
  "filepath": "/home/bot/.config/Code/User/settings.json",
  "parser": "json"
}
["INFO" - 11:02:28 PM] Formatting completed in 0.016ms.
["INFO" - 11:02:29 PM] Formatting vscode-userdata:/home/bot/.config/Code/User/settings.json
["INFO" - 11:02:29 PM] File Info:
{
  "ignored": false,
  "inferredParser": "json"
}
["INFO" - 11:02:29 PM] No local configuration (i.e. .prettierrc or .editorconfig) detected, falling back to VS Code configuration
["INFO" - 11:02:29 PM] Prettier Options:
{
  "arrowParens": "always",
  "bracketSpacing": true,
  "endOfLine": "lf",
  "htmlWhitespaceSensitivity": "css",
  "insertPragma": false,
  "jsxBracketSameLine": false,
  "jsxSingleQuote": false,
  "printWidth": 80,
  "proseWrap": "preserve",
  "quoteProps": "as-needed",
  "requirePragma": false,
  "semi": true,
  "singleQuote": false,
  "tabWidth": 2,
  "trailingComma": "es5",
  "useTabs": false,
  "vueIndentScriptAndStyle": false,
  "filepath": "/home/bot/.config/Code/User/settings.json",
  "parser": "json"
}
["INFO" - 11:02:29 PM] Formatting completed in 0.008ms.
["INFO" - 11:02:42 PM] Formatting vscode-userdata:/home/bot/.config/Code/User/settings.json
["INFO" - 11:02:42 PM] File Info:
{
  "ignored": false,
  "inferredParser": "json"
}
["INFO" - 11:02:42 PM] No local configuration (i.e. .prettierrc or .editorconfig) detected, falling back to VS Code configuration
["INFO" - 11:02:42 PM] Prettier Options:
{
  "arrowParens": "always",
  "bracketSpacing": true,
  "endOfLine": "lf",
  "htmlWhitespaceSensitivity": "css",
  "insertPragma": false,
  "jsxBracketSameLine": false,
  "jsxSingleQuote": false,
  "printWidth": 80,
  "proseWrap": "preserve",
  "quoteProps": "as-needed",
  "requirePragma": false,
  "semi": true,
  "singleQuote": false,
  "tabWidth": 2,
  "trailingComma": "es5",
  "useTabs": false,
  "vueIndentScriptAndStyle": false,
  "filepath": "/home/bot/.config/Code/User/settings.json",
  "parser": "json"
}
["INFO" - 11:02:42 PM] Formatting completed in 0.006ms.
["INFO" - 11:02:57 PM] Formatting vscode-userdata:/home/bot/.config/Code/User/settings.json
["INFO" - 11:02:57 PM] File Info:
{
  "ignored": false,
  "inferredParser": "json"
}
["INFO" - 11:02:57 PM] No local configuration (i.e. .prettierrc or .editorconfig) detected, falling back to VS Code configuration
["INFO" - 11:02:57 PM] Prettier Options:
{
  "arrowParens": "always",
  "bracketSpacing": true,
  "endOfLine": "lf",
  "htmlWhitespaceSensitivity": "css",
  "insertPragma": false,
  "jsxBracketSameLine": false,
  "jsxSingleQuote": false,
  "printWidth": 80,
  "proseWrap": "preserve",
  "quoteProps": "as-needed",
  "requirePragma": false,
  "semi": true,
  "singleQuote": false,
  "tabWidth": 2,
  "trailingComma": "es5",
  "useTabs": false,
  "vueIndentScriptAndStyle": false,
  "filepath": "/home/bot/.config/Code/User/settings.json",
  "parser": "json"
}
["INFO" - 11:02:57 PM] Formatting completed in 0.006ms.
["INFO" - 11:03:01 PM] Formatting vscode-userdata:/home/bot/.config/Code/User/settings.json
["INFO" - 11:03:01 PM] File Info:
{
  "ignored": false,
  "inferredParser": "json"
}
["INFO" - 11:03:01 PM] No local configuration (i.e. .prettierrc or .editorconfig) detected, falling back to VS Code configuration
["INFO" - 11:03:01 PM] Prettier Options:
{
  "arrowParens": "always",
  "bracketSpacing": true,
  "endOfLine": "lf",
  "htmlWhitespaceSensitivity": "css",
  "insertPragma": false,
  "jsxBracketSameLine": false,
  "jsxSingleQuote": false,
  "printWidth": 80,
  "proseWrap": "preserve",
  "quoteProps": "as-needed",
  "requirePragma": false,
  "semi": true,
  "singleQuote": false,
  "tabWidth": 2,
  "trailingComma": "es5",
  "useTabs": false,
  "vueIndentScriptAndStyle": false,
  "filepath": "/home/bot/.config/Code/User/settings.json",
  "parser": "json"
}
["INFO" - 11:03:01 PM] Formatting completed in 0.011ms.
["INFO" - 11:03:14 PM] Formatting vscode-userdata:/home/bot/.config/Code/User/settings.json
["INFO" - 11:03:14 PM] File Info:
{
  "ignored": false,
  "inferredParser": "json"
}
["INFO" - 11:03:14 PM] No local configuration (i.e. .prettierrc or .editorconfig) detected, falling back to VS Code configuration
["INFO" - 11:03:14 PM] Prettier Options:
{
  "arrowParens": "always",
  "bracketSpacing": true,
  "endOfLine": "lf",
  "htmlWhitespaceSensitivity": "css",
  "insertPragma": false,
  "jsxBracketSameLine": false,
  "jsxSingleQuote": false,
  "printWidth": 80,
  "proseWrap": "preserve",
  "quoteProps": "as-needed",
  "requirePragma": false,
  "semi": true,
  "singleQuote": false,
  "tabWidth": 2,
  "trailingComma": "es5",
  "useTabs": false,
  "vueIndentScriptAndStyle": false,
  "filepath": "/home/bot/.config/Code/User/settings.json",
  "parser": "json"
}
["INFO" - 11:03:14 PM] Formatting completed in 0.007ms.
["INFO" - 11:03:43 PM] Formatting vscode-userdata:/home/bot/.config/Code/User/settings.json
["INFO" - 11:03:43 PM] File Info:
{
  "ignored": false,
  "inferredParser": "json"
}
["INFO" - 11:03:43 PM] No local configuration (i.e. .prettierrc or .editorconfig) detected, falling back to VS Code configuration
["INFO" - 11:03:43 PM] Prettier Options:
{
  "arrowParens": "always",
  "bracketSpacing": true,
  "endOfLine": "lf",
  "htmlWhitespaceSensitivity": "css",
  "insertPragma": false,
  "jsxBracketSameLine": false,
  "jsxSingleQuote": false,
  "printWidth": 80,
  "proseWrap": "preserve",
  "quoteProps": "as-needed",
  "requirePragma": false,
  "semi": true,
  "singleQuote": false,
  "tabWidth": 2,
  "trailingComma": "es5",
  "useTabs": false,
  "vueIndentScriptAndStyle": false,
  "filepath": "/home/bot/.config/Code/User/settings.json",
  "parser": "json"
}
["INFO" - 11:03:43 PM] Formatting completed in 0.007ms.
["INFO" - 11:03:48 PM] Formatting vscode-userdata:/home/bot/.config/Code/User/settings.json
["INFO" - 11:03:48 PM] File Info:
{
  "ignored": false,
  "inferredParser": "json"
}
["INFO" - 11:03:48 PM] No local configuration (i.e. .prettierrc or .editorconfig) detected, falling back to VS Code configuration
["INFO" - 11:03:48 PM] Prettier Options:
{
  "arrowParens": "always",
  "bracketSpacing": true,
  "endOfLine": "lf",
  "htmlWhitespaceSensitivity": "css",
  "insertPragma": false,
  "jsxBracketSameLine": false,
  "jsxSingleQuote": false,
  "printWidth": 80,
  "proseWrap": "preserve",
  "quoteProps": "as-needed",
  "requirePragma": false,
  "semi": true,
  "singleQuote": false,
  "tabWidth": 2,
  "trailingComma": "es5",
  "useTabs": false,
  "vueIndentScriptAndStyle": false,
  "filepath": "/home/bot/.config/Code/User/settings.json",
  "parser": "json"
}
["INFO" - 11:03:48 PM] Formatting completed in 0.027ms.
["INFO" - 11:04:00 PM] Formatting vscode-userdata:/home/bot/.config/Code/User/settings.json
["INFO" - 11:04:00 PM] File Info:
{
  "ignored": false,
  "inferredParser": "json"
}
["INFO" - 11:04:00 PM] No local configuration (i.e. .prettierrc or .editorconfig) detected, falling back to VS Code configuration
["INFO" - 11:04:00 PM] Prettier Options:
{
  "arrowParens": "always",
  "bracketSpacing": true,
  "endOfLine": "lf",
  "htmlWhitespaceSensitivity": "css",
  "insertPragma": false,
  "jsxBracketSameLine": false,
  "jsxSingleQuote": false,
  "printWidth": 80,
  "proseWrap": "preserve",
  "quoteProps": "as-needed",
  "requirePragma": false,
  "semi": true,
  "singleQuote": false,
  "tabWidth": 2,
  "trailingComma": "es5",
  "useTabs": false,
  "vueIndentScriptAndStyle": false,
  "filepath": "/home/bot/.config/Code/User/settings.json",
  "parser": "json"
}
["INFO" - 11:04:00 PM] Formatting completed in 0.008ms.
["INFO" - 11:04:05 PM] Formatting vscode-userdata:/home/bot/.config/Code/User/settings.json
["INFO" - 11:04:05 PM] File Info:
{
  "ignored": false,
  "inferredParser": "json"
}
["INFO" - 11:04:05 PM] No local configuration (i.e. .prettierrc or .editorconfig) detected, falling back to VS Code configuration
["INFO" - 11:04:05 PM] Prettier Options:
{
  "arrowParens": "always",
  "bracketSpacing": true,
  "endOfLine": "lf",
  "htmlWhitespaceSensitivity": "css",
  "insertPragma": false,
  "jsxBracketSameLine": false,
  "jsxSingleQuote": false,
  "printWidth": 80,
  "proseWrap": "preserve",
  "quoteProps": "as-needed",
  "requirePragma": false,
  "semi": true,
  "singleQuote": false,
  "tabWidth": 2,
  "trailingComma": "es5",
  "useTabs": false,
  "vueIndentScriptAndStyle": false,
  "filepath": "/home/bot/.config/Code/User/settings.json",
  "parser": "json"
}
["INFO" - 11:04:05 PM] Formatting completed in 0.007ms.
["INFO" - 11:04:14 PM] Formatting vscode-userdata:/home/bot/.config/Code/User/settings.json
["INFO" - 11:04:14 PM] File Info:
{
  "ignored": false,
  "inferredParser": "json"
}
["INFO" - 11:04:14 PM] No local configuration (i.e. .prettierrc or .editorconfig) detected, falling back to VS Code configuration
["INFO" - 11:04:14 PM] Prettier Options:
{
  "arrowParens": "always",
  "bracketSpacing": true,
  "endOfLine": "lf",
  "htmlWhitespaceSensitivity": "css",
  "insertPragma": false,
  "jsxBracketSameLine": false,
  "jsxSingleQuote": false,
  "printWidth": 80,
  "proseWrap": "preserve",
  "quoteProps": "as-needed",
  "requirePragma": false,
  "semi": true,
  "singleQuote": false,
  "tabWidth": 2,
  "trailingComma": "es5",
  "useTabs": false,
  "vueIndentScriptAndStyle": false,
  "filepath": "/home/bot/.config/Code/User/settings.json",
  "parser": "json"
}
["INFO" - 11:04:14 PM] Formatting completed in 0.007ms.
["INFO" - 11:04:27 PM] Formatting vscode-userdata:/home/bot/.config/Code/User/settings.json
["INFO" - 11:04:27 PM] File Info:
{
  "ignored": false,
  "inferredParser": "json"
}
["INFO" - 11:04:27 PM] No local configuration (i.e. .prettierrc or .editorconfig) detected, falling back to VS Code configuration
["INFO" - 11:04:27 PM] Prettier Options:
{
  "arrowParens": "always",
  "bracketSpacing": true,
  "endOfLine": "lf",
  "htmlWhitespaceSensitivity": "css",
  "insertPragma": false,
  "jsxBracketSameLine": false,
  "jsxSingleQuote": false,
  "printWidth": 80,
  "proseWrap": "preserve",
  "quoteProps": "as-needed",
  "requirePragma": false,
  "semi": true,
  "singleQuote": false,
  "tabWidth": 2,
  "trailingComma": "es5",
  "useTabs": false,
  "vueIndentScriptAndStyle": false,
  "filepath": "/home/bot/.config/Code/User/settings.json",
  "parser": "json"
}
["INFO" - 11:04:27 PM] Formatting completed in 0.026ms.
["INFO" - 11:04:53 PM] Formatting vscode-userdata:/home/bot/.config/Code/User/settings.json
["INFO" - 11:04:53 PM] File Info:
{
  "ignored": false,
  "inferredParser": "json"
}
["INFO" - 11:04:53 PM] No local configuration (i.e. .prettierrc or .editorconfig) detected, falling back to VS Code configuration
["INFO" - 11:04:53 PM] Prettier Options:
{
  "arrowParens": "always",
  "bracketSpacing": true,
  "endOfLine": "lf",
  "htmlWhitespaceSensitivity": "css",
  "insertPragma": false,
  "jsxBracketSameLine": false,
  "jsxSingleQuote": false,
  "printWidth": 80,
  "proseWrap": "preserve",
  "quoteProps": "as-needed",
  "requirePragma": false,
  "semi": true,
  "singleQuote": false,
  "tabWidth": 2,
  "trailingComma": "es5",
  "useTabs": false,
  "vueIndentScriptAndStyle": false,
  "filepath": "/home/bot/.config/Code/User/settings.json",
  "parser": "json"
}
["INFO" - 11:04:53 PM] Formatting completed in 0.009ms.
["INFO" - 11:04:56 PM] Formatting vscode-userdata:/home/bot/.config/Code/User/settings.json
["INFO" - 11:04:56 PM] File Info:
{
  "ignored": false,
  "inferredParser": "json"
}
["INFO" - 11:04:56 PM] No local configuration (i.e. .prettierrc or .editorconfig) detected, falling back to VS Code configuration
["INFO" - 11:04:56 PM] Prettier Options:
{
  "arrowParens": "always",
  "bracketSpacing": true,
  "endOfLine": "lf",
  "htmlWhitespaceSensitivity": "css",
  "insertPragma": false,
  "jsxBracketSameLine": false,
  "jsxSingleQuote": false,
  "printWidth": 80,
  "proseWrap": "preserve",
  "quoteProps": "as-needed",
  "requirePragma": false,
  "semi": true,
  "singleQuote": false,
  "tabWidth": 2,
  "trailingComma": "es5",
  "useTabs": false,
  "vueIndentScriptAndStyle": false,
  "filepath": "/home/bot/.config/Code/User/settings.json",
  "parser": "json"
}
["INFO" - 11:04:56 PM] Formatting completed in 0.008ms.
["INFO" - 11:04:56 PM] Formatting vscode-userdata:/home/bot/.config/Code/User/settings.json
["INFO" - 11:04:56 PM] File Info:
{
  "ignored": false,
  "inferredParser": "json"
}
["INFO" - 11:04:56 PM] No local configuration (i.e. .prettierrc or .editorconfig) detected, falling back to VS Code configuration
["INFO" - 11:04:56 PM] Prettier Options:
{
  "arrowParens": "always",
  "bracketSpacing": true,
  "endOfLine": "lf",
  "htmlWhitespaceSensitivity": "css",
  "insertPragma": false,
  "jsxBracketSameLine": false,
  "jsxSingleQuote": false,
  "printWidth": 80,
  "proseWrap": "preserve",
  "quoteProps": "as-needed",
  "requirePragma": false,
  "semi": true,
  "singleQuote": false,
  "tabWidth": 2,
  "trailingComma": "es5",
  "useTabs": false,
  "vueIndentScriptAndStyle": false,
  "filepath": "/home/bot/.config/Code/User/settings.json",
  "parser": "json"
}
["INFO" - 11:04:56 PM] Formatting completed in 0.006ms.
["INFO" - 11:05:03 PM] Formatting vscode-userdata:/home/bot/.config/Code/User/settings.json
["INFO" - 11:05:03 PM] File Info:
{
  "ignored": false,
  "inferredParser": "json"
}
["INFO" - 11:05:03 PM] No local configuration (i.e. .prettierrc or .editorconfig) detected, falling back to VS Code configuration
["INFO" - 11:05:03 PM] Prettier Options:
{
  "arrowParens": "always",
  "bracketSpacing": true,
  "endOfLine": "lf",
  "htmlWhitespaceSensitivity": "css",
  "insertPragma": false,
  "jsxBracketSameLine": false,
  "jsxSingleQuote": false,
  "printWidth": 80,
  "proseWrap": "preserve",
  "quoteProps": "as-needed",
  "requirePragma": false,
  "semi": true,
  "singleQuote": false,
  "tabWidth": 2,
  "trailingComma": "es5",
  "useTabs": false,
  "vueIndentScriptAndStyle": false,
  "filepath": "/home/bot/.config/Code/User/settings.json",
  "parser": "json"
}
["INFO" - 11:05:03 PM] Formatting completed in 0.009ms.
["INFO" - 11:05:07 PM] Formatting vscode-userdata:/home/bot/.config/Code/User/settings.json
["INFO" - 11:05:07 PM] File Info:
{
  "ignored": false,
  "inferredParser": "json"
}
["INFO" - 11:05:07 PM] No local configuration (i.e. .prettierrc or .editorconfig) detected, falling back to VS Code configuration
["INFO" - 11:05:07 PM] Prettier Options:
{
  "arrowParens": "always",
  "bracketSpacing": true,
  "endOfLine": "lf",
  "htmlWhitespaceSensitivity": "css",
  "insertPragma": false,
  "jsxBracketSameLine": false,
  "jsxSingleQuote": false,
  "printWidth": 80,
  "proseWrap": "preserve",
  "quoteProps": "as-needed",
  "requirePragma": false,
  "semi": true,
  "singleQuote": false,
  "tabWidth": 2,
  "trailingComma": "es5",
  "useTabs": false,
  "vueIndentScriptAndStyle": false,
  "filepath": "/home/bot/.config/Code/User/settings.json",
  "parser": "json"
}
["INFO" - 11:05:07 PM] Formatting completed in 0.009ms.
["INFO" - 11:05:07 PM] Formatting vscode-userdata:/home/bot/.config/Code/User/settings.json
["INFO" - 11:05:07 PM] File Info:
{
  "ignored": false,
  "inferredParser": "json"
}
["INFO" - 11:05:07 PM] No local configuration (i.e. .prettierrc or .editorconfig) detected, falling back to VS Code configuration
["INFO" - 11:05:07 PM] Prettier Options:
{
  "arrowParens": "always",
  "bracketSpacing": true,
  "endOfLine": "lf",
  "htmlWhitespaceSensitivity": "css",
  "insertPragma": false,
  "jsxBracketSameLine": false,
  "jsxSingleQuote": false,
  "printWidth": 80,
  "proseWrap": "preserve",
  "quoteProps": "as-needed",
  "requirePragma": false,
  "semi": true,
  "singleQuote": false,
  "tabWidth": 2,
  "trailingComma": "es5",
  "useTabs": false,
  "vueIndentScriptAndStyle": false,
  "filepath": "/home/bot/.config/Code/User/settings.json",
  "parser": "json"
}
["INFO" - 11:05:07 PM] Formatting completed in 0.005ms.
["INFO" - 11:05:08 PM] Formatting vscode-userdata:/home/bot/.config/Code/User/settings.json
["INFO" - 11:05:08 PM] File Info:
{
  "ignored": false,
  "inferredParser": "json"
}
["INFO" - 11:05:08 PM] No local configuration (i.e. .prettierrc or .editorconfig) detected, falling back to VS Code configuration
["INFO" - 11:05:08 PM] Prettier Options:
{
  "arrowParens": "always",
  "bracketSpacing": true,
  "endOfLine": "lf",
  "htmlWhitespaceSensitivity": "css",
  "insertPragma": false,
  "jsxBracketSameLine": false,
  "jsxSingleQuote": false,
  "printWidth": 80,
  "proseWrap": "preserve",
  "quoteProps": "as-needed",
  "requirePragma": false,
  "semi": true,
  "singleQuote": false,
  "tabWidth": 2,
  "trailingComma": "es5",
  "useTabs": false,
  "vueIndentScriptAndStyle": false,
  "filepath": "/home/bot/.config/Code/User/settings.json",
  "parser": "json"
}
["INFO" - 11:05:08 PM] Formatting completed in 0.005ms.
["INFO" - 11:05:18 PM] Formatting vscode-userdata:/home/bot/.config/Code/User/settings.json
["INFO" - 11:05:18 PM] File Info:
{
  "ignored": false,
  "inferredParser": "json"
}
["INFO" - 11:05:18 PM] No local configuration (i.e. .prettierrc or .editorconfig) detected, falling back to VS Code configuration
["INFO" - 11:05:18 PM] Prettier Options:
{
  "arrowParens": "always",
  "bracketSpacing": true,
  "endOfLine": "lf",
  "htmlWhitespaceSensitivity": "css",
  "insertPragma": false,
  "jsxBracketSameLine": false,
  "jsxSingleQuote": false,
  "printWidth": 80,
  "proseWrap": "preserve",
  "quoteProps": "as-needed",
  "requirePragma": false,
  "semi": true,
  "singleQuote": false,
  "tabWidth": 2,
  "trailingComma": "es5",
  "useTabs": false,
  "vueIndentScriptAndStyle": false,
  "filepath": "/home/bot/.config/Code/User/settings.json",
  "parser": "json"
}
["INFO" - 11:05:18 PM] Formatting completed in 0.004ms.
["INFO" - 11:09:27 PM] Formatting vscode-userdata:/home/bot/.config/Code/User/settings.json
["INFO" - 11:09:27 PM] File Info:
{
  "ignored": false,
  "inferredParser": "json"
}
["INFO" - 11:09:27 PM] No local configuration (i.e. .prettierrc or .editorconfig) detected, falling back to VS Code configuration
["INFO" - 11:09:27 PM] Prettier Options:
{
  "arrowParens": "always",
  "bracketSpacing": true,
  "endOfLine": "lf",
  "htmlWhitespaceSensitivity": "css",
  "insertPragma": false,
  "jsxBracketSameLine": false,
  "jsxSingleQuote": false,
  "printWidth": 80,
  "proseWrap": "preserve",
  "quoteProps": "as-needed",
  "requirePragma": false,
  "semi": true,
  "singleQuote": false,
  "tabWidth": 2,
  "trailingComma": "es5",
  "useTabs": false,
  "vueIndentScriptAndStyle": false,
  "filepath": "/home/bot/.config/Code/User/settings.json",
  "parser": "json"
}
["INFO" - 11:09:27 PM] Formatting completed in 0.009ms.
["INFO" - 11:09:58 PM] Formatting vscode-userdata:/home/bot/.config/Code/User/settings.json
["INFO" - 11:09:58 PM] File Info:
{
  "ignored": false,
  "inferredParser": "json"
}
["INFO" - 11:09:58 PM] No local configuration (i.e. .prettierrc or .editorconfig) detected, falling back to VS Code configuration
["INFO" - 11:09:58 PM] Prettier Options:
{
  "arrowParens": "always",
  "bracketSpacing": true,
  "endOfLine": "lf",
  "htmlWhitespaceSensitivity": "css",
  "insertPragma": false,
  "jsxBracketSameLine": false,
  "jsxSingleQuote": false,
  "printWidth": 80,
  "proseWrap": "preserve",
  "quoteProps": "as-needed",
  "requirePragma": false,
  "semi": true,
  "singleQuote": false,
  "tabWidth": 2,
  "trailingComma": "es5",
  "useTabs": false,
  "vueIndentScriptAndStyle": false,
  "filepath": "/home/bot/.config/Code/User/settings.json",
  "parser": "json"
}
["INFO" - 11:09:58 PM] Formatting completed in 0.011ms.
["INFO" - 11:10:18 PM] Formatting vscode-userdata:/home/bot/.config/Code/User/settings.json
["INFO" - 11:10:18 PM] File Info:
{
  "ignored": false,
  "inferredParser": "json"
}
["INFO" - 11:10:18 PM] No local configuration (i.e. .prettierrc or .editorconfig) detected, falling back to VS Code configuration
["INFO" - 11:10:18 PM] Prettier Options:
{
  "arrowParens": "always",
  "bracketSpacing": true,
  "endOfLine": "lf",
  "htmlWhitespaceSensitivity": "css",
  "insertPragma": false,
  "jsxBracketSameLine": false,
  "jsxSingleQuote": false,
  "printWidth": 80,
  "proseWrap": "preserve",
  "quoteProps": "as-needed",
  "requirePragma": false,
  "semi": true,
  "singleQuote": false,
  "tabWidth": 2,
  "trailingComma": "es5",
  "useTabs": false,
  "vueIndentScriptAndStyle": false,
  "filepath": "/home/bot/.config/Code/User/settings.json",
  "parser": "json"
}
["INFO" - 11:10:18 PM] Formatting completed in 0.008ms.
["INFO" - 11:10:31 PM] Formatting file:///home/bot/AAMeineSachen/FL3XX/BRIGHT-reporting/.vscode/settings.json
["INFO" - 11:10:31 PM] Using ignore file (if present) at /home/bot/AAMeineSachen/FL3XX/BRIGHT-reporting/.prettierignore
["INFO" - 11:10:31 PM] File Info:
{
  "ignored": false,
  "inferredParser": "json"
}
["INFO" - 11:10:31 PM] No local configuration (i.e. .prettierrc or .editorconfig) detected, falling back to VS Code configuration
["INFO" - 11:10:31 PM] Prettier Options:
{
  "arrowParens": "always",
  "bracketSpacing": true,
  "endOfLine": "lf",
  "htmlWhitespaceSensitivity": "css",
  "insertPragma": false,
  "jsxBracketSameLine": false,
  "jsxSingleQuote": false,
  "printWidth": 80,
  "proseWrap": "preserve",
  "quoteProps": "as-needed",
  "requirePragma": false,
  "semi": true,
  "singleQuote": false,
  "tabWidth": 2,
  "trailingComma": "es5",
  "useTabs": false,
  "vueIndentScriptAndStyle": false,
  "filepath": "/home/bot/AAMeineSachen/FL3XX/BRIGHT-reporting/.vscode/settings.json",
  "parser": "json"
}
["INFO" - 11:10:31 PM] Formatting completed in 0.007ms.
["INFO" - 11:10:31 PM] Formatting file:///home/bot/AAMeineSachen/FL3XX/BRIGHT-reporting/.vscode/settings.json
["INFO" - 11:10:31 PM] Using ignore file (if present) at /home/bot/AAMeineSachen/FL3XX/BRIGHT-reporting/.prettierignore
["INFO" - 11:10:31 PM] File Info:
{
  "ignored": false,
  "inferredParser": "json"
}
["INFO" - 11:10:31 PM] No local configuration (i.e. .prettierrc or .editorconfig) detected, falling back to VS Code configuration
["INFO" - 11:10:31 PM] Prettier Options:
{
  "arrowParens": "always",
  "bracketSpacing": true,
  "endOfLine": "lf",
  "htmlWhitespaceSensitivity": "css",
  "insertPragma": false,
  "jsxBracketSameLine": false,
  "jsxSingleQuote": false,
  "printWidth": 80,
  "proseWrap": "preserve",
  "quoteProps": "as-needed",
  "requirePragma": false,
  "semi": true,
  "singleQuote": false,
  "tabWidth": 2,
  "trailingComma": "es5",
  "useTabs": false,
  "vueIndentScriptAndStyle": false,
  "filepath": "/home/bot/AAMeineSachen/FL3XX/BRIGHT-reporting/.vscode/settings.json",
  "parser": "json"
}
["INFO" - 11:10:31 PM] Formatting completed in 0.004ms.
