[1658091390600] INFO  (ext): SQLTools is starting
[1658091390600] INFO  (ext): initializing language client...
[1658091390601] INFO  (ext): Registering client for languages [{"scheme":"sqltools"},{"language":"sql","scheme":"untitled"},{"language":"sql","scheme":"file"},{"language":"sql","scheme":"sqltools"}]
    ns: "lc"
[1658091390602] INFO  (ext): loading plugins...
[1658091390602] INFO  (ext): registering Formatter Plugin.
    plugin: {
      "name": "Formatter Plugin"
    }
[1658091390602] INFO  (ext): registering Connection Manager Plugin.
    plugin: {
      "name": "Connection Manager Plugin"
    }
[1658091390602] INFO  (ext): registering CodeLens Plugin.
    plugin: {
      "name": "CodeLens Plugin",
      "registeredLanguages": []
    }
[1658091390602] INFO  (ext): registering Dependency Manager Plugin.
    plugin: {
      "name": "Dependency Manager Plugin",
      "installingDrivers": []
    }
[1658091390603] INFO  (ext): Connection explorer changed. Will be updated.
    ns: "conn-man:explorer"
[1658091390603] INFO  (ext): registering History Manager Plugin.
    plugin: {
      "name": "History Manager Plugin"
    }
[1658091390603] INFO  (ext): registering Bookmarks Manager Plugin.
    plugin: {
      "name": "Bookmarks Manager Plugin"
    }
[1658091390603] INFO  (ext): SQLTools activation completed. 3.600522 ms
[1658091390605] INFO  (ext): Formatter Plugin registered!
[1658091390605] INFO  (ext): CodeLens Plugin registered!
[1658091390605] INFO  (ext): Dependency Manager Plugin registered!
[1658091390605] INFO  (ext): Connection Manager Plugin registered!
[1658091390605] INFO  (ext): History Manager Plugin registered!
[1658091390605] INFO  (ext): Bookmarks Manager Plugin registered!
[1658091390967] INFO  (ls): SQLTools Server started!
===============================
Using node runtime?: no
ExecPath: /opt/visual-studio-code/code 
===============================
[1658091390969] INFO  (ls): Telemetry enabled!
    ns: "telemetry"
[1658091391067] INFO  (ext): LanguageClient ready
    ns: "lc"
[1658091391663] INFO  (ext): EXECUTING COMMAND => sqltools.refreshTree
[1658091391664] INFO  (ext): Connection explorer changed. Will be updated.
    ns: "conn-man:explorer"
[1658091391802] INFO  (ext): Connection explorer changed. Will be updated.
    ns: "conn-man:explorer"
[1658091392701] INFO  (ext): Connection explorer changed. Will be updated.
    ns: "conn-man:explorer"
[1658091392849] INFO  (ext): Connection explorer changed. Will be updated.
    ns: "conn-man:explorer"
[1658091392873] INFO  (ext): Connection explorer changed. Will be updated.
    ns: "conn-man:explorer"
[1658091397002] INFO  (ext): Connection explorer changed. Will be updated.
    ns: "conn-man:explorer"
[1658091429669] INFO  (ext): Connection explorer changed. Will be updated.
    ns: "conn-man:explorer"
[1658091515524] INFO  (ext): Connection explorer changed. Will be updated.
    ns: "conn-man:explorer"
[1658091572347] INFO  (ext): Connection explorer changed. Will be updated.
    ns: "conn-man:explorer"
[1658091578751] INFO  (ext): Connection explorer changed. Will be updated.
    ns: "conn-man:explorer"
[1658091578784] INFO  (ext): Connection explorer changed. Will be updated.
    ns: "conn-man:explorer"
[1658091727519] INFO  (ext): Connection explorer changed. Will be updated.
    ns: "conn-man:explorer"
[1658091727588] INFO  (ext): Connection explorer changed. Will be updated.
    ns: "conn-man:explorer"
[1658091727664] INFO  (ext): Connection explorer changed. Will be updated.
    ns: "conn-man:explorer"
[1658091727712] INFO  (ext): Connection explorer changed. Will be updated.
    ns: "conn-man:explorer"
[1658091727724] INFO  (ext): Connection explorer changed. Will be updated.
    ns: "conn-man:explorer"
[1658091727735] INFO  (ext): Connection explorer changed. Will be updated.
    ns: "conn-man:explorer"
[1658091727736] INFO  (ext): Connection explorer changed. Will be updated.
    ns: "conn-man:explorer"
[1658091727744] INFO  (ext): Connection explorer changed. Will be updated.
    ns: "conn-man:explorer"
[1658091907603] INFO  (ext): Connection explorer changed. Will be updated.
    ns: "conn-man:explorer"
[1658091907802] INFO  (ext): Connection explorer changed. Will be updated.
    ns: "conn-man:explorer"
[1658091907804] INFO  (ext): Connection explorer changed. Will be updated.
    ns: "conn-man:explorer"
[1658091907811] INFO  (ext): Connection explorer changed. Will be updated.
    ns: "conn-man:explorer"
[1658091907816] INFO  (ext): Connection explorer changed. Will be updated.
    ns: "conn-man:explorer"
[1658091907828] INFO  (ext): Connection explorer changed. Will be updated.
    ns: "conn-man:explorer"
[1658091907828] INFO  (ext): Connection explorer changed. Will be updated.
    ns: "conn-man:explorer"
[1658092147360] INFO  (ext): Connection explorer changed. Will be updated.
    ns: "conn-man:explorer"
[1658092147417] INFO  (ext): Connection explorer changed. Will be updated.
    ns: "conn-man:explorer"
[1658092147506] INFO  (ext): Connection explorer changed. Will be updated.
    ns: "conn-man:explorer"
[1658092147508] INFO  (ext): Connection explorer changed. Will be updated.
    ns: "conn-man:explorer"
[1658092147515] INFO  (ext): Connection explorer changed. Will be updated.
    ns: "conn-man:explorer"
[1658092147522] INFO  (ext): Connection explorer changed. Will be updated.
    ns: "conn-man:explorer"
[1658092147522] INFO  (ext): Connection explorer changed. Will be updated.
    ns: "conn-man:explorer"
[1658092147534] INFO  (ext): Connection explorer changed. Will be updated.
    ns: "conn-man:explorer"
[1658092231628] INFO  (ext): Connection explorer changed. Will be updated.
    ns: "conn-man:explorer"
[1658092231678] INFO  (ext): Connection explorer changed. Will be updated.
    ns: "conn-man:explorer"
