["INFO" - 10:45:50 PM] Extension Name: esbenp.prettier-vscode.
["INFO" - 10:45:50 PM] Extension Version: 9.5.0.
["INFO" - 10:45:51 PM] Formatting vscode-userdata:/home/bot/.config/Code/User/settings.json
["INFO" - 10:45:51 PM] File Info:
{
  "ignored": false,
  "inferredParser": "json"
}
["INFO" - 10:45:51 PM] No local configuration (i.e. .prettierrc or .editorconfig) detected, falling back to VS Code configuration
["INFO" - 10:45:51 PM] Prettier Options:
{
  "arrowParens": "always",
  "bracketSpacing": true,
  "endOfLine": "lf",
  "htmlWhitespaceSensitivity": "css",
  "insertPragma": false,
  "jsxBracketSameLine": false,
  "jsxSingleQuote": false,
  "printWidth": 80,
  "proseWrap": "preserve",
  "quoteProps": "as-needed",
  "requirePragma": false,
  "semi": true,
  "singleQuote": false,
  "tabWidth": 2,
  "trailingComma": "es5",
  "useTabs": false,
  "vueIndentScriptAndStyle": false,
  "filepath": "/home/bot/.config/Code/User/settings.json",
  "parser": "json"
}
["INFO" - 10:45:51 PM] Formatting completed in 0.03ms.
["INFO" - 10:46:35 PM] Formatting vscode-userdata:/home/bot/.config/Code/User/settings.json
["INFO" - 10:46:35 PM] File Info:
{
  "ignored": false,
  "inferredParser": "json"
}
["INFO" - 10:46:35 PM] No local configuration (i.e. .prettierrc or .editorconfig) detected, falling back to VS Code configuration
["INFO" - 10:46:35 PM] Prettier Options:
{
  "arrowParens": "always",
  "bracketSpacing": true,
  "endOfLine": "lf",
  "htmlWhitespaceSensitivity": "css",
  "insertPragma": false,
  "jsxBracketSameLine": false,
  "jsxSingleQuote": false,
  "printWidth": 80,
  "proseWrap": "preserve",
  "quoteProps": "as-needed",
  "requirePragma": false,
  "semi": true,
  "singleQuote": false,
  "tabWidth": 2,
  "trailingComma": "es5",
  "useTabs": false,
  "vueIndentScriptAndStyle": false,
  "filepath": "/home/bot/.config/Code/User/settings.json",
  "parser": "json"
}
["INFO" - 10:46:35 PM] Formatting completed in 0.014ms.
["INFO" - 10:47:42 PM] Formatting file:///home/bot/AAMeineSachen/FL3XX/BRIGHT-reporting/.vscode/settings.json
["INFO" - 10:47:42 PM] Using ignore file (if present) at /home/bot/AAMeineSachen/FL3XX/BRIGHT-reporting/.prettierignore
["INFO" - 10:47:42 PM] File Info:
{
  "ignored": false,
  "inferredParser": "json"
}
["INFO" - 10:47:42 PM] No local configuration (i.e. .prettierrc or .editorconfig) detected, falling back to VS Code configuration
["INFO" - 10:47:42 PM] Prettier Options:
{
  "arrowParens": "always",
  "bracketSpacing": true,
  "endOfLine": "lf",
  "htmlWhitespaceSensitivity": "css",
  "insertPragma": false,
  "jsxBracketSameLine": false,
  "jsxSingleQuote": false,
  "printWidth": 80,
  "proseWrap": "preserve",
  "quoteProps": "as-needed",
  "requirePragma": false,
  "semi": true,
  "singleQuote": false,
  "tabWidth": 2,
  "trailingComma": "es5",
  "useTabs": false,
  "vueIndentScriptAndStyle": false,
  "filepath": "/home/bot/AAMeineSachen/FL3XX/BRIGHT-reporting/.vscode/settings.json",
  "parser": "json"
}
["INFO" - 10:47:42 PM] Formatting completed in 0.014ms.
["INFO" - 10:47:42 PM] Formatting file:///home/bot/AAMeineSachen/FL3XX/BRIGHT-reporting/.vscode/settings.json
["INFO" - 10:47:42 PM] Using ignore file (if present) at /home/bot/AAMeineSachen/FL3XX/BRIGHT-reporting/.prettierignore
["INFO" - 10:47:42 PM] File Info:
{
  "ignored": false,
  "inferredParser": "json"
}
["INFO" - 10:47:42 PM] No local configuration (i.e. .prettierrc or .editorconfig) detected, falling back to VS Code configuration
["INFO" - 10:47:42 PM] Prettier Options:
{
  "arrowParens": "always",
  "bracketSpacing": true,
  "endOfLine": "lf",
  "htmlWhitespaceSensitivity": "css",
  "insertPragma": false,
  "jsxBracketSameLine": false,
  "jsxSingleQuote": false,
  "printWidth": 80,
  "proseWrap": "preserve",
  "quoteProps": "as-needed",
  "requirePragma": false,
  "semi": true,
  "singleQuote": false,
  "tabWidth": 2,
  "trailingComma": "es5",
  "useTabs": false,
  "vueIndentScriptAndStyle": false,
  "filepath": "/home/bot/AAMeineSachen/FL3XX/BRIGHT-reporting/.vscode/settings.json",
  "parser": "json"
}
["INFO" - 10:47:42 PM] Formatting completed in 0.004ms.
["INFO" - 10:48:19 PM] Formatting vscode-userdata:/home/bot/.config/Code/User/settings.json
["INFO" - 10:48:19 PM] File Info:
{
  "ignored": false,
  "inferredParser": "json"
}
["INFO" - 10:48:19 PM] No local configuration (i.e. .prettierrc or .editorconfig) detected, falling back to VS Code configuration
["INFO" - 10:48:19 PM] Prettier Options:
{
  "arrowParens": "always",
  "bracketSpacing": true,
  "endOfLine": "lf",
  "htmlWhitespaceSensitivity": "css",
  "insertPragma": false,
  "jsxBracketSameLine": false,
  "jsxSingleQuote": false,
  "printWidth": 80,
  "proseWrap": "preserve",
  "quoteProps": "as-needed",
  "requirePragma": false,
  "semi": true,
  "singleQuote": false,
  "tabWidth": 2,
  "trailingComma": "es5",
  "useTabs": false,
  "vueIndentScriptAndStyle": false,
  "filepath": "/home/bot/.config/Code/User/settings.json",
  "parser": "json"
}
["INFO" - 10:48:19 PM] Formatting completed in 0.012ms.
["INFO" - 10:48:22 PM] Formatting vscode-userdata:/home/bot/.config/Code/User/settings.json
["INFO" - 10:48:22 PM] File Info:
{
  "ignored": false,
  "inferredParser": "json"
}
["INFO" - 10:48:22 PM] No local configuration (i.e. .prettierrc or .editorconfig) detected, falling back to VS Code configuration
["INFO" - 10:48:22 PM] Prettier Options:
{
  "arrowParens": "always",
  "bracketSpacing": true,
  "endOfLine": "lf",
  "htmlWhitespaceSensitivity": "css",
  "insertPragma": false,
  "jsxBracketSameLine": false,
  "jsxSingleQuote": false,
  "printWidth": 80,
  "proseWrap": "preserve",
  "quoteProps": "as-needed",
  "requirePragma": false,
  "semi": true,
  "singleQuote": false,
  "tabWidth": 2,
  "trailingComma": "es5",
  "useTabs": false,
  "vueIndentScriptAndStyle": false,
  "filepath": "/home/bot/.config/Code/User/settings.json",
  "parser": "json"
}
["INFO" - 10:48:22 PM] Formatting completed in 0.009ms.
["INFO" - 10:48:22 PM] Formatting vscode-userdata:/home/bot/.config/Code/User/settings.json
["INFO" - 10:48:22 PM] File Info:
{
  "ignored": false,
  "inferredParser": "json"
}
["INFO" - 10:48:22 PM] No local configuration (i.e. .prettierrc or .editorconfig) detected, falling back to VS Code configuration
["INFO" - 10:48:22 PM] Prettier Options:
{
  "arrowParens": "always",
  "bracketSpacing": true,
  "endOfLine": "lf",
  "htmlWhitespaceSensitivity": "css",
  "insertPragma": false,
  "jsxBracketSameLine": false,
  "jsxSingleQuote": false,
  "printWidth": 80,
  "proseWrap": "preserve",
  "quoteProps": "as-needed",
  "requirePragma": false,
  "semi": true,
  "singleQuote": false,
  "tabWidth": 2,
  "trailingComma": "es5",
  "useTabs": false,
  "vueIndentScriptAndStyle": false,
  "filepath": "/home/bot/.config/Code/User/settings.json",
  "parser": "json"
}
["INFO" - 10:48:22 PM] Formatting completed in 0.009ms.
["INFO" - 10:55:56 PM] Formatting vscode-userdata:/home/bot/.config/Code/User/settings.json
["INFO" - 10:55:56 PM] File Info:
{
  "ignored": false,
  "inferredParser": "json"
}
["INFO" - 10:55:56 PM] No local configuration (i.e. .prettierrc or .editorconfig) detected, falling back to VS Code configuration
["INFO" - 10:55:56 PM] Prettier Options:
{
  "arrowParens": "always",
  "bracketSpacing": true,
  "endOfLine": "lf",
  "htmlWhitespaceSensitivity": "css",
  "insertPragma": false,
  "jsxBracketSameLine": false,
  "jsxSingleQuote": false,
  "printWidth": 80,
  "proseWrap": "preserve",
  "quoteProps": "as-needed",
  "requirePragma": false,
  "semi": true,
  "singleQuote": false,
  "tabWidth": 2,
  "trailingComma": "es5",
  "useTabs": false,
  "vueIndentScriptAndStyle": false,
  "filepath": "/home/bot/.config/Code/User/settings.json",
  "parser": "json"
}
["INFO" - 10:55:56 PM] Formatting completed in 0.017ms.
["INFO" - 10:56:20 PM] Formatting vscode-userdata:/home/bot/.config/Code/User/settings.json
["INFO" - 10:56:20 PM] File Info:
{
  "ignored": false,
  "inferredParser": "json"
}
["INFO" - 10:56:20 PM] No local configuration (i.e. .prettierrc or .editorconfig) detected, falling back to VS Code configuration
["INFO" - 10:56:20 PM] Prettier Options:
{
  "arrowParens": "always",
  "bracketSpacing": true,
  "endOfLine": "lf",
  "htmlWhitespaceSensitivity": "css",
  "insertPragma": false,
  "jsxBracketSameLine": false,
  "jsxSingleQuote": false,
  "printWidth": 80,
  "proseWrap": "preserve",
  "quoteProps": "as-needed",
  "requirePragma": false,
  "semi": true,
  "singleQuote": false,
  "tabWidth": 2,
  "trailingComma": "es5",
  "useTabs": false,
  "vueIndentScriptAndStyle": false,
  "filepath": "/home/bot/.config/Code/User/settings.json",
  "parser": "json"
}
["INFO" - 10:56:20 PM] Formatting completed in 0.007ms.
["INFO" - 10:56:20 PM] Formatting vscode-userdata:/home/bot/.config/Code/User/settings.json
["INFO" - 10:56:20 PM] File Info:
{
  "ignored": false,
  "inferredParser": "json"
}
["INFO" - 10:56:20 PM] No local configuration (i.e. .prettierrc or .editorconfig) detected, falling back to VS Code configuration
["INFO" - 10:56:20 PM] Prettier Options:
{
  "arrowParens": "always",
  "bracketSpacing": true,
  "endOfLine": "lf",
  "htmlWhitespaceSensitivity": "css",
  "insertPragma": false,
  "jsxBracketSameLine": false,
  "jsxSingleQuote": false,
  "printWidth": 80,
  "proseWrap": "preserve",
  "quoteProps": "as-needed",
  "requirePragma": false,
  "semi": true,
  "singleQuote": false,
  "tabWidth": 2,
  "trailingComma": "es5",
  "useTabs": false,
  "vueIndentScriptAndStyle": false,
  "filepath": "/home/bot/.config/Code/User/settings.json",
  "parser": "json"
}
["INFO" - 10:56:20 PM] Formatting completed in 0.023ms.
