Visual Studio Code (1.69.1, undefined, desktop)
Jupyter Extension Version: 2022.6.1201981810.
Python Extension Version: 2022.10.1.
Workspace folder /home/bot/AAMeineSachen/FL3XX/BRIGHT-reporting
info 22:46:40.708: ZMQ install verified.
User belongs to experiment group 'jupyterTest'
User belongs to experiment group 'jupyterEnhancedDataViewer'
info 22:46:41.61: LSP Notebooks experiment is disabled -- not in treatment group
info 22:46:41.148: Experiment status for python is {"enabled":true,"optInto":[],"optOutFrom":[]}
info 22:46:41.193: Process Execution: > ~/anaconda3/envs/bright/bin/python -m pip list
> ~/anaconda3/envs/bright/bin/python -m pip list
info 22:55:19.936: Process Execution: > ~/anaconda3/envs/bright/bin/python -m pip list
> ~/anaconda3/envs/bright/bin/python -m pip list
info 22:56:26.140: Shutting down notebooks for cf79e808-1aff-45fc-b721-65c6bf16f9fd
info 22:56:26.140: Disposing HostJupyterExecution ac85b970-5b09-44c2-a06e-fa7401530b3c
info 22:56:26.140: Disposing super HostJupyterExecution ac85b970-5b09-44c2-a06e-fa7401530b3c
info 22:56:26.140: Disposing HostJupyterExecution ac85b970-5b09-44c2-a06e-fa7401530b3c
info 22:56:26.140: Finished disposing HostJupyterExecution  ac85b970-5b09-44c2-a06e-fa7401530b3c
info 22:56:26.145: Cleaning up server cache ac85b970-5b09-44c2-a06e-fa7401530b3c
info 22:56:26.146: Finished disposing HostJupyterExecution  ac85b970-5b09-44c2-a06e-fa7401530b3c
