[2022-07-17T20:45:48.594Z] Log level: Info
[2022-07-17T20:45:48.594Z] [info] Validating found git in: git
[2022-07-17T20:45:49.078Z] [info] Using git  from git
[2022-07-17T20:45:49.098Z] > git rev-parse --show-toplevel [10ms]
[2022-07-17T20:45:49.109Z] > git rev-parse --git-dir --git-common-dir [2ms]
[2022-07-17T20:45:49.112Z] [info] Open repository: /home/bot/AAMeineSachen/FL3XX/BRIGHT-reporting
[2022-07-17T20:45:49.140Z] > git status -z -uall [10ms]
[2022-07-17T20:45:49.162Z] > git symbolic-ref --short HEAD [14ms]
[2022-07-17T20:45:49.171Z] > git for-each-ref --format=%(refname)%00%(upstream:short)%00%(objectname)%00%(upstream:track)%00%(upstream:remotename)%00%(upstream:remoteref) refs/heads/psalah refs/remotes/psalah [2ms]
[2022-07-17T20:45:49.209Z] > git remote --verbose [20ms]
[2022-07-17T20:45:49.209Z] > git for-each-ref --sort -committerdate --format %(refname) %(objectname) %(*objectname) [28ms]
[2022-07-17T20:45:49.226Z] > git config --get commit.template [1ms]
[2022-07-17T20:45:49.242Z] > git status -z -uall [3ms]
[2022-07-17T20:45:49.314Z] > git symbolic-ref --short HEAD [64ms]
[2022-07-17T20:45:49.323Z] > git for-each-ref --format=%(refname)%00%(upstream:short)%00%(objectname)%00%(upstream:track)%00%(upstream:remotename)%00%(upstream:remoteref) refs/heads/psalah refs/remotes/psalah [1ms]
[2022-07-17T20:45:49.340Z] > git for-each-ref --sort -committerdate --format %(refname) %(objectname) %(*objectname) [8ms]
[2022-07-17T20:45:49.341Z] > git remote --verbose [1ms]
[2022-07-17T20:45:49.396Z] > git config --get commit.template [39ms]
[2022-07-17T20:45:49.752Z] > git check-ignore -v -z --stdin [5ms]
[2022-07-17T20:45:50.538Z] > git fetch [1418ms]
[2022-07-17T20:45:50.538Z] Missing or invalid credentials.
Skip silent fetch commands
Missing or invalid credentials.
Skip silent fetch commands
remote: Unauthorized
fatal: Authentication failed for 'https://git.fl3xx.com/FL3XX/BRIGHT-reporting.git/'
[2022-07-17T20:46:41.124Z] > git show --textconv :app/etl/ps_etl.py [24ms]
[2022-07-17T20:46:41.124Z] > git check-ignore -v -z --stdin [38ms]
[2022-07-17T20:46:41.165Z] > git ls-files --stage -- /home/bot/AAMeineSachen/FL3XX/BRIGHT-reporting/app/etl/ps_etl.py [53ms]
[2022-07-17T20:46:41.199Z] > git cat-file -s f01ff8279bda1a91387ab57ba8abccce4081ce8e [22ms]
[2022-07-17T20:46:43.376Z] > git status -z -uall [1ms]
[2022-07-17T20:46:43.393Z] > git symbolic-ref --short HEAD [0ms]
[2022-07-17T20:46:43.408Z] > git for-each-ref --format=%(refname)%00%(upstream:short)%00%(objectname)%00%(upstream:track)%00%(upstream:remotename)%00%(upstream:remoteref) refs/heads/psalah refs/remotes/psalah [1ms]
[2022-07-17T20:46:43.438Z] > git remote --verbose [0ms]
[2022-07-17T20:46:43.439Z] > git for-each-ref --sort -committerdate --format %(refname) %(objectname) %(*objectname) [16ms]
[2022-07-17T20:46:43.455Z] > git config --get commit.template [2ms]
[2022-07-17T20:46:48.484Z] > git status -z -uall [1ms]
[2022-07-17T20:46:48.499Z] > git symbolic-ref --short HEAD [1ms]
[2022-07-17T20:46:48.512Z] > git for-each-ref --format=%(refname)%00%(upstream:short)%00%(objectname)%00%(upstream:track)%00%(upstream:remotename)%00%(upstream:remoteref) refs/heads/psalah refs/remotes/psalah [1ms]
[2022-07-17T20:46:48.535Z] > git for-each-ref --sort -committerdate --format %(refname) %(objectname) %(*objectname) [12ms]
[2022-07-17T20:46:48.535Z] > git remote --verbose [0ms]
[2022-07-17T20:46:48.550Z] > git config --get commit.template [0ms]
[2022-07-17T20:47:30.033Z] > git status -z -uall [14ms]
[2022-07-17T20:47:30.044Z] > git symbolic-ref --short HEAD [1ms]
[2022-07-17T20:47:30.055Z] > git for-each-ref --format=%(refname)%00%(upstream:short)%00%(objectname)%00%(upstream:track)%00%(upstream:remotename)%00%(upstream:remoteref) refs/heads/psalah refs/remotes/psalah [1ms]
[2022-07-17T20:47:30.076Z] > git remote --verbose [1ms]
[2022-07-17T20:47:30.077Z] > git for-each-ref --sort -committerdate --format %(refname) %(objectname) %(*objectname) [12ms]
[2022-07-17T20:47:30.088Z] > git config --get commit.template [1ms]
[2022-07-17T20:47:35.111Z] > git status -z -uall [1ms]
[2022-07-17T20:47:35.122Z] > git symbolic-ref --short HEAD [0ms]
[2022-07-17T20:47:35.134Z] > git for-each-ref --format=%(refname)%00%(upstream:short)%00%(objectname)%00%(upstream:track)%00%(upstream:remotename)%00%(upstream:remoteref) refs/heads/psalah refs/remotes/psalah [1ms]
[2022-07-17T20:47:35.157Z] > git for-each-ref --sort -committerdate --format %(refname) %(objectname) %(*objectname) [12ms]
[2022-07-17T20:47:35.158Z] > git remote --verbose [1ms]
[2022-07-17T20:47:35.170Z] > git config --get commit.template [1ms]
[2022-07-17T20:47:43.731Z] > git status -z -uall [1ms]
[2022-07-17T20:47:43.747Z] > git symbolic-ref --short HEAD [1ms]
[2022-07-17T20:47:43.761Z] > git for-each-ref --format=%(refname)%00%(upstream:short)%00%(objectname)%00%(upstream:track)%00%(upstream:remotename)%00%(upstream:remoteref) refs/heads/psalah refs/remotes/psalah [1ms]
[2022-07-17T20:47:43.791Z] > git for-each-ref --sort -committerdate --format %(refname) %(objectname) %(*objectname) [15ms]
[2022-07-17T20:47:43.791Z] > git remote --verbose [1ms]
[2022-07-17T20:47:43.805Z] > git config --get commit.template [1ms]
[2022-07-17T20:47:50.432Z] > git status -z -uall [0ms]
[2022-07-17T20:47:50.444Z] > git symbolic-ref --short HEAD [1ms]
[2022-07-17T20:47:50.455Z] > git for-each-ref --format=%(refname)%00%(upstream:short)%00%(objectname)%00%(upstream:track)%00%(upstream:remotename)%00%(upstream:remoteref) refs/heads/psalah refs/remotes/psalah [0ms]
[2022-07-17T20:47:50.477Z] > git for-each-ref --sort -committerdate --format %(refname) %(objectname) %(*objectname) [11ms]
[2022-07-17T20:47:50.478Z] > git remote --verbose [1ms]
[2022-07-17T20:47:50.490Z] > git config --get commit.template [1ms]
[2022-07-17T20:48:24.776Z] > git show --textconv :app/etl/ps_etl.py [12ms]
[2022-07-17T20:48:24.776Z] > git ls-files --stage -- /home/bot/AAMeineSachen/FL3XX/BRIGHT-reporting/app/etl/ps_etl.py [1ms]
[2022-07-17T20:48:24.789Z] > git cat-file -s f01ff8279bda1a91387ab57ba8abccce4081ce8e [0ms]
[2022-07-17T20:48:27.332Z] > git status -z -uall [1ms]
[2022-07-17T20:48:27.344Z] > git symbolic-ref --short HEAD [0ms]
[2022-07-17T20:48:27.357Z] > git for-each-ref --format=%(refname)%00%(upstream:short)%00%(objectname)%00%(upstream:track)%00%(upstream:remotename)%00%(upstream:remoteref) refs/heads/psalah refs/remotes/psalah [1ms]
[2022-07-17T20:48:27.380Z] > git remote --verbose [1ms]
[2022-07-17T20:48:27.380Z] > git for-each-ref --sort -committerdate --format %(refname) %(objectname) %(*objectname) [12ms]
[2022-07-17T20:48:27.394Z] > git config --get commit.template [1ms]
[2022-07-17T20:49:35.113Z] > git status -z -uall [0ms]
[2022-07-17T20:49:35.125Z] > git symbolic-ref --short HEAD [1ms]
[2022-07-17T20:49:35.137Z] > git for-each-ref --format=%(refname)%00%(upstream:short)%00%(objectname)%00%(upstream:track)%00%(upstream:remotename)%00%(upstream:remoteref) refs/heads/psalah refs/remotes/psalah [1ms]
[2022-07-17T20:49:35.162Z] > git for-each-ref --sort -committerdate --format %(refname) %(objectname) %(*objectname) [13ms]
[2022-07-17T20:49:35.162Z] > git remote --verbose [1ms]
[2022-07-17T20:49:35.175Z] > git config --get commit.template [1ms]
[2022-07-17T20:49:44.405Z] > git show --textconv :app/etl/read_config.py [12ms]
[2022-07-17T20:49:44.406Z] > git ls-files --stage -- /home/bot/AAMeineSachen/FL3XX/BRIGHT-reporting/app/etl/read_config.py [1ms]
[2022-07-17T20:49:51.989Z] > git status -z -uall [0ms]
[2022-07-17T20:49:52.003Z] > git symbolic-ref --short HEAD [0ms]
[2022-07-17T20:49:52.018Z] > git for-each-ref --format=%(refname)%00%(upstream:short)%00%(objectname)%00%(upstream:track)%00%(upstream:remotename)%00%(upstream:remoteref) refs/heads/psalah refs/remotes/psalah [0ms]
[2022-07-17T20:49:52.049Z] > git remote --verbose [1ms]
[2022-07-17T20:49:52.049Z] > git for-each-ref --sort -committerdate --format %(refname) %(objectname) %(*objectname) [16ms]
[2022-07-17T20:49:52.066Z] > git config --get commit.template [1ms]
[2022-07-17T20:49:57.088Z] > git status -z -uall [0ms]
[2022-07-17T20:49:57.100Z] > git symbolic-ref --short HEAD [0ms]
[2022-07-17T20:49:57.111Z] > git for-each-ref --format=%(refname)%00%(upstream:short)%00%(objectname)%00%(upstream:track)%00%(upstream:remotename)%00%(upstream:remoteref) refs/heads/psalah refs/remotes/psalah [0ms]
[2022-07-17T20:49:57.133Z] > git for-each-ref --sort -committerdate --format %(refname) %(objectname) %(*objectname) [10ms]
[2022-07-17T20:49:57.133Z] > git remote --verbose [0ms]
[2022-07-17T20:49:57.144Z] > git config --get commit.template [0ms]
[2022-07-17T20:50:02.156Z] > git status -z -uall [1ms]
[2022-07-17T20:50:02.168Z] > git symbolic-ref --short HEAD [0ms]
[2022-07-17T20:50:02.180Z] > git for-each-ref --format=%(refname)%00%(upstream:short)%00%(objectname)%00%(upstream:track)%00%(upstream:remotename)%00%(upstream:remoteref) refs/heads/psalah refs/remotes/psalah [1ms]
[2022-07-17T20:50:02.201Z] > git for-each-ref --sort -committerdate --format %(refname) %(objectname) %(*objectname) [11ms]
[2022-07-17T20:50:02.201Z] > git remote --verbose [0ms]
[2022-07-17T20:50:02.214Z] > git config --get commit.template [0ms]
[2022-07-17T20:50:07.233Z] > git status -z -uall [0ms]
[2022-07-17T20:50:07.245Z] > git symbolic-ref --short HEAD [1ms]
[2022-07-17T20:50:07.256Z] > git for-each-ref --format=%(refname)%00%(upstream:short)%00%(objectname)%00%(upstream:track)%00%(upstream:remotename)%00%(upstream:remoteref) refs/heads/psalah refs/remotes/psalah [1ms]
[2022-07-17T20:50:07.277Z] > git for-each-ref --sort -committerdate --format %(refname) %(objectname) %(*objectname) [10ms]
[2022-07-17T20:50:07.278Z] > git remote --verbose [1ms]
[2022-07-17T20:50:07.289Z] > git config --get commit.template [0ms]
[2022-07-17T20:50:12.321Z] > git status -z -uall [2ms]
[2022-07-17T20:50:12.336Z] > git symbolic-ref --short HEAD [0ms]
[2022-07-17T20:50:12.348Z] > git for-each-ref --format=%(refname)%00%(upstream:short)%00%(objectname)%00%(upstream:track)%00%(upstream:remotename)%00%(upstream:remoteref) refs/heads/psalah refs/remotes/psalah [1ms]
[2022-07-17T20:50:12.369Z] > git for-each-ref --sort -committerdate --format %(refname) %(objectname) %(*objectname) [11ms]
[2022-07-17T20:50:12.369Z] > git remote --verbose [0ms]
[2022-07-17T20:50:12.381Z] > git config --get commit.template [1ms]
[2022-07-17T20:50:27.659Z] > git show --textconv :app/etl/helpers.py [12ms]
[2022-07-17T20:50:27.660Z] > git ls-files --stage -- /home/bot/AAMeineSachen/FL3XX/BRIGHT-reporting/app/etl/helpers.py [1ms]
[2022-07-17T20:50:44.562Z] > git status -z -uall [1ms]
[2022-07-17T20:50:44.573Z] > git symbolic-ref --short HEAD [0ms]
[2022-07-17T20:50:44.584Z] > git for-each-ref --format=%(refname)%00%(upstream:short)%00%(objectname)%00%(upstream:track)%00%(upstream:remotename)%00%(upstream:remoteref) refs/heads/psalah refs/remotes/psalah [1ms]
[2022-07-17T20:50:44.605Z] > git for-each-ref --sort -committerdate --format %(refname) %(objectname) %(*objectname) [11ms]
[2022-07-17T20:50:44.605Z] > git remote --verbose [1ms]
[2022-07-17T20:50:44.618Z] > git config --get commit.template [1ms]
[2022-07-17T20:50:55.738Z] > git show --textconv :app/etl/ps_etl.py [12ms]
[2022-07-17T20:50:55.738Z] > git ls-files --stage -- /home/bot/AAMeineSachen/FL3XX/BRIGHT-reporting/app/etl/ps_etl.py [1ms]
[2022-07-17T20:50:55.751Z] > git cat-file -s f01ff8279bda1a91387ab57ba8abccce4081ce8e [1ms]
[2022-07-17T20:50:57.888Z] > git show --textconv :app/etl/read_config.py [19ms]
[2022-07-17T20:50:57.889Z] > git ls-files --stage -- /home/bot/AAMeineSachen/FL3XX/BRIGHT-reporting/app/etl/read_config.py [1ms]
[2022-07-17T20:51:07.638Z] > git status -z -uall [1ms]
[2022-07-17T20:51:07.651Z] > git symbolic-ref --short HEAD [1ms]
[2022-07-17T20:51:07.663Z] > git for-each-ref --format=%(refname)%00%(upstream:short)%00%(objectname)%00%(upstream:track)%00%(upstream:remotename)%00%(upstream:remoteref) refs/heads/psalah refs/remotes/psalah [1ms]
[2022-07-17T20:51:07.686Z] > git for-each-ref --sort -committerdate --format %(refname) %(objectname) %(*objectname) [13ms]
[2022-07-17T20:51:07.686Z] > git remote --verbose [1ms]
[2022-07-17T20:51:07.698Z] > git config --get commit.template [1ms]
[2022-07-17T20:51:26.308Z] > git status -z -uall [1ms]
[2022-07-17T20:51:26.320Z] > git symbolic-ref --short HEAD [0ms]
[2022-07-17T20:51:26.333Z] > git for-each-ref --format=%(refname)%00%(upstream:short)%00%(objectname)%00%(upstream:track)%00%(upstream:remotename)%00%(upstream:remoteref) refs/heads/psalah refs/remotes/psalah [1ms]
[2022-07-17T20:51:26.356Z] > git for-each-ref --sort -committerdate --format %(refname) %(objectname) %(*objectname) [12ms]
[2022-07-17T20:51:26.356Z] > git remote --verbose [1ms]
[2022-07-17T20:51:26.368Z] > git config --get commit.template [1ms]
[2022-07-17T20:56:21.717Z] > git show --textconv :app/etl/read_config.py [17ms]
[2022-07-17T20:56:21.719Z] > git ls-files --stage -- /home/bot/AAMeineSachen/FL3XX/BRIGHT-reporting/app/etl/read_config.py [3ms]
