[2022-07-19 07:04:53.750] [exthost] [info] Extension host with pid 8066 started
[2022-07-19 07:04:53.750] [exthost] [info] Skipping acquiring lock for /home/bot/.config/Code/User/workspaceStorage/a509899ca4222ba68b15554889924930.
[2022-07-19 07:04:53.788] [exthost] [info] ExtensionService#_doActivateExtension GrapeCity.gc-excelviewer, startup: false, activationEvent: 'onLanguage:plaintext'
[2022-07-19 07:04:53.791] [exthost] [info] ExtensionService#_doActivateExtension KevinRose.vsc-python-indent, startup: false, activationEvent: 'onLanguage:python'
[2022-07-19 07:04:53.794] [exthost] [info] ExtensionService#_doActivateExtension ms-python.python, startup: false, activationEvent: 'onLanguage:python', root cause: ms-python.pylint
[2022-07-19 07:04:53.978] [exthost] [info] ExtensionService#_doActivateExtension ms-toolsai.jupyter, startup: false, activationEvent: 'onLanguage:python'
[2022-07-19 07:04:54.164] [exthost] [info] ExtensionService#_doActivateExtension njpwerner.autodocstring, startup: false, activationEvent: 'onLanguage:python'
[2022-07-19 07:04:54.187] [exthost] [info] ExtensionService#_doActivateExtension VisualStudioExptTeam.vscodeintellicode, startup: false, activationEvent: 'onLanguage:python'
[2022-07-19 07:04:54.254] [exthost] [info] ExtensionService#_doActivateExtension vscode.microsoft-authentication, startup: false, activationEvent: 'onAuthenticationRequest:microsoft'
[2022-07-19 07:04:54.266] [exthost] [info] ExtensionService#_doActivateExtension vscode.debug-auto-launch, startup: true, activationEvent: '*'
[2022-07-19 07:04:54.268] [exthost] [info] ExtensionService#_doActivateExtension vscode.git-base, startup: true, activationEvent: '*', root cause: vscode.git
[2022-07-19 07:04:54.270] [exthost] [info] ExtensionService#_doActivateExtension vscode.ipynb, startup: true, activationEvent: '*'
[2022-07-19 07:04:54.273] [exthost] [info] ExtensionService#_doActivateExtension christian-kohler.path-intellisense, startup: true, activationEvent: '*'
[2022-07-19 07:04:54.288] [exthost] [info] ExtensionService#_doActivateExtension ecmel.vscode-html-css, startup: true, activationEvent: '*'
[2022-07-19 07:04:54.303] [exthost] [info] ExtensionService#_doActivateExtension formulahendry.auto-rename-tag, startup: true, activationEvent: '*'
[2022-07-19 07:04:54.309] [exthost] [info] ExtensionService#_doActivateExtension ms-mssql.data-workspace-vscode, startup: true, activationEvent: '*'
[2022-07-19 07:04:54.318] [exthost] [info] ExtensionService#_doActivateExtension ms-vsliveshare.vsliveshare, startup: true, activationEvent: '*'
[2022-07-19 07:04:54.452] [exthost] [info] ExtensionService#_doActivateExtension mtxr.sqltools, startup: true, activationEvent: '*'
[2022-07-19 07:04:54.471] [exthost] [info] ExtensionService#_doActivateExtension sainnhe.gruvbox-material, startup: true, activationEvent: '*'
[2022-07-19 07:04:54.491] [exthost] [info] ExtensionService#_doActivateExtension wheredoesyourmindgo.gruvbox-concoctis, startup: true, activationEvent: '*'
[2022-07-19 07:04:54.513] [exthost] [info] ExtensionService#_doActivateExtension xyz.local-history, startup: true, activationEvent: '*'
[2022-07-19 07:04:55.391] [exthost] [info] ExtensionService#_doActivateExtension ms-mssql.mssql, startup: false, activationEvent: 'api', root cause: ms-mssql.data-workspace-vscode
[2022-07-19 07:04:55.794] [exthost] [info] ExtensionService#_doActivateExtension vscode.git, startup: true, activationEvent: '*'
[2022-07-19 07:04:55.810] [exthost] [info] ExtensionService#_doActivateExtension vscode.github, startup: true, activationEvent: '*'
[2022-07-19 07:04:55.814] [exthost] [info] ExtensionService#_doActivateExtension ms-toolsai.jupyter-renderers, startup: false, activationEvent: 'api', root cause: ms-toolsai.jupyter
[2022-07-19 07:04:55.869] [exthost] [info] ExtensionService#_doActivateExtension ms-python.pylint, startup: false, activationEvent: 'onLanguage:python'
[2022-07-19 07:04:55.894] [exthost] [info] ExtensionService#_doActivateExtension ms-python.vscode-pylance, startup: false, activationEvent: 'onLanguage:python'
[2022-07-19 07:04:56.040] [exthost] [info] ExtensionService#_doActivateExtension vscode.github-authentication, startup: false, activationEvent: 'onAuthenticationRequest:github'
[2022-07-19 07:04:56.164] [exthost] [info] ExtensionService#_doActivateExtension vscode.configuration-editing, startup: false, activationEvent: 'onLanguage:jsonc'
[2022-07-19 07:04:56.167] [exthost] [info] ExtensionService#_doActivateExtension vscode.json-language-features, startup: false, activationEvent: 'onLanguage:jsonc'
[2022-07-19 07:04:56.180] [exthost] [info] ExtensionService#_doActivateExtension vscode.typescript-language-features, startup: false, activationEvent: 'onLanguage:jsonc'
[2022-07-19 07:04:56.978] [exthost] [info] ExtensionService#_doActivateExtension ms-mssql.sql-database-projects-vscode, startup: false, activationEvent: 'api', root cause: ms-mssql.data-workspace-vscode
[2022-07-19 07:04:57.812] [exthost] [error] Activating extension ms-vsliveshare.vsliveshare failed due to an error:
[2022-07-19 07:04:57.812] [exthost] [error] Error: Agent terminated with exit code: 0 and signal null: Process terminated. Couldn't find a valid ICU package installed on the system. Set the configuration flag System.Globalization.Invariant to true if you want to run with no globalization support.
   at System.Environment.FailFast(System.String)
   at System.Globalization.GlobalizationMode.GetGlobalizationInvariantMode()
   at System.Globalization.GlobalizationMode..cctor()
   at System.Globalization.CultureData.CreateCultureWithInvariantData()
   at System.Globalization.CultureData.get_Invariant()
   at System.Globalization.CultureInfo..cctor()
   at System.String.ToLowerInvariant()
   at System.Text.EncodingHelper.GetCharset()
   at System.Text.EncodingHelper.GetEncodingFromCharset()
   at System.ConsolePal.GetConsoleEncoding()
   at System.Console+<>c.<get_OutputEncoding>b__19_0()
   at System.Threading.LazyInitializer.EnsureInitializedCore[[System.__Canon, System.Private.CoreLib, Version=4.0.0.0, Culture=neutral, PublicKeyToken=7cec85d7bea7798e]](System.__Canon ByRef, System.Object ByRef, System.Func`1<System.__Canon>)
   at System.Threading.LazyInitializer.EnsureInitialized[[System.__Canon, System.Private.CoreLib, Version=4.0.0.0, Culture=neutral, PublicKeyToken=7cec85d7bea7798e]](System.__Canon ByRef, System.Object ByRef, System.Func`1<System.__Canon>)
   at System.Console.get_OutputEncoding()
   at System.Console.CreateOutputWriter(System.IO.Stream)
   at System.Console+<>c.<get_Out>b__26_0()
   at System.Threading.LazyInitializer.EnsureInitializedCore[[System.__Canon, System.Private.CoreLib, Version=4.0.0.0, Culture=neutral, PublicKeyToken=7cec85d7bea7798e]](System.__Canon ByRef, System.Object ByRef, System.Func`1<System.__Canon>)
   at System.Threading.LazyInitializer.EnsureInitialized[[System.__Canon, System.Private.CoreLib, Version=4.0.0.0, Culture=neutral, PublicKeyToken=7cec85d7bea7798e]](System.__Canon ByRef, System.Object ByRef, System.Func`1<System.__Canon>)
   at System.Console.get_Out()
   at Microsoft.Extensions.CommandLineUtils.CommandLineApplication..ctor(Boolean)
   at Microsoft.Cascade.Agent.Program..ctor()
   at Microsoft.Cascade.Agent.Program.Main(System.String[])
    at ChildProcess.<anonymous> (/home/bot/.vscode/extensions/ms-vsliveshare.vsliveshare-1.0.5641/src/abstractions/node/agent.ts:303:32)
    at ChildProcess.emit (node:events:402:35)
    at ChildProcess.emit (node:domain:475:12)
    at maybeClose (node:internal/child_process:1064:16)
    at Socket.<anonymous> (node:internal/child_process:450:11)
    at Socket.emit (node:events:390:28)
    at Socket.emit (node:domain:475:12)
    at Pipe.<anonymous> (node:net:687:12)
[2022-07-19 07:04:57.813] [exthost] [info] Eager extensions activated
[2022-07-19 07:04:57.827] [exthost] [info] ExtensionService#_doActivateExtension vscode.emmet, startup: false, activationEvent: 'onStartupFinished'
[2022-07-19 07:04:57.832] [exthost] [info] ExtensionService#_doActivateExtension vscode.merge-conflict, startup: false, activationEvent: 'onStartupFinished'
[2022-07-19 07:04:57.834] [exthost] [info] ExtensionService#_doActivateExtension aaron-bond.better-comments, startup: false, activationEvent: 'onStartupFinished'
[2022-07-19 07:04:57.840] [exthost] [info] ExtensionService#_doActivateExtension eamodio.gitlens, startup: false, activationEvent: 'onStartupFinished'
[2022-07-19 07:04:57.864] [exthost] [info] ExtensionService#_doActivateExtension Equinusocio.vsc-material-theme, startup: false, activationEvent: 'onStartupFinished'
[2022-07-19 07:04:57.872] [exthost] [info] ExtensionService#_doActivateExtension esbenp.prettier-vscode, startup: false, activationEvent: 'onStartupFinished'
[2022-07-19 07:04:57.920] [exthost] [info] ExtensionService#_doActivateExtension ms-vscode-remote.remote-containers, startup: false, activationEvent: 'onStartupFinished'
[2022-07-19 07:04:57.939] [exthost] [info] ExtensionService#_doActivateExtension PKief.material-icon-theme, startup: false, activationEvent: 'onStartupFinished'
[2022-07-19 07:04:57.946] [exthost] [info] ExtensionService#_doActivateExtension usernamehw.errorlens, startup: false, activationEvent: 'onStartupFinished'
[2022-07-19 07:04:57.947] [exthost] [info] ExtensionService#_doActivateExtension zhuangtongfa.material-theme, startup: false, activationEvent: 'onStartupFinished'
[2022-07-19 07:05:01.314] [exthost] [warning] TextEditor is closed/disposed
[2022-07-19 07:05:25.644] [exthost] [info] Extension host terminating: received terminate message from renderer
[2022-07-19 07:05:25.666] [exthost] [warning] {"name":"Canceled"}
[2022-07-19 07:05:25.668] [exthost] [error] Error: read ECONNRESET
    at Pipe.onStreamRead (node:internal/stream_base_commons:220:20)
[2022-07-19 07:05:25.670] [exthost] [info] Extension host with pid 8066 exiting with code 0
