[2022-07-17 23:48:47.640] [exthost] [info] Extension host with pid 335353 started
[2022-07-17 23:48:47.640] [exthost] [info] Skipping acquiring lock for /home/bot/.config/Code/User/workspaceStorage/a509899ca4222ba68b15554889924930.
[2022-07-17 23:48:47.704] [exthost] [info] ExtensionService#_doActivateExtension GrapeCity.gc-excelviewer, startup: false, activationEvent: 'onLanguage:plaintext'
[2022-07-17 23:48:47.706] [exthost] [info] ExtensionService#_doActivateExtension vscode.configuration-editing, startup: false, activationEvent: 'onLanguage:jsonc'
[2022-07-17 23:48:47.708] [exthost] [info] ExtensionService#_doActivateExtension vscode.json-language-features, startup: false, activationEvent: 'onLanguage:jsonc'
[2022-07-17 23:48:47.720] [exthost] [info] ExtensionService#_doActivateExtension vscode.typescript-language-features, startup: false, activationEvent: 'onLanguage:jsonc'
[2022-07-17 23:48:47.726] [exthost] [info] ExtensionService#_doActivateExtension vscode.microsoft-authentication, startup: false, activationEvent: 'onAuthenticationRequest:microsoft'
[2022-07-17 23:48:47.736] [exthost] [info] ExtensionService#_doActivateExtension vscode.debug-auto-launch, startup: true, activationEvent: '*'
[2022-07-17 23:48:47.737] [exthost] [info] ExtensionService#_doActivateExtension vscode.git-base, startup: true, activationEvent: '*', root cause: vscode.git
[2022-07-17 23:48:47.738] [exthost] [info] ExtensionService#_doActivateExtension vscode.ipynb, startup: true, activationEvent: '*'
[2022-07-17 23:48:47.739] [exthost] [info] ExtensionService#_doActivateExtension christian-kohler.path-intellisense, startup: true, activationEvent: '*'
[2022-07-17 23:48:47.745] [exthost] [info] ExtensionService#_doActivateExtension ecmel.vscode-html-css, startup: true, activationEvent: '*'
[2022-07-17 23:48:47.756] [exthost] [info] ExtensionService#_doActivateExtension formulahendry.auto-rename-tag, startup: true, activationEvent: '*'
[2022-07-17 23:48:47.760] [exthost] [info] ExtensionService#_doActivateExtension ms-mssql.data-workspace-vscode, startup: true, activationEvent: '*'
[2022-07-17 23:48:47.807] [exthost] [info] ExtensionService#_doActivateExtension ms-vsliveshare.vsliveshare, startup: true, activationEvent: '*'
[2022-07-17 23:48:47.913] [exthost] [info] ExtensionService#_doActivateExtension mtxr.sqltools, startup: true, activationEvent: '*'
[2022-07-17 23:48:47.929] [exthost] [info] ExtensionService#_doActivateExtension sainnhe.gruvbox-material, startup: true, activationEvent: '*'
[2022-07-17 23:48:47.933] [exthost] [info] ExtensionService#_doActivateExtension wheredoesyourmindgo.gruvbox-concoctis, startup: true, activationEvent: '*'
[2022-07-17 23:48:47.939] [exthost] [info] ExtensionService#_doActivateExtension xyz.local-history, startup: true, activationEvent: '*'
[2022-07-17 23:48:48.046] [exthost] [info] ExtensionService#_doActivateExtension ms-mssql.mssql, startup: false, activationEvent: 'api', root cause: ms-mssql.data-workspace-vscode
[2022-07-17 23:48:48.179] [exthost] [info] ExtensionService#_doActivateExtension vscode.git, startup: true, activationEvent: '*'
[2022-07-17 23:48:48.188] [exthost] [info] ExtensionService#_doActivateExtension vscode.github, startup: true, activationEvent: '*'
[2022-07-17 23:48:48.853] [exthost] [info] ExtensionService#_doActivateExtension vscode.github-authentication, startup: false, activationEvent: 'onAuthenticationRequest:github'
[2022-07-17 23:48:49.536] [exthost] [info] ExtensionService#_doActivateExtension ms-mssql.sql-database-projects-vscode, startup: false, activationEvent: 'api', root cause: ms-mssql.data-workspace-vscode
[2022-07-17 23:48:50.283] [exthost] [error] Activating extension ms-vsliveshare.vsliveshare failed due to an error:
[2022-07-17 23:48:50.283] [exthost] [error] Error: Agent terminated with exit code: 0 and signal null: Process terminated. Couldn't find a valid ICU package installed on the system. Set the configuration flag System.Globalization.Invariant to true if you want to run with no globalization support.
   at System.Environment.FailFast(System.String)
   at System.Globalization.GlobalizationMode.GetGlobalizationInvariantMode()
   at System.Globalization.GlobalizationMode..cctor()
   at System.Globalization.CultureData.CreateCultureWithInvariantData()
   at System.Globalization.CultureData.get_Invariant()at System.Globalization.CultureInfo..cctor()
   at System.String.ToLowerInvariant()
   at System.Text.EncodingHelper.GetCharset()
   at System.Text.EncodingHelper.GetEncodingFromCharset()
   at System.ConsolePal.GetConsoleEncoding()
   at System.Console+<>c.<get_OutputEncoding>b__19_0()
   at System.Threading.LazyInitializer.EnsureInitializedCore[[System.__Canon, System.Private.CoreLib, Version=4.0.0.0, Culture=neutral, PublicKeyToken=7cec85d7bea7798e]](System.__Canon ByRef, System.Object ByRef, System.Func`1<System.__Canon>)
   at System.Threading.LazyInitializer.EnsureInitialized[[System.__Canon, System.Private.CoreLib, Version=4.0.0.0, Culture=neutral, PublicKeyToken=7cec85d7bea7798e]](System.__Canon ByRef, System.Object ByRef, System.Func`1<System.__Canon>)
   at System.Console.get_OutputEncoding()
   at System.Console.CreateOutputWriter(System.IO.Stream)
   at System.Console+<>c.<get_Out>b__26_0()
   at System.Threading.LazyInitializer.EnsureInitializedCore[[System.__Canon, System.Private.CoreLib, Version=4.0.0.0, Culture=neutral, PublicKeyToken=7cec85d7bea7798e]](System.__Canon ByRef, System.Object ByRef, System.Func`1<System.__Canon>)
   at System.Threading.LazyInitializer.EnsureInitialized[[System.__Canon, System.Private.CoreLib, Version=4.0.0.0, Culture=neutral, PublicKeyToken=7cec85d7bea7798e]](System.__Canon ByRef, System.Object ByRef, System.Func`1<System.__Canon>)
   at System.Console.get_Out()
   at Microsoft.Extensions.CommandLineUtils.CommandLineApplication..ctor(Boolean)
   at Microsoft.Cascade.Agent.Program..ctor()
   at Microsoft.Cascade.Agent.Program.Main(System.String[])
    at ChildProcess.<anonymous> (/home/bot/.vscode/extensions/ms-vsliveshare.vsliveshare-1.0.5641/src/abstractions/node/agent.ts:303:32)
    at ChildProcess.emit (node:events:402:35)
    at ChildProcess.emit (node:domain:475:12)
    at maybeClose (node:internal/child_process:1064:16)
    at Socket.<anonymous> (node:internal/child_process:450:11)
    at Socket.emit (node:events:390:28)
    at Socket.emit (node:domain:475:12)
    at Pipe.<anonymous> (node:net:687:12)
[2022-07-17 23:48:50.283] [exthost] [info] Eager extensions activated
[2022-07-17 23:48:50.289] [exthost] [info] ExtensionService#_doActivateExtension vscode.emmet, startup: false, activationEvent: 'onStartupFinished'
[2022-07-17 23:48:50.293] [exthost] [info] ExtensionService#_doActivateExtension vscode.merge-conflict, startup: false, activationEvent: 'onStartupFinished'
[2022-07-17 23:48:50.294] [exthost] [info] ExtensionService#_doActivateExtension aaron-bond.better-comments, startup: false, activationEvent: 'onStartupFinished'
[2022-07-17 23:48:50.296] [exthost] [info] ExtensionService#_doActivateExtension eamodio.gitlens, startup: false, activationEvent: 'onStartupFinished'
[2022-07-17 23:48:50.322] [exthost] [info] ExtensionService#_doActivateExtension Equinusocio.vsc-material-theme, startup: false, activationEvent: 'onStartupFinished'
[2022-07-17 23:48:50.325] [exthost] [info] ExtensionService#_doActivateExtension esbenp.prettier-vscode, startup: false, activationEvent: 'onStartupFinished'
[2022-07-17 23:48:50.371] [exthost] [info] ExtensionService#_doActivateExtension ms-vscode-remote.remote-containers, startup: false, activationEvent: 'onStartupFinished'
[2022-07-17 23:48:50.392] [exthost] [info] ExtensionService#_doActivateExtension PKief.material-icon-theme, startup: false, activationEvent: 'onStartupFinished'
[2022-07-17 23:48:50.399] [exthost] [info] ExtensionService#_doActivateExtension usernamehw.errorlens, startup: false, activationEvent: 'onStartupFinished'
[2022-07-17 23:48:50.401] [exthost] [info] ExtensionService#_doActivateExtension zhuangtongfa.material-theme, startup: false, activationEvent: 'onStartupFinished'
[2022-07-17 23:49:21.310] [exthost] [info] ExtensionService#_doActivateExtension KevinRose.vsc-python-indent, startup: false, activationEvent: 'onLanguage:python'
[2022-07-17 23:49:21.311] [exthost] [info] ExtensionService#_doActivateExtension ms-python.python, startup: false, activationEvent: 'onLanguage:python', root cause: ms-python.pylint
[2022-07-17 23:49:21.479] [exthost] [info] ExtensionService#_doActivateExtension ms-toolsai.jupyter, startup: false, activationEvent: 'onLanguage:python'
[2022-07-17 23:49:21.648] [exthost] [info] ExtensionService#_doActivateExtension njpwerner.autodocstring, startup: false, activationEvent: 'onLanguage:python'
[2022-07-17 23:49:21.653] [exthost] [info] ExtensionService#_doActivateExtension VisualStudioExptTeam.vscodeintellicode, startup: false, activationEvent: 'onLanguage:python'
[2022-07-17 23:49:22.138] [exthost] [info] ExtensionService#_doActivateExtension ms-toolsai.jupyter-renderers, startup: false, activationEvent: 'api', root cause: ms-toolsai.jupyter
[2022-07-17 23:49:22.174] [exthost] [info] ExtensionService#_doActivateExtension ms-python.pylint, startup: false, activationEvent: 'onLanguage:python'
[2022-07-17 23:49:22.179] [exthost] [info] ExtensionService#_doActivateExtension ms-python.vscode-pylance, startup: false, activationEvent: 'onLanguage:python'
[2022-07-17 23:56:50.316] [exthost] [warning] ms-python.python - Code actions of kind 'quickfix 'requested but returned code action is of kind 'refactor.extract'. Code action will be dropped. Please check 'CodeActionContext.only' to only return requested code actions.
[2022-07-17 23:56:56.128] [exthost] [warning] ms-python.python - Code actions of kind 'quickfix 'requested but returned code action is of kind 'refactor.extract'. Code action will be dropped. Please check 'CodeActionContext.only' to only return requested code actions.
[2022-07-17 23:56:57.081] [exthost] [warning] ms-python.python - Code actions of kind 'quickfix 'requested but returned code action is of kind 'refactor.extract'. Code action will be dropped. Please check 'CodeActionContext.only' to only return requested code actions.
[2022-07-17 23:57:49.004] [exthost] [warning] TextEditor is closed/disposed
[2022-07-18 01:33:56.693] [exthost] [info] Extension host terminating: received terminate message from renderer
[2022-07-18 01:33:56.749] [exthost] [info] Extension host with pid 335353 exiting with code 0
