["INFO" - 11:48:50 PM] Extension Name: esbenp.prettier-vscode.
["INFO" - 11:48:50 PM] Extension Version: 9.5.0.
["INFO" - 11:49:12 PM] Formatting vscode-userdata:/home/bot/.config/Code/User/settings.json
["INFO" - 11:49:12 PM] File Info:
{
  "ignored": false,
  "inferredParser": "json"
}
["INFO" - 11:49:12 PM] No local configuration (i.e. .prettierrc or .editorconfig) detected, falling back to VS Code configuration
["INFO" - 11:49:12 PM] Prettier Options:
{
  "arrowParens": "always",
  "bracketSpacing": true,
  "endOfLine": "lf",
  "htmlWhitespaceSensitivity": "css",
  "insertPragma": false,
  "jsxBracketSameLine": false,
  "jsxSingleQuote": false,
  "printWidth": 80,
  "proseWrap": "preserve",
  "quoteProps": "as-needed",
  "requirePragma": false,
  "semi": true,
  "singleQuote": false,
  "tabWidth": 2,
  "trailingComma": "es5",
  "useTabs": false,
  "vueIndentScriptAndStyle": false,
  "filepath": "/home/bot/.config/Code/User/settings.json",
  "parser": "json"
}
["INFO" - 11:49:12 PM] Formatting completed in 0.03ms.
["INFO" - 11:51:45 PM] Formatting vscode-userdata:/home/bot/.config/Code/User/settings.json
["INFO" - 11:51:45 PM] File Info:
{
  "ignored": false,
  "inferredParser": "json"
}
["INFO" - 11:51:45 PM] No local configuration (i.e. .prettierrc or .editorconfig) detected, falling back to VS Code configuration
["INFO" - 11:51:45 PM] Prettier Options:
{
  "arrowParens": "always",
  "bracketSpacing": true,
  "endOfLine": "lf",
  "htmlWhitespaceSensitivity": "css",
  "insertPragma": false,
  "jsxBracketSameLine": false,
  "jsxSingleQuote": false,
  "printWidth": 80,
  "proseWrap": "preserve",
  "quoteProps": "as-needed",
  "requirePragma": false,
  "semi": true,
  "singleQuote": false,
  "tabWidth": 2,
  "trailingComma": "es5",
  "useTabs": false,
  "vueIndentScriptAndStyle": false,
  "filepath": "/home/bot/.config/Code/User/settings.json",
  "parser": "json"
}
["INFO" - 11:51:45 PM] Formatting completed in 0.016ms.
["INFO" - 11:52:15 PM] Formatting vscode-userdata:/home/bot/.config/Code/User/settings.json
["INFO" - 11:52:15 PM] File Info:
{
  "ignored": false,
  "inferredParser": "json"
}
["INFO" - 11:52:15 PM] No local configuration (i.e. .prettierrc or .editorconfig) detected, falling back to VS Code configuration
["INFO" - 11:52:15 PM] Prettier Options:
{
  "arrowParens": "always",
  "bracketSpacing": true,
  "endOfLine": "lf",
  "htmlWhitespaceSensitivity": "css",
  "insertPragma": false,
  "jsxBracketSameLine": false,
  "jsxSingleQuote": false,
  "printWidth": 80,
  "proseWrap": "preserve",
  "quoteProps": "as-needed",
  "requirePragma": false,
  "semi": true,
  "singleQuote": false,
  "tabWidth": 2,
  "trailingComma": "es5",
  "useTabs": false,
  "vueIndentScriptAndStyle": false,
  "filepath": "/home/bot/.config/Code/User/settings.json",
  "parser": "json"
}
["INFO" - 11:52:15 PM] Formatting completed in 0.017ms.
["INFO" - 11:52:27 PM] Formatting vscode-userdata:/home/bot/.config/Code/User/settings.json
["INFO" - 11:52:27 PM] File Info:
{
  "ignored": false,
  "inferredParser": "json"
}
["INFO" - 11:52:27 PM] No local configuration (i.e. .prettierrc or .editorconfig) detected, falling back to VS Code configuration
["INFO" - 11:52:27 PM] Prettier Options:
{
  "arrowParens": "always",
  "bracketSpacing": true,
  "endOfLine": "lf",
  "htmlWhitespaceSensitivity": "css",
  "insertPragma": false,
  "jsxBracketSameLine": false,
  "jsxSingleQuote": false,
  "printWidth": 80,
  "proseWrap": "preserve",
  "quoteProps": "as-needed",
  "requirePragma": false,
  "semi": true,
  "singleQuote": false,
  "tabWidth": 2,
  "trailingComma": "es5",
  "useTabs": false,
  "vueIndentScriptAndStyle": false,
  "filepath": "/home/bot/.config/Code/User/settings.json",
  "parser": "json"
}
["INFO" - 11:52:27 PM] Formatting completed in 0.012ms.
["INFO" - 11:52:40 PM] Formatting vscode-userdata:/home/bot/.config/Code/User/settings.json
["INFO" - 11:52:40 PM] File Info:
{
  "ignored": false,
  "inferredParser": "json"
}
["INFO" - 11:52:40 PM] No local configuration (i.e. .prettierrc or .editorconfig) detected, falling back to VS Code configuration
["INFO" - 11:52:40 PM] Prettier Options:
{
  "arrowParens": "always",
  "bracketSpacing": true,
  "endOfLine": "lf",
  "htmlWhitespaceSensitivity": "css",
  "insertPragma": false,
  "jsxBracketSameLine": false,
  "jsxSingleQuote": false,
  "printWidth": 80,
  "proseWrap": "preserve",
  "quoteProps": "as-needed",
  "requirePragma": false,
  "semi": true,
  "singleQuote": false,
  "tabWidth": 2,
  "trailingComma": "es5",
  "useTabs": false,
  "vueIndentScriptAndStyle": false,
  "filepath": "/home/bot/.config/Code/User/settings.json",
  "parser": "json"
}
["INFO" - 11:52:40 PM] Formatting completed in 0.009ms.
["INFO" - 11:53:00 PM] Formatting vscode-userdata:/home/bot/.config/Code/User/settings.json
["INFO" - 11:53:00 PM] File Info:
{
  "ignored": false,
  "inferredParser": "json"
}
["INFO" - 11:53:00 PM] No local configuration (i.e. .prettierrc or .editorconfig) detected, falling back to VS Code configuration
["INFO" - 11:53:00 PM] Prettier Options:
{
  "arrowParens": "always",
  "bracketSpacing": true,
  "endOfLine": "lf",
  "htmlWhitespaceSensitivity": "css",
  "insertPragma": false,
  "jsxBracketSameLine": false,
  "jsxSingleQuote": false,
  "printWidth": 80,
  "proseWrap": "preserve",
  "quoteProps": "as-needed",
  "requirePragma": false,
  "semi": true,
  "singleQuote": false,
  "tabWidth": 2,
  "trailingComma": "es5",
  "useTabs": false,
  "vueIndentScriptAndStyle": false,
  "filepath": "/home/bot/.config/Code/User/settings.json",
  "parser": "json"
}
["INFO" - 11:53:00 PM] Formatting completed in 0.019ms.
["INFO" - 11:54:00 PM] Formatting vscode-userdata:/home/bot/.config/Code/User/settings.json
["INFO" - 11:54:00 PM] File Info:
{
  "ignored": false,
  "inferredParser": "json"
}
["INFO" - 11:54:00 PM] No local configuration (i.e. .prettierrc or .editorconfig) detected, falling back to VS Code configuration
["INFO" - 11:54:00 PM] Prettier Options:
{
  "arrowParens": "always",
  "bracketSpacing": true,
  "endOfLine": "lf",
  "htmlWhitespaceSensitivity": "css",
  "insertPragma": false,
  "jsxBracketSameLine": false,
  "jsxSingleQuote": false,
  "printWidth": 80,
  "proseWrap": "preserve",
  "quoteProps": "as-needed",
  "requirePragma": false,
  "semi": true,
  "singleQuote": false,
  "tabWidth": 2,
  "trailingComma": "es5",
  "useTabs": false,
  "vueIndentScriptAndStyle": false,
  "filepath": "/home/bot/.config/Code/User/settings.json",
  "parser": "json"
}
["INFO" - 11:54:00 PM] Formatting completed in 0.007ms.
["INFO" - 11:54:24 PM] Formatting vscode-userdata:/home/bot/.config/Code/User/settings.json
["INFO" - 11:54:24 PM] File Info:
{
  "ignored": false,
  "inferredParser": "json"
}
["INFO" - 11:54:24 PM] No local configuration (i.e. .prettierrc or .editorconfig) detected, falling back to VS Code configuration
["INFO" - 11:54:24 PM] Prettier Options:
{
  "arrowParens": "always",
  "bracketSpacing": true,
  "endOfLine": "lf",
  "htmlWhitespaceSensitivity": "css",
  "insertPragma": false,
  "jsxBracketSameLine": false,
  "jsxSingleQuote": false,
  "printWidth": 80,
  "proseWrap": "preserve",
  "quoteProps": "as-needed",
  "requirePragma": false,
  "semi": true,
  "singleQuote": false,
  "tabWidth": 2,
  "trailingComma": "es5",
  "useTabs": false,
  "vueIndentScriptAndStyle": false,
  "filepath": "/home/bot/.config/Code/User/settings.json",
  "parser": "json"
}
["INFO" - 11:54:24 PM] Formatting completed in 0.008ms.
["INFO" - 11:55:04 PM] Formatting vscode-userdata:/home/bot/.config/Code/User/settings.json
["INFO" - 11:55:04 PM] File Info:
{
  "ignored": false,
  "inferredParser": "json"
}
["INFO" - 11:55:04 PM] No local configuration (i.e. .prettierrc or .editorconfig) detected, falling back to VS Code configuration
["INFO" - 11:55:04 PM] Prettier Options:
{
  "arrowParens": "always",
  "bracketSpacing": true,
  "endOfLine": "lf",
  "htmlWhitespaceSensitivity": "css",
  "insertPragma": false,
  "jsxBracketSameLine": false,
  "jsxSingleQuote": false,
  "printWidth": 80,
  "proseWrap": "preserve",
  "quoteProps": "as-needed",
  "requirePragma": false,
  "semi": true,
  "singleQuote": false,
  "tabWidth": 2,
  "trailingComma": "es5",
  "useTabs": false,
  "vueIndentScriptAndStyle": false,
  "filepath": "/home/bot/.config/Code/User/settings.json",
  "parser": "json"
}
["INFO" - 11:55:04 PM] Formatting completed in 0.007ms.
["INFO" - 11:56:21 PM] Formatting vscode-userdata:/home/bot/.config/Code/User/settings.json
["INFO" - 11:56:21 PM] File Info:
{
  "ignored": false,
  "inferredParser": "json"
}
["INFO" - 11:56:21 PM] No local configuration (i.e. .prettierrc or .editorconfig) detected, falling back to VS Code configuration
["INFO" - 11:56:21 PM] Prettier Options:
{
  "arrowParens": "always",
  "bracketSpacing": true,
  "endOfLine": "lf",
  "htmlWhitespaceSensitivity": "css",
  "insertPragma": false,
  "jsxBracketSameLine": false,
  "jsxSingleQuote": false,
  "printWidth": 80,
  "proseWrap": "preserve",
  "quoteProps": "as-needed",
  "requirePragma": false,
  "semi": true,
  "singleQuote": false,
  "tabWidth": 2,
  "trailingComma": "es5",
  "useTabs": false,
  "vueIndentScriptAndStyle": false,
  "filepath": "/home/bot/.config/Code/User/settings.json",
  "parser": "json"
}
["INFO" - 11:56:21 PM] Formatting completed in 0.008ms.
["INFO" - 11:56:22 PM] Formatting vscode-userdata:/home/bot/.config/Code/User/settings.json
["INFO" - 11:56:22 PM] File Info:
{
  "ignored": false,
  "inferredParser": "json"
}
["INFO" - 11:56:22 PM] No local configuration (i.e. .prettierrc or .editorconfig) detected, falling back to VS Code configuration
["INFO" - 11:56:22 PM] Prettier Options:
{
  "arrowParens": "always",
  "bracketSpacing": true,
  "endOfLine": "lf",
  "htmlWhitespaceSensitivity": "css",
  "insertPragma": false,
  "jsxBracketSameLine": false,
  "jsxSingleQuote": false,
  "printWidth": 80,
  "proseWrap": "preserve",
  "quoteProps": "as-needed",
  "requirePragma": false,
  "semi": true,
  "singleQuote": false,
  "tabWidth": 2,
  "trailingComma": "es5",
  "useTabs": false,
  "vueIndentScriptAndStyle": false,
  "filepath": "/home/bot/.config/Code/User/settings.json",
  "parser": "json"
}
["INFO" - 11:56:22 PM] Formatting completed in 0.006ms.
["INFO" - 11:56:36 PM] Formatting vscode-userdata:/home/bot/.config/Code/User/settings.json
["INFO" - 11:56:36 PM] File Info:
{
  "ignored": false,
  "inferredParser": "json"
}
["INFO" - 11:56:36 PM] No local configuration (i.e. .prettierrc or .editorconfig) detected, falling back to VS Code configuration
["INFO" - 11:56:36 PM] Prettier Options:
{
  "arrowParens": "always",
  "bracketSpacing": true,
  "endOfLine": "lf",
  "htmlWhitespaceSensitivity": "css",
  "insertPragma": false,
  "jsxBracketSameLine": false,
  "jsxSingleQuote": false,
  "printWidth": 80,
  "proseWrap": "preserve",
  "quoteProps": "as-needed",
  "requirePragma": false,
  "semi": true,
  "singleQuote": false,
  "tabWidth": 2,
  "trailingComma": "es5",
  "useTabs": false,
  "vueIndentScriptAndStyle": false,
  "filepath": "/home/bot/.config/Code/User/settings.json",
  "parser": "json"
}
["INFO" - 11:56:36 PM] Formatting completed in 0.007ms.
["INFO" - 11:59:09 PM] Formatting vscode-userdata:/home/bot/.config/Code/User/settings.json
["INFO" - 11:59:09 PM] File Info:
{
  "ignored": false,
  "inferredParser": "json"
}
["INFO" - 11:59:09 PM] No local configuration (i.e. .prettierrc or .editorconfig) detected, falling back to VS Code configuration
["INFO" - 11:59:09 PM] Prettier Options:
{
  "arrowParens": "always",
  "bracketSpacing": true,
  "endOfLine": "lf",
  "htmlWhitespaceSensitivity": "css",
  "insertPragma": false,
  "jsxBracketSameLine": false,
  "jsxSingleQuote": false,
  "printWidth": 80,
  "proseWrap": "preserve",
  "quoteProps": "as-needed",
  "requirePragma": false,
  "semi": true,
  "singleQuote": false,
  "tabWidth": 2,
  "trailingComma": "es5",
  "useTabs": false,
  "vueIndentScriptAndStyle": false,
  "filepath": "/home/bot/.config/Code/User/settings.json",
  "parser": "json"
}
["INFO" - 11:59:09 PM] Formatting completed in 0.006ms.
["INFO" - 12:01:00 AM] Formatting vscode-userdata:/home/bot/.config/Code/User/settings.json
["INFO" - 12:01:00 AM] File Info:
{
  "ignored": false,
  "inferredParser": "json"
}
["INFO" - 12:01:00 AM] No local configuration (i.e. .prettierrc or .editorconfig) detected, falling back to VS Code configuration
["INFO" - 12:01:00 AM] Prettier Options:
{
  "arrowParens": "always",
  "bracketSpacing": true,
  "endOfLine": "lf",
  "htmlWhitespaceSensitivity": "css",
  "insertPragma": false,
  "jsxBracketSameLine": false,
  "jsxSingleQuote": false,
  "printWidth": 80,
  "proseWrap": "preserve",
  "quoteProps": "as-needed",
  "requirePragma": false,
  "semi": true,
  "singleQuote": false,
  "tabWidth": 2,
  "trailingComma": "es5",
  "useTabs": false,
  "vueIndentScriptAndStyle": false,
  "filepath": "/home/bot/.config/Code/User/settings.json",
  "parser": "json"
}
["INFO" - 12:01:00 AM] Formatting completed in 0.022ms.
