Linter Name: Pylint
Linter Module: pylint
CWD Linter Server: /home/bot/AAMeineSachen/FL3XX/BRIGHT-reporting
sys.path used to run Linter:
   /home/bot/.vscode/extensions/ms-python.pylint-2022.2.0/bundled/linter
   /home/bot/anaconda3/envs/bright/lib/python310.zip
   /home/bot/anaconda3/envs/bright/lib/python3.10
   /home/bot/anaconda3/envs/bright/lib/python3.10/lib-dynload
   /home/bot/.local/lib/python3.10/site-packages
   /home/bot/anaconda3/envs/bright/lib/python3.10/site-packages
   /home/bot/.vscode/extensions/ms-python.pylint-2022.2.0/bundled/libs
Settings used to run Linter:
[
    {
        "workspace": "file:///home/bot/AAMeineSachen/FL3XX/BRIGHT-reporting",
        "trace": "error",
        "args": [],
        "severity": {
            "convention": "Information",
            "error": "Error",
            "fatal": "Error",
            "refactor": "Hint",
            "warning": "Warning",
            "info": "Information"
        },
        "path": [],
        "interpreter": [
            "/home/bot/anaconda3/envs/bright/bin/python"
        ]
    }
]

pylint --reports=n --output-format=json --from-stdin /home/bot/AAMeineSachen/FL3XX/BRIGHT-reporting/app/etl/ps_etl.py
CWD Linter: /home/bot/AAMeineSachen/FL3XX/BRIGHT-reporting
file:///home/bot/AAMeineSachen/FL3XX/BRIGHT-reporting/app/etl/ps_etl.py :
[]

pylint --reports=n --output-format=json --from-stdin /home/bot/AAMeineSachen/FL3XX/BRIGHT-reporting/app/etl/read_config.py
CWD Linter: /home/bot/AAMeineSachen/FL3XX/BRIGHT-reporting
file:///home/bot/AAMeineSachen/FL3XX/BRIGHT-reporting/app/etl/read_config.py :
[]

pylint --reports=n --output-format=json --from-stdin /home/bot/AAMeineSachen/FL3XX/BRIGHT-reporting/app/etl/read_config.py
CWD Linter: /home/bot/AAMeineSachen/FL3XX/BRIGHT-reporting
file:///home/bot/AAMeineSachen/FL3XX/BRIGHT-reporting/app/etl/read_config.py :
[
    {
        "type": "warning",
        "module": "read_config",
        "obj": "",
        "line": 12,
        "column": 0,
        "endLine": 12,
        "endColumn": 2,
        "path": "app/etl/read_config.py",
        "symbol": "pointless-statement",
        "message": "Statement seems to have no effect",
        "message-id": "W0104"
    },
    {
        "type": "error",
        "module": "read_config",
        "obj": "",
        "line": 12,
        "column": 0,
        "endLine": 12,
        "endColumn": 2,
        "path": "app/etl/read_config.py",
        "symbol": "undefined-variable",
        "message": "Undefined variable 'sf'",
        "message-id": "E0602"
    }
]

pylint --reports=n --output-format=json --from-stdin /home/bot/AAMeineSachen/FL3XX/BRIGHT-reporting/app/etl/read_config.py
CWD Linter: /home/bot/AAMeineSachen/FL3XX/BRIGHT-reporting
file:///home/bot/AAMeineSachen/FL3XX/BRIGHT-reporting/app/etl/read_config.py :
[
    {
        "type": "error",
        "module": "read_config",
        "obj": "",
        "line": 12,
        "column": 6,
        "endLine": null,
        "endColumn": null,
        "path": "app/etl/read_config.py",
        "symbol": "syntax-error",
        "message": "invalid syntax (<unknown>, line 12)",
        "message-id": "E0001"
    }
]

pylint --reports=n --output-format=json --from-stdin /home/bot/AAMeineSachen/FL3XX/BRIGHT-reporting/app/etl/read_config.py
CWD Linter: /home/bot/AAMeineSachen/FL3XX/BRIGHT-reporting
file:///home/bot/AAMeineSachen/FL3XX/BRIGHT-reporting/app/etl/read_config.py :
[
    {
        "type": "convention",
        "module": "read_config",
        "obj": "",
        "line": 12,
        "column": 0,
        "endLine": 12,
        "endColumn": 2,
        "path": "app/etl/read_config.py",
        "symbol": "invalid-name",
        "message": "Constant name \"sf\" doesn't conform to UPPER_CASE naming style",
        "message-id": "C0103"
    }
]

pylint --reports=n --output-format=json --from-stdin /home/bot/AAMeineSachen/FL3XX/BRIGHT-reporting/app/etl/read_config.py
CWD Linter: /home/bot/AAMeineSachen/FL3XX/BRIGHT-reporting
file:///home/bot/AAMeineSachen/FL3XX/BRIGHT-reporting/app/etl/read_config.py :
[]

pylint --reports=n --output-format=json --from-stdin /home/bot/AAMeineSachen/FL3XX/BRIGHT-reporting/app/etl/read_config.py
CWD Linter: /home/bot/AAMeineSachen/FL3XX/BRIGHT-reporting
file:///home/bot/AAMeineSachen/FL3XX/BRIGHT-reporting/app/etl/read_config.py :
[]

pylint --reports=n --output-format=json --from-stdin /home/bot/AAMeineSachen/FL3XX/BRIGHT-reporting/app/etl/helpers.py
CWD Linter: /home/bot/AAMeineSachen/FL3XX/BRIGHT-reporting
file:///home/bot/AAMeineSachen/FL3XX/BRIGHT-reporting/app/etl/helpers.py :
[]

pylint --reports=n --output-format=json --from-stdin /home/bot/AAMeineSachen/FL3XX/BRIGHT-reporting/app/etl/helpers.py
CWD Linter: /home/bot/AAMeineSachen/FL3XX/BRIGHT-reporting
file:///home/bot/AAMeineSachen/FL3XX/BRIGHT-reporting/app/etl/helpers.py :
[
    {
        "type": "convention",
        "module": "helpers",
        "obj": "",
        "line": 47,
        "column": 0,
        "endLine": null,
        "endColumn": null,
        "path": "app/etl/helpers.py",
        "symbol": "trailing-whitespace",
        "message": "Trailing whitespace",
        "message-id": "C0303"
    }
]

pylint --reports=n --output-format=json --from-stdin /home/bot/AAMeineSachen/FL3XX/BRIGHT-reporting/app/etl/helpers.py
CWD Linter: /home/bot/AAMeineSachen/FL3XX/BRIGHT-reporting
file:///home/bot/AAMeineSachen/FL3XX/BRIGHT-reporting/app/etl/helpers.py :
[
    {
        "type": "warning",
        "module": "helpers",
        "obj": "pause_instance",
        "line": 47,
        "column": 8,
        "endLine": 47,
        "endColumn": 10,
        "path": "app/etl/helpers.py",
        "symbol": "pointless-statement",
        "message": "Statement seems to have no effect",
        "message-id": "W0104"
    },
    {
        "type": "error",
        "module": "helpers",
        "obj": "pause_instance",
        "line": 47,
        "column": 8,
        "endLine": 47,
        "endColumn": 10,
        "path": "app/etl/helpers.py",
        "symbol": "undefined-variable",
        "message": "Undefined variable 'MY'",
        "message-id": "E0602"
    }
]

pylint --reports=n --output-format=json --from-stdin /home/bot/AAMeineSachen/FL3XX/BRIGHT-reporting/app/etl/helpers.py
CWD Linter: /home/bot/AAMeineSachen/FL3XX/BRIGHT-reporting
file:///home/bot/AAMeineSachen/FL3XX/BRIGHT-reporting/app/etl/helpers.py :
[
    {
        "type": "convention",
        "module": "helpers",
        "obj": "pause_instance",
        "line": 47,
        "column": 8,
        "endLine": 47,
        "endColumn": 15,
        "path": "app/etl/helpers.py",
        "symbol": "invalid-name",
        "message": "Variable name \"MY_DICK\" doesn't conform to snake_case naming style",
        "message-id": "C0103"
    },
    {
        "type": "warning",
        "module": "helpers",
        "obj": "pause_instance",
        "line": 47,
        "column": 8,
        "endLine": 47,
        "endColumn": 15,
        "path": "app/etl/helpers.py",
        "symbol": "unused-variable",
        "message": "Unused variable 'MY_DICK'",
        "message-id": "W0612"
    }
]

pylint --reports=n --output-format=json --from-stdin /home/bot/AAMeineSachen/FL3XX/BRIGHT-reporting/app/etl/helpers.py
CWD Linter: /home/bot/AAMeineSachen/FL3XX/BRIGHT-reporting
file:///home/bot/AAMeineSachen/FL3XX/BRIGHT-reporting/app/etl/helpers.py :
[
    {
        "type": "convention",
        "module": "helpers",
        "obj": "pause_instance",
        "line": 47,
        "column": 8,
        "endLine": 47,
        "endColumn": 15,
        "path": "app/etl/helpers.py",
        "symbol": "invalid-name",
        "message": "Variable name \"MY_DICK\" doesn't conform to snake_case naming style",
        "message-id": "C0103"
    },
    {
        "type": "warning",
        "module": "helpers",
        "obj": "pause_instance",
        "line": 47,
        "column": 8,
        "endLine": 47,
        "endColumn": 15,
        "path": "app/etl/helpers.py",
        "symbol": "unused-variable",
        "message": "Unused variable 'MY_DICK'",
        "message-id": "W0612"
    }
]

pylint --reports=n --output-format=json --from-stdin /home/bot/AAMeineSachen/FL3XX/BRIGHT-reporting/app/etl/helpers.py
CWD Linter: /home/bot/AAMeineSachen/FL3XX/BRIGHT-reporting
file:///home/bot/AAMeineSachen/FL3XX/BRIGHT-reporting/app/etl/helpers.py :
[
    {
        "type": "warning",
        "module": "helpers",
        "obj": "pause_instance",
        "line": 47,
        "column": 8,
        "endLine": 47,
        "endColumn": 14,
        "path": "app/etl/helpers.py",
        "symbol": "unused-variable",
        "message": "Unused variable 'my_dck'",
        "message-id": "W0612"
    }
]

pylint --reports=n --output-format=json --from-stdin /home/bot/AAMeineSachen/FL3XX/BRIGHT-reporting/app/etl/helpers.py
CWD Linter: /home/bot/AAMeineSachen/FL3XX/BRIGHT-reporting
file:///home/bot/AAMeineSachen/FL3XX/BRIGHT-reporting/app/etl/helpers.py :
[
    {
        "type": "error",
        "module": "helpers",
        "obj": "",
        "line": 80,
        "column": 15,
        "endLine": null,
        "endColumn": null,
        "path": "app/etl/helpers.py",
        "symbol": "syntax-error",
        "message": "invalid syntax (<unknown>, line 80)",
        "message-id": "E0001"
    }
]

pylint --reports=n --output-format=json --from-stdin /home/bot/AAMeineSachen/FL3XX/BRIGHT-reporting/app/etl/helpers.py
CWD Linter: /home/bot/AAMeineSachen/FL3XX/BRIGHT-reporting
file:///home/bot/AAMeineSachen/FL3XX/BRIGHT-reporting/app/etl/helpers.py :
[
    {
        "type": "error",
        "module": "helpers",
        "obj": "",
        "line": 80,
        "column": 15,
        "endLine": null,
        "endColumn": null,
        "path": "app/etl/helpers.py",
        "symbol": "syntax-error",
        "message": "invalid syntax (<unknown>, line 80)",
        "message-id": "E0001"
    }
]

pylint --reports=n --output-format=json --from-stdin /home/bot/AAMeineSachen/FL3XX/BRIGHT-reporting/app/etl/helpers.py
CWD Linter: /home/bot/AAMeineSachen/FL3XX/BRIGHT-reporting
file:///home/bot/AAMeineSachen/FL3XX/BRIGHT-reporting/app/etl/helpers.py :
[
    {
        "type": "convention",
        "module": "helpers",
        "obj": "",
        "line": 80,
        "column": 0,
        "endLine": null,
        "endColumn": null,
        "path": "app/etl/helpers.py",
        "symbol": "missing-final-newline",
        "message": "Final newline missing",
        "message-id": "C0304"
    },
    {
        "type": "warning",
        "module": "helpers",
        "obj": "pause_instance",
        "line": 47,
        "column": 8,
        "endLine": 47,
        "endColumn": 14,
        "path": "app/etl/helpers.py",
        "symbol": "unused-variable",
        "message": "Unused variable 'my_dck'",
        "message-id": "W0612"
    },
    {
        "type": "error",
        "module": "helpers",
        "obj": "",
        "line": 80,
        "column": 14,
        "endLine": 80,
        "endColumn": 22,
        "path": "app/etl/helpers.py",
        "symbol": "undefined-variable",
        "message": "Undefined variable 'redshift'",
        "message-id": "E0602"
    }
]

pylint --reports=n --output-format=json --from-stdin /home/bot/AAMeineSachen/FL3XX/BRIGHT-reporting/app/etl/helpers.py
CWD Linter: /home/bot/AAMeineSachen/FL3XX/BRIGHT-reporting
file:///home/bot/AAMeineSachen/FL3XX/BRIGHT-reporting/app/etl/helpers.py :
[
    {
        "type": "convention",
        "module": "helpers",
        "obj": "",
        "line": 80,
        "column": 0,
        "endLine": null,
        "endColumn": null,
        "path": "app/etl/helpers.py",
        "symbol": "missing-final-newline",
        "message": "Final newline missing",
        "message-id": "C0304"
    },
    {
        "type": "warning",
        "module": "helpers",
        "obj": "pause_instance",
        "line": 47,
        "column": 8,
        "endLine": 47,
        "endColumn": 14,
        "path": "app/etl/helpers.py",
        "symbol": "unused-variable",
        "message": "Unused variable 'my_dck'",
        "message-id": "W0612"
    },
    {
        "type": "error",
        "module": "helpers",
        "obj": "",
        "line": 80,
        "column": 14,
        "endLine": 80,
        "endColumn": 24,
        "path": "app/etl/helpers.py",
        "symbol": "undefined-variable",
        "message": "Undefined variable 'redshift_c'",
        "message-id": "E0602"
    }
]

pylint --reports=n --output-format=json --from-stdin /home/bot/AAMeineSachen/FL3XX/BRIGHT-reporting/app/etl/helpers.py
CWD Linter: /home/bot/AAMeineSachen/FL3XX/BRIGHT-reporting
file:///home/bot/AAMeineSachen/FL3XX/BRIGHT-reporting/app/etl/helpers.py :
[
    {
        "type": "convention",
        "module": "helpers",
        "obj": "",
        "line": 80,
        "column": 0,
        "endLine": null,
        "endColumn": null,
        "path": "app/etl/helpers.py",
        "symbol": "missing-final-newline",
        "message": "Final newline missing",
        "message-id": "C0304"
    },
    {
        "type": "warning",
        "module": "helpers",
        "obj": "pause_instance",
        "line": 47,
        "column": 8,
        "endLine": 47,
        "endColumn": 14,
        "path": "app/etl/helpers.py",
        "symbol": "unused-variable",
        "message": "Unused variable 'my_dck'",
        "message-id": "W0612"
    },
    {
        "type": "warning",
        "module": "helpers",
        "obj": "",
        "line": 80,
        "column": 0,
        "endLine": 80,
        "endColumn": 11,
        "path": "app/etl/helpers.py",
        "symbol": "pointless-statement",
        "message": "Statement seems to have no effect",
        "message-id": "W0104"
    },
    {
        "type": "error",
        "module": "helpers",
        "obj": "",
        "line": 80,
        "column": 0,
        "endLine": 80,
        "endColumn": 11,
        "path": "app/etl/helpers.py",
        "symbol": "undefined-variable",
        "message": "Undefined variable 'i_am_unused'",
        "message-id": "E0602"
    }
]

pylint --reports=n --output-format=json --from-stdin /home/bot/AAMeineSachen/FL3XX/BRIGHT-reporting/app/etl/helpers.py
CWD Linter: /home/bot/AAMeineSachen/FL3XX/BRIGHT-reporting
file:///home/bot/AAMeineSachen/FL3XX/BRIGHT-reporting/app/etl/helpers.py :
[
    {
        "type": "convention",
        "module": "helpers",
        "obj": "",
        "line": 80,
        "column": 0,
        "endLine": null,
        "endColumn": null,
        "path": "app/etl/helpers.py",
        "symbol": "missing-final-newline",
        "message": "Final newline missing",
        "message-id": "C0304"
    },
    {
        "type": "warning",
        "module": "helpers",
        "obj": "pause_instance",
        "line": 47,
        "column": 8,
        "endLine": 47,
        "endColumn": 14,
        "path": "app/etl/helpers.py",
        "symbol": "unused-variable",
        "message": "Unused variable 'my_dck'",
        "message-id": "W0612"
    },
    {
        "type": "convention",
        "module": "helpers",
        "obj": "",
        "line": 80,
        "column": 0,
        "endLine": 80,
        "endColumn": 11,
        "path": "app/etl/helpers.py",
        "symbol": "invalid-name",
        "message": "Constant name \"i_am_unused\" doesn't conform to UPPER_CASE naming style",
        "message-id": "C0103"
    }
]

pylint --reports=n --output-format=json --from-stdin /home/bot/AAMeineSachen/FL3XX/BRIGHT-reporting/app/etl/helpers.py
CWD Linter: /home/bot/AAMeineSachen/FL3XX/BRIGHT-reporting
file:///home/bot/AAMeineSachen/FL3XX/BRIGHT-reporting/app/etl/helpers.py :
[
    {
        "type": "convention",
        "module": "helpers",
        "obj": "",
        "line": 80,
        "column": 0,
        "endLine": null,
        "endColumn": null,
        "path": "app/etl/helpers.py",
        "symbol": "missing-final-newline",
        "message": "Final newline missing",
        "message-id": "C0304"
    },
    {
        "type": "warning",
        "module": "helpers",
        "obj": "pause_instance",
        "line": 47,
        "column": 8,
        "endLine": 47,
        "endColumn": 14,
        "path": "app/etl/helpers.py",
        "symbol": "unused-variable",
        "message": "Unused variable 'my_dck'",
        "message-id": "W0612"
    },
    {
        "type": "convention",
        "module": "helpers",
        "obj": "",
        "line": 80,
        "column": 0,
        "endLine": 80,
        "endColumn": 11,
        "path": "app/etl/helpers.py",
        "symbol": "invalid-name",
        "message": "Constant name \"i_am_unused\" doesn't conform to UPPER_CASE naming style",
        "message-id": "C0103"
    }
]

pylint --reports=n --output-format=json --from-stdin /home/bot/AAMeineSachen/FL3XX/BRIGHT-reporting/app/etl/helpers.py
CWD Linter: /home/bot/AAMeineSachen/FL3XX/BRIGHT-reporting
file:///home/bot/AAMeineSachen/FL3XX/BRIGHT-reporting/app/etl/helpers.py :
[
    {
        "type": "warning",
        "module": "helpers",
        "obj": "pause_instance",
        "line": 47,
        "column": 8,
        "endLine": 47,
        "endColumn": 14,
        "path": "app/etl/helpers.py",
        "symbol": "unused-variable",
        "message": "Unused variable 'my_dck'",
        "message-id": "W0612"
    },
    {
        "type": "convention",
        "module": "helpers",
        "obj": "",
        "line": 80,
        "column": 0,
        "endLine": 80,
        "endColumn": 11,
        "path": "app/etl/helpers.py",
        "symbol": "invalid-name",
        "message": "Constant name \"i_am_unused\" doesn't conform to UPPER_CASE naming style",
        "message-id": "C0103"
    }
]

pylint --reports=n --output-format=json --from-stdin /home/bot/AAMeineSachen/FL3XX/BRIGHT-reporting/app/etl/helpers.py
CWD Linter: /home/bot/AAMeineSachen/FL3XX/BRIGHT-reporting
file:///home/bot/AAMeineSachen/FL3XX/BRIGHT-reporting/app/etl/helpers.py :
[
    {
        "type": "error",
        "module": "helpers",
        "obj": "",
        "line": 80,
        "column": 7,
        "endLine": null,
        "endColumn": null,
        "path": "app/etl/helpers.py",
        "symbol": "syntax-error",
        "message": "unindent does not match any outer indentation level (<unknown>, line 80)",
        "message-id": "E0001"
    }
]

pylint --reports=n --output-format=json --from-stdin /home/bot/AAMeineSachen/FL3XX/BRIGHT-reporting/app/etl/helpers.py
CWD Linter: /home/bot/AAMeineSachen/FL3XX/BRIGHT-reporting
file:///home/bot/AAMeineSachen/FL3XX/BRIGHT-reporting/app/etl/helpers.py :
[
    {
        "type": "error",
        "module": "helpers",
        "obj": "",
        "line": 80,
        "column": 7,
        "endLine": null,
        "endColumn": null,
        "path": "app/etl/helpers.py",
        "symbol": "syntax-error",
        "message": "unindent does not match any outer indentation level (<unknown>, line 80)",
        "message-id": "E0001"
    }
]

pylint --reports=n --output-format=json --from-stdin /home/bot/AAMeineSachen/FL3XX/BRIGHT-reporting/app/etl/helpers.py
CWD Linter: /home/bot/AAMeineSachen/FL3XX/BRIGHT-reporting
file:///home/bot/AAMeineSachen/FL3XX/BRIGHT-reporting/app/etl/helpers.py :
[
    {
        "type": "warning",
        "module": "helpers",
        "obj": "pause_instance",
        "line": 47,
        "column": 8,
        "endLine": 47,
        "endColumn": 14,
        "path": "app/etl/helpers.py",
        "symbol": "unused-variable",
        "message": "Unused variable 'my_dck'",
        "message-id": "W0612"
    }
]

pylint --reports=n --output-format=json --from-stdin /home/bot/AAMeineSachen/FL3XX/BRIGHT-reporting/app/etl/helpers.py
CWD Linter: /home/bot/AAMeineSachen/FL3XX/BRIGHT-reporting
file:///home/bot/AAMeineSachen/FL3XX/BRIGHT-reporting/app/etl/helpers.py :
[
    {
        "type": "convention",
        "module": "helpers",
        "obj": "",
        "line": 78,
        "column": 0,
        "endLine": null,
        "endColumn": null,
        "path": "app/etl/helpers.py",
        "symbol": "trailing-newlines",
        "message": "Trailing newlines",
        "message-id": "C0305"
    },
    {
        "type": "warning",
        "module": "helpers",
        "obj": "pause_instance",
        "line": 47,
        "column": 8,
        "endLine": 47,
        "endColumn": 14,
        "path": "app/etl/helpers.py",
        "symbol": "unused-variable",
        "message": "Unused variable 'my_dck'",
        "message-id": "W0612"
    }
]

pylint --reports=n --output-format=json --from-stdin /home/bot/AAMeineSachen/FL3XX/BRIGHT-reporting/app/etl/helpers.py
CWD Linter: /home/bot/AAMeineSachen/FL3XX/BRIGHT-reporting
file:///home/bot/AAMeineSachen/FL3XX/BRIGHT-reporting/app/etl/helpers.py :
[
    {
        "type": "warning",
        "module": "helpers",
        "obj": "pause_instance",
        "line": 47,
        "column": 8,
        "endLine": 47,
        "endColumn": 14,
        "path": "app/etl/helpers.py",
        "symbol": "unused-variable",
        "message": "Unused variable 'my_dck'",
        "message-id": "W0612"
    }
]

pylint --reports=n --output-format=json --from-stdin /home/bot/AAMeineSachen/FL3XX/BRIGHT-reporting/app/etl/helpers.py
CWD Linter: /home/bot/AAMeineSachen/FL3XX/BRIGHT-reporting
file:///home/bot/AAMeineSachen/FL3XX/BRIGHT-reporting/app/etl/helpers.py :
[]

pylint --reports=n --output-format=json --from-stdin /home/bot/AAMeineSachen/FL3XX/BRIGHT-reporting/app/etl/ps_etl.py
CWD Linter: /home/bot/AAMeineSachen/FL3XX/BRIGHT-reporting
file:///home/bot/AAMeineSachen/FL3XX/BRIGHT-reporting/app/etl/ps_etl.py :
[]

pylint --reports=n --output-format=json --from-stdin /home/bot/AAMeineSachen/FL3XX/BRIGHT-reporting/app/etl/ps_etl.py
CWD Linter: /home/bot/AAMeineSachen/FL3XX/BRIGHT-reporting
file:///home/bot/AAMeineSachen/FL3XX/BRIGHT-reporting/app/etl/ps_etl.py :
[]

pylint --reports=n --output-format=json --from-stdin /home/bot/AAMeineSachen/FL3XX/BRIGHT-reporting/app/etl/ps_etl.py
CWD Linter: /home/bot/AAMeineSachen/FL3XX/BRIGHT-reporting
file:///home/bot/AAMeineSachen/FL3XX/BRIGHT-reporting/app/etl/ps_etl.py :
[]

pylint --reports=n --output-format=json --from-stdin /home/bot/AAMeineSachen/FL3XX/BRIGHT-reporting/app/etl/ps_etl.py
CWD Linter: /home/bot/AAMeineSachen/FL3XX/BRIGHT-reporting
file:///home/bot/AAMeineSachen/FL3XX/BRIGHT-reporting/app/etl/ps_etl.py :
[]

pylint --reports=n --output-format=json --from-stdin /home/bot/AAMeineSachen/FL3XX/BRIGHT-reporting/app/etl/read_config.py
CWD Linter: /home/bot/AAMeineSachen/FL3XX/BRIGHT-reporting
file:///home/bot/AAMeineSachen/FL3XX/BRIGHT-reporting/app/etl/read_config.py :
[]

