[Info  - 11:49:23 PM] (336374) Pylance language server 2022.7.30 (pyright f3e85ee2) starting
[Info  - 11:49:23 PM] (336374) Server root directory: /home/bot/.vscode/extensions/ms-python.vscode-pylance-2022.7.30/dist
Notebook support: Legacy
[Info  - 11:49:23 PM] (336374) No configuration file found.
[Info  - 11:49:23 PM] (336374) No pyproject.toml file found.
[Info  - 11:49:23 PM] (336374) Setting pythonPath for service "BRIGHT-reporting": "/home/bot/anaconda3/envs/bright/bin/python"
[Warn  - 11:49:23 PM] (336374) stubPath /home/bot/AAMeineSachen/FL3XX/BRIGHT-reporting/typings is not a valid directory.
[Info  - 11:49:23 PM] (336374) Assuming Python version 3.10
[Info  - 11:49:23 PM] (336374) Assuming Python platform Linux
[Info  - 11:49:23 PM] (336374) Searching for source files
[Info  - 11:49:23 PM] (336374) Found 5 source files
[Info  - 11:49:23 PM] (336374) Background analysis(1) root directory: /home/bot/.vscode/extensions/ms-python.vscode-pylance-2022.7.30/dist
[Info  - 11:49:23 PM] (336374) Background analysis(1) started
[Info  - 11:49:23 PM] (336374) Indexer background runner(2) root directory: /home/bot/.vscode/extensions/ms-python.vscode-pylance-2022.7.30/dist (index)
[Info  - 11:49:23 PM] (336374) Indexing(2) started
[Info  - 11:49:24 PM] (336374) Indexer done(2). indexed 453 files
[Info  - 11:51:29 PM] (336374) No configuration file found.
[Info  - 11:51:29 PM] (336374) No pyproject.toml file found.
[Info  - 11:51:29 PM] (336374) Setting pythonPath for service "BRIGHT-reporting": "/home/bot/anaconda3/envs/bright/bin/python"
[Warn  - 11:51:29 PM] (336374) stubPath /home/bot/AAMeineSachen/FL3XX/BRIGHT-reporting/typings is not a valid directory.
[Info  - 11:51:29 PM] (336374) Assuming Python version 3.10
[Info  - 11:51:29 PM] (336374) Assuming Python platform Linux
[Info  - 11:51:29 PM] (336374) Searching for source files
[Info  - 11:51:29 PM] (336374) Found 5 source files
[Info  - 11:51:29 PM] (336374) Indexer background runner(3) root directory: /home/bot/.vscode/extensions/ms-python.vscode-pylance-2022.7.30/dist (index)
[Info  - 11:51:29 PM] (336374) Indexing(3) started
[Info  - 11:51:30 PM] (336374) Indexer done(3). indexed 453 files
[Info  - 11:51:31 PM] (336374) No configuration file found.
[Info  - 11:51:31 PM] (336374) No pyproject.toml file found.
[Info  - 11:51:31 PM] (336374) Setting pythonPath for service "BRIGHT-reporting": "/home/bot/anaconda3/envs/bright/bin/python"
[Warn  - 11:51:31 PM] (336374) stubPath /home/bot/AAMeineSachen/FL3XX/BRIGHT-reporting/typings is not a valid directory.
[Info  - 11:51:31 PM] (336374) Assuming Python version 3.10
[Info  - 11:51:31 PM] (336374) Assuming Python platform Linux
[Info  - 11:51:31 PM] (336374) Searching for source files
[Info  - 11:51:31 PM] (336374) Found 5 source files
[Info  - 11:51:31 PM] (336374) Indexer background runner(4) root directory: /home/bot/.vscode/extensions/ms-python.vscode-pylance-2022.7.30/dist (index)
[Info  - 11:51:31 PM] (336374) Indexing(4) started
[Info  - 11:51:32 PM] (336374) Indexer done(4). indexed 453 files
[Info  - 11:51:37 PM] (336374) No configuration file found.
[Info  - 11:51:37 PM] (336374) No pyproject.toml file found.
[Info  - 11:51:37 PM] (336374) Setting pythonPath for service "BRIGHT-reporting": "/home/bot/anaconda3/envs/bright/bin/python"
[Warn  - 11:51:37 PM] (336374) stubPath /home/bot/AAMeineSachen/FL3XX/BRIGHT-reporting/typings is not a valid directory.
[Info  - 11:51:37 PM] (336374) Assuming Python version 3.10
[Info  - 11:51:37 PM] (336374) Assuming Python platform Linux
[Info  - 11:51:37 PM] (336374) Searching for source files
[Info  - 11:51:37 PM] (336374) Found 5 source files
[Info  - 11:51:37 PM] (336374) Indexer background runner(5) root directory: /home/bot/.vscode/extensions/ms-python.vscode-pylance-2022.7.30/dist (index)
[Info  - 11:51:37 PM] (336374) Indexing(5) started
[Info  - 11:51:38 PM] (336374) Indexer done(5). indexed 453 files
[Info  - 11:51:41 PM] (336374) No configuration file found.
[Info  - 11:51:41 PM] (336374) No pyproject.toml file found.
[Info  - 11:51:41 PM] (336374) Setting pythonPath for service "BRIGHT-reporting": "/home/bot/anaconda3/envs/bright/bin/python"
[Warn  - 11:51:41 PM] (336374) stubPath /home/bot/AAMeineSachen/FL3XX/BRIGHT-reporting/typings is not a valid directory.
[Info  - 11:51:41 PM] (336374) Assuming Python version 3.10
[Info  - 11:51:41 PM] (336374) Assuming Python platform Linux
[Info  - 11:51:41 PM] (336374) Searching for source files
[Info  - 11:51:41 PM] (336374) Found 5 source files
[Info  - 11:51:42 PM] (336374) Indexer background runner(6) root directory: /home/bot/.vscode/extensions/ms-python.vscode-pylance-2022.7.30/dist (index)
[Info  - 11:51:42 PM] (336374) Indexing(6) started
[Info  - 11:51:43 PM] (336374) Indexer done(6). indexed 453 files
[Info  - 11:51:49 PM] (336374) No configuration file found.
[Info  - 11:51:49 PM] (336374) No pyproject.toml file found.
[Info  - 11:51:49 PM] (336374) Setting pythonPath for service "BRIGHT-reporting": "/home/bot/anaconda3/envs/bright/bin/python"
[Warn  - 11:51:49 PM] (336374) stubPath /home/bot/AAMeineSachen/FL3XX/BRIGHT-reporting/typings is not a valid directory.
[Info  - 11:51:49 PM] (336374) Assuming Python version 3.10
[Info  - 11:51:49 PM] (336374) Assuming Python platform Linux
[Info  - 11:51:49 PM] (336374) Searching for source files
[Info  - 11:51:49 PM] (336374) Found 5 source files
[Info  - 11:51:49 PM] (336374) Indexer background runner(7) root directory: /home/bot/.vscode/extensions/ms-python.vscode-pylance-2022.7.30/dist (index)
[Info  - 11:51:49 PM] (336374) Indexing(7) started
[Info  - 11:51:50 PM] (336374) No configuration file found.
[Info  - 11:51:50 PM] (336374) No pyproject.toml file found.
[Info  - 11:51:50 PM] (336374) Setting pythonPath for service "BRIGHT-reporting": "/home/bot/anaconda3/envs/bright/bin/python"
[Warn  - 11:51:50 PM] (336374) stubPath /home/bot/AAMeineSachen/FL3XX/BRIGHT-reporting/typings is not a valid directory.
[Info  - 11:51:50 PM] (336374) Assuming Python version 3.10
[Info  - 11:51:50 PM] (336374) Assuming Python platform Linux
[Info  - 11:51:50 PM] (336374) Searching for source files
[Info  - 11:51:50 PM] (336374) Found 5 source files
[Info  - 11:51:50 PM] (336374) Indexer done(7). indexed 453 files
Error: request cancelled
    at t.throwIfCancellationRequested (/home/bot/.vscode/extensions/ms-python.vscode-pylance-2022.7.30/dist/pyright-internal/src/common/cancellationUtils.ts:42:15)
    at MessagePort.<anonymous> (/home/bot/.vscode/extensions/ms-python.vscode-pylance-2022.7.30/dist/server.bundle.js:1:422462)
    at MessagePort.[nodejs.internal.kHybridDispatch] (node:internal/event_target:562:20)
    at MessagePort.exports.emitMessage (node:internal/per_context/messageport:23:28)
[Info  - 11:51:51 PM] Connection to server got closed. Server will restart.
[Info  - 11:51:51 PM] (338120) Pylance language server 2022.7.30 (pyright f3e85ee2) starting
[Info  - 11:51:51 PM] (338120) Server root directory: /home/bot/.vscode/extensions/ms-python.vscode-pylance-2022.7.30/dist
Notebook support: Legacy
[Info  - 11:51:51 PM] (338120) No configuration file found.
[Info  - 11:51:51 PM] (338120) No pyproject.toml file found.
[Info  - 11:51:51 PM] (338120) Setting pythonPath for service "BRIGHT-reporting": "/home/bot/anaconda3/envs/bright/bin/python"
[Warn  - 11:51:51 PM] (338120) stubPath /home/bot/AAMeineSachen/FL3XX/BRIGHT-reporting/typings is not a valid directory.
[Info  - 11:51:51 PM] (338120) Assuming Python version 3.10
[Info  - 11:51:51 PM] (338120) Assuming Python platform Linux
[Info  - 11:51:51 PM] (338120) Searching for source files
[Info  - 11:51:51 PM] (338120) Found 5 source files
[Info  - 11:51:51 PM] (338120) Background analysis(1) root directory: /home/bot/.vscode/extensions/ms-python.vscode-pylance-2022.7.30/dist
[Info  - 11:51:51 PM] (338120) Background analysis(1) started
[Info  - 11:51:51 PM] (338120) Indexer background runner(2) root directory: /home/bot/.vscode/extensions/ms-python.vscode-pylance-2022.7.30/dist (index)
[Info  - 11:51:51 PM] (338120) Indexing(2) started
[Info  - 11:51:52 PM] (338120) Indexer done(2). indexed 453 files
[Info  - 11:51:53 PM] (338120) No configuration file found.
[Info  - 11:51:53 PM] (338120) No pyproject.toml file found.
[Info  - 11:51:53 PM] (338120) Setting pythonPath for service "BRIGHT-reporting": "/home/bot/anaconda3/envs/bright/bin/python"
[Warn  - 11:51:53 PM] (338120) stubPath /home/bot/AAMeineSachen/FL3XX/BRIGHT-reporting/typings is not a valid directory.
[Info  - 11:51:53 PM] (338120) Assuming Python version 3.10
[Info  - 11:51:53 PM] (338120) Assuming Python platform Linux
[Info  - 11:51:53 PM] (338120) Searching for source files
[Info  - 11:51:53 PM] (338120) Found 5 source files
[Info  - 11:51:53 PM] (338120) Indexer background runner(3) root directory: /home/bot/.vscode/extensions/ms-python.vscode-pylance-2022.7.30/dist (index)
[Info  - 11:51:53 PM] (338120) Indexing(3) started
[Info  - 11:51:54 PM] (338120) Indexer done(3). indexed 453 files
[Info  - 11:51:58 PM] (338120) No configuration file found.
[Info  - 11:51:58 PM] (338120) No pyproject.toml file found.
[Info  - 11:51:58 PM] (338120) Setting pythonPath for service "BRIGHT-reporting": "/home/bot/anaconda3/envs/bright/bin/python"
[Warn  - 11:51:58 PM] (338120) stubPath /home/bot/AAMeineSachen/FL3XX/BRIGHT-reporting/typings is not a valid directory.
[Info  - 11:51:58 PM] (338120) Assuming Python version 3.10
[Info  - 11:51:58 PM] (338120) Assuming Python platform Linux
[Info  - 11:51:58 PM] (338120) Searching for source files
[Info  - 11:51:58 PM] (338120) Found 5 source files
[Info  - 11:51:59 PM] (338120) Indexer background runner(4) root directory: /home/bot/.vscode/extensions/ms-python.vscode-pylance-2022.7.30/dist (index)
[Info  - 11:51:59 PM] (338120) Indexing(4) started
[Info  - 11:52:00 PM] (338120) Indexer done(4). indexed 453 files
[Info  - 11:52:00 PM] (338120) No configuration file found.
[Info  - 11:52:00 PM] (338120) No pyproject.toml file found.
[Info  - 11:52:00 PM] (338120) Setting pythonPath for service "BRIGHT-reporting": "/home/bot/anaconda3/envs/bright/bin/python"
[Warn  - 11:52:00 PM] (338120) stubPath /home/bot/AAMeineSachen/FL3XX/BRIGHT-reporting/typings is not a valid directory.
[Info  - 11:52:00 PM] (338120) Assuming Python version 3.10
[Info  - 11:52:00 PM] (338120) Assuming Python platform Linux
[Info  - 11:52:00 PM] (338120) Searching for source files
[Info  - 11:52:00 PM] (338120) Found 5 source files
[Info  - 11:52:00 PM] (338120) Indexer background runner(5) root directory: /home/bot/.vscode/extensions/ms-python.vscode-pylance-2022.7.30/dist (index)
[Info  - 11:52:00 PM] (338120) Indexing(5) started
[Info  - 11:52:01 PM] (338120) Indexer done(5). indexed 453 files
[Info  - 11:53:23 PM] (338120) No configuration file found.
[Info  - 11:53:23 PM] (338120) No pyproject.toml file found.
[Info  - 11:53:23 PM] (338120) Setting pythonPath for service "BRIGHT-reporting": "/home/bot/anaconda3/envs/bright/bin/python"
[Warn  - 11:53:23 PM] (338120) stubPath /home/bot/AAMeineSachen/FL3XX/BRIGHT-reporting/typings is not a valid directory.
[Info  - 11:53:23 PM] (338120) Assuming Python version 3.10
[Info  - 11:53:23 PM] (338120) Assuming Python platform Linux
[Info  - 11:53:23 PM] (338120) Searching for source files
[Info  - 11:53:23 PM] (338120) Found 5 source files
[Info  - 11:53:24 PM] (338120) Indexer background runner(6) root directory: /home/bot/.vscode/extensions/ms-python.vscode-pylance-2022.7.30/dist (index)
[Info  - 11:53:24 PM] (338120) Indexing(6) started
[Info  - 11:53:25 PM] (338120) Indexer done(6). indexed 453 files
[Info  - 11:53:26 PM] (338120) No configuration file found.
[Info  - 11:53:26 PM] (338120) No pyproject.toml file found.
[Info  - 11:53:26 PM] (338120) Setting pythonPath for service "BRIGHT-reporting": "/home/bot/anaconda3/envs/bright/bin/python"
[Warn  - 11:53:26 PM] (338120) stubPath /home/bot/AAMeineSachen/FL3XX/BRIGHT-reporting/typings is not a valid directory.
[Info  - 11:53:26 PM] (338120) Assuming Python version 3.10
[Info  - 11:53:26 PM] (338120) Assuming Python platform Linux
[Info  - 11:53:26 PM] (338120) Searching for source files
[Info  - 11:53:26 PM] (338120) Found 5 source files
[Info  - 11:53:26 PM] (338120) Indexer background runner(7) root directory: /home/bot/.vscode/extensions/ms-python.vscode-pylance-2022.7.30/dist (index)
[Info  - 11:53:26 PM] (338120) Indexing(7) started
[Info  - 11:53:27 PM] (338120) Indexer done(7). indexed 453 files
[Info  - 11:53:33 PM] (338120) No configuration file found.
[Info  - 11:53:33 PM] (338120) No pyproject.toml file found.
[Info  - 11:53:33 PM] (338120) Setting pythonPath for service "BRIGHT-reporting": "/home/bot/anaconda3/envs/bright/bin/python"
[Warn  - 11:53:33 PM] (338120) stubPath /home/bot/AAMeineSachen/FL3XX/BRIGHT-reporting/typings is not a valid directory.
[Info  - 11:53:33 PM] (338120) Assuming Python version 3.10
[Info  - 11:53:33 PM] (338120) Assuming Python platform Linux
[Info  - 11:53:33 PM] (338120) Searching for source files
[Info  - 11:53:33 PM] (338120) Found 5 source files
[Info  - 11:53:33 PM] (338120) Indexer background runner(8) root directory: /home/bot/.vscode/extensions/ms-python.vscode-pylance-2022.7.30/dist (index)
[Info  - 11:53:33 PM] (338120) Indexing(8) started
[Info  - 11:53:34 PM] (338120) Indexer done(8). indexed 453 files
[Info  - 11:53:39 PM] (338120) No configuration file found.
[Info  - 11:53:39 PM] (338120) No pyproject.toml file found.
[Info  - 11:53:39 PM] (338120) Setting pythonPath for service "BRIGHT-reporting": "/home/bot/anaconda3/envs/bright/bin/python"
[Warn  - 11:53:39 PM] (338120) stubPath /home/bot/AAMeineSachen/FL3XX/BRIGHT-reporting/typings is not a valid directory.
[Info  - 11:53:39 PM] (338120) Assuming Python version 3.10
[Info  - 11:53:39 PM] (338120) Assuming Python platform Linux
[Info  - 11:53:39 PM] (338120) Searching for source files
[Info  - 11:53:39 PM] (338120) Found 5 source files
[Info  - 11:53:39 PM] (338120) Indexer background runner(9) root directory: /home/bot/.vscode/extensions/ms-python.vscode-pylance-2022.7.30/dist (index)
[Info  - 11:53:39 PM] (338120) Indexing(9) started
[Info  - 11:53:40 PM] (338120) Indexer done(9). indexed 453 files
[Info  - 11:53:44 PM] (338120) No configuration file found.
[Info  - 11:53:44 PM] (338120) No pyproject.toml file found.
[Info  - 11:53:44 PM] (338120) Setting pythonPath for service "BRIGHT-reporting": "/home/bot/anaconda3/envs/bright/bin/python"
[Warn  - 11:53:44 PM] (338120) stubPath /home/bot/AAMeineSachen/FL3XX/BRIGHT-reporting/typings is not a valid directory.
[Info  - 11:53:44 PM] (338120) Assuming Python version 3.10
[Info  - 11:53:44 PM] (338120) Assuming Python platform Linux
[Info  - 11:53:44 PM] (338120) Searching for source files
[Info  - 11:53:44 PM] (338120) Found 5 source files
[Info  - 11:53:44 PM] (338120) Indexer background runner(10) root directory: /home/bot/.vscode/extensions/ms-python.vscode-pylance-2022.7.30/dist (index)
[Info  - 11:53:44 PM] (338120) Indexing(10) started
[Info  - 11:53:45 PM] (338120) Indexer done(10). indexed 453 files
[Info  - 11:53:55 PM] (338120) No configuration file found.
[Info  - 11:53:55 PM] (338120) No pyproject.toml file found.
[Info  - 11:53:55 PM] (338120) Setting pythonPath for service "BRIGHT-reporting": "/home/bot/anaconda3/envs/bright/bin/python"
[Warn  - 11:53:55 PM] (338120) stubPath /home/bot/AAMeineSachen/FL3XX/BRIGHT-reporting/typings is not a valid directory.
[Info  - 11:53:55 PM] (338120) Assuming Python version 3.10
[Info  - 11:53:55 PM] (338120) Assuming Python platform Linux
[Info  - 11:53:55 PM] (338120) Searching for source files
[Info  - 11:53:55 PM] (338120) Found 5 source files
[Info  - 11:53:55 PM] (338120) Indexer background runner(11) root directory: /home/bot/.vscode/extensions/ms-python.vscode-pylance-2022.7.30/dist (index)
[Info  - 11:53:55 PM] (338120) Indexing(11) started
[Info  - 11:53:56 PM] (338120) Indexer done(11). indexed 453 files
[Info  - 11:53:57 PM] (338120) No configuration file found.
[Info  - 11:53:57 PM] (338120) No pyproject.toml file found.
[Info  - 11:53:57 PM] (338120) Setting pythonPath for service "BRIGHT-reporting": "/home/bot/anaconda3/envs/bright/bin/python"
[Warn  - 11:53:57 PM] (338120) stubPath /home/bot/AAMeineSachen/FL3XX/BRIGHT-reporting/typings is not a valid directory.
[Info  - 11:53:57 PM] (338120) Assuming Python version 3.10
[Info  - 11:53:57 PM] (338120) Assuming Python platform Linux
[Info  - 11:53:57 PM] (338120) Searching for source files
[Info  - 11:53:57 PM] (338120) Found 5 source files
[Info  - 11:53:57 PM] (338120) Indexer background runner(12) root directory: /home/bot/.vscode/extensions/ms-python.vscode-pylance-2022.7.30/dist (index)
[Info  - 11:53:57 PM] (338120) Indexing(12) started
[Info  - 11:53:58 PM] (338120) Indexer done(12). indexed 453 files
[Info  - 11:53:58 PM] (338120) No configuration file found.
[Info  - 11:53:58 PM] (338120) No pyproject.toml file found.
[Info  - 11:53:58 PM] (338120) Setting pythonPath for service "BRIGHT-reporting": "/home/bot/anaconda3/envs/bright/bin/python"
[Warn  - 11:53:58 PM] (338120) stubPath /home/bot/AAMeineSachen/FL3XX/BRIGHT-reporting/typings is not a valid directory.
[Info  - 11:53:58 PM] (338120) Assuming Python version 3.10
[Info  - 11:53:58 PM] (338120) Assuming Python platform Linux
[Info  - 11:53:59 PM] (338120) Searching for source files
[Info  - 11:53:59 PM] (338120) Found 5 source files
[Info  - 11:53:59 PM] (338120) Indexer background runner(13) root directory: /home/bot/.vscode/extensions/ms-python.vscode-pylance-2022.7.30/dist (index)
[Info  - 11:53:59 PM] (338120) Indexing(13) started
[Info  - 11:54:00 PM] (338120) Indexer done(13). indexed 453 files
[Info  - 11:55:05 PM] (339430) Pylance language server 2022.7.30 (pyright f3e85ee2) starting
[Info  - 11:55:05 PM] (339430) Server root directory: /home/bot/.vscode/extensions/ms-python.vscode-pylance-2022.7.30/dist
Notebook support: Legacy
[Info  - 11:55:05 PM] (339430) No configuration file found.
[Info  - 11:55:05 PM] (339430) No pyproject.toml file found.
[Info  - 11:55:05 PM] (339430) Setting pythonPath for service "BRIGHT-reporting": "/home/bot/anaconda3/envs/bright/bin/python"
[Warn  - 11:55:05 PM] (339430) stubPath /home/bot/AAMeineSachen/FL3XX/BRIGHT-reporting/typings is not a valid directory.
[Info  - 11:55:05 PM] (339430) Assuming Python version 3.10
[Info  - 11:55:05 PM] (339430) Assuming Python platform Linux
[Info  - 11:55:05 PM] (339430) Searching for source files
[Info  - 11:55:05 PM] (339430) Found 5 source files
[Info  - 11:55:05 PM] (339430) Background analysis(1) root directory: /home/bot/.vscode/extensions/ms-python.vscode-pylance-2022.7.30/dist
[Info  - 11:55:05 PM] (339430) Background analysis(1) started
[Info  - 11:55:05 PM] (339430) Indexer background runner(2) root directory: /home/bot/.vscode/extensions/ms-python.vscode-pylance-2022.7.30/dist (index)
[Info  - 11:55:05 PM] (339430) Indexing(2) started
[Info  - 11:55:06 PM] (339430) Indexer done(2). indexed 453 files
[Info  - 11:56:20 PM] (339430) No configuration file found.
[Info  - 11:56:20 PM] (339430) No pyproject.toml file found.
[Info  - 11:56:20 PM] (339430) Setting pythonPath for service "BRIGHT-reporting": "/home/bot/anaconda3/envs/bright/bin/python"
[Warn  - 11:56:20 PM] (339430) stubPath /home/bot/AAMeineSachen/FL3XX/BRIGHT-reporting/typings is not a valid directory.
[Info  - 11:56:20 PM] (339430) Assuming Python version 3.10
[Info  - 11:56:20 PM] (339430) Assuming Python platform Linux
[Info  - 11:56:20 PM] (339430) Searching for source files
[Info  - 11:56:20 PM] (339430) Found 5 source files
[Info  - 11:56:20 PM] (339430) Indexer background runner(3) root directory: /home/bot/.vscode/extensions/ms-python.vscode-pylance-2022.7.30/dist (index)
[Info  - 11:56:20 PM] (339430) Indexing(3) started
[Info  - 11:56:21 PM] (339430) Indexer done(3). indexed 453 files
[Info  - 11:56:21 PM] (339430) No configuration file found.
[Info  - 11:56:21 PM] (339430) No pyproject.toml file found.
[Info  - 11:56:21 PM] (339430) Setting pythonPath for service "BRIGHT-reporting": "/home/bot/anaconda3/envs/bright/bin/python"
[Warn  - 11:56:21 PM] (339430) stubPath /home/bot/AAMeineSachen/FL3XX/BRIGHT-reporting/typings is not a valid directory.
[Info  - 11:56:21 PM] (339430) Assuming Python version 3.10
[Info  - 11:56:21 PM] (339430) Assuming Python platform Linux
[Info  - 11:56:21 PM] (339430) Searching for source files
[Info  - 11:56:21 PM] (339430) Found 5 source files
[Info  - 11:56:22 PM] (339430) Indexer background runner(4) root directory: /home/bot/.vscode/extensions/ms-python.vscode-pylance-2022.7.30/dist (index)
[Info  - 11:56:22 PM] (339430) Indexing(4) started
[Info  - 11:56:23 PM] (339430) Indexer done(4). indexed 453 files
[Info  - 11:56:34 PM] (339430) No configuration file found.
[Info  - 11:56:34 PM] (339430) No pyproject.toml file found.
[Info  - 11:56:34 PM] (339430) Setting pythonPath for service "BRIGHT-reporting": "/home/bot/anaconda3/envs/bright/bin/python"
[Warn  - 11:56:34 PM] (339430) stubPath /home/bot/AAMeineSachen/FL3XX/BRIGHT-reporting/typings is not a valid directory.
[Info  - 11:56:34 PM] (339430) Assuming Python version 3.10
[Info  - 11:56:34 PM] (339430) Assuming Python platform Linux
[Info  - 11:56:34 PM] (339430) Searching for source files
[Info  - 11:56:34 PM] (339430) Found 5 source files
[Info  - 11:56:35 PM] (339430) Indexer background runner(5) root directory: /home/bot/.vscode/extensions/ms-python.vscode-pylance-2022.7.30/dist (index)
[Info  - 11:56:35 PM] (339430) Indexing(5) started
[Info  - 11:56:35 PM] (339430) Indexer done(5). indexed 453 files
[Info  - 11:58:55 PM] (339430) No configuration file found.
[Info  - 11:58:55 PM] (339430) No pyproject.toml file found.
[Info  - 11:58:55 PM] (339430) Setting pythonPath for service "BRIGHT-reporting": "/home/bot/anaconda3/envs/bright/bin/python"
[Warn  - 11:58:55 PM] (339430) stubPath /home/bot/AAMeineSachen/FL3XX/BRIGHT-reporting/typings is not a valid directory.
[Info  - 11:58:55 PM] (339430) Assuming Python version 3.10
[Info  - 11:58:55 PM] (339430) Assuming Python platform Linux
[Info  - 11:58:55 PM] (339430) Searching for source files
[Info  - 11:58:55 PM] (339430) Found 5 source files
[Info  - 11:58:55 PM] (339430) Indexer background runner(6) root directory: /home/bot/.vscode/extensions/ms-python.vscode-pylance-2022.7.30/dist (index)
[Info  - 11:58:55 PM] (339430) Indexing(6) started
[Info  - 11:58:56 PM] (339430) Indexer done(6). indexed 453 files
[Info  - 11:58:58 PM] (339430) No configuration file found.
[Info  - 11:58:58 PM] (339430) No pyproject.toml file found.
[Info  - 11:58:58 PM] (339430) Setting pythonPath for service "BRIGHT-reporting": "/home/bot/anaconda3/envs/bright/bin/python"
[Warn  - 11:58:58 PM] (339430) stubPath /home/bot/AAMeineSachen/FL3XX/BRIGHT-reporting/typings is not a valid directory.
[Info  - 11:58:58 PM] (339430) Assuming Python version 3.10
[Info  - 11:58:58 PM] (339430) Assuming Python platform Linux
[Info  - 11:58:58 PM] (339430) Searching for source files
[Info  - 11:58:58 PM] (339430) Found 5 source files
[Info  - 11:58:59 PM] (339430) Indexer background runner(7) root directory: /home/bot/.vscode/extensions/ms-python.vscode-pylance-2022.7.30/dist (index)
[Info  - 11:58:59 PM] (339430) Indexing(7) started
[Info  - 11:59:00 PM] (339430) Indexer done(7). indexed 453 files
[Info  - 11:59:00 PM] (339430) No configuration file found.
[Info  - 11:59:00 PM] (339430) No pyproject.toml file found.
[Info  - 11:59:00 PM] (339430) Setting pythonPath for service "BRIGHT-reporting": "/home/bot/anaconda3/envs/bright/bin/python"
[Warn  - 11:59:00 PM] (339430) stubPath /home/bot/AAMeineSachen/FL3XX/BRIGHT-reporting/typings is not a valid directory.
[Info  - 11:59:00 PM] (339430) Assuming Python version 3.10
[Info  - 11:59:00 PM] (339430) Assuming Python platform Linux
[Info  - 11:59:00 PM] (339430) Searching for source files
[Info  - 11:59:00 PM] (339430) Found 5 source files
[Info  - 11:59:00 PM] (339430) Indexer background runner(8) root directory: /home/bot/.vscode/extensions/ms-python.vscode-pylance-2022.7.30/dist (index)
[Info  - 11:59:00 PM] (339430) Indexing(8) started
[Info  - 11:59:01 PM] (339430) Indexer done(8). indexed 453 files
[Info  - 11:59:01 PM] (339430) No configuration file found.
[Info  - 11:59:01 PM] (339430) No pyproject.toml file found.
[Info  - 11:59:01 PM] (339430) Setting pythonPath for service "BRIGHT-reporting": "/home/bot/anaconda3/envs/bright/bin/python"
[Warn  - 11:59:01 PM] (339430) stubPath /home/bot/AAMeineSachen/FL3XX/BRIGHT-reporting/typings is not a valid directory.
[Info  - 11:59:02 PM] (339430) Assuming Python version 3.10
[Info  - 11:59:02 PM] (339430) Assuming Python platform Linux
[Info  - 11:59:02 PM] (339430) Searching for source files
[Info  - 11:59:02 PM] (339430) Found 5 source files
[Info  - 11:59:02 PM] (339430) Indexer background runner(9) root directory: /home/bot/.vscode/extensions/ms-python.vscode-pylance-2022.7.30/dist (index)
[Info  - 11:59:02 PM] (339430) Indexing(9) started
[Info  - 11:59:03 PM] (339430) Indexer done(9). indexed 453 files
[Info  - 11:59:06 PM] (339430) No configuration file found.
[Info  - 11:59:06 PM] (339430) No pyproject.toml file found.
[Info  - 11:59:06 PM] (339430) Setting pythonPath for service "BRIGHT-reporting": "/home/bot/anaconda3/envs/bright/bin/python"
[Warn  - 11:59:06 PM] (339430) stubPath /home/bot/AAMeineSachen/FL3XX/BRIGHT-reporting/typings is not a valid directory.
[Info  - 11:59:06 PM] (339430) Assuming Python version 3.10
[Info  - 11:59:06 PM] (339430) Assuming Python platform Linux
[Info  - 11:59:06 PM] (339430) Searching for source files
[Info  - 11:59:06 PM] (339430) Found 5 source files
[Info  - 11:59:06 PM] (339430) Indexer background runner(10) root directory: /home/bot/.vscode/extensions/ms-python.vscode-pylance-2022.7.30/dist (index)
[Info  - 11:59:06 PM] (339430) Indexing(10) started
[Info  - 11:59:07 PM] (339430) Indexer done(10). indexed 453 files
[Info  - 11:59:09 PM] (339430) No configuration file found.
[Info  - 11:59:09 PM] (339430) No pyproject.toml file found.
[Info  - 11:59:09 PM] (339430) Setting pythonPath for service "BRIGHT-reporting": "/home/bot/anaconda3/envs/bright/bin/python"
[Warn  - 11:59:09 PM] (339430) stubPath /home/bot/AAMeineSachen/FL3XX/BRIGHT-reporting/typings is not a valid directory.
[Info  - 11:59:09 PM] (339430) Assuming Python version 3.10
[Info  - 11:59:09 PM] (339430) Assuming Python platform Linux
[Info  - 11:59:09 PM] (339430) Searching for source files
[Info  - 11:59:09 PM] (339430) Found 5 source files
[Info  - 11:59:09 PM] (339430) Indexer background runner(11) root directory: /home/bot/.vscode/extensions/ms-python.vscode-pylance-2022.7.30/dist (index)
[Info  - 11:59:09 PM] (339430) Indexing(11) started
[Info  - 11:59:10 PM] (339430) Indexer done(11). indexed 453 files
[Info  - 12:01:00 AM] (339430) No configuration file found.
[Info  - 12:01:00 AM] (339430) No pyproject.toml file found.
[Info  - 12:01:00 AM] (339430) Setting pythonPath for service "BRIGHT-reporting": "/home/bot/anaconda3/envs/bright/bin/python"
[Warn  - 12:01:00 AM] (339430) stubPath /home/bot/AAMeineSachen/FL3XX/BRIGHT-reporting/typings is not a valid directory.
[Info  - 12:01:00 AM] (339430) Assuming Python version 3.10
[Info  - 12:01:00 AM] (339430) Assuming Python platform Linux
[Info  - 12:01:00 AM] (339430) Searching for source files
[Info  - 12:01:00 AM] (339430) Found 5 source files
[Info  - 12:01:01 AM] (339430) Indexer background runner(12) root directory: /home/bot/.vscode/extensions/ms-python.vscode-pylance-2022.7.30/dist (index)
[Info  - 12:01:01 AM] (339430) Indexing(12) started
[Info  - 12:01:02 AM] (339430) Indexer done(12). indexed 453 files
