[2022-07-17T21:48:48.225Z] Log level: Info
[2022-07-17T21:48:48.226Z] [info] Validating found git in: git
[2022-07-17T21:48:48.247Z] [info] Using git  from git
[2022-07-17T21:48:48.256Z] > git rev-parse --show-toplevel [2ms]
[2022-07-17T21:48:48.265Z] > git rev-parse --git-dir --git-common-dir [1ms]
[2022-07-17T21:48:48.269Z] [info] Open repository: /home/bot/AAMeineSachen/FL3XX/BRIGHT-reporting
[2022-07-17T21:48:48.738Z] > git status -z -uall [456ms]
[2022-07-17T21:48:48.747Z] > git symbolic-ref --short HEAD [1ms]
[2022-07-17T21:48:48.772Z] > git for-each-ref --format=%(refname)%00%(upstream:short)%00%(objectname)%00%(upstream:track)%00%(upstream:remotename)%00%(upstream:remoteref) refs/heads/psalah refs/remotes/psalah [17ms]
[2022-07-17T21:48:48.803Z] > git check-ignore -v -z --stdin [9ms]
[2022-07-17T21:48:48.804Z] > git remote --verbose [18ms]
[2022-07-17T21:48:48.804Z] > git for-each-ref --sort -committerdate --format %(refname) %(objectname) %(*objectname) [25ms]
[2022-07-17T21:48:48.842Z] > git config --get commit.template [28ms]
[2022-07-17T21:48:48.868Z] > git status -z -uall [17ms]
[2022-07-17T21:48:48.892Z] > git symbolic-ref --short HEAD [16ms]
[2022-07-17T21:48:48.901Z] > git for-each-ref --format=%(refname)%00%(upstream:short)%00%(objectname)%00%(upstream:track)%00%(upstream:remotename)%00%(upstream:remoteref) refs/heads/psalah refs/remotes/psalah [1ms]
[2022-07-17T21:48:48.926Z] > git remote --verbose [8ms]
[2022-07-17T21:48:48.926Z] > git for-each-ref --sort -committerdate --format %(refname) %(objectname) %(*objectname) [16ms]
[2022-07-17T21:48:48.999Z] > git config --get commit.template [64ms]
[2022-07-17T21:48:49.081Z] > git fetch [805ms]
[2022-07-17T21:48:49.081Z] Missing or invalid credentials.
Skip silent fetch commands
Missing or invalid credentials.
Skip silent fetch commands
remote: Unauthorized
fatal: Authentication failed for 'https://git.fl3xx.com/FL3XX/BRIGHT-reporting.git/'
[2022-07-17T21:48:49.631Z] > git check-ignore -v -z --stdin [172ms]
[2022-07-17T21:48:54.997Z] > git status -z -uall [2ms]
[2022-07-17T21:48:55.008Z] > git symbolic-ref --short HEAD [0ms]
[2022-07-17T21:48:55.020Z] > git for-each-ref --format=%(refname)%00%(upstream:short)%00%(objectname)%00%(upstream:track)%00%(upstream:remotename)%00%(upstream:remoteref) refs/heads/psalah refs/remotes/psalah [1ms]
[2022-07-17T21:48:55.041Z] > git remote --verbose [1ms]
[2022-07-17T21:48:55.041Z] > git for-each-ref --sort -committerdate --format %(refname) %(objectname) %(*objectname) [10ms]
[2022-07-17T21:48:55.053Z] > git config --get commit.template [0ms]
[2022-07-17T21:49:22.213Z] > git show --textconv :app/etl/ps_etl.py [87ms]
[2022-07-17T21:49:22.213Z] > git ls-files --stage -- /home/bot/AAMeineSachen/FL3XX/BRIGHT-reporting/app/etl/ps_etl.py [76ms]
[2022-07-17T21:49:22.262Z] > git cat-file -s f01ff8279bda1a91387ab57ba8abccce4081ce8e [37ms]
[2022-07-17T21:49:22.713Z] > git show --textconv :app/etl/read_config.py [13ms]
[2022-07-17T21:49:22.714Z] > git ls-files --stage -- /home/bot/AAMeineSachen/FL3XX/BRIGHT-reporting/app/etl/read_config.py [2ms]
[2022-07-17T21:49:26.775Z] > git status -z -uall [1ms]
[2022-07-17T21:49:26.788Z] > git symbolic-ref --short HEAD [1ms]
[2022-07-17T21:49:26.803Z] > git for-each-ref --format=%(refname)%00%(upstream:short)%00%(objectname)%00%(upstream:track)%00%(upstream:remotename)%00%(upstream:remoteref) refs/heads/psalah refs/remotes/psalah [1ms]
[2022-07-17T21:49:26.829Z] > git remote --verbose [1ms]
[2022-07-17T21:49:26.829Z] > git for-each-ref --sort -committerdate --format %(refname) %(objectname) %(*objectname) [13ms]
[2022-07-17T21:49:26.844Z] > git config --get commit.template [1ms]
[2022-07-17T21:49:32.944Z] > git status -z -uall [1ms]
[2022-07-17T21:49:32.957Z] > git symbolic-ref --short HEAD [0ms]
[2022-07-17T21:49:32.969Z] > git for-each-ref --format=%(refname)%00%(upstream:short)%00%(objectname)%00%(upstream:track)%00%(upstream:remotename)%00%(upstream:remoteref) refs/heads/psalah refs/remotes/psalah [1ms]
[2022-07-17T21:49:32.992Z] > git for-each-ref --sort -committerdate --format %(refname) %(objectname) %(*objectname) [11ms]
[2022-07-17T21:49:32.992Z] > git remote --verbose [1ms]
[2022-07-17T21:49:33.005Z] > git config --get commit.template [1ms]
[2022-07-17T21:49:38.027Z] > git status -z -uall [4ms]
[2022-07-17T21:49:38.072Z] > git symbolic-ref --short HEAD [31ms]
[2022-07-17T21:49:38.089Z] > git for-each-ref --format=%(refname)%00%(upstream:short)%00%(objectname)%00%(upstream:track)%00%(upstream:remotename)%00%(upstream:remoteref) refs/heads/psalah refs/remotes/psalah [4ms]
[2022-07-17T21:49:38.112Z] > git remote --verbose [2ms]
[2022-07-17T21:49:38.112Z] > git for-each-ref --sort -committerdate --format %(refname) %(objectname) %(*objectname) [12ms]
[2022-07-17T21:49:38.135Z] > git config --get commit.template [1ms]
[2022-07-17T21:49:44.224Z] > git check-ignore -v -z --stdin [0ms]
[2022-07-17T21:49:45.113Z] > git status -z -uall [3ms]
[2022-07-17T21:49:45.144Z] > git symbolic-ref --short HEAD [17ms]
[2022-07-17T21:49:45.173Z] > git for-each-ref --format=%(refname)%00%(upstream:short)%00%(objectname)%00%(upstream:track)%00%(upstream:remotename)%00%(upstream:remoteref) refs/heads/psalah refs/remotes/psalah [16ms]
[2022-07-17T21:49:45.198Z] > git remote --verbose [1ms]
[2022-07-17T21:49:45.198Z] > git for-each-ref --sort -committerdate --format %(refname) %(objectname) %(*objectname) [12ms]
[2022-07-17T21:49:45.210Z] > git config --get commit.template [0ms]
[2022-07-17T21:49:45.292Z] > git show --textconv :app/etl/helpers.py [11ms]
[2022-07-17T21:49:45.293Z] > git ls-files --stage -- /home/bot/AAMeineSachen/FL3XX/BRIGHT-reporting/app/etl/helpers.py [1ms]
[2022-07-17T21:49:51.466Z] > git status -z -uall [1ms]
[2022-07-17T21:49:51.477Z] > git symbolic-ref --short HEAD [1ms]
[2022-07-17T21:49:51.488Z] > git for-each-ref --format=%(refname)%00%(upstream:short)%00%(objectname)%00%(upstream:track)%00%(upstream:remotename)%00%(upstream:remoteref) refs/heads/psalah refs/remotes/psalah [0ms]
[2022-07-17T21:49:51.509Z] > git for-each-ref --sort -committerdate --format %(refname) %(objectname) %(*objectname) [10ms]
[2022-07-17T21:49:51.509Z] > git remote --verbose [0ms]
[2022-07-17T21:49:51.521Z] > git config --get commit.template [1ms]
[2022-07-17T21:49:56.532Z] > git status -z -uall [1ms]
[2022-07-17T21:49:56.544Z] > git symbolic-ref --short HEAD [0ms]
[2022-07-17T21:49:56.557Z] > git for-each-ref --format=%(refname)%00%(upstream:short)%00%(objectname)%00%(upstream:track)%00%(upstream:remotename)%00%(upstream:remoteref) refs/heads/psalah refs/remotes/psalah [1ms]
[2022-07-17T21:49:56.578Z] > git remote --verbose [0ms]
[2022-07-17T21:49:56.579Z] > git for-each-ref --sort -committerdate --format %(refname) %(objectname) %(*objectname) [12ms]
[2022-07-17T21:49:56.590Z] > git config --get commit.template [0ms]
[2022-07-17T21:50:01.603Z] > git status -z -uall [0ms]
[2022-07-17T21:50:01.615Z] > git symbolic-ref --short HEAD [1ms]
[2022-07-17T21:50:01.627Z] > git for-each-ref --format=%(refname)%00%(upstream:short)%00%(objectname)%00%(upstream:track)%00%(upstream:remotename)%00%(upstream:remoteref) refs/heads/psalah refs/remotes/psalah [1ms]
[2022-07-17T21:50:01.650Z] > git for-each-ref --sort -committerdate --format %(refname) %(objectname) %(*objectname) [13ms]
[2022-07-17T21:50:01.650Z] > git remote --verbose [0ms]
[2022-07-17T21:50:01.664Z] > git config --get commit.template [0ms]
[2022-07-17T21:50:11.165Z] > git status -z -uall [1ms]
[2022-07-17T21:50:11.176Z] > git symbolic-ref --short HEAD [0ms]
[2022-07-17T21:50:11.188Z] > git for-each-ref --format=%(refname)%00%(upstream:short)%00%(objectname)%00%(upstream:track)%00%(upstream:remotename)%00%(upstream:remoteref) refs/heads/psalah refs/remotes/psalah [0ms]
[2022-07-17T21:50:11.210Z] > git for-each-ref --sort -committerdate --format %(refname) %(objectname) %(*objectname) [11ms]
[2022-07-17T21:50:11.210Z] > git remote --verbose [0ms]
[2022-07-17T21:50:11.222Z] > git config --get commit.template [0ms]
[2022-07-17T21:50:21.605Z] > git status -z -uall [0ms]
[2022-07-17T21:50:21.616Z] > git symbolic-ref --short HEAD [0ms]
[2022-07-17T21:50:21.627Z] > git for-each-ref --format=%(refname)%00%(upstream:short)%00%(objectname)%00%(upstream:track)%00%(upstream:remotename)%00%(upstream:remoteref) refs/heads/psalah refs/remotes/psalah [0ms]
[2022-07-17T21:50:21.649Z] > git for-each-ref --sort -committerdate --format %(refname) %(objectname) %(*objectname) [11ms]
[2022-07-17T21:50:21.649Z] > git remote --verbose [1ms]
[2022-07-17T21:50:21.661Z] > git config --get commit.template [1ms]
[2022-07-17T21:50:36.651Z] > git status -z -uall [0ms]
[2022-07-17T21:50:36.665Z] > git symbolic-ref --short HEAD [1ms]
[2022-07-17T21:50:36.678Z] > git for-each-ref --format=%(refname)%00%(upstream:short)%00%(objectname)%00%(upstream:track)%00%(upstream:remotename)%00%(upstream:remoteref) refs/heads/psalah refs/remotes/psalah [1ms]
[2022-07-17T21:50:36.706Z] > git for-each-ref --sort -committerdate --format %(refname) %(objectname) %(*objectname) [16ms]
[2022-07-17T21:50:36.706Z] > git remote --verbose [1ms]
[2022-07-17T21:50:36.721Z] > git config --get commit.template [1ms]
[2022-07-17T21:50:41.754Z] > git status -z -uall [2ms]
[2022-07-17T21:50:41.770Z] > git symbolic-ref --short HEAD [4ms]
[2022-07-17T21:50:41.782Z] > git for-each-ref --format=%(refname)%00%(upstream:short)%00%(objectname)%00%(upstream:track)%00%(upstream:remotename)%00%(upstream:remoteref) refs/heads/psalah refs/remotes/psalah [0ms]
[2022-07-17T21:50:41.805Z] > git for-each-ref --sort -committerdate --format %(refname) %(objectname) %(*objectname) [12ms]
[2022-07-17T21:50:41.805Z] > git remote --verbose [1ms]
[2022-07-17T21:50:41.817Z] > git config --get commit.template [1ms]
[2022-07-17T21:50:46.831Z] > git status -z -uall [1ms]
[2022-07-17T21:50:46.843Z] > git symbolic-ref --short HEAD [1ms]
[2022-07-17T21:50:46.855Z] > git for-each-ref --format=%(refname)%00%(upstream:short)%00%(objectname)%00%(upstream:track)%00%(upstream:remotename)%00%(upstream:remoteref) refs/heads/psalah refs/remotes/psalah [1ms]
[2022-07-17T21:50:46.877Z] > git for-each-ref --sort -committerdate --format %(refname) %(objectname) %(*objectname) [11ms]
[2022-07-17T21:50:46.877Z] > git remote --verbose [0ms]
[2022-07-17T21:50:46.889Z] > git config --get commit.template [0ms]
[2022-07-17T21:50:51.904Z] > git status -z -uall [0ms]
[2022-07-17T21:50:51.916Z] > git symbolic-ref --short HEAD [0ms]
[2022-07-17T21:50:51.930Z] > git for-each-ref --format=%(refname)%00%(upstream:short)%00%(objectname)%00%(upstream:track)%00%(upstream:remotename)%00%(upstream:remoteref) refs/heads/psalah refs/remotes/psalah [1ms]
[2022-07-17T21:50:51.953Z] > git for-each-ref --sort -committerdate --format %(refname) %(objectname) %(*objectname) [11ms]
[2022-07-17T21:50:51.953Z] > git remote --verbose [1ms]
[2022-07-17T21:50:51.965Z] > git config --get commit.template [1ms]
[2022-07-17T21:50:56.980Z] > git status -z -uall [0ms]
[2022-07-17T21:50:56.997Z] > git symbolic-ref --short HEAD [1ms]
[2022-07-17T21:50:57.010Z] > git for-each-ref --format=%(refname)%00%(upstream:short)%00%(objectname)%00%(upstream:track)%00%(upstream:remotename)%00%(upstream:remoteref) refs/heads/psalah refs/remotes/psalah [1ms]
[2022-07-17T21:50:57.031Z] > git for-each-ref --sort -committerdate --format %(refname) %(objectname) %(*objectname) [11ms]
[2022-07-17T21:50:57.031Z] > git remote --verbose [0ms]
[2022-07-17T21:50:57.043Z] > git config --get commit.template [1ms]
[2022-07-17T21:51:02.063Z] > git status -z -uall [0ms]
[2022-07-17T21:51:02.076Z] > git symbolic-ref --short HEAD [1ms]
[2022-07-17T21:51:02.087Z] > git for-each-ref --format=%(refname)%00%(upstream:short)%00%(objectname)%00%(upstream:track)%00%(upstream:remotename)%00%(upstream:remoteref) refs/heads/psalah refs/remotes/psalah [0ms]
[2022-07-17T21:51:02.122Z] > git for-each-ref --sort -committerdate --format %(refname) %(objectname) %(*objectname) [24ms]
[2022-07-17T21:51:02.134Z] > git remote --verbose [25ms]
[2022-07-17T21:51:02.148Z] > git config --get commit.template [0ms]
[2022-07-17T21:51:07.182Z] > git status -z -uall [20ms]
[2022-07-17T21:51:07.193Z] > git symbolic-ref --short HEAD [1ms]
[2022-07-17T21:51:07.205Z] > git for-each-ref --format=%(refname)%00%(upstream:short)%00%(objectname)%00%(upstream:track)%00%(upstream:remotename)%00%(upstream:remoteref) refs/heads/psalah refs/remotes/psalah [1ms]
[2022-07-17T21:51:07.228Z] > git for-each-ref --sort -committerdate --format %(refname) %(objectname) %(*objectname) [12ms]
[2022-07-17T21:51:07.228Z] > git remote --verbose [1ms]
[2022-07-17T21:51:07.241Z] > git config --get commit.template [1ms]
[2022-07-17T21:51:12.253Z] > git status -z -uall [0ms]
[2022-07-17T21:51:12.265Z] > git symbolic-ref --short HEAD [1ms]
[2022-07-17T21:51:12.277Z] > git for-each-ref --format=%(refname)%00%(upstream:short)%00%(objectname)%00%(upstream:track)%00%(upstream:remotename)%00%(upstream:remoteref) refs/heads/psalah refs/remotes/psalah [1ms]
[2022-07-17T21:51:12.299Z] > git for-each-ref --sort -committerdate --format %(refname) %(objectname) %(*objectname) [11ms]
[2022-07-17T21:51:12.300Z] > git remote --verbose [1ms]
[2022-07-17T21:51:12.311Z] > git config --get commit.template [0ms]
[2022-07-17T21:51:17.343Z] > git status -z -uall [2ms]
[2022-07-17T21:51:17.362Z] > git symbolic-ref --short HEAD [1ms]
[2022-07-17T21:51:17.375Z] > git for-each-ref --format=%(refname)%00%(upstream:short)%00%(objectname)%00%(upstream:track)%00%(upstream:remotename)%00%(upstream:remoteref) refs/heads/psalah refs/remotes/psalah [0ms]
[2022-07-17T21:51:17.397Z] > git remote --verbose [1ms]
[2022-07-17T21:51:17.397Z] > git for-each-ref --sort -committerdate --format %(refname) %(objectname) %(*objectname) [11ms]
[2022-07-17T21:51:17.409Z] > git config --get commit.template [1ms]
[2022-07-17T21:51:22.424Z] > git status -z -uall [1ms]
[2022-07-17T21:51:22.436Z] > git symbolic-ref --short HEAD [1ms]
[2022-07-17T21:51:22.447Z] > git for-each-ref --format=%(refname)%00%(upstream:short)%00%(objectname)%00%(upstream:track)%00%(upstream:remotename)%00%(upstream:remoteref) refs/heads/psalah refs/remotes/psalah [1ms]
[2022-07-17T21:51:22.469Z] > git for-each-ref --sort -committerdate --format %(refname) %(objectname) %(*objectname) [11ms]
[2022-07-17T21:51:22.469Z] > git remote --verbose [1ms]
[2022-07-17T21:51:22.481Z] > git config --get commit.template [0ms]
[2022-07-17T21:51:24.788Z] > git check-ignore -v -z --stdin [0ms]
[2022-07-17T21:51:27.508Z] > git status -z -uall [1ms]
[2022-07-17T21:51:27.526Z] > git symbolic-ref --short HEAD [1ms]
[2022-07-17T21:51:27.544Z] > git for-each-ref --format=%(refname)%00%(upstream:short)%00%(objectname)%00%(upstream:track)%00%(upstream:remotename)%00%(upstream:remoteref) refs/heads/psalah refs/remotes/psalah [1ms]
[2022-07-17T21:51:27.573Z] > git remote --verbose [1ms]
[2022-07-17T21:51:27.573Z] > git for-each-ref --sort -committerdate --format %(refname) %(objectname) %(*objectname) [16ms]
[2022-07-17T21:51:27.585Z] > git config --get commit.template [0ms]
[2022-07-17T21:55:15.673Z] > git show --textconv :app/etl/ps_etl.py [12ms]
[2022-07-17T21:55:15.673Z] > git ls-files --stage -- /home/bot/AAMeineSachen/FL3XX/BRIGHT-reporting/app/etl/ps_etl.py [0ms]
[2022-07-17T21:55:15.685Z] > git cat-file -s f01ff8279bda1a91387ab57ba8abccce4081ce8e [0ms]
[2022-07-17T21:55:18.284Z] > git status -z -uall [1ms]
[2022-07-17T21:55:18.297Z] > git symbolic-ref --short HEAD [0ms]
[2022-07-17T21:55:18.309Z] > git for-each-ref --format=%(refname)%00%(upstream:short)%00%(objectname)%00%(upstream:track)%00%(upstream:remotename)%00%(upstream:remoteref) refs/heads/psalah refs/remotes/psalah [1ms]
[2022-07-17T21:55:18.331Z] > git for-each-ref --sort -committerdate --format %(refname) %(objectname) %(*objectname) [11ms]
[2022-07-17T21:55:18.331Z] > git remote --verbose [0ms]
[2022-07-17T21:55:18.344Z] > git config --get commit.template [1ms]
[2022-07-17T21:56:02.974Z] > git status -z -uall [1ms]
[2022-07-17T21:56:02.986Z] > git symbolic-ref --short HEAD [0ms]
[2022-07-17T21:56:02.998Z] > git for-each-ref --format=%(refname)%00%(upstream:short)%00%(objectname)%00%(upstream:track)%00%(upstream:remotename)%00%(upstream:remoteref) refs/heads/psalah refs/remotes/psalah [1ms]
[2022-07-17T21:56:03.021Z] > git remote --verbose [1ms]
[2022-07-17T21:56:03.021Z] > git for-each-ref --sort -committerdate --format %(refname) %(objectname) %(*objectname) [13ms]
[2022-07-17T21:56:03.034Z] > git config --get commit.template [1ms]
[2022-07-17T21:56:23.866Z] > git show --textconv :app/etl/ps_etl.py [14ms]
[2022-07-17T21:56:23.867Z] > git ls-files --stage -- /home/bot/AAMeineSachen/FL3XX/BRIGHT-reporting/app/etl/ps_etl.py [1ms]
[2022-07-17T21:56:23.879Z] > git cat-file -s f01ff8279bda1a91387ab57ba8abccce4081ce8e [0ms]
[2022-07-17T21:56:51.474Z] > git show --textconv :app/etl/helpers.py [13ms]
[2022-07-17T21:56:51.474Z] > git ls-files --stage -- /home/bot/AAMeineSachen/FL3XX/BRIGHT-reporting/app/etl/helpers.py [1ms]
[2022-07-17T21:56:59.859Z] > git show --textconv :app/etl/ps_etl.py [20ms]
[2022-07-17T21:56:59.859Z] > git ls-files --stage -- /home/bot/AAMeineSachen/FL3XX/BRIGHT-reporting/app/etl/ps_etl.py [2ms]
[2022-07-17T21:56:59.876Z] > git cat-file -s f01ff8279bda1a91387ab57ba8abccce4081ce8e [4ms]
[2022-07-17T21:57:11.627Z] > git status -z -uall [0ms]
[2022-07-17T21:57:11.639Z] > git symbolic-ref --short HEAD [0ms]
[2022-07-17T21:57:11.651Z] > git for-each-ref --format=%(refname)%00%(upstream:short)%00%(objectname)%00%(upstream:track)%00%(upstream:remotename)%00%(upstream:remoteref) refs/heads/psalah refs/remotes/psalah [1ms]
[2022-07-17T21:57:11.673Z] > git for-each-ref --sort -committerdate --format %(refname) %(objectname) %(*objectname) [11ms]
[2022-07-17T21:57:11.673Z] > git remote --verbose [0ms]
[2022-07-17T21:57:11.685Z] > git config --get commit.template [0ms]
[2022-07-17T21:57:49.222Z] > git show --textconv :app/etl/read_config.py [13ms]
[2022-07-17T21:57:49.222Z] > git ls-files --stage -- /home/bot/AAMeineSachen/FL3XX/BRIGHT-reporting/app/etl/read_config.py [0ms]
[2022-07-17T23:06:52.030Z] > git show --textconv :app/etl/read_config.py [15ms]
[2022-07-17T23:06:52.030Z] > git ls-files --stage -- /home/bot/AAMeineSachen/FL3XX/BRIGHT-reporting/app/etl/read_config.py [1ms]
