["INFO" - 8:53:20 AM] Extension Name: esbenp.prettier-vscode.
["INFO" - 8:53:20 AM] Extension Version: 9.5.0.
["INFO" - 10:10:54 AM] Formatting vscode-userdata:/home/bot/.config/Code/User/settings.json
["INFO" - 10:10:54 AM] File Info:
{
  "ignored": false,
  "inferredParser": "json"
}
["INFO" - 10:10:54 AM] No local configuration (i.e. .prettierrc or .editorconfig) detected, falling back to VS Code configuration
["INFO" - 10:10:54 AM] Prettier Options:
{
  "arrowParens": "always",
  "bracketSpacing": true,
  "endOfLine": "lf",
  "htmlWhitespaceSensitivity": "css",
  "insertPragma": false,
  "jsxBracketSameLine": false,
  "jsxSingleQuote": false,
  "printWidth": 80,
  "proseWrap": "preserve",
  "quoteProps": "as-needed",
  "requirePragma": false,
  "semi": true,
  "singleQuote": false,
  "tabWidth": 2,
  "trailingComma": "es5",
  "useTabs": false,
  "vueIndentScriptAndStyle": false,
  "filepath": "/home/bot/.config/Code/User/settings.json",
  "parser": "json"
}
["INFO" - 10:10:54 AM] Formatting completed in 0.036ms.
["INFO" - 10:12:09 AM] Formatting vscode-userdata:/home/bot/.config/Code/User/settings.json
["INFO" - 10:12:09 AM] File Info:
{
  "ignored": false,
  "inferredParser": "json"
}
["INFO" - 10:12:09 AM] No local configuration (i.e. .prettierrc or .editorconfig) detected, falling back to VS Code configuration
["INFO" - 10:12:09 AM] Prettier Options:
{
  "arrowParens": "always",
  "bracketSpacing": true,
  "endOfLine": "lf",
  "htmlWhitespaceSensitivity": "css",
  "insertPragma": false,
  "jsxBracketSameLine": false,
  "jsxSingleQuote": false,
  "printWidth": 80,
  "proseWrap": "preserve",
  "quoteProps": "as-needed",
  "requirePragma": false,
  "semi": true,
  "singleQuote": false,
  "tabWidth": 2,
  "trailingComma": "es5",
  "useTabs": false,
  "vueIndentScriptAndStyle": false,
  "filepath": "/home/bot/.config/Code/User/settings.json",
  "parser": "json"
}
["INFO" - 10:12:09 AM] Formatting completed in 0.013ms.
["INFO" - 10:13:14 AM] Formatting vscode-userdata:/home/bot/.config/Code/User/settings.json
["INFO" - 10:13:14 AM] File Info:
{
  "ignored": false,
  "inferredParser": "json"
}
["INFO" - 10:13:14 AM] No local configuration (i.e. .prettierrc or .editorconfig) detected, falling back to VS Code configuration
["INFO" - 10:13:14 AM] Prettier Options:
{
  "arrowParens": "always",
  "bracketSpacing": true,
  "endOfLine": "lf",
  "htmlWhitespaceSensitivity": "css",
  "insertPragma": false,
  "jsxBracketSameLine": false,
  "jsxSingleQuote": false,
  "printWidth": 80,
  "proseWrap": "preserve",
  "quoteProps": "as-needed",
  "requirePragma": false,
  "semi": true,
  "singleQuote": false,
  "tabWidth": 2,
  "trailingComma": "es5",
  "useTabs": false,
  "vueIndentScriptAndStyle": false,
  "filepath": "/home/bot/.config/Code/User/settings.json",
  "parser": "json"
}
["INFO" - 10:13:14 AM] Formatting completed in 0.012ms.
