[1658127197275] INFO  (ext): SQLTools is starting
[1658127197276] INFO  (ext): initializing language client...
[1658127197276] INFO  (ext): Registering client for languages [{"scheme":"sqltools"},{"language":"sql","scheme":"untitled"},{"language":"sql","scheme":"file"},{"language":"sql","scheme":"sqltools"}]
    ns: "lc"
[1658127197277] INFO  (ext): loading plugins...
[1658127197277] INFO  (ext): registering Formatter Plugin.
    plugin: {
      "name": "Formatter Plugin"
    }
[1658127197277] INFO  (ext): registering Connection Manager Plugin.
    plugin: {
      "name": "Connection Manager Plugin"
    }
[1658127197277] INFO  (ext): registering CodeLens Plugin.
    plugin: {
      "name": "CodeLens Plugin",
      "registeredLanguages": []
    }
[1658127197278] INFO  (ext): registering Dependency Manager Plugin.
    plugin: {
      "name": "Dependency Manager Plugin",
      "installingDrivers": []
    }
[1658127197278] INFO  (ext): Connection explorer changed. Will be updated.
    ns: "conn-man:explorer"
[1658127197278] INFO  (ext): registering History Manager Plugin.
    plugin: {
      "name": "History Manager Plugin"
    }
[1658127197279] INFO  (ext): registering Bookmarks Manager Plugin.
    plugin: {
      "name": "Bookmarks Manager Plugin"
    }
[1658127197279] INFO  (ext): SQLTools activation completed. 4.038008 ms
[1658127197281] INFO  (ext): Formatter Plugin registered!
[1658127197281] INFO  (ext): CodeLens Plugin registered!
[1658127197281] INFO  (ext): Dependency Manager Plugin registered!
[1658127197281] INFO  (ext): Connection Manager Plugin registered!
[1658127197281] INFO  (ext): History Manager Plugin registered!
[1658127197281] INFO  (ext): Bookmarks Manager Plugin registered!
[1658127197613] INFO  (ls): SQLTools Server started!
===============================
Using node runtime?: no
ExecPath: /opt/visual-studio-code/code 
===============================
[1658127197616] INFO  (ls): Telemetry enabled!
    ns: "telemetry"
[1658127198483] INFO  (ext): LanguageClient ready
    ns: "lc"
[1658127198484] INFO  (ext): EXECUTING COMMAND => sqltools.refreshTree
[1658127198484] INFO  (ext): Connection explorer changed. Will be updated.
    ns: "conn-man:explorer"
[1658127198828] INFO  (ext): Connection explorer changed. Will be updated.
    ns: "conn-man:explorer"
[1658127199278] INFO  (ext): Connection explorer changed. Will be updated.
    ns: "conn-man:explorer"
[1658127200470] INFO  (ext): Connection explorer changed. Will be updated.
    ns: "conn-man:explorer"
[1658127200471] INFO  (ext): Connection explorer changed. Will be updated.
    ns: "conn-man:explorer"
[1658127220278] INFO  (ext): Connection explorer changed. Will be updated.
    ns: "conn-man:explorer"
[1658127220280] INFO  (ext): Connection explorer changed. Will be updated.
    ns: "conn-man:explorer"
[1658127220362] INFO  (ext): Connection explorer changed. Will be updated.
    ns: "conn-man:explorer"
[1658127226920] INFO  (ext): Connection explorer changed. Will be updated.
    ns: "conn-man:explorer"
[1658127235814] INFO  (ext): Connection explorer changed. Will be updated.
    ns: "conn-man:explorer"
[1658127256581] INFO  (ext): Connection explorer changed. Will be updated.
    ns: "conn-man:explorer"
[1658127273121] INFO  (ext): Connection explorer changed. Will be updated.
    ns: "conn-man:explorer"
[1658127276749] INFO  (ext): Connection explorer changed. Will be updated.
    ns: "conn-man:explorer"
[1658127280968] INFO  (ext): Connection explorer changed. Will be updated.
    ns: "conn-man:explorer"
[1658127328889] INFO  (ext): Connection explorer changed. Will be updated.
    ns: "conn-man:explorer"
[1658127559061] INFO  (ext): Connection explorer changed. Will be updated.
    ns: "conn-man:explorer"
[1658128110564] INFO  (ext): Connection explorer changed. Will be updated.
    ns: "conn-man:explorer"
[1658128439407] INFO  (ext): Connection explorer changed. Will be updated.
    ns: "conn-man:explorer"
[1658128442356] INFO  (ext): Connection explorer changed. Will be updated.
    ns: "conn-man:explorer"
[1658128646673] INFO  (ext): Connection explorer changed. Will be updated.
    ns: "conn-man:explorer"
[1658128720598] INFO  (ext): Connection explorer changed. Will be updated.
    ns: "conn-man:explorer"
[1658128747223] INFO  (ext): Connection explorer changed. Will be updated.
    ns: "conn-man:explorer"
[1658130788140] INFO  (ext): Connection explorer changed. Will be updated.
    ns: "conn-man:explorer"
[1658131178664] INFO  (ext): Connection explorer changed. Will be updated.
    ns: "conn-man:explorer"
[1658131254477] INFO  (ext): Connection explorer changed. Will be updated.
    ns: "conn-man:explorer"
[1658131255295] INFO  (ext): Connection explorer changed. Will be updated.
    ns: "conn-man:explorer"
[1658131854646] INFO  (ext): Connection explorer changed. Will be updated.
    ns: "conn-man:explorer"
[1658131858831] INFO  (ext): Connection explorer changed. Will be updated.
    ns: "conn-man:explorer"
[1658131858893] INFO  (ext): Connection explorer changed. Will be updated.
    ns: "conn-man:explorer"
[1658131858970] INFO  (ext): Connection explorer changed. Will be updated.
    ns: "conn-man:explorer"
[1658131858993] INFO  (ext): Connection explorer changed. Will be updated.
    ns: "conn-man:explorer"
[1658131859002] INFO  (ext): Connection explorer changed. Will be updated.
    ns: "conn-man:explorer"
[1658131859008] INFO  (ext): Connection explorer changed. Will be updated.
    ns: "conn-man:explorer"
[1658131859014] INFO  (ext): Connection explorer changed. Will be updated.
    ns: "conn-man:explorer"
[1658131859020] INFO  (ext): Connection explorer changed. Will be updated.
    ns: "conn-man:explorer"
[1658131996887] INFO  (ext): Connection explorer changed. Will be updated.
    ns: "conn-man:explorer"
[1658132038946] INFO  (ext): Connection explorer changed. Will be updated.
    ns: "conn-man:explorer"
[1658132039132] INFO  (ext): Connection explorer changed. Will be updated.
    ns: "conn-man:explorer"
[1658132039134] INFO  (ext): Connection explorer changed. Will be updated.
    ns: "conn-man:explorer"
[1658132039142] INFO  (ext): Connection explorer changed. Will be updated.
    ns: "conn-man:explorer"
[1658132039158] INFO  (ext): Connection explorer changed. Will be updated.
    ns: "conn-man:explorer"
[1658132039158] INFO  (ext): Connection explorer changed. Will be updated.
    ns: "conn-man:explorer"
[1658132039159] INFO  (ext): Connection explorer changed. Will be updated.
    ns: "conn-man:explorer"
[1658132219029] INFO  (ext): Connection explorer changed. Will be updated.
    ns: "conn-man:explorer"
[1658132219201] INFO  (ext): Connection explorer changed. Will be updated.
    ns: "conn-man:explorer"
[1658132219203] INFO  (ext): Connection explorer changed. Will be updated.
    ns: "conn-man:explorer"
[1658132219210] INFO  (ext): Connection explorer changed. Will be updated.
    ns: "conn-man:explorer"
[1658132219216] INFO  (ext): Connection explorer changed. Will be updated.
    ns: "conn-man:explorer"
[1658132219216] INFO  (ext): Connection explorer changed. Will be updated.
    ns: "conn-man:explorer"
[1658132219228] INFO  (ext): Connection explorer changed. Will be updated.
    ns: "conn-man:explorer"
[1658132399056] INFO  (ext): Connection explorer changed. Will be updated.
    ns: "conn-man:explorer"
[1658132399219] INFO  (ext): Connection explorer changed. Will be updated.
    ns: "conn-man:explorer"
[1658132399338] INFO  (ext): Connection explorer changed. Will be updated.
    ns: "conn-man:explorer"
[1658132399348] INFO  (ext): Connection explorer changed. Will be updated.
    ns: "conn-man:explorer"
[1658132399354] INFO  (ext): Connection explorer changed. Will be updated.
    ns: "conn-man:explorer"
[1658132399355] INFO  (ext): Connection explorer changed. Will be updated.
    ns: "conn-man:explorer"
[1658132399368] INFO  (ext): Connection explorer changed. Will be updated.
    ns: "conn-man:explorer"
[1658132579105] INFO  (ext): Connection explorer changed. Will be updated.
    ns: "conn-man:explorer"
[1658132579295] INFO  (ext): Connection explorer changed. Will be updated.
    ns: "conn-man:explorer"
[1658132579421] INFO  (ext): Connection explorer changed. Will be updated.
    ns: "conn-man:explorer"
[1658132579429] INFO  (ext): Connection explorer changed. Will be updated.
    ns: "conn-man:explorer"
[1658132579440] INFO  (ext): Connection explorer changed. Will be updated.
    ns: "conn-man:explorer"
[1658132579441] INFO  (ext): Connection explorer changed. Will be updated.
    ns: "conn-man:explorer"
[1658132579447] INFO  (ext): Connection explorer changed. Will be updated.
    ns: "conn-man:explorer"
[1658132759198] INFO  (ext): Connection explorer changed. Will be updated.
    ns: "conn-man:explorer"
[1658132759366] INFO  (ext): Connection explorer changed. Will be updated.
    ns: "conn-man:explorer"
[1658132759479] INFO  (ext): Connection explorer changed. Will be updated.
    ns: "conn-man:explorer"
[1658132759486] INFO  (ext): Connection explorer changed. Will be updated.
    ns: "conn-man:explorer"
[1658132759492] INFO  (ext): Connection explorer changed. Will be updated.
    ns: "conn-man:explorer"
[1658132759493] INFO  (ext): Connection explorer changed. Will be updated.
    ns: "conn-man:explorer"
[1658132759584] INFO  (ext): Connection explorer changed. Will be updated.
    ns: "conn-man:explorer"
[1658132939269] INFO  (ext): Connection explorer changed. Will be updated.
    ns: "conn-man:explorer"
[1658132939451] INFO  (ext): Connection explorer changed. Will be updated.
    ns: "conn-man:explorer"
[1658132939563] INFO  (ext): Connection explorer changed. Will be updated.
    ns: "conn-man:explorer"
[1658132939570] INFO  (ext): Connection explorer changed. Will be updated.
    ns: "conn-man:explorer"
[1658132939589] INFO  (ext): Connection explorer changed. Will be updated.
    ns: "conn-man:explorer"
[1658132939589] INFO  (ext): Connection explorer changed. Will be updated.
    ns: "conn-man:explorer"
[1658132939684] INFO  (ext): Connection explorer changed. Will be updated.
    ns: "conn-man:explorer"
[1658133119327] INFO  (ext): Connection explorer changed. Will be updated.
    ns: "conn-man:explorer"
[1658133119521] INFO  (ext): Connection explorer changed. Will be updated.
    ns: "conn-man:explorer"
[1658133119648] INFO  (ext): Connection explorer changed. Will be updated.
    ns: "conn-man:explorer"
[1658133119654] INFO  (ext): Connection explorer changed. Will be updated.
    ns: "conn-man:explorer"
[1658133119660] INFO  (ext): Connection explorer changed. Will be updated.
    ns: "conn-man:explorer"
[1658133119660] INFO  (ext): Connection explorer changed. Will be updated.
    ns: "conn-man:explorer"
[1658133119758] INFO  (ext): Connection explorer changed. Will be updated.
    ns: "conn-man:explorer"
[1658133299403] INFO  (ext): Connection explorer changed. Will be updated.
    ns: "conn-man:explorer"
[1658133299571] INFO  (ext): Connection explorer changed. Will be updated.
    ns: "conn-man:explorer"
[1658133299705] INFO  (ext): Connection explorer changed. Will be updated.
    ns: "conn-man:explorer"
[1658133299712] INFO  (ext): Connection explorer changed. Will be updated.
    ns: "conn-man:explorer"
[1658133299718] INFO  (ext): Connection explorer changed. Will be updated.
    ns: "conn-man:explorer"
[1658133299718] INFO  (ext): Connection explorer changed. Will be updated.
    ns: "conn-man:explorer"
[1658133299809] INFO  (ext): Connection explorer changed. Will be updated.
    ns: "conn-man:explorer"
[1658133479463] INFO  (ext): Connection explorer changed. Will be updated.
    ns: "conn-man:explorer"
[1658133479621] INFO  (ext): Connection explorer changed. Will be updated.
    ns: "conn-man:explorer"
[1658133479770] INFO  (ext): Connection explorer changed. Will be updated.
    ns: "conn-man:explorer"
[1658133479778] INFO  (ext): Connection explorer changed. Will be updated.
    ns: "conn-man:explorer"
[1658133479784] INFO  (ext): Connection explorer changed. Will be updated.
    ns: "conn-man:explorer"
[1658133479785] INFO  (ext): Connection explorer changed. Will be updated.
    ns: "conn-man:explorer"
[1658133479877] INFO  (ext): Connection explorer changed. Will be updated.
    ns: "conn-man:explorer"
[1658133659531] INFO  (ext): Connection explorer changed. Will be updated.
    ns: "conn-man:explorer"
[1658133659691] INFO  (ext): Connection explorer changed. Will be updated.
    ns: "conn-man:explorer"
[1658133659827] INFO  (ext): Connection explorer changed. Will be updated.
    ns: "conn-man:explorer"
[1658133659838] INFO  (ext): Connection explorer changed. Will be updated.
    ns: "conn-man:explorer"
[1658133659845] INFO  (ext): Connection explorer changed. Will be updated.
    ns: "conn-man:explorer"
[1658133659845] INFO  (ext): Connection explorer changed. Will be updated.
    ns: "conn-man:explorer"
[1658133659944] INFO  (ext): Connection explorer changed. Will be updated.
    ns: "conn-man:explorer"
[1658133839581] INFO  (ext): Connection explorer changed. Will be updated.
    ns: "conn-man:explorer"
[1658133839738] INFO  (ext): Connection explorer changed. Will be updated.
    ns: "conn-man:explorer"
[1658133839907] INFO  (ext): Connection explorer changed. Will be updated.
    ns: "conn-man:explorer"
[1658133839915] INFO  (ext): Connection explorer changed. Will be updated.
    ns: "conn-man:explorer"
[1658133839927] INFO  (ext): Connection explorer changed. Will be updated.
    ns: "conn-man:explorer"
[1658133839928] INFO  (ext): Connection explorer changed. Will be updated.
    ns: "conn-man:explorer"
[1658133840025] INFO  (ext): Connection explorer changed. Will be updated.
    ns: "conn-man:explorer"
[1658133964908] INFO  (ext): Connection explorer changed. Will be updated.
    ns: "conn-man:explorer"
[1658133996760] INFO  (ext): Connection explorer changed. Will be updated.
    ns: "conn-man:explorer"
[1658134019636] INFO  (ext): Connection explorer changed. Will be updated.
    ns: "conn-man:explorer"
[1658134019815] INFO  (ext): Connection explorer changed. Will be updated.
    ns: "conn-man:explorer"
[1658134019983] INFO  (ext): Connection explorer changed. Will be updated.
    ns: "conn-man:explorer"
[1658134019991] INFO  (ext): Connection explorer changed. Will be updated.
    ns: "conn-man:explorer"
[1658134020003] INFO  (ext): Connection explorer changed. Will be updated.
    ns: "conn-man:explorer"
[1658134020003] INFO  (ext): Connection explorer changed. Will be updated.
    ns: "conn-man:explorer"
[1658134020110] INFO  (ext): Connection explorer changed. Will be updated.
    ns: "conn-man:explorer"
[1658134199668] INFO  (ext): Connection explorer changed. Will be updated.
    ns: "conn-man:explorer"
[1658134199854] INFO  (ext): Connection explorer changed. Will be updated.
    ns: "conn-man:explorer"
[1658134200038] INFO  (ext): Connection explorer changed. Will be updated.
    ns: "conn-man:explorer"
[1658134200046] INFO  (ext): Connection explorer changed. Will be updated.
    ns: "conn-man:explorer"
[1658134200051] INFO  (ext): Connection explorer changed. Will be updated.
    ns: "conn-man:explorer"
[1658134200052] INFO  (ext): Connection explorer changed. Will be updated.
    ns: "conn-man:explorer"
[1658134200154] INFO  (ext): Connection explorer changed. Will be updated.
    ns: "conn-man:explorer"
[1658134242154] INFO  (ext): Connection explorer changed. Will be updated.
    ns: "conn-man:explorer"
[1658134379709] INFO  (ext): Connection explorer changed. Will be updated.
    ns: "conn-man:explorer"
[1658134379894] INFO  (ext): Connection explorer changed. Will be updated.
    ns: "conn-man:explorer"
[1658134380070] INFO  (ext): Connection explorer changed. Will be updated.
    ns: "conn-man:explorer"
[1658134380182] INFO  (ext): Connection explorer changed. Will be updated.
    ns: "conn-man:explorer"
[1658134380187] INFO  (ext): Connection explorer changed. Will be updated.
    ns: "conn-man:explorer"
[1658134380187] INFO  (ext): Connection explorer changed. Will be updated.
    ns: "conn-man:explorer"
[1658134380286] INFO  (ext): Connection explorer changed. Will be updated.
    ns: "conn-man:explorer"
[1658134559792] INFO  (ext): Connection explorer changed. Will be updated.
    ns: "conn-man:explorer"
[1658134559990] INFO  (ext): Connection explorer changed. Will be updated.
    ns: "conn-man:explorer"
[1658134560106] INFO  (ext): Connection explorer changed. Will be updated.
    ns: "conn-man:explorer"
[1658134560234] INFO  (ext): Connection explorer changed. Will be updated.
    ns: "conn-man:explorer"
[1658134560240] INFO  (ext): Connection explorer changed. Will be updated.
    ns: "conn-man:explorer"
[1658134560240] INFO  (ext): Connection explorer changed. Will be updated.
    ns: "conn-man:explorer"
[1658134560355] INFO  (ext): Connection explorer changed. Will be updated.
    ns: "conn-man:explorer"
[1658134740320] INFO  (ext): Connection explorer changed. Will be updated.
    ns: "conn-man:explorer"
[1658134740390] INFO  (ext): Connection explorer changed. Will be updated.
    ns: "conn-man:explorer"
[1658134740392] INFO  (ext): Connection explorer changed. Will be updated.
    ns: "conn-man:explorer"
[1658134740400] INFO  (ext): Connection explorer changed. Will be updated.
    ns: "conn-man:explorer"
[1658134740412] INFO  (ext): Connection explorer changed. Will be updated.
    ns: "conn-man:explorer"
[1658134740412] INFO  (ext): Connection explorer changed. Will be updated.
    ns: "conn-man:explorer"
[1658134741287] INFO  (ext): Connection explorer changed. Will be updated.
    ns: "conn-man:explorer"
[1658134921326] INFO  (ext): Connection explorer changed. Will be updated.
    ns: "conn-man:explorer"
[1658134921434] INFO  (ext): Connection explorer changed. Will be updated.
    ns: "conn-man:explorer"
[1658134921435] INFO  (ext): Connection explorer changed. Will be updated.
    ns: "conn-man:explorer"
[1658134921443] INFO  (ext): Connection explorer changed. Will be updated.
    ns: "conn-man:explorer"
[1658134921450] INFO  (ext): Connection explorer changed. Will be updated.
    ns: "conn-man:explorer"
[1658134921450] INFO  (ext): Connection explorer changed. Will be updated.
    ns: "conn-man:explorer"
[1658134922285] INFO  (ext): Connection explorer changed. Will be updated.
    ns: "conn-man:explorer"
[1658135102307] INFO  (ext): Connection explorer changed. Will be updated.
    ns: "conn-man:explorer"
[1658135102396] INFO  (ext): Connection explorer changed. Will be updated.
    ns: "conn-man:explorer"
[1658135102399] INFO  (ext): Connection explorer changed. Will be updated.
    ns: "conn-man:explorer"
[1658135102419] INFO  (ext): Connection explorer changed. Will be updated.
    ns: "conn-man:explorer"
[1658135102430] INFO  (ext): Connection explorer changed. Will be updated.
    ns: "conn-man:explorer"
[1658135102430] INFO  (ext): Connection explorer changed. Will be updated.
    ns: "conn-man:explorer"
[1658135103293] INFO  (ext): Connection explorer changed. Will be updated.
    ns: "conn-man:explorer"
[1658135283313] INFO  (ext): Connection explorer changed. Will be updated.
    ns: "conn-man:explorer"
[1658135283368] INFO  (ext): Connection explorer changed. Will be updated.
    ns: "conn-man:explorer"
[1658135283371] INFO  (ext): Connection explorer changed. Will be updated.
    ns: "conn-man:explorer"
[1658135283397] INFO  (ext): Connection explorer changed. Will be updated.
    ns: "conn-man:explorer"
[1658135283403] INFO  (ext): Connection explorer changed. Will be updated.
    ns: "conn-man:explorer"
[1658135283404] INFO  (ext): Connection explorer changed. Will be updated.
    ns: "conn-man:explorer"
[1658135284288] INFO  (ext): Connection explorer changed. Will be updated.
    ns: "conn-man:explorer"
[1658135464317] INFO  (ext): Connection explorer changed. Will be updated.
    ns: "conn-man:explorer"
[1658135464414] INFO  (ext): Connection explorer changed. Will be updated.
    ns: "conn-man:explorer"
[1658135464416] INFO  (ext): Connection explorer changed. Will be updated.
    ns: "conn-man:explorer"
[1658135464428] INFO  (ext): Connection explorer changed. Will be updated.
    ns: "conn-man:explorer"
[1658135464439] INFO  (ext): Connection explorer changed. Will be updated.
    ns: "conn-man:explorer"
[1658135464454] INFO  (ext): Connection explorer changed. Will be updated.
    ns: "conn-man:explorer"
[1658135465275] INFO  (ext): Connection explorer changed. Will be updated.
    ns: "conn-man:explorer"
[1658135645304] INFO  (ext): Connection explorer changed. Will be updated.
    ns: "conn-man:explorer"
[1658135645377] INFO  (ext): Connection explorer changed. Will be updated.
    ns: "conn-man:explorer"
[1658135645380] INFO  (ext): Connection explorer changed. Will be updated.
    ns: "conn-man:explorer"
[1658135645386] INFO  (ext): Connection explorer changed. Will be updated.
    ns: "conn-man:explorer"
[1658135645397] INFO  (ext): Connection explorer changed. Will be updated.
    ns: "conn-man:explorer"
[1658135645398] INFO  (ext): Connection explorer changed. Will be updated.
    ns: "conn-man:explorer"
[1658135646272] INFO  (ext): Connection explorer changed. Will be updated.
    ns: "conn-man:explorer"
[1658135826306] INFO  (ext): Connection explorer changed. Will be updated.
    ns: "conn-man:explorer"
[1658135826376] INFO  (ext): Connection explorer changed. Will be updated.
    ns: "conn-man:explorer"
[1658135826378] INFO  (ext): Connection explorer changed. Will be updated.
    ns: "conn-man:explorer"
[1658135826385] INFO  (ext): Connection explorer changed. Will be updated.
    ns: "conn-man:explorer"
[1658135826398] INFO  (ext): Connection explorer changed. Will be updated.
    ns: "conn-man:explorer"
[1658135826399] INFO  (ext): Connection explorer changed. Will be updated.
    ns: "conn-man:explorer"
[1658135827277] INFO  (ext): Connection explorer changed. Will be updated.
    ns: "conn-man:explorer"
[1658136007298] INFO  (ext): Connection explorer changed. Will be updated.
    ns: "conn-man:explorer"
[1658136007378] INFO  (ext): Connection explorer changed. Will be updated.
    ns: "conn-man:explorer"
[1658136007381] INFO  (ext): Connection explorer changed. Will be updated.
    ns: "conn-man:explorer"
[1658136007391] INFO  (ext): Connection explorer changed. Will be updated.
    ns: "conn-man:explorer"
[1658136007399] INFO  (ext): Connection explorer changed. Will be updated.
    ns: "conn-man:explorer"
[1658136007413] INFO  (ext): Connection explorer changed. Will be updated.
    ns: "conn-man:explorer"
[1658136008276] INFO  (ext): Connection explorer changed. Will be updated.
    ns: "conn-man:explorer"
[1658136188301] INFO  (ext): Connection explorer changed. Will be updated.
    ns: "conn-man:explorer"
[1658136188391] INFO  (ext): Connection explorer changed. Will be updated.
    ns: "conn-man:explorer"
[1658136188394] INFO  (ext): Connection explorer changed. Will be updated.
    ns: "conn-man:explorer"
[1658136188404] INFO  (ext): Connection explorer changed. Will be updated.
    ns: "conn-man:explorer"
[1658136188412] INFO  (ext): Connection explorer changed. Will be updated.
    ns: "conn-man:explorer"
[1658136188412] INFO  (ext): Connection explorer changed. Will be updated.
    ns: "conn-man:explorer"
[1658136189290] INFO  (ext): Connection explorer changed. Will be updated.
    ns: "conn-man:explorer"
[1658136369335] INFO  (ext): Connection explorer changed. Will be updated.
    ns: "conn-man:explorer"
[1658136369456] INFO  (ext): Connection explorer changed. Will be updated.
    ns: "conn-man:explorer"
[1658136369459] INFO  (ext): Connection explorer changed. Will be updated.
    ns: "conn-man:explorer"
[1658136369471] INFO  (ext): Connection explorer changed. Will be updated.
    ns: "conn-man:explorer"
[1658136369479] INFO  (ext): Connection explorer changed. Will be updated.
    ns: "conn-man:explorer"
[1658136369495] INFO  (ext): Connection explorer changed. Will be updated.
    ns: "conn-man:explorer"
[1658136370276] INFO  (ext): Connection explorer changed. Will be updated.
    ns: "conn-man:explorer"
[1658136550312] INFO  (ext): Connection explorer changed. Will be updated.
    ns: "conn-man:explorer"
[1658136550382] INFO  (ext): Connection explorer changed. Will be updated.
    ns: "conn-man:explorer"
[1658136550384] INFO  (ext): Connection explorer changed. Will be updated.
    ns: "conn-man:explorer"
[1658136550394] INFO  (ext): Connection explorer changed. Will be updated.
    ns: "conn-man:explorer"
[1658136550401] INFO  (ext): Connection explorer changed. Will be updated.
    ns: "conn-man:explorer"
[1658136550416] INFO  (ext): Connection explorer changed. Will be updated.
    ns: "conn-man:explorer"
[1658136551273] INFO  (ext): Connection explorer changed. Will be updated.
    ns: "conn-man:explorer"
[1658136731299] INFO  (ext): Connection explorer changed. Will be updated.
    ns: "conn-man:explorer"
[1658136731372] INFO  (ext): Connection explorer changed. Will be updated.
    ns: "conn-man:explorer"
[1658136731374] INFO  (ext): Connection explorer changed. Will be updated.
    ns: "conn-man:explorer"
[1658136731382] INFO  (ext): Connection explorer changed. Will be updated.
    ns: "conn-man:explorer"
[1658136731395] INFO  (ext): Connection explorer changed. Will be updated.
    ns: "conn-man:explorer"
[1658136731395] INFO  (ext): Connection explorer changed. Will be updated.
    ns: "conn-man:explorer"
[1658136732288] INFO  (ext): Connection explorer changed. Will be updated.
    ns: "conn-man:explorer"
[1658136912298] INFO  (ext): Connection explorer changed. Will be updated.
    ns: "conn-man:explorer"
[1658136912368] INFO  (ext): Connection explorer changed. Will be updated.
    ns: "conn-man:explorer"
[1658136912370] INFO  (ext): Connection explorer changed. Will be updated.
    ns: "conn-man:explorer"
[1658136912377] INFO  (ext): Connection explorer changed. Will be updated.
    ns: "conn-man:explorer"
[1658136912399] INFO  (ext): Connection explorer changed. Will be updated.
    ns: "conn-man:explorer"
[1658136912400] INFO  (ext): Connection explorer changed. Will be updated.
    ns: "conn-man:explorer"
[1658136913286] INFO  (ext): Connection explorer changed. Will be updated.
    ns: "conn-man:explorer"
[1658137092364] INFO  (ext): Connection explorer changed. Will be updated.
    ns: "conn-man:explorer"
[1658137092574] INFO  (ext): Connection explorer changed. Will be updated.
    ns: "conn-man:explorer"
[1658137092576] INFO  (ext): Connection explorer changed. Will be updated.
    ns: "conn-man:explorer"
[1658137092584] INFO  (ext): Connection explorer changed. Will be updated.
    ns: "conn-man:explorer"
[1658137092593] INFO  (ext): Connection explorer changed. Will be updated.
    ns: "conn-man:explorer"
[1658137092593] INFO  (ext): Connection explorer changed. Will be updated.
    ns: "conn-man:explorer"
[1658137093343] INFO  (ext): Connection explorer changed. Will be updated.
    ns: "conn-man:explorer"
[1658137272423] INFO  (ext): Connection explorer changed. Will be updated.
    ns: "conn-man:explorer"
[1658137272616] INFO  (ext): Connection explorer changed. Will be updated.
    ns: "conn-man:explorer"
[1658137272744] INFO  (ext): Connection explorer changed. Will be updated.
    ns: "conn-man:explorer"
[1658137272751] INFO  (ext): Connection explorer changed. Will be updated.
    ns: "conn-man:explorer"
[1658137272757] INFO  (ext): Connection explorer changed. Will be updated.
    ns: "conn-man:explorer"
[1658137272758] INFO  (ext): Connection explorer changed. Will be updated.
    ns: "conn-man:explorer"
[1658137273384] INFO  (ext): Connection explorer changed. Will be updated.
    ns: "conn-man:explorer"
[1658137452504] INFO  (ext): Connection explorer changed. Will be updated.
    ns: "conn-man:explorer"
[1658137452683] INFO  (ext): Connection explorer changed. Will be updated.
    ns: "conn-man:explorer"
[1658137452808] INFO  (ext): Connection explorer changed. Will be updated.
    ns: "conn-man:explorer"
[1658137452816] INFO  (ext): Connection explorer changed. Will be updated.
    ns: "conn-man:explorer"
[1658137452834] INFO  (ext): Connection explorer changed. Will be updated.
    ns: "conn-man:explorer"
[1658137452834] INFO  (ext): Connection explorer changed. Will be updated.
    ns: "conn-man:explorer"
[1658137453436] INFO  (ext): Connection explorer changed. Will be updated.
    ns: "conn-man:explorer"
[1658137632571] INFO  (ext): Connection explorer changed. Will be updated.
    ns: "conn-man:explorer"
[1658137632758] INFO  (ext): Connection explorer changed. Will be updated.
    ns: "conn-man:explorer"
[1658137632883] INFO  (ext): Connection explorer changed. Will be updated.
    ns: "conn-man:explorer"
[1658137632890] INFO  (ext): Connection explorer changed. Will be updated.
    ns: "conn-man:explorer"
[1658137632896] INFO  (ext): Connection explorer changed. Will be updated.
    ns: "conn-man:explorer"
[1658137632896] INFO  (ext): Connection explorer changed. Will be updated.
    ns: "conn-man:explorer"
[1658137633481] INFO  (ext): Connection explorer changed. Will be updated.
    ns: "conn-man:explorer"
[1658137812618] INFO  (ext): Connection explorer changed. Will be updated.
    ns: "conn-man:explorer"
[1658137812808] INFO  (ext): Connection explorer changed. Will be updated.
    ns: "conn-man:explorer"
[1658137812957] INFO  (ext): Connection explorer changed. Will be updated.
    ns: "conn-man:explorer"
[1658137812965] INFO  (ext): Connection explorer changed. Will be updated.
    ns: "conn-man:explorer"
[1658137812985] INFO  (ext): Connection explorer changed. Will be updated.
    ns: "conn-man:explorer"
[1658137812985] INFO  (ext): Connection explorer changed. Will be updated.
    ns: "conn-man:explorer"
[1658137813524] INFO  (ext): Connection explorer changed. Will be updated.
    ns: "conn-man:explorer"
[1658137968286] INFO  (ext): Connection explorer changed. Will be updated.
    ns: "conn-man:explorer"
[1658137992665] INFO  (ext): Connection explorer changed. Will be updated.
    ns: "conn-man:explorer"
[1658137992862] INFO  (ext): Connection explorer changed. Will be updated.
    ns: "conn-man:explorer"
[1658137993011] INFO  (ext): Connection explorer changed. Will be updated.
    ns: "conn-man:explorer"
[1658137993022] INFO  (ext): Connection explorer changed. Will be updated.
    ns: "conn-man:explorer"
[1658137993031] INFO  (ext): Connection explorer changed. Will be updated.
    ns: "conn-man:explorer"
[1658137993031] INFO  (ext): Connection explorer changed. Will be updated.
    ns: "conn-man:explorer"
[1658137993566] INFO  (ext): Connection explorer changed. Will be updated.
    ns: "conn-man:explorer"
[1658138172713] INFO  (ext): Connection explorer changed. Will be updated.
    ns: "conn-man:explorer"
[1658138172918] INFO  (ext): Connection explorer changed. Will be updated.
    ns: "conn-man:explorer"
[1658138173083] INFO  (ext): Connection explorer changed. Will be updated.
    ns: "conn-man:explorer"
[1658138173091] INFO  (ext): Connection explorer changed. Will be updated.
    ns: "conn-man:explorer"
[1658138173103] INFO  (ext): Connection explorer changed. Will be updated.
    ns: "conn-man:explorer"
[1658138173103] INFO  (ext): Connection explorer changed. Will be updated.
    ns: "conn-man:explorer"
[1658138173606] INFO  (ext): Connection explorer changed. Will be updated.
    ns: "conn-man:explorer"
[1658138352777] INFO  (ext): Connection explorer changed. Will be updated.
    ns: "conn-man:explorer"
[1658138352985] INFO  (ext): Connection explorer changed. Will be updated.
    ns: "conn-man:explorer"
[1658138353142] INFO  (ext): Connection explorer changed. Will be updated.
    ns: "conn-man:explorer"
[1658138353149] INFO  (ext): Connection explorer changed. Will be updated.
    ns: "conn-man:explorer"
[1658138353155] INFO  (ext): Connection explorer changed. Will be updated.
    ns: "conn-man:explorer"
[1658138353155] INFO  (ext): Connection explorer changed. Will be updated.
    ns: "conn-man:explorer"
[1658138353662] INFO  (ext): Connection explorer changed. Will be updated.
    ns: "conn-man:explorer"
[1658138532831] INFO  (ext): Connection explorer changed. Will be updated.
    ns: "conn-man:explorer"
[1658138533041] INFO  (ext): Connection explorer changed. Will be updated.
    ns: "conn-man:explorer"
[1658138533208] INFO  (ext): Connection explorer changed. Will be updated.
    ns: "conn-man:explorer"
[1658138533219] INFO  (ext): Connection explorer changed. Will be updated.
    ns: "conn-man:explorer"
[1658138533238] INFO  (ext): Connection explorer changed. Will be updated.
    ns: "conn-man:explorer"
[1658138533239] INFO  (ext): Connection explorer changed. Will be updated.
    ns: "conn-man:explorer"
[1658138533706] INFO  (ext): Connection explorer changed. Will be updated.
    ns: "conn-man:explorer"
[1658138712891] INFO  (ext): Connection explorer changed. Will be updated.
    ns: "conn-man:explorer"
[1658138713084] INFO  (ext): Connection explorer changed. Will be updated.
    ns: "conn-man:explorer"
[1658138713271] INFO  (ext): Connection explorer changed. Will be updated.
    ns: "conn-man:explorer"
[1658138713283] INFO  (ext): Connection explorer changed. Will be updated.
    ns: "conn-man:explorer"
[1658138713292] INFO  (ext): Connection explorer changed. Will be updated.
    ns: "conn-man:explorer"
[1658138713293] INFO  (ext): Connection explorer changed. Will be updated.
    ns: "conn-man:explorer"
[1658138713765] INFO  (ext): Connection explorer changed. Will be updated.
    ns: "conn-man:explorer"
[1658138892964] INFO  (ext): Connection explorer changed. Will be updated.
    ns: "conn-man:explorer"
[1658138893130] INFO  (ext): Connection explorer changed. Will be updated.
    ns: "conn-man:explorer"
[1658138893331] INFO  (ext): Connection explorer changed. Will be updated.
    ns: "conn-man:explorer"
[1658138893339] INFO  (ext): Connection explorer changed. Will be updated.
    ns: "conn-man:explorer"
[1658138893353] INFO  (ext): Connection explorer changed. Will be updated.
    ns: "conn-man:explorer"
[1658138893353] INFO  (ext): Connection explorer changed. Will be updated.
    ns: "conn-man:explorer"
[1658138893806] INFO  (ext): Connection explorer changed. Will be updated.
    ns: "conn-man:explorer"
[1658138983271] INFO  (ext): Connection explorer changed. Will be updated.
    ns: "conn-man:explorer"
[1658139016306] INFO  (ext): Connection explorer changed. Will be updated.
    ns: "conn-man:explorer"
[1658139073030] INFO  (ext): Connection explorer changed. Will be updated.
    ns: "conn-man:explorer"
[1658139073216] INFO  (ext): Connection explorer changed. Will be updated.
    ns: "conn-man:explorer"
[1658139073405] INFO  (ext): Connection explorer changed. Will be updated.
    ns: "conn-man:explorer"
[1658139073413] INFO  (ext): Connection explorer changed. Will be updated.
    ns: "conn-man:explorer"
[1658139073435] INFO  (ext): Connection explorer changed. Will be updated.
    ns: "conn-man:explorer"
[1658139073435] INFO  (ext): Connection explorer changed. Will be updated.
    ns: "conn-man:explorer"
[1658139073868] INFO  (ext): Connection explorer changed. Will be updated.
    ns: "conn-man:explorer"
[1658139253066] INFO  (ext): Connection explorer changed. Will be updated.
    ns: "conn-man:explorer"
[1658139253273] INFO  (ext): Connection explorer changed. Will be updated.
    ns: "conn-man:explorer"
[1658139253464] INFO  (ext): Connection explorer changed. Will be updated.
    ns: "conn-man:explorer"
[1658139253478] INFO  (ext): Connection explorer changed. Will be updated.
    ns: "conn-man:explorer"
[1658139253498] INFO  (ext): Connection explorer changed. Will be updated.
    ns: "conn-man:explorer"
[1658139253499] INFO  (ext): Connection explorer changed. Will be updated.
    ns: "conn-man:explorer"
[1658139253927] INFO  (ext): Connection explorer changed. Will be updated.
    ns: "conn-man:explorer"
[1658139433124] INFO  (ext): Connection explorer changed. Will be updated.
    ns: "conn-man:explorer"
[1658139433341] INFO  (ext): Connection explorer changed. Will be updated.
    ns: "conn-man:explorer"
[1658139433558] INFO  (ext): Connection explorer changed. Will be updated.
    ns: "conn-man:explorer"
[1658139433566] INFO  (ext): Connection explorer changed. Will be updated.
    ns: "conn-man:explorer"
[1658139433660] INFO  (ext): Connection explorer changed. Will be updated.
    ns: "conn-man:explorer"
[1658139433660] INFO  (ext): Connection explorer changed. Will be updated.
    ns: "conn-man:explorer"
[1658139433964] INFO  (ext): Connection explorer changed. Will be updated.
    ns: "conn-man:explorer"
[1658139613224] INFO  (ext): Connection explorer changed. Will be updated.
    ns: "conn-man:explorer"
[1658139613405] INFO  (ext): Connection explorer changed. Will be updated.
    ns: "conn-man:explorer"
[1658139613612] INFO  (ext): Connection explorer changed. Will be updated.
    ns: "conn-man:explorer"
[1658139613619] INFO  (ext): Connection explorer changed. Will be updated.
    ns: "conn-man:explorer"
[1658139613718] INFO  (ext): Connection explorer changed. Will be updated.
    ns: "conn-man:explorer"
[1658139613719] INFO  (ext): Connection explorer changed. Will be updated.
    ns: "conn-man:explorer"
[1658139614027] INFO  (ext): Connection explorer changed. Will be updated.
    ns: "conn-man:explorer"
[1658139793268] INFO  (ext): Connection explorer changed. Will be updated.
    ns: "conn-man:explorer"
[1658139793459] INFO  (ext): Connection explorer changed. Will be updated.
    ns: "conn-man:explorer"
[1658139793681] INFO  (ext): Connection explorer changed. Will be updated.
    ns: "conn-man:explorer"
[1658139793688] INFO  (ext): Connection explorer changed. Will be updated.
    ns: "conn-man:explorer"
[1658139793809] INFO  (ext): Connection explorer changed. Will be updated.
    ns: "conn-man:explorer"
[1658139793809] INFO  (ext): Connection explorer changed. Will be updated.
    ns: "conn-man:explorer"
[1658139794072] INFO  (ext): Connection explorer changed. Will be updated.
    ns: "conn-man:explorer"
[1658139973324] INFO  (ext): Connection explorer changed. Will be updated.
    ns: "conn-man:explorer"
[1658139973509] INFO  (ext): Connection explorer changed. Will be updated.
    ns: "conn-man:explorer"
[1658139973756] INFO  (ext): Connection explorer changed. Will be updated.
    ns: "conn-man:explorer"
[1658139973762] INFO  (ext): Connection explorer changed. Will be updated.
    ns: "conn-man:explorer"
[1658139973872] INFO  (ext): Connection explorer changed. Will be updated.
    ns: "conn-man:explorer"
[1658139973873] INFO  (ext): Connection explorer changed. Will be updated.
    ns: "conn-man:explorer"
[1658139974134] INFO  (ext): Connection explorer changed. Will be updated.
    ns: "conn-man:explorer"
[1658140153382] INFO  (ext): Connection explorer changed. Will be updated.
    ns: "conn-man:explorer"
[1658140153591] INFO  (ext): Connection explorer changed. Will be updated.
    ns: "conn-man:explorer"
[1658140153830] INFO  (ext): Connection explorer changed. Will be updated.
    ns: "conn-man:explorer"
[1658140153836] INFO  (ext): Connection explorer changed. Will be updated.
    ns: "conn-man:explorer"
[1658140153923] INFO  (ext): Connection explorer changed. Will be updated.
    ns: "conn-man:explorer"
[1658140153924] INFO  (ext): Connection explorer changed. Will be updated.
    ns: "conn-man:explorer"
[1658140154191] INFO  (ext): Connection explorer changed. Will be updated.
    ns: "conn-man:explorer"
[1658140333433] INFO  (ext): Connection explorer changed. Will be updated.
    ns: "conn-man:explorer"
[1658140333638] INFO  (ext): Connection explorer changed. Will be updated.
    ns: "conn-man:explorer"
[1658140333907] INFO  (ext): Connection explorer changed. Will be updated.
    ns: "conn-man:explorer"
[1658140333914] INFO  (ext): Connection explorer changed. Will be updated.
    ns: "conn-man:explorer"
[1658140334007] INFO  (ext): Connection explorer changed. Will be updated.
    ns: "conn-man:explorer"
[1658140334007] INFO  (ext): Connection explorer changed. Will be updated.
    ns: "conn-man:explorer"
[1658140334258] INFO  (ext): Connection explorer changed. Will be updated.
    ns: "conn-man:explorer"
[1658140513483] INFO  (ext): Connection explorer changed. Will be updated.
    ns: "conn-man:explorer"
[1658140513686] INFO  (ext): Connection explorer changed. Will be updated.
    ns: "conn-man:explorer"
[1658140513985] INFO  (ext): Connection explorer changed. Will be updated.
    ns: "conn-man:explorer"
[1658140513991] INFO  (ext): Connection explorer changed. Will be updated.
    ns: "conn-man:explorer"
[1658140514089] INFO  (ext): Connection explorer changed. Will be updated.
    ns: "conn-man:explorer"
[1658140514090] INFO  (ext): Connection explorer changed. Will be updated.
    ns: "conn-man:explorer"
[1658140514315] INFO  (ext): Connection explorer changed. Will be updated.
    ns: "conn-man:explorer"
[1658140693534] INFO  (ext): Connection explorer changed. Will be updated.
    ns: "conn-man:explorer"
[1658140693722] INFO  (ext): Connection explorer changed. Will be updated.
    ns: "conn-man:explorer"
[1658140694049] INFO  (ext): Connection explorer changed. Will be updated.
    ns: "conn-man:explorer"
[1658140694056] INFO  (ext): Connection explorer changed. Will be updated.
    ns: "conn-man:explorer"
[1658140694164] INFO  (ext): Connection explorer changed. Will be updated.
    ns: "conn-man:explorer"
[1658140694164] INFO  (ext): Connection explorer changed. Will be updated.
    ns: "conn-man:explorer"
[1658140694379] INFO  (ext): Connection explorer changed. Will be updated.
    ns: "conn-man:explorer"
[1658140873599] INFO  (ext): Connection explorer changed. Will be updated.
    ns: "conn-man:explorer"
[1658140873768] INFO  (ext): Connection explorer changed. Will be updated.
    ns: "conn-man:explorer"
[1658140874109] INFO  (ext): Connection explorer changed. Will be updated.
    ns: "conn-man:explorer"
[1658140874120] INFO  (ext): Connection explorer changed. Will be updated.
    ns: "conn-man:explorer"
[1658140874213] INFO  (ext): Connection explorer changed. Will be updated.
    ns: "conn-man:explorer"
[1658140874213] INFO  (ext): Connection explorer changed. Will be updated.
    ns: "conn-man:explorer"
[1658140874434] INFO  (ext): Connection explorer changed. Will be updated.
    ns: "conn-man:explorer"
[1658141053653] INFO  (ext): Connection explorer changed. Will be updated.
    ns: "conn-man:explorer"
[1658141053828] INFO  (ext): Connection explorer changed. Will be updated.
    ns: "conn-man:explorer"
[1658141054186] INFO  (ext): Connection explorer changed. Will be updated.
    ns: "conn-man:explorer"
[1658141054193] INFO  (ext): Connection explorer changed. Will be updated.
    ns: "conn-man:explorer"
[1658141054282] INFO  (ext): Connection explorer changed. Will be updated.
    ns: "conn-man:explorer"
[1658141054283] INFO  (ext): Connection explorer changed. Will be updated.
    ns: "conn-man:explorer"
[1658141054498] INFO  (ext): Connection explorer changed. Will be updated.
    ns: "conn-man:explorer"
[1658141233710] INFO  (ext): Connection explorer changed. Will be updated.
    ns: "conn-man:explorer"
[1658141233930] INFO  (ext): Connection explorer changed. Will be updated.
    ns: "conn-man:explorer"
[1658141234261] INFO  (ext): Connection explorer changed. Will be updated.
    ns: "conn-man:explorer"
[1658141234268] INFO  (ext): Connection explorer changed. Will be updated.
    ns: "conn-man:explorer"
[1658141234367] INFO  (ext): Connection explorer changed. Will be updated.
    ns: "conn-man:explorer"
[1658141234368] INFO  (ext): Connection explorer changed. Will be updated.
    ns: "conn-man:explorer"
[1658141234545] INFO  (ext): Connection explorer changed. Will be updated.
    ns: "conn-man:explorer"
[1658141413773] INFO  (ext): Connection explorer changed. Will be updated.
    ns: "conn-man:explorer"
[1658141413999] INFO  (ext): Connection explorer changed. Will be updated.
    ns: "conn-man:explorer"
[1658141414318] INFO  (ext): Connection explorer changed. Will be updated.
    ns: "conn-man:explorer"
[1658141414331] INFO  (ext): Connection explorer changed. Will be updated.
    ns: "conn-man:explorer"
[1658141414442] INFO  (ext): Connection explorer changed. Will be updated.
    ns: "conn-man:explorer"
[1658141414442] INFO  (ext): Connection explorer changed. Will be updated.
    ns: "conn-man:explorer"
[1658141414599] INFO  (ext): Connection explorer changed. Will be updated.
    ns: "conn-man:explorer"
[1658141593842] INFO  (ext): Connection explorer changed. Will be updated.
    ns: "conn-man:explorer"
[1658141594064] INFO  (ext): Connection explorer changed. Will be updated.
    ns: "conn-man:explorer"
[1658141594382] INFO  (ext): Connection explorer changed. Will be updated.
    ns: "conn-man:explorer"
[1658141594394] INFO  (ext): Connection explorer changed. Will be updated.
    ns: "conn-man:explorer"
[1658141594483] INFO  (ext): Connection explorer changed. Will be updated.
    ns: "conn-man:explorer"
[1658141594483] INFO  (ext): Connection explorer changed. Will be updated.
    ns: "conn-man:explorer"
[1658141594656] INFO  (ext): Connection explorer changed. Will be updated.
    ns: "conn-man:explorer"
[1658141773914] INFO  (ext): Connection explorer changed. Will be updated.
    ns: "conn-man:explorer"
[1658141774126] INFO  (ext): Connection explorer changed. Will be updated.
    ns: "conn-man:explorer"
[1658141774458] INFO  (ext): Connection explorer changed. Will be updated.
    ns: "conn-man:explorer"
[1658141774469] INFO  (ext): Connection explorer changed. Will be updated.
    ns: "conn-man:explorer"
[1658141774564] INFO  (ext): Connection explorer changed. Will be updated.
    ns: "conn-man:explorer"
[1658141774565] INFO  (ext): Connection explorer changed. Will be updated.
    ns: "conn-man:explorer"
[1658141774716] INFO  (ext): Connection explorer changed. Will be updated.
    ns: "conn-man:explorer"
[1658141953967] INFO  (ext): Connection explorer changed. Will be updated.
    ns: "conn-man:explorer"
[1658141954160] INFO  (ext): Connection explorer changed. Will be updated.
    ns: "conn-man:explorer"
[1658141954494] INFO  (ext): Connection explorer changed. Will be updated.
    ns: "conn-man:explorer"
[1658141954611] INFO  (ext): Connection explorer changed. Will be updated.
    ns: "conn-man:explorer"
[1658141954701] INFO  (ext): Connection explorer changed. Will be updated.
    ns: "conn-man:explorer"
[1658141954702] INFO  (ext): Connection explorer changed. Will be updated.
    ns: "conn-man:explorer"
[1658141954793] INFO  (ext): Connection explorer changed. Will be updated.
    ns: "conn-man:explorer"
[1658142134026] INFO  (ext): Connection explorer changed. Will be updated.
    ns: "conn-man:explorer"
[1658142134206] INFO  (ext): Connection explorer changed. Will be updated.
    ns: "conn-man:explorer"
[1658142134550] INFO  (ext): Connection explorer changed. Will be updated.
    ns: "conn-man:explorer"
[1658142134672] INFO  (ext): Connection explorer changed. Will be updated.
    ns: "conn-man:explorer"
[1658142134755] INFO  (ext): Connection explorer changed. Will be updated.
    ns: "conn-man:explorer"
[1658142134755] INFO  (ext): Connection explorer changed. Will be updated.
    ns: "conn-man:explorer"
[1658142134842] INFO  (ext): Connection explorer changed. Will be updated.
    ns: "conn-man:explorer"
[1658142314099] INFO  (ext): Connection explorer changed. Will be updated.
    ns: "conn-man:explorer"
[1658142314278] INFO  (ext): Connection explorer changed. Will be updated.
    ns: "conn-man:explorer"
[1658142314606] INFO  (ext): Connection explorer changed. Will be updated.
    ns: "conn-man:explorer"
[1658142314723] INFO  (ext): Connection explorer changed. Will be updated.
    ns: "conn-man:explorer"
[1658142314840] INFO  (ext): Connection explorer changed. Will be updated.
    ns: "conn-man:explorer"
[1658142314841] INFO  (ext): Connection explorer changed. Will be updated.
    ns: "conn-man:explorer"
[1658142314935] INFO  (ext): Connection explorer changed. Will be updated.
    ns: "conn-man:explorer"
[1658142494159] INFO  (ext): Connection explorer changed. Will be updated.
    ns: "conn-man:explorer"
[1658142494326] INFO  (ext): Connection explorer changed. Will be updated.
    ns: "conn-man:explorer"
[1658142494648] INFO  (ext): Connection explorer changed. Will be updated.
    ns: "conn-man:explorer"
[1658142494782] INFO  (ext): Connection explorer changed. Will be updated.
    ns: "conn-man:explorer"
[1658142494889] INFO  (ext): Connection explorer changed. Will be updated.
    ns: "conn-man:explorer"
[1658142494889] INFO  (ext): Connection explorer changed. Will be updated.
    ns: "conn-man:explorer"
[1658142494978] INFO  (ext): Connection explorer changed. Will be updated.
    ns: "conn-man:explorer"
[1658142674221] INFO  (ext): Connection explorer changed. Will be updated.
    ns: "conn-man:explorer"
[1658142674401] INFO  (ext): Connection explorer changed. Will be updated.
    ns: "conn-man:explorer"
[1658142674705] INFO  (ext): Connection explorer changed. Will be updated.
    ns: "conn-man:explorer"
[1658142674835] INFO  (ext): Connection explorer changed. Will be updated.
    ns: "conn-man:explorer"
[1658142674929] INFO  (ext): Connection explorer changed. Will be updated.
    ns: "conn-man:explorer"
[1658142674929] INFO  (ext): Connection explorer changed. Will be updated.
    ns: "conn-man:explorer"
[1658142675024] INFO  (ext): Connection explorer changed. Will be updated.
    ns: "conn-man:explorer"
[1658142854301] INFO  (ext): Connection explorer changed. Will be updated.
    ns: "conn-man:explorer"
[1658142854460] INFO  (ext): Connection explorer changed. Will be updated.
    ns: "conn-man:explorer"
[1658142854764] INFO  (ext): Connection explorer changed. Will be updated.
    ns: "conn-man:explorer"
[1658142854889] INFO  (ext): Connection explorer changed. Will be updated.
    ns: "conn-man:explorer"
[1658142854986] INFO  (ext): Connection explorer changed. Will be updated.
    ns: "conn-man:explorer"
[1658142854986] INFO  (ext): Connection explorer changed. Will be updated.
    ns: "conn-man:explorer"
[1658142855076] INFO  (ext): Connection explorer changed. Will be updated.
    ns: "conn-man:explorer"
[1658143034370] INFO  (ext): Connection explorer changed. Will be updated.
    ns: "conn-man:explorer"
[1658143034552] INFO  (ext): Connection explorer changed. Will be updated.
    ns: "conn-man:explorer"
[1658143034815] INFO  (ext): Connection explorer changed. Will be updated.
    ns: "conn-man:explorer"
[1658143034940] INFO  (ext): Connection explorer changed. Will be updated.
    ns: "conn-man:explorer"
[1658143035043] INFO  (ext): Connection explorer changed. Will be updated.
    ns: "conn-man:explorer"
[1658143035043] INFO  (ext): Connection explorer changed. Will be updated.
    ns: "conn-man:explorer"
[1658143035150] INFO  (ext): Connection explorer changed. Will be updated.
    ns: "conn-man:explorer"
[1658143214437] INFO  (ext): Connection explorer changed. Will be updated.
    ns: "conn-man:explorer"
[1658143214595] INFO  (ext): Connection explorer changed. Will be updated.
    ns: "conn-man:explorer"
[1658143214870] INFO  (ext): Connection explorer changed. Will be updated.
    ns: "conn-man:explorer"
[1658143214995] INFO  (ext): Connection explorer changed. Will be updated.
    ns: "conn-man:explorer"
[1658143215090] INFO  (ext): Connection explorer changed. Will be updated.
    ns: "conn-man:explorer"
[1658143215091] INFO  (ext): Connection explorer changed. Will be updated.
    ns: "conn-man:explorer"
[1658143215186] INFO  (ext): Connection explorer changed. Will be updated.
    ns: "conn-man:explorer"
[1658143394499] INFO  (ext): Connection explorer changed. Will be updated.
    ns: "conn-man:explorer"
[1658143394679] INFO  (ext): Connection explorer changed. Will be updated.
    ns: "conn-man:explorer"
[1658143394926] INFO  (ext): Connection explorer changed. Will be updated.
    ns: "conn-man:explorer"
[1658143395051] INFO  (ext): Connection explorer changed. Will be updated.
    ns: "conn-man:explorer"
[1658143395163] INFO  (ext): Connection explorer changed. Will be updated.
    ns: "conn-man:explorer"
[1658143395163] INFO  (ext): Connection explorer changed. Will be updated.
    ns: "conn-man:explorer"
[1658143395263] INFO  (ext): Connection explorer changed. Will be updated.
    ns: "conn-man:explorer"
[1658143574557] INFO  (ext): Connection explorer changed. Will be updated.
    ns: "conn-man:explorer"
[1658143574727] INFO  (ext): Connection explorer changed. Will be updated.
    ns: "conn-man:explorer"
[1658143574979] INFO  (ext): Connection explorer changed. Will be updated.
    ns: "conn-man:explorer"
[1658143575102] INFO  (ext): Connection explorer changed. Will be updated.
    ns: "conn-man:explorer"
[1658143575197] INFO  (ext): Connection explorer changed. Will be updated.
    ns: "conn-man:explorer"
[1658143575197] INFO  (ext): Connection explorer changed. Will be updated.
    ns: "conn-man:explorer"
[1658143575298] INFO  (ext): Connection explorer changed. Will be updated.
    ns: "conn-man:explorer"
[1658143754618] INFO  (ext): Connection explorer changed. Will be updated.
    ns: "conn-man:explorer"
[1658143754807] INFO  (ext): Connection explorer changed. Will be updated.
    ns: "conn-man:explorer"
[1658143755032] INFO  (ext): Connection explorer changed. Will be updated.
    ns: "conn-man:explorer"
[1658143755156] INFO  (ext): Connection explorer changed. Will be updated.
    ns: "conn-man:explorer"
[1658143755252] INFO  (ext): Connection explorer changed. Will be updated.
    ns: "conn-man:explorer"
[1658143755252] INFO  (ext): Connection explorer changed. Will be updated.
    ns: "conn-man:explorer"
[1658143755345] INFO  (ext): Connection explorer changed. Will be updated.
    ns: "conn-man:explorer"
[1658143934685] INFO  (ext): Connection explorer changed. Will be updated.
    ns: "conn-man:explorer"
[1658143934856] INFO  (ext): Connection explorer changed. Will be updated.
    ns: "conn-man:explorer"
[1658143935086] INFO  (ext): Connection explorer changed. Will be updated.
    ns: "conn-man:explorer"
[1658143935212] INFO  (ext): Connection explorer changed. Will be updated.
    ns: "conn-man:explorer"
[1658143935334] INFO  (ext): Connection explorer changed. Will be updated.
    ns: "conn-man:explorer"
[1658143935334] INFO  (ext): Connection explorer changed. Will be updated.
    ns: "conn-man:explorer"
[1658143935423] INFO  (ext): Connection explorer changed. Will be updated.
    ns: "conn-man:explorer"
[1658144114753] INFO  (ext): Connection explorer changed. Will be updated.
    ns: "conn-man:explorer"
[1658144114931] INFO  (ext): Connection explorer changed. Will be updated.
    ns: "conn-man:explorer"
[1658144115144] INFO  (ext): Connection explorer changed. Will be updated.
    ns: "conn-man:explorer"
[1658144115263] INFO  (ext): Connection explorer changed. Will be updated.
    ns: "conn-man:explorer"
[1658144115382] INFO  (ext): Connection explorer changed. Will be updated.
    ns: "conn-man:explorer"
[1658144115382] INFO  (ext): Connection explorer changed. Will be updated.
    ns: "conn-man:explorer"
[1658144115483] INFO  (ext): Connection explorer changed. Will be updated.
    ns: "conn-man:explorer"
[1658144294820] INFO  (ext): Connection explorer changed. Will be updated.
    ns: "conn-man:explorer"
[1658144294982] INFO  (ext): Connection explorer changed. Will be updated.
    ns: "conn-man:explorer"
[1658144295203] INFO  (ext): Connection explorer changed. Will be updated.
    ns: "conn-man:explorer"
[1658144295325] INFO  (ext): Connection explorer changed. Will be updated.
    ns: "conn-man:explorer"
[1658144295448] INFO  (ext): Connection explorer changed. Will be updated.
    ns: "conn-man:explorer"
[1658144295448] INFO  (ext): Connection explorer changed. Will be updated.
    ns: "conn-man:explorer"
[1658144295542] INFO  (ext): Connection explorer changed. Will be updated.
    ns: "conn-man:explorer"
[1658144474892] INFO  (ext): Connection explorer changed. Will be updated.
    ns: "conn-man:explorer"
[1658144475054] INFO  (ext): Connection explorer changed. Will be updated.
    ns: "conn-man:explorer"
[1658144475261] INFO  (ext): Connection explorer changed. Will be updated.
    ns: "conn-man:explorer"
[1658144475372] INFO  (ext): Connection explorer changed. Will be updated.
    ns: "conn-man:explorer"
[1658144475484] INFO  (ext): Connection explorer changed. Will be updated.
    ns: "conn-man:explorer"
[1658144475484] INFO  (ext): Connection explorer changed. Will be updated.
    ns: "conn-man:explorer"
[1658144475579] INFO  (ext): Connection explorer changed. Will be updated.
    ns: "conn-man:explorer"
[1658144654942] INFO  (ext): Connection explorer changed. Will be updated.
    ns: "conn-man:explorer"
[1658144655123] INFO  (ext): Connection explorer changed. Will be updated.
    ns: "conn-man:explorer"
[1658144655318] INFO  (ext): Connection explorer changed. Will be updated.
    ns: "conn-man:explorer"
[1658144655426] INFO  (ext): Connection explorer changed. Will be updated.
    ns: "conn-man:explorer"
[1658144655517] INFO  (ext): Connection explorer changed. Will be updated.
    ns: "conn-man:explorer"
[1658144655517] INFO  (ext): Connection explorer changed. Will be updated.
    ns: "conn-man:explorer"
[1658144655614] INFO  (ext): Connection explorer changed. Will be updated.
    ns: "conn-man:explorer"
[1658144834994] INFO  (ext): Connection explorer changed. Will be updated.
    ns: "conn-man:explorer"
[1658144835178] INFO  (ext): Connection explorer changed. Will be updated.
    ns: "conn-man:explorer"
[1658144835373] INFO  (ext): Connection explorer changed. Will be updated.
    ns: "conn-man:explorer"
[1658144835488] INFO  (ext): Connection explorer changed. Will be updated.
    ns: "conn-man:explorer"
[1658144835615] INFO  (ext): Connection explorer changed. Will be updated.
    ns: "conn-man:explorer"
[1658144835615] INFO  (ext): Connection explorer changed. Will be updated.
    ns: "conn-man:explorer"
[1658144835706] INFO  (ext): Connection explorer changed. Will be updated.
    ns: "conn-man:explorer"
[1658145015049] INFO  (ext): Connection explorer changed. Will be updated.
    ns: "conn-man:explorer"
[1658145015240] INFO  (ext): Connection explorer changed. Will be updated.
    ns: "conn-man:explorer"
[1658145015430] INFO  (ext): Connection explorer changed. Will be updated.
    ns: "conn-man:explorer"
[1658145015545] INFO  (ext): Connection explorer changed. Will be updated.
    ns: "conn-man:explorer"
[1658145015654] INFO  (ext): Connection explorer changed. Will be updated.
    ns: "conn-man:explorer"
[1658145015654] INFO  (ext): Connection explorer changed. Will be updated.
    ns: "conn-man:explorer"
[1658145015762] INFO  (ext): Connection explorer changed. Will be updated.
    ns: "conn-man:explorer"
[1658145195113] INFO  (ext): Connection explorer changed. Will be updated.
    ns: "conn-man:explorer"
[1658145195285] INFO  (ext): Connection explorer changed. Will be updated.
    ns: "conn-man:explorer"
[1658145195485] INFO  (ext): Connection explorer changed. Will be updated.
    ns: "conn-man:explorer"
[1658145195601] INFO  (ext): Connection explorer changed. Will be updated.
    ns: "conn-man:explorer"
[1658145195712] INFO  (ext): Connection explorer changed. Will be updated.
    ns: "conn-man:explorer"
[1658145195712] INFO  (ext): Connection explorer changed. Will be updated.
    ns: "conn-man:explorer"
[1658145195799] INFO  (ext): Connection explorer changed. Will be updated.
    ns: "conn-man:explorer"
[1658145375174] INFO  (ext): Connection explorer changed. Will be updated.
    ns: "conn-man:explorer"
[1658145375360] INFO  (ext): Connection explorer changed. Will be updated.
    ns: "conn-man:explorer"
[1658145375528] INFO  (ext): Connection explorer changed. Will be updated.
    ns: "conn-man:explorer"
[1658145375650] INFO  (ext): Connection explorer changed. Will be updated.
    ns: "conn-man:explorer"
[1658145375747] INFO  (ext): Connection explorer changed. Will be updated.
    ns: "conn-man:explorer"
[1658145375747] INFO  (ext): Connection explorer changed. Will be updated.
    ns: "conn-man:explorer"
[1658145375838] INFO  (ext): Connection explorer changed. Will be updated.
    ns: "conn-man:explorer"
[1658145555240] INFO  (ext): Connection explorer changed. Will be updated.
    ns: "conn-man:explorer"
[1658145555407] INFO  (ext): Connection explorer changed. Will be updated.
    ns: "conn-man:explorer"
[1658145555568] INFO  (ext): Connection explorer changed. Will be updated.
    ns: "conn-man:explorer"
[1658145555709] INFO  (ext): Connection explorer changed. Will be updated.
    ns: "conn-man:explorer"
[1658145555796] INFO  (ext): Connection explorer changed. Will be updated.
    ns: "conn-man:explorer"
[1658145555797] INFO  (ext): Connection explorer changed. Will be updated.
    ns: "conn-man:explorer"
[1658145555882] INFO  (ext): Connection explorer changed. Will be updated.
    ns: "conn-man:explorer"
[1658145735297] INFO  (ext): Connection explorer changed. Will be updated.
    ns: "conn-man:explorer"
[1658145735475] INFO  (ext): Connection explorer changed. Will be updated.
    ns: "conn-man:explorer"
[1658145735606] INFO  (ext): Connection explorer changed. Will be updated.
    ns: "conn-man:explorer"
[1658145735761] INFO  (ext): Connection explorer changed. Will be updated.
    ns: "conn-man:explorer"
[1658145735882] INFO  (ext): Connection explorer changed. Will be updated.
    ns: "conn-man:explorer"
[1658145735883] INFO  (ext): Connection explorer changed. Will be updated.
    ns: "conn-man:explorer"
[1658145735975] INFO  (ext): Connection explorer changed. Will be updated.
    ns: "conn-man:explorer"
[1658145915366] INFO  (ext): Connection explorer changed. Will be updated.
    ns: "conn-man:explorer"
[1658145915530] INFO  (ext): Connection explorer changed. Will be updated.
    ns: "conn-man:explorer"
[1658145915640] INFO  (ext): Connection explorer changed. Will be updated.
    ns: "conn-man:explorer"
[1658145915832] INFO  (ext): Connection explorer changed. Will be updated.
    ns: "conn-man:explorer"
[1658145915916] INFO  (ext): Connection explorer changed. Will be updated.
    ns: "conn-man:explorer"
[1658145915916] INFO  (ext): Connection explorer changed. Will be updated.
    ns: "conn-man:explorer"
[1658145916010] INFO  (ext): Connection explorer changed. Will be updated.
    ns: "conn-man:explorer"
[1658145926220] INFO  (ext): Connection explorer changed. Will be updated.
    ns: "conn-man:explorer"
[1658145933170] INFO  (ext): Connection explorer changed. Will be updated.
    ns: "conn-man:explorer"
[1658146095429] INFO  (ext): Connection explorer changed. Will be updated.
    ns: "conn-man:explorer"
[1658146095611] INFO  (ext): Connection explorer changed. Will be updated.
    ns: "conn-man:explorer"
[1658146095711] INFO  (ext): Connection explorer changed. Will be updated.
    ns: "conn-man:explorer"
[1658146095884] INFO  (ext): Connection explorer changed. Will be updated.
    ns: "conn-man:explorer"
[1658146096028] INFO  (ext): Connection explorer changed. Will be updated.
    ns: "conn-man:explorer"
[1658146096029] INFO  (ext): Connection explorer changed. Will be updated.
    ns: "conn-man:explorer"
[1658146096123] INFO  (ext): Connection explorer changed. Will be updated.
    ns: "conn-man:explorer"
[1658146275487] INFO  (ext): Connection explorer changed. Will be updated.
    ns: "conn-man:explorer"
[1658146275658] INFO  (ext): Connection explorer changed. Will be updated.
    ns: "conn-man:explorer"
[1658146275753] INFO  (ext): Connection explorer changed. Will be updated.
    ns: "conn-man:explorer"
[1658146275961] INFO  (ext): Connection explorer changed. Will be updated.
    ns: "conn-man:explorer"
[1658146276063] INFO  (ext): Connection explorer changed. Will be updated.
    ns: "conn-man:explorer"
[1658146276064] INFO  (ext): Connection explorer changed. Will be updated.
    ns: "conn-man:explorer"
[1658146276162] INFO  (ext): Connection explorer changed. Will be updated.
    ns: "conn-man:explorer"
[1658146455553] INFO  (ext): Connection explorer changed. Will be updated.
    ns: "conn-man:explorer"
[1658146455737] INFO  (ext): Connection explorer changed. Will be updated.
    ns: "conn-man:explorer"
[1658146455843] INFO  (ext): Connection explorer changed. Will be updated.
    ns: "conn-man:explorer"
[1658146456042] INFO  (ext): Connection explorer changed. Will be updated.
    ns: "conn-man:explorer"
[1658146456142] INFO  (ext): Connection explorer changed. Will be updated.
    ns: "conn-man:explorer"
[1658146456143] INFO  (ext): Connection explorer changed. Will be updated.
    ns: "conn-man:explorer"
[1658146456240] INFO  (ext): Connection explorer changed. Will be updated.
    ns: "conn-man:explorer"
[1658146635617] INFO  (ext): Connection explorer changed. Will be updated.
    ns: "conn-man:explorer"
[1658146635784] INFO  (ext): Connection explorer changed. Will be updated.
    ns: "conn-man:explorer"
[1658146635886] INFO  (ext): Connection explorer changed. Will be updated.
    ns: "conn-man:explorer"
[1658146636119] INFO  (ext): Connection explorer changed. Will be updated.
    ns: "conn-man:explorer"
[1658146636227] INFO  (ext): Connection explorer changed. Will be updated.
    ns: "conn-man:explorer"
[1658146636228] INFO  (ext): Connection explorer changed. Will be updated.
    ns: "conn-man:explorer"
[1658146636316] INFO  (ext): Connection explorer changed. Will be updated.
    ns: "conn-man:explorer"
[1658146815686] INFO  (ext): Connection explorer changed. Will be updated.
    ns: "conn-man:explorer"
[1658146815865] INFO  (ext): Connection explorer changed. Will be updated.
    ns: "conn-man:explorer"
[1658146815960] INFO  (ext): Connection explorer changed. Will be updated.
    ns: "conn-man:explorer"
[1658146816174] INFO  (ext): Connection explorer changed. Will be updated.
    ns: "conn-man:explorer"
[1658146816261] INFO  (ext): Connection explorer changed. Will be updated.
    ns: "conn-man:explorer"
[1658146816262] INFO  (ext): Connection explorer changed. Will be updated.
    ns: "conn-man:explorer"
[1658146816351] INFO  (ext): Connection explorer changed. Will be updated.
    ns: "conn-man:explorer"
[1658146995748] INFO  (ext): Connection explorer changed. Will be updated.
    ns: "conn-man:explorer"
[1658146995931] INFO  (ext): Connection explorer changed. Will be updated.
    ns: "conn-man:explorer"
[1658146996031] INFO  (ext): Connection explorer changed. Will be updated.
    ns: "conn-man:explorer"
[1658146996250] INFO  (ext): Connection explorer changed. Will be updated.
    ns: "conn-man:explorer"
[1658146996346] INFO  (ext): Connection explorer changed. Will be updated.
    ns: "conn-man:explorer"
[1658146996346] INFO  (ext): Connection explorer changed. Will be updated.
    ns: "conn-man:explorer"
[1658146996452] INFO  (ext): Connection explorer changed. Will be updated.
    ns: "conn-man:explorer"
[1658147175820] INFO  (ext): Connection explorer changed. Will be updated.
    ns: "conn-man:explorer"
[1658147175987] INFO  (ext): Connection explorer changed. Will be updated.
    ns: "conn-man:explorer"
[1658147176081] INFO  (ext): Connection explorer changed. Will be updated.
    ns: "conn-man:explorer"
[1658147176323] INFO  (ext): Connection explorer changed. Will be updated.
    ns: "conn-man:explorer"
[1658147176449] INFO  (ext): Connection explorer changed. Will be updated.
    ns: "conn-man:explorer"
[1658147176450] INFO  (ext): Connection explorer changed. Will be updated.
    ns: "conn-man:explorer"
[1658147176536] INFO  (ext): Connection explorer changed. Will be updated.
    ns: "conn-man:explorer"
[1658147355890] INFO  (ext): Connection explorer changed. Will be updated.
    ns: "conn-man:explorer"
[1658147356062] INFO  (ext): Connection explorer changed. Will be updated.
    ns: "conn-man:explorer"
[1658147356167] INFO  (ext): Connection explorer changed. Will be updated.
    ns: "conn-man:explorer"
[1658147356411] INFO  (ext): Connection explorer changed. Will be updated.
    ns: "conn-man:explorer"
[1658147356511] INFO  (ext): Connection explorer changed. Will be updated.
    ns: "conn-man:explorer"
[1658147356512] INFO  (ext): Connection explorer changed. Will be updated.
    ns: "conn-man:explorer"
[1658147356610] INFO  (ext): Connection explorer changed. Will be updated.
    ns: "conn-man:explorer"
[1658147535959] INFO  (ext): Connection explorer changed. Will be updated.
    ns: "conn-man:explorer"
[1658147536125] INFO  (ext): Connection explorer changed. Will be updated.
    ns: "conn-man:explorer"
[1658147536222] INFO  (ext): Connection explorer changed. Will be updated.
    ns: "conn-man:explorer"
[1658147536481] INFO  (ext): Connection explorer changed. Will be updated.
    ns: "conn-man:explorer"
[1658147536567] INFO  (ext): Connection explorer changed. Will be updated.
    ns: "conn-man:explorer"
[1658147536568] INFO  (ext): Connection explorer changed. Will be updated.
    ns: "conn-man:explorer"
[1658147536658] INFO  (ext): Connection explorer changed. Will be updated.
    ns: "conn-man:explorer"
[1658147716023] INFO  (ext): Connection explorer changed. Will be updated.
    ns: "conn-man:explorer"
[1658147716208] INFO  (ext): Connection explorer changed. Will be updated.
    ns: "conn-man:explorer"
[1658147716313] INFO  (ext): Connection explorer changed. Will be updated.
    ns: "conn-man:explorer"
[1658147716553] INFO  (ext): Connection explorer changed. Will be updated.
    ns: "conn-man:explorer"
[1658147716681] INFO  (ext): Connection explorer changed. Will be updated.
    ns: "conn-man:explorer"
[1658147716681] INFO  (ext): Connection explorer changed. Will be updated.
    ns: "conn-man:explorer"
[1658147716781] INFO  (ext): Connection explorer changed. Will be updated.
    ns: "conn-man:explorer"
[1658147896093] INFO  (ext): Connection explorer changed. Will be updated.
    ns: "conn-man:explorer"
[1658147896256] INFO  (ext): Connection explorer changed. Will be updated.
    ns: "conn-man:explorer"
[1658147896354] INFO  (ext): Connection explorer changed. Will be updated.
    ns: "conn-man:explorer"
[1658147896632] INFO  (ext): Connection explorer changed. Will be updated.
    ns: "conn-man:explorer"
[1658147896725] INFO  (ext): Connection explorer changed. Will be updated.
    ns: "conn-man:explorer"
[1658147896725] INFO  (ext): Connection explorer changed. Will be updated.
    ns: "conn-man:explorer"
[1658147896815] INFO  (ext): Connection explorer changed. Will be updated.
    ns: "conn-man:explorer"
[1658148076160] INFO  (ext): Connection explorer changed. Will be updated.
    ns: "conn-man:explorer"
[1658148076342] INFO  (ext): Connection explorer changed. Will be updated.
    ns: "conn-man:explorer"
[1658148076447] INFO  (ext): Connection explorer changed. Will be updated.
    ns: "conn-man:explorer"
[1658148076704] INFO  (ext): Connection explorer changed. Will be updated.
    ns: "conn-man:explorer"
[1658148076803] INFO  (ext): Connection explorer changed. Will be updated.
    ns: "conn-man:explorer"
[1658148076804] INFO  (ext): Connection explorer changed. Will be updated.
    ns: "conn-man:explorer"
[1658148076897] INFO  (ext): Connection explorer changed. Will be updated.
    ns: "conn-man:explorer"
[1658148256225] INFO  (ext): Connection explorer changed. Will be updated.
    ns: "conn-man:explorer"
[1658148256389] INFO  (ext): Connection explorer changed. Will be updated.
    ns: "conn-man:explorer"
[1658148256488] INFO  (ext): Connection explorer changed. Will be updated.
    ns: "conn-man:explorer"
[1658148256785] INFO  (ext): Connection explorer changed. Will be updated.
    ns: "conn-man:explorer"
[1658148256898] INFO  (ext): Connection explorer changed. Will be updated.
    ns: "conn-man:explorer"
[1658148256898] INFO  (ext): Connection explorer changed. Will be updated.
    ns: "conn-man:explorer"
[1658148256985] INFO  (ext): Connection explorer changed. Will be updated.
    ns: "conn-man:explorer"
[1658148436296] INFO  (ext): Connection explorer changed. Will be updated.
    ns: "conn-man:explorer"
[1658148436487] INFO  (ext): Connection explorer changed. Will be updated.
    ns: "conn-man:explorer"
[1658148436587] INFO  (ext): Connection explorer changed. Will be updated.
    ns: "conn-man:explorer"
[1658148436861] INFO  (ext): Connection explorer changed. Will be updated.
    ns: "conn-man:explorer"
[1658148436972] INFO  (ext): Connection explorer changed. Will be updated.
    ns: "conn-man:explorer"
[1658148436972] INFO  (ext): Connection explorer changed. Will be updated.
    ns: "conn-man:explorer"
[1658148437062] INFO  (ext): Connection explorer changed. Will be updated.
    ns: "conn-man:explorer"
[1658148616359] INFO  (ext): Connection explorer changed. Will be updated.
    ns: "conn-man:explorer"
[1658148616528] INFO  (ext): Connection explorer changed. Will be updated.
    ns: "conn-man:explorer"
[1658148616632] INFO  (ext): Connection explorer changed. Will be updated.
    ns: "conn-man:explorer"
[1658148616930] INFO  (ext): Connection explorer changed. Will be updated.
    ns: "conn-man:explorer"
[1658148617024] INFO  (ext): Connection explorer changed. Will be updated.
    ns: "conn-man:explorer"
[1658148617024] INFO  (ext): Connection explorer changed. Will be updated.
    ns: "conn-man:explorer"
[1658148617112] INFO  (ext): Connection explorer changed. Will be updated.
    ns: "conn-man:explorer"
[1658148796407] INFO  (ext): Connection explorer changed. Will be updated.
    ns: "conn-man:explorer"
[1658148796593] INFO  (ext): Connection explorer changed. Will be updated.
    ns: "conn-man:explorer"
[1658148796704] INFO  (ext): Connection explorer changed. Will be updated.
    ns: "conn-man:explorer"
[1658148797000] INFO  (ext): Connection explorer changed. Will be updated.
    ns: "conn-man:explorer"
[1658148797119] INFO  (ext): Connection explorer changed. Will be updated.
    ns: "conn-man:explorer"
[1658148797119] INFO  (ext): Connection explorer changed. Will be updated.
    ns: "conn-man:explorer"
[1658148797217] INFO  (ext): Connection explorer changed. Will be updated.
    ns: "conn-man:explorer"
[1658148976472] INFO  (ext): Connection explorer changed. Will be updated.
    ns: "conn-man:explorer"
[1658148976635] INFO  (ext): Connection explorer changed. Will be updated.
    ns: "conn-man:explorer"
[1658148976737] INFO  (ext): Connection explorer changed. Will be updated.
    ns: "conn-man:explorer"
[1658148977080] INFO  (ext): Connection explorer changed. Will be updated.
    ns: "conn-man:explorer"
[1658148977164] INFO  (ext): Connection explorer changed. Will be updated.
    ns: "conn-man:explorer"
[1658148977164] INFO  (ext): Connection explorer changed. Will be updated.
    ns: "conn-man:explorer"
[1658148977255] INFO  (ext): Connection explorer changed. Will be updated.
    ns: "conn-man:explorer"
[1658149156524] INFO  (ext): Connection explorer changed. Will be updated.
    ns: "conn-man:explorer"
[1658149156703] INFO  (ext): Connection explorer changed. Will be updated.
    ns: "conn-man:explorer"
[1658149156806] INFO  (ext): Connection explorer changed. Will be updated.
    ns: "conn-man:explorer"
[1658149157152] INFO  (ext): Connection explorer changed. Will be updated.
    ns: "conn-man:explorer"
[1658149157246] INFO  (ext): Connection explorer changed. Will be updated.
    ns: "conn-man:explorer"
[1658149157247] INFO  (ext): Connection explorer changed. Will be updated.
    ns: "conn-man:explorer"
[1658149157348] INFO  (ext): Connection explorer changed. Will be updated.
    ns: "conn-man:explorer"
[1658149336572] INFO  (ext): Connection explorer changed. Will be updated.
    ns: "conn-man:explorer"
[1658149336754] INFO  (ext): Connection explorer changed. Will be updated.
    ns: "conn-man:explorer"
[1658149336856] INFO  (ext): Connection explorer changed. Will be updated.
    ns: "conn-man:explorer"
[1658149337230] INFO  (ext): Connection explorer changed. Will be updated.
    ns: "conn-man:explorer"
[1658149337334] INFO  (ext): Connection explorer changed. Will be updated.
    ns: "conn-man:explorer"
[1658149337335] INFO  (ext): Connection explorer changed. Will be updated.
    ns: "conn-man:explorer"
[1658149337421] INFO  (ext): Connection explorer changed. Will be updated.
    ns: "conn-man:explorer"
[1658149516634] INFO  (ext): Connection explorer changed. Will be updated.
    ns: "conn-man:explorer"
[1658149516824] INFO  (ext): Connection explorer changed. Will be updated.
    ns: "conn-man:explorer"
[1658149516924] INFO  (ext): Connection explorer changed. Will be updated.
    ns: "conn-man:explorer"
[1658149517295] INFO  (ext): Connection explorer changed. Will be updated.
    ns: "conn-man:explorer"
[1658149517393] INFO  (ext): Connection explorer changed. Will be updated.
    ns: "conn-man:explorer"
[1658149517394] INFO  (ext): Connection explorer changed. Will be updated.
    ns: "conn-man:explorer"
[1658149517493] INFO  (ext): Connection explorer changed. Will be updated.
    ns: "conn-man:explorer"
[1658149696694] INFO  (ext): Connection explorer changed. Will be updated.
    ns: "conn-man:explorer"
[1658149696876] INFO  (ext): Connection explorer changed. Will be updated.
    ns: "conn-man:explorer"
[1658149696974] INFO  (ext): Connection explorer changed. Will be updated.
    ns: "conn-man:explorer"
[1658149697359] INFO  (ext): Connection explorer changed. Will be updated.
    ns: "conn-man:explorer"
[1658149697438] INFO  (ext): Connection explorer changed. Will be updated.
    ns: "conn-man:explorer"
[1658149697438] INFO  (ext): Connection explorer changed. Will be updated.
    ns: "conn-man:explorer"
[1658149697532] INFO  (ext): Connection explorer changed. Will be updated.
    ns: "conn-man:explorer"
[1658149876765] INFO  (ext): Connection explorer changed. Will be updated.
    ns: "conn-man:explorer"
[1658149876937] INFO  (ext): Connection explorer changed. Will be updated.
    ns: "conn-man:explorer"
[1658149877028] INFO  (ext): Connection explorer changed. Will be updated.
    ns: "conn-man:explorer"
[1658149877426] INFO  (ext): Connection explorer changed. Will be updated.
    ns: "conn-man:explorer"
[1658149877547] INFO  (ext): Connection explorer changed. Will be updated.
    ns: "conn-man:explorer"
[1658149877547] INFO  (ext): Connection explorer changed. Will be updated.
    ns: "conn-man:explorer"
[1658149877642] INFO  (ext): Connection explorer changed. Will be updated.
    ns: "conn-man:explorer"
