[2022-07-17T20:29:39.947Z] Log level: Info
[2022-07-17T20:29:39.947Z] [info] Validating found git in: git
[2022-07-17T20:29:40.003Z] [info] Using git 2.37.1 from git
[2022-07-17T20:29:40.040Z] > git rev-parse --show-toplevel [28ms]
[2022-07-17T20:29:40.061Z] > git rev-parse --git-dir --git-common-dir [12ms]
[2022-07-17T20:29:40.065Z] [info] Open repository: /home/bot/AAMeineSachen/FL3XX/BRIGHT-reporting
[2022-07-17T20:29:40.577Z] > git status -z -uall [496ms]
[2022-07-17T20:29:40.603Z] > git symbolic-ref --short HEAD [17ms]
[2022-07-17T20:29:40.639Z] > git check-ignore -v -z --stdin [4ms]
[2022-07-17T20:29:40.640Z] > git for-each-ref --format=%(refname)%00%(upstream:short)%00%(objectname)%00%(upstream:track)%00%(upstream:remotename)%00%(upstream:remoteref) refs/heads/psalah refs/remotes/psalah [27ms]
[2022-07-17T20:29:40.687Z] > git remote --verbose [26ms]
[2022-07-17T20:29:40.687Z] > git for-each-ref --sort -committerdate --format %(refname) %(objectname) %(*objectname) [36ms]
[2022-07-17T20:29:40.716Z] > git config --get commit.template [16ms]
[2022-07-17T20:29:40.763Z] > git status -z -uall [36ms]
[2022-07-17T20:29:40.773Z] > git show --textconv :app/etl/ps_etl.py [29ms]
[2022-07-17T20:29:40.773Z] > git ls-files --stage -- /home/bot/AAMeineSachen/FL3XX/BRIGHT-reporting/app/etl/ps_etl.py [19ms]
[2022-07-17T20:29:40.785Z] > git cat-file -s f01ff8279bda1a91387ab57ba8abccce4081ce8e [1ms]
[2022-07-17T20:29:40.785Z] > git symbolic-ref --short HEAD [12ms]
[2022-07-17T20:29:40.798Z] > git for-each-ref --format=%(refname)%00%(upstream:short)%00%(objectname)%00%(upstream:track)%00%(upstream:remotename)%00%(upstream:remoteref) refs/heads/psalah refs/remotes/psalah [4ms]
[2022-07-17T20:29:40.824Z] > git remote --verbose [4ms]
[2022-07-17T20:29:40.824Z] > git for-each-ref --sort -committerdate --format %(refname) %(objectname) %(*objectname) [15ms]
[2022-07-17T20:29:40.840Z] > git config --get commit.template [4ms]
[2022-07-17T20:29:41.256Z] > git fetch [1183ms]
[2022-07-17T20:29:41.256Z] Missing or invalid credentials.
Skip silent fetch commands
Missing or invalid credentials.
Skip silent fetch commands
remote: Unauthorized
fatal: Authentication failed for 'https://git.fl3xx.com/FL3XX/BRIGHT-reporting.git/'
[2022-07-17T20:29:41.725Z] > git ls-files --stage -- /home/bot/AAMeineSachen/FL3XX/BRIGHT-reporting/app/etl/ps_etl.py [6ms]
[2022-07-17T20:29:41.740Z] > git cat-file -s f01ff8279bda1a91387ab57ba8abccce4081ce8e [5ms]
[2022-07-17T20:29:41.759Z] > git show --textconv :app/etl/ps_etl.py [4ms]
[2022-07-17T20:29:49.251Z] > git status -z -uall [0ms]
[2022-07-17T20:29:49.263Z] > git symbolic-ref --short HEAD [0ms]
[2022-07-17T20:29:49.277Z] > git for-each-ref --format=%(refname)%00%(upstream:short)%00%(objectname)%00%(upstream:track)%00%(upstream:remotename)%00%(upstream:remoteref) refs/heads/psalah refs/remotes/psalah [2ms]
[2022-07-17T20:29:49.301Z] > git remote --verbose [0ms]
[2022-07-17T20:29:49.302Z] > git for-each-ref --sort -committerdate --format %(refname) %(objectname) %(*objectname) [13ms]
[2022-07-17T20:29:49.316Z] > git config --get commit.template [1ms]
[2022-07-17T20:30:25.457Z] > git show --textconv :app/etl/ps_etl.py [19ms]
[2022-07-17T20:30:25.458Z] > git ls-files --stage -- /home/bot/AAMeineSachen/FL3XX/BRIGHT-reporting/app/etl/ps_etl.py [3ms]
[2022-07-17T20:30:25.472Z] > git cat-file -s f01ff8279bda1a91387ab57ba8abccce4081ce8e [2ms]
[2022-07-17T20:30:30.735Z] > git status -z -uall [0ms]
[2022-07-17T20:30:30.746Z] > git symbolic-ref --short HEAD [0ms]
[2022-07-17T20:30:30.757Z] > git for-each-ref --format=%(refname)%00%(upstream:short)%00%(objectname)%00%(upstream:track)%00%(upstream:remotename)%00%(upstream:remoteref) refs/heads/psalah refs/remotes/psalah [0ms]
[2022-07-17T20:30:30.779Z] > git for-each-ref --sort -committerdate --format %(refname) %(objectname) %(*objectname) [11ms]
[2022-07-17T20:30:30.779Z] > git remote --verbose [1ms]
[2022-07-17T20:30:30.792Z] > git config --get commit.template [1ms]
[2022-07-17T20:30:52.405Z] > git show --textconv :app/etl/ps_etl.py [11ms]
[2022-07-17T20:30:52.405Z] > git ls-files --stage -- /home/bot/AAMeineSachen/FL3XX/BRIGHT-reporting/app/etl/ps_etl.py [1ms]
[2022-07-17T20:30:52.417Z] > git cat-file -s f01ff8279bda1a91387ab57ba8abccce4081ce8e [1ms]
[2022-07-17T20:33:22.606Z] > git status -z -uall [1ms]
[2022-07-17T20:33:22.630Z] > git symbolic-ref --short HEAD [12ms]
[2022-07-17T20:33:22.640Z] > git ls-files --stage -- /home/bot/AAMeineSachen/FL3XX/BRIGHT-reporting/app/etl/ps_etl.py [11ms]
[2022-07-17T20:33:22.651Z] > git for-each-ref --format=%(refname)%00%(upstream:short)%00%(objectname)%00%(upstream:track)%00%(upstream:remotename)%00%(upstream:remoteref) refs/heads/psalah refs/remotes/psalah [11ms]
[2022-07-17T20:33:22.674Z] > git for-each-ref --sort -committerdate --format %(refname) %(objectname) %(*objectname) [12ms]
[2022-07-17T20:33:22.674Z] > git cat-file -s f01ff8279bda1a91387ab57ba8abccce4081ce8e [24ms]
[2022-07-17T20:33:22.674Z] > git remote --verbose [1ms]
[2022-07-17T20:33:22.696Z] > git config --get commit.template [11ms]
[2022-07-17T20:33:22.697Z] > git show --textconv :app/etl/ps_etl.py [1ms]
[2022-07-17T20:33:27.708Z] > git status -z -uall [1ms]
[2022-07-17T20:33:27.718Z] > git symbolic-ref --short HEAD [0ms]
[2022-07-17T20:33:27.730Z] > git for-each-ref --format=%(refname)%00%(upstream:short)%00%(objectname)%00%(upstream:track)%00%(upstream:remotename)%00%(upstream:remoteref) refs/heads/psalah refs/remotes/psalah [0ms]
[2022-07-17T20:33:27.751Z] > git remote --verbose [0ms]
[2022-07-17T20:33:27.752Z] > git for-each-ref --sort -committerdate --format %(refname) %(objectname) %(*objectname) [11ms]
[2022-07-17T20:33:27.763Z] > git config --get commit.template [0ms]
[2022-07-17T20:34:20.372Z] > git status -z -uall [0ms]
[2022-07-17T20:34:20.383Z] > git symbolic-ref --short HEAD [0ms]
[2022-07-17T20:34:20.394Z] > git for-each-ref --format=%(refname)%00%(upstream:short)%00%(objectname)%00%(upstream:track)%00%(upstream:remotename)%00%(upstream:remoteref) refs/heads/psalah refs/remotes/psalah [0ms]
[2022-07-17T20:34:20.415Z] > git for-each-ref --sort -committerdate --format %(refname) %(objectname) %(*objectname) [11ms]
[2022-07-17T20:34:20.415Z] > git remote --verbose [1ms]
[2022-07-17T20:34:20.427Z] > git config --get commit.template [1ms]
[2022-07-17T20:34:25.442Z] > git status -z -uall [1ms]
[2022-07-17T20:34:25.456Z] > git symbolic-ref --short HEAD [0ms]
[2022-07-17T20:34:25.471Z] > git for-each-ref --format=%(refname)%00%(upstream:short)%00%(objectname)%00%(upstream:track)%00%(upstream:remotename)%00%(upstream:remoteref) refs/heads/psalah refs/remotes/psalah [1ms]
[2022-07-17T20:34:25.493Z] > git for-each-ref --sort -committerdate --format %(refname) %(objectname) %(*objectname) [10ms]
[2022-07-17T20:34:25.494Z] > git remote --verbose [1ms]
[2022-07-17T20:34:25.506Z] > git config --get commit.template [1ms]
[2022-07-17T20:34:32.629Z] > git status -z -uall [1ms]
[2022-07-17T20:34:32.640Z] > git symbolic-ref --short HEAD [0ms]
[2022-07-17T20:34:32.651Z] > git for-each-ref --format=%(refname)%00%(upstream:short)%00%(objectname)%00%(upstream:track)%00%(upstream:remotename)%00%(upstream:remoteref) refs/heads/psalah refs/remotes/psalah [0ms]
[2022-07-17T20:34:32.673Z] > git remote --verbose [1ms]
[2022-07-17T20:34:32.673Z] > git for-each-ref --sort -committerdate --format %(refname) %(objectname) %(*objectname) [11ms]
[2022-07-17T20:34:32.685Z] > git config --get commit.template [1ms]
[2022-07-17T20:34:41.056Z] > git status -z -uall [1ms]
[2022-07-17T20:34:41.069Z] > git symbolic-ref --short HEAD [1ms]
[2022-07-17T20:34:41.080Z] > git for-each-ref --format=%(refname)%00%(upstream:short)%00%(objectname)%00%(upstream:track)%00%(upstream:remotename)%00%(upstream:remoteref) refs/heads/psalah refs/remotes/psalah [1ms]
[2022-07-17T20:34:41.101Z] > git for-each-ref --sort -committerdate --format %(refname) %(objectname) %(*objectname) [11ms]
[2022-07-17T20:34:41.101Z] > git remote --verbose [1ms]
[2022-07-17T20:34:41.112Z] > git config --get commit.template [0ms]
[2022-07-17T20:34:42.193Z] > git ls-files --stage -- /home/bot/AAMeineSachen/FL3XX/BRIGHT-reporting/app/etl/ps_etl.py [1ms]
[2022-07-17T20:34:42.207Z] > git cat-file -s f01ff8279bda1a91387ab57ba8abccce4081ce8e [1ms]
[2022-07-17T20:34:42.221Z] > git show --textconv :app/etl/ps_etl.py [1ms]
[2022-07-17T20:34:46.128Z] > git status -z -uall [1ms]
[2022-07-17T20:34:46.139Z] > git symbolic-ref --short HEAD [0ms]
[2022-07-17T20:34:46.151Z] > git for-each-ref --format=%(refname)%00%(upstream:short)%00%(objectname)%00%(upstream:track)%00%(upstream:remotename)%00%(upstream:remoteref) refs/heads/psalah refs/remotes/psalah [1ms]
[2022-07-17T20:34:46.176Z] > git for-each-ref --sort -committerdate --format %(refname) %(objectname) %(*objectname) [14ms]
[2022-07-17T20:34:46.176Z] > git remote --verbose [3ms]
[2022-07-17T20:34:46.190Z] > git config --get commit.template [2ms]
[2022-07-17T20:34:51.225Z] > git status -z -uall [2ms]
[2022-07-17T20:34:51.244Z] > git symbolic-ref --short HEAD [1ms]
[2022-07-17T20:34:51.257Z] > git for-each-ref --format=%(refname)%00%(upstream:short)%00%(objectname)%00%(upstream:track)%00%(upstream:remotename)%00%(upstream:remoteref) refs/heads/psalah refs/remotes/psalah [1ms]
[2022-07-17T20:34:51.281Z] > git for-each-ref --sort -committerdate --format %(refname) %(objectname) %(*objectname) [14ms]
[2022-07-17T20:34:51.281Z] > git remote --verbose [1ms]
[2022-07-17T20:34:51.294Z] > git config --get commit.template [1ms]
[2022-07-17T20:35:14.729Z] > git status -z -uall [0ms]
[2022-07-17T20:35:14.742Z] > git symbolic-ref --short HEAD [1ms]
[2022-07-17T20:35:14.754Z] > git for-each-ref --format=%(refname)%00%(upstream:short)%00%(objectname)%00%(upstream:track)%00%(upstream:remotename)%00%(upstream:remoteref) refs/heads/psalah refs/remotes/psalah [0ms]
[2022-07-17T20:35:14.778Z] > git for-each-ref --sort -committerdate --format %(refname) %(objectname) %(*objectname) [12ms]
[2022-07-17T20:35:14.778Z] > git remote --verbose [1ms]
[2022-07-17T20:35:14.791Z] > git config --get commit.template [0ms]
[2022-07-17T20:35:23.960Z] > git status -z -uall [1ms]
[2022-07-17T20:35:23.972Z] > git symbolic-ref --short HEAD [0ms]
[2022-07-17T20:35:23.985Z] > git for-each-ref --format=%(refname)%00%(upstream:short)%00%(objectname)%00%(upstream:track)%00%(upstream:remotename)%00%(upstream:remoteref) refs/heads/psalah refs/remotes/psalah [1ms]
[2022-07-17T20:35:24.008Z] > git for-each-ref --sort -committerdate --format %(refname) %(objectname) %(*objectname) [12ms]
[2022-07-17T20:35:24.008Z] > git remote --verbose [0ms]
[2022-07-17T20:35:24.021Z] > git config --get commit.template [0ms]
[2022-07-17T20:35:29.034Z] > git status -z -uall [1ms]
[2022-07-17T20:35:29.044Z] > git symbolic-ref --short HEAD [0ms]
[2022-07-17T20:35:29.056Z] > git for-each-ref --format=%(refname)%00%(upstream:short)%00%(objectname)%00%(upstream:track)%00%(upstream:remotename)%00%(upstream:remoteref) refs/heads/psalah refs/remotes/psalah [1ms]
[2022-07-17T20:35:29.077Z] > git for-each-ref --sort -committerdate --format %(refname) %(objectname) %(*objectname) [10ms]
[2022-07-17T20:35:29.077Z] > git remote --verbose [0ms]
[2022-07-17T20:35:29.089Z] > git config --get commit.template [1ms]
[2022-07-17T20:35:34.103Z] > git status -z -uall [1ms]
[2022-07-17T20:35:34.116Z] > git symbolic-ref --short HEAD [0ms]
[2022-07-17T20:35:34.128Z] > git for-each-ref --format=%(refname)%00%(upstream:short)%00%(objectname)%00%(upstream:track)%00%(upstream:remotename)%00%(upstream:remoteref) refs/heads/psalah refs/remotes/psalah [1ms]
[2022-07-17T20:35:34.149Z] > git remote --verbose [1ms]
[2022-07-17T20:35:34.149Z] > git for-each-ref --sort -committerdate --format %(refname) %(objectname) %(*objectname) [11ms]
[2022-07-17T20:35:34.161Z] > git config --get commit.template [1ms]
[2022-07-17T20:35:46.837Z] > git show --textconv :app/etl/ps_etl.py [14ms]
[2022-07-17T20:35:46.838Z] > git ls-files --stage -- /home/bot/AAMeineSachen/FL3XX/BRIGHT-reporting/app/etl/ps_etl.py [2ms]
[2022-07-17T20:35:46.851Z] > git cat-file -s f01ff8279bda1a91387ab57ba8abccce4081ce8e [1ms]
[2022-07-17T20:35:50.315Z] > git status -z -uall [1ms]
[2022-07-17T20:35:50.327Z] > git symbolic-ref --short HEAD [0ms]
[2022-07-17T20:35:50.339Z] > git for-each-ref --format=%(refname)%00%(upstream:short)%00%(objectname)%00%(upstream:track)%00%(upstream:remotename)%00%(upstream:remoteref) refs/heads/psalah refs/remotes/psalah [0ms]
[2022-07-17T20:35:50.361Z] > git for-each-ref --sort -committerdate --format %(refname) %(objectname) %(*objectname) [11ms]
[2022-07-17T20:35:50.362Z] > git remote --verbose [1ms]
[2022-07-17T20:35:50.373Z] > git config --get commit.template [0ms]
[2022-07-17T20:35:59.007Z] > git status -z -uall [1ms]
[2022-07-17T20:35:59.024Z] > git symbolic-ref --short HEAD [2ms]
[2022-07-17T20:35:59.039Z] > git for-each-ref --format=%(refname)%00%(upstream:short)%00%(objectname)%00%(upstream:track)%00%(upstream:remotename)%00%(upstream:remoteref) refs/heads/psalah refs/remotes/psalah [1ms]
[2022-07-17T20:35:59.064Z] > git for-each-ref --sort -committerdate --format %(refname) %(objectname) %(*objectname) [11ms]
[2022-07-17T20:35:59.064Z] > git remote --verbose [0ms]
[2022-07-17T20:35:59.076Z] > git config --get commit.template [1ms]
[2022-07-17T20:36:04.090Z] > git status -z -uall [1ms]
[2022-07-17T20:36:04.103Z] > git symbolic-ref --short HEAD [1ms]
[2022-07-17T20:36:04.114Z] > git for-each-ref --format=%(refname)%00%(upstream:short)%00%(objectname)%00%(upstream:track)%00%(upstream:remotename)%00%(upstream:remoteref) refs/heads/psalah refs/remotes/psalah [1ms]
[2022-07-17T20:36:04.135Z] > git for-each-ref --sort -committerdate --format %(refname) %(objectname) %(*objectname) [11ms]
[2022-07-17T20:36:04.135Z] > git remote --verbose [0ms]
[2022-07-17T20:36:04.147Z] > git config --get commit.template [1ms]
[2022-07-17T20:36:15.425Z] > git status -z -uall [1ms]
[2022-07-17T20:36:15.436Z] > git symbolic-ref --short HEAD [0ms]
[2022-07-17T20:36:15.448Z] > git for-each-ref --format=%(refname)%00%(upstream:short)%00%(objectname)%00%(upstream:track)%00%(upstream:remotename)%00%(upstream:remoteref) refs/heads/psalah refs/remotes/psalah [0ms]
[2022-07-17T20:36:15.471Z] > git for-each-ref --sort -committerdate --format %(refname) %(objectname) %(*objectname) [11ms]
[2022-07-17T20:36:15.471Z] > git remote --verbose [0ms]
[2022-07-17T20:36:15.483Z] > git config --get commit.template [0ms]
[2022-07-17T20:36:21.551Z] > git status -z -uall [1ms]
[2022-07-17T20:36:21.564Z] > git symbolic-ref --short HEAD [1ms]
[2022-07-17T20:36:21.576Z] > git for-each-ref --format=%(refname)%00%(upstream:short)%00%(objectname)%00%(upstream:track)%00%(upstream:remotename)%00%(upstream:remoteref) refs/heads/psalah refs/remotes/psalah [1ms]
[2022-07-17T20:36:21.598Z] > git for-each-ref --sort -committerdate --format %(refname) %(objectname) %(*objectname) [11ms]
[2022-07-17T20:36:21.599Z] > git remote --verbose [1ms]
[2022-07-17T20:36:21.611Z] > git config --get commit.template [1ms]
[2022-07-17T20:36:26.646Z] > git status -z -uall [2ms]
[2022-07-17T20:36:26.659Z] > git symbolic-ref --short HEAD [0ms]
[2022-07-17T20:36:26.670Z] > git for-each-ref --format=%(refname)%00%(upstream:short)%00%(objectname)%00%(upstream:track)%00%(upstream:remotename)%00%(upstream:remoteref) refs/heads/psalah refs/remotes/psalah [0ms]
[2022-07-17T20:36:26.692Z] > git remote --verbose [0ms]
[2022-07-17T20:36:26.692Z] > git for-each-ref --sort -committerdate --format %(refname) %(objectname) %(*objectname) [11ms]
[2022-07-17T20:36:26.704Z] > git config --get commit.template [0ms]
[2022-07-17T20:36:31.718Z] > git status -z -uall [0ms]
[2022-07-17T20:36:31.732Z] > git symbolic-ref --short HEAD [1ms]
[2022-07-17T20:36:31.744Z] > git for-each-ref --format=%(refname)%00%(upstream:short)%00%(objectname)%00%(upstream:track)%00%(upstream:remotename)%00%(upstream:remoteref) refs/heads/psalah refs/remotes/psalah [0ms]
[2022-07-17T20:36:31.768Z] > git for-each-ref --sort -committerdate --format %(refname) %(objectname) %(*objectname) [12ms]
[2022-07-17T20:36:31.768Z] > git remote --verbose [1ms]
[2022-07-17T20:36:31.780Z] > git config --get commit.template [0ms]
[2022-07-17T20:36:36.814Z] > git status -z -uall [13ms]
[2022-07-17T20:36:36.826Z] > git symbolic-ref --short HEAD [1ms]
[2022-07-17T20:36:36.837Z] > git for-each-ref --format=%(refname)%00%(upstream:short)%00%(objectname)%00%(upstream:track)%00%(upstream:remotename)%00%(upstream:remoteref) refs/heads/psalah refs/remotes/psalah [0ms]
[2022-07-17T20:36:36.859Z] > git for-each-ref --sort -committerdate --format %(refname) %(objectname) %(*objectname) [11ms]
[2022-07-17T20:36:36.859Z] > git remote --verbose [0ms]
[2022-07-17T20:36:36.871Z] > git config --get commit.template [0ms]
[2022-07-17T20:36:41.884Z] > git status -z -uall [1ms]
[2022-07-17T20:36:41.895Z] > git symbolic-ref --short HEAD [0ms]
[2022-07-17T20:36:41.906Z] > git for-each-ref --format=%(refname)%00%(upstream:short)%00%(objectname)%00%(upstream:track)%00%(upstream:remotename)%00%(upstream:remoteref) refs/heads/psalah refs/remotes/psalah [0ms]
[2022-07-17T20:36:41.928Z] > git for-each-ref --sort -committerdate --format %(refname) %(objectname) %(*objectname) [11ms]
[2022-07-17T20:36:41.928Z] > git remote --verbose [1ms]
[2022-07-17T20:36:41.940Z] > git config --get commit.template [1ms]
[2022-07-17T20:36:46.952Z] > git status -z -uall [1ms]
[2022-07-17T20:36:46.965Z] > git symbolic-ref --short HEAD [0ms]
[2022-07-17T20:36:46.977Z] > git for-each-ref --format=%(refname)%00%(upstream:short)%00%(objectname)%00%(upstream:track)%00%(upstream:remotename)%00%(upstream:remoteref) refs/heads/psalah refs/remotes/psalah [1ms]
[2022-07-17T20:36:46.998Z] > git for-each-ref --sort -committerdate --format %(refname) %(objectname) %(*objectname) [11ms]
[2022-07-17T20:36:46.998Z] > git remote --verbose [0ms]
[2022-07-17T20:36:47.010Z] > git config --get commit.template [1ms]
[2022-07-17T20:37:52.020Z] > git show --textconv :app/etl/ps_etl.py [12ms]
[2022-07-17T20:37:52.021Z] > git ls-files --stage -- /home/bot/AAMeineSachen/FL3XX/BRIGHT-reporting/app/etl/ps_etl.py [1ms]
[2022-07-17T20:37:52.036Z] > git cat-file -s f01ff8279bda1a91387ab57ba8abccce4081ce8e [1ms]
[2022-07-17T20:41:48.698Z] > git show --textconv :app/etl/ps_etl.py [16ms]
[2022-07-17T20:41:48.699Z] > git ls-files --stage -- /home/bot/AAMeineSachen/FL3XX/BRIGHT-reporting/app/etl/ps_etl.py [1ms]
[2022-07-17T20:41:48.713Z] > git cat-file -s f01ff8279bda1a91387ab57ba8abccce4081ce8e [0ms]
[2022-07-17T20:41:55.278Z] > git status -z -uall [1ms]
[2022-07-17T20:41:55.290Z] > git symbolic-ref --short HEAD [1ms]
[2022-07-17T20:41:55.302Z] > git for-each-ref --format=%(refname)%00%(upstream:short)%00%(objectname)%00%(upstream:track)%00%(upstream:remotename)%00%(upstream:remoteref) refs/heads/psalah refs/remotes/psalah [0ms]
[2022-07-17T20:41:55.325Z] > git for-each-ref --sort -committerdate --format %(refname) %(objectname) %(*objectname) [11ms]
[2022-07-17T20:41:55.326Z] > git remote --verbose [1ms]
[2022-07-17T20:41:55.338Z] > git config --get commit.template [1ms]
[2022-07-17T20:42:21.969Z] > git show --textconv :app/etl/ps_etl.py [12ms]
[2022-07-17T20:42:21.969Z] > git ls-files --stage -- /home/bot/AAMeineSachen/FL3XX/BRIGHT-reporting/app/etl/ps_etl.py [0ms]
[2022-07-17T20:42:21.981Z] > git cat-file -s f01ff8279bda1a91387ab57ba8abccce4081ce8e [1ms]
[2022-07-17T20:42:28.575Z] > git status -z -uall [1ms]
[2022-07-17T20:42:28.586Z] > git symbolic-ref --short HEAD [0ms]
[2022-07-17T20:42:28.597Z] > git for-each-ref --format=%(refname)%00%(upstream:short)%00%(objectname)%00%(upstream:track)%00%(upstream:remotename)%00%(upstream:remoteref) refs/heads/psalah refs/remotes/psalah [0ms]
[2022-07-17T20:42:28.619Z] > git for-each-ref --sort -committerdate --format %(refname) %(objectname) %(*objectname) [11ms]
[2022-07-17T20:42:28.619Z] > git remote --verbose [1ms]
[2022-07-17T20:42:28.631Z] > git config --get commit.template [1ms]
[2022-07-17T20:42:52.081Z] > git status -z -uall [1ms]
[2022-07-17T20:42:52.093Z] > git symbolic-ref --short HEAD [0ms]
[2022-07-17T20:42:52.104Z] > git for-each-ref --format=%(refname)%00%(upstream:short)%00%(objectname)%00%(upstream:track)%00%(upstream:remotename)%00%(upstream:remoteref) refs/heads/psalah refs/remotes/psalah [1ms]
[2022-07-17T20:42:52.126Z] > git for-each-ref --sort -committerdate --format %(refname) %(objectname) %(*objectname) [11ms]
[2022-07-17T20:42:52.126Z] > git remote --verbose [1ms]
[2022-07-17T20:42:52.138Z] > git config --get commit.template [1ms]
[2022-07-17T20:43:18.759Z] > git status -z -uall [0ms]
[2022-07-17T20:43:18.771Z] > git symbolic-ref --short HEAD [0ms]
[2022-07-17T20:43:18.784Z] > git for-each-ref --format=%(refname)%00%(upstream:short)%00%(objectname)%00%(upstream:track)%00%(upstream:remotename)%00%(upstream:remoteref) refs/heads/psalah refs/remotes/psalah [1ms]
[2022-07-17T20:43:18.805Z] > git for-each-ref --sort -committerdate --format %(refname) %(objectname) %(*objectname) [11ms]
[2022-07-17T20:43:18.805Z] > git remote --verbose [0ms]
[2022-07-17T20:43:18.818Z] > git config --get commit.template [1ms]
[2022-07-17T20:43:23.833Z] > git status -z -uall [0ms]
[2022-07-17T20:43:23.848Z] > git symbolic-ref --short HEAD [1ms]
[2022-07-17T20:43:23.860Z] > git for-each-ref --format=%(refname)%00%(upstream:short)%00%(objectname)%00%(upstream:track)%00%(upstream:remotename)%00%(upstream:remoteref) refs/heads/psalah refs/remotes/psalah [0ms]
[2022-07-17T20:43:23.881Z] > git for-each-ref --sort -committerdate --format %(refname) %(objectname) %(*objectname) [10ms]
[2022-07-17T20:43:23.882Z] > git remote --verbose [1ms]
[2022-07-17T20:43:23.893Z] > git config --get commit.template [0ms]
[2022-07-17T20:43:28.908Z] > git status -z -uall [1ms]
[2022-07-17T20:43:28.920Z] > git symbolic-ref --short HEAD [0ms]
[2022-07-17T20:43:28.933Z] > git for-each-ref --format=%(refname)%00%(upstream:short)%00%(objectname)%00%(upstream:track)%00%(upstream:remotename)%00%(upstream:remoteref) refs/heads/psalah refs/remotes/psalah [1ms]
[2022-07-17T20:43:28.955Z] > git for-each-ref --sort -committerdate --format %(refname) %(objectname) %(*objectname) [12ms]
[2022-07-17T20:43:28.955Z] > git remote --verbose [1ms]
[2022-07-17T20:43:28.967Z] > git config --get commit.template [0ms]
[2022-07-17T20:43:34.490Z] > git status -z -uall [17ms]
[2022-07-17T20:43:34.512Z] > git symbolic-ref --short HEAD [11ms]
[2022-07-17T20:43:34.529Z] > git for-each-ref --format=%(refname)%00%(upstream:short)%00%(objectname)%00%(upstream:track)%00%(upstream:remotename)%00%(upstream:remoteref) refs/heads/psalah refs/remotes/psalah [6ms]
[2022-07-17T20:43:34.562Z] > git remote --verbose [12ms]
[2022-07-17T20:43:34.563Z] > git for-each-ref --sort -committerdate --format %(refname) %(objectname) %(*objectname) [24ms]
[2022-07-17T20:43:34.576Z] > git config --get commit.template [2ms]
[2022-07-17T20:43:39.607Z] > git status -z -uall [1ms]
[2022-07-17T20:43:39.618Z] > git symbolic-ref --short HEAD [0ms]
[2022-07-17T20:43:39.629Z] > git for-each-ref --format=%(refname)%00%(upstream:short)%00%(objectname)%00%(upstream:track)%00%(upstream:remotename)%00%(upstream:remoteref) refs/heads/psalah refs/remotes/psalah [0ms]
[2022-07-17T20:43:39.650Z] > git for-each-ref --sort -committerdate --format %(refname) %(objectname) %(*objectname) [11ms]
[2022-07-17T20:43:39.650Z] > git remote --verbose [0ms]
[2022-07-17T20:43:39.662Z] > git config --get commit.template [1ms]
