Linter Name: Pylint
Linter Module: pylint
CWD Linter Server: /home/bot/AAMeineSachen/FL3XX/BRIGHT-reporting
sys.path used to run Linter:
   /home/bot/.vscode/extensions/ms-python.pylint-2022.2.0/bundled/linter
   /home/bot/anaconda3/envs/bright/lib/python310.zip
   /home/bot/anaconda3/envs/bright/lib/python3.10
   /home/bot/anaconda3/envs/bright/lib/python3.10/lib-dynload
   /home/bot/.local/lib/python3.10/site-packages
   /home/bot/anaconda3/envs/bright/lib/python3.10/site-packages
   /home/bot/.vscode/extensions/ms-python.pylint-2022.2.0/bundled/libs
Settings used to run Linter:
[
    {
        "workspace": "file:///home/bot/AAMeineSachen/FL3XX/BRIGHT-reporting",
        "trace": "error",
        "args": [],
        "severity": {
            "convention": "Information",
            "error": "Error",
            "fatal": "Error",
            "refactor": "Hint",
            "warning": "Warning",
            "info": "Information"
        },
        "path": [],
        "interpreter": [
            "/home/bot/anaconda3/envs/bright/bin/python"
        ]
    }
]

pylint --reports=n --output-format=json --from-stdin /home/bot/AAMeineSachen/FL3XX/BRIGHT-reporting/app/etl/ps_etl.py
CWD Linter: /home/bot/AAMeineSachen/FL3XX/BRIGHT-reporting
file:///home/bot/AAMeineSachen/FL3XX/BRIGHT-reporting/app/etl/ps_etl.py :
[
    {
        "type": "refactor",
        "module": "ps_etl",
        "obj": "",
        "line": 116,
        "column": 56,
        "endLine": 116,
        "endColumn": 67,
        "path": "app/etl/ps_etl.py",
        "symbol": "unnecessary-dict-index-lookup",
        "message": "Unnecessary dictionary index lookup, use '_' instead",
        "message-id": "R1733"
    }
]

pylint --reports=n --output-format=json --from-stdin /home/bot/AAMeineSachen/FL3XX/BRIGHT-reporting/app/etl/ps_etl.py
CWD Linter: /home/bot/AAMeineSachen/FL3XX/BRIGHT-reporting
file:///home/bot/AAMeineSachen/FL3XX/BRIGHT-reporting/app/etl/ps_etl.py :
[
    {
        "type": "refactor",
        "module": "ps_etl",
        "obj": "",
        "line": 116,
        "column": 56,
        "endLine": 116,
        "endColumn": 67,
        "path": "app/etl/ps_etl.py",
        "symbol": "unnecessary-dict-index-lookup",
        "message": "Unnecessary dictionary index lookup, use '_' instead",
        "message-id": "R1733"
    }
]

pylint --reports=n --output-format=json --from-stdin /home/bot/AAMeineSachen/FL3XX/BRIGHT-reporting/app/etl/ps_etl.py
CWD Linter: /home/bot/AAMeineSachen/FL3XX/BRIGHT-reporting
file:///home/bot/AAMeineSachen/FL3XX/BRIGHT-reporting/app/etl/ps_etl.py :
[
    {
        "type": "refactor",
        "module": "ps_etl",
        "obj": "",
        "line": 116,
        "column": 56,
        "endLine": 116,
        "endColumn": 67,
        "path": "app/etl/ps_etl.py",
        "symbol": "unnecessary-dict-index-lookup",
        "message": "Unnecessary dictionary index lookup, use '_' instead",
        "message-id": "R1733"
    }
]

pylint --reports=n --output-format=json --from-stdin /home/bot/AAMeineSachen/FL3XX/BRIGHT-reporting/app/etl/ps_etl.py
CWD Linter: /home/bot/AAMeineSachen/FL3XX/BRIGHT-reporting
file:///home/bot/AAMeineSachen/FL3XX/BRIGHT-reporting/app/etl/ps_etl.py :
[
    {
        "type": "refactor",
        "module": "ps_etl",
        "obj": "",
        "line": 116,
        "column": 56,
        "endLine": 116,
        "endColumn": 67,
        "path": "app/etl/ps_etl.py",
        "symbol": "unnecessary-dict-index-lookup",
        "message": "Unnecessary dictionary index lookup, use '_' instead",
        "message-id": "R1733"
    }
]

pylint --reports=n --output-format=json --from-stdin /home/bot/AAMeineSachen/FL3XX/BRIGHT-reporting/app/etl/ps_etl.py
CWD Linter: /home/bot/AAMeineSachen/FL3XX/BRIGHT-reporting
file:///home/bot/AAMeineSachen/FL3XX/BRIGHT-reporting/app/etl/ps_etl.py :
[
    {
        "type": "refactor",
        "module": "ps_etl",
        "obj": "",
        "line": 116,
        "column": 56,
        "endLine": 116,
        "endColumn": 67,
        "path": "app/etl/ps_etl.py",
        "symbol": "unnecessary-dict-index-lookup",
        "message": "Unnecessary dictionary index lookup, use '_' instead",
        "message-id": "R1733"
    }
]

pylint --reports=n --output-format=json --from-stdin /home/bot/AAMeineSachen/FL3XX/BRIGHT-reporting/app/etl/ps_etl.py
CWD Linter: /home/bot/AAMeineSachen/FL3XX/BRIGHT-reporting
file:///home/bot/AAMeineSachen/FL3XX/BRIGHT-reporting/app/etl/ps_etl.py :
[
    {
        "type": "refactor",
        "module": "ps_etl",
        "obj": "",
        "line": 116,
        "column": 56,
        "endLine": 116,
        "endColumn": 67,
        "path": "app/etl/ps_etl.py",
        "symbol": "unnecessary-dict-index-lookup",
        "message": "Unnecessary dictionary index lookup, use '_' instead",
        "message-id": "R1733"
    }
]

pylint --reports=n --output-format=json --from-stdin /home/bot/AAMeineSachen/FL3XX/BRIGHT-reporting/app/etl/ps_etl.py
CWD Linter: /home/bot/AAMeineSachen/FL3XX/BRIGHT-reporting
file:///home/bot/AAMeineSachen/FL3XX/BRIGHT-reporting/app/etl/ps_etl.py :
[
    {
        "type": "refactor",
        "module": "ps_etl",
        "obj": "",
        "line": 116,
        "column": 56,
        "endLine": 116,
        "endColumn": 67,
        "path": "app/etl/ps_etl.py",
        "symbol": "unnecessary-dict-index-lookup",
        "message": "Unnecessary dictionary index lookup, use '_' instead",
        "message-id": "R1733"
    }
]

pylint --reports=n --output-format=json --from-stdin /home/bot/AAMeineSachen/FL3XX/BRIGHT-reporting/app/etl/ps_etl.py
CWD Linter: /home/bot/AAMeineSachen/FL3XX/BRIGHT-reporting
file:///home/bot/AAMeineSachen/FL3XX/BRIGHT-reporting/app/etl/ps_etl.py :
[
    {
        "type": "refactor",
        "module": "ps_etl",
        "obj": "",
        "line": 116,
        "column": 56,
        "endLine": 116,
        "endColumn": 67,
        "path": "app/etl/ps_etl.py",
        "symbol": "unnecessary-dict-index-lookup",
        "message": "Unnecessary dictionary index lookup, use '_' instead",
        "message-id": "R1733"
    }
]

pylint --reports=n --output-format=json --from-stdin /home/bot/AAMeineSachen/FL3XX/BRIGHT-reporting/app/etl/ps_etl.py
CWD Linter: /home/bot/AAMeineSachen/FL3XX/BRIGHT-reporting
file:///home/bot/AAMeineSachen/FL3XX/BRIGHT-reporting/app/etl/ps_etl.py :
[
    {
        "type": "refactor",
        "module": "ps_etl",
        "obj": "",
        "line": 116,
        "column": 56,
        "endLine": 116,
        "endColumn": 67,
        "path": "app/etl/ps_etl.py",
        "symbol": "unnecessary-dict-index-lookup",
        "message": "Unnecessary dictionary index lookup, use '_' instead",
        "message-id": "R1733"
    }
]

pylint --reports=n --output-format=json --from-stdin /home/bot/AAMeineSachen/FL3XX/BRIGHT-reporting/app/etl/ps_etl.py
CWD Linter: /home/bot/AAMeineSachen/FL3XX/BRIGHT-reporting
file:///home/bot/AAMeineSachen/FL3XX/BRIGHT-reporting/app/etl/ps_etl.py :
[
    {
        "type": "refactor",
        "module": "ps_etl",
        "obj": "",
        "line": 116,
        "column": 56,
        "endLine": 116,
        "endColumn": 67,
        "path": "app/etl/ps_etl.py",
        "symbol": "unnecessary-dict-index-lookup",
        "message": "Unnecessary dictionary index lookup, use '_' instead",
        "message-id": "R1733"
    }
]

pylint --reports=n --output-format=json --from-stdin /home/bot/AAMeineSachen/FL3XX/BRIGHT-reporting/app/etl/ps_etl.py
CWD Linter: /home/bot/AAMeineSachen/FL3XX/BRIGHT-reporting
file:///home/bot/AAMeineSachen/FL3XX/BRIGHT-reporting/app/etl/ps_etl.py :
[
    {
        "type": "refactor",
        "module": "ps_etl",
        "obj": "",
        "line": 116,
        "column": 56,
        "endLine": 116,
        "endColumn": 67,
        "path": "app/etl/ps_etl.py",
        "symbol": "unnecessary-dict-index-lookup",
        "message": "Unnecessary dictionary index lookup, use '_' instead",
        "message-id": "R1733"
    }
]

pylint --reports=n --output-format=json --from-stdin /home/bot/AAMeineSachen/FL3XX/BRIGHT-reporting/app/etl/ps_etl.py
CWD Linter: /home/bot/AAMeineSachen/FL3XX/BRIGHT-reporting
file:///home/bot/AAMeineSachen/FL3XX/BRIGHT-reporting/app/etl/ps_etl.py :
[
    {
        "type": "refactor",
        "module": "ps_etl",
        "obj": "",
        "line": 116,
        "column": 56,
        "endLine": 116,
        "endColumn": 67,
        "path": "app/etl/ps_etl.py",
        "symbol": "unnecessary-dict-index-lookup",
        "message": "Unnecessary dictionary index lookup, use '_' instead",
        "message-id": "R1733"
    }
]

pylint --reports=n --output-format=json --from-stdin /home/bot/AAMeineSachen/FL3XX/BRIGHT-reporting/app/etl/ps_etl.py
CWD Linter: /home/bot/AAMeineSachen/FL3XX/BRIGHT-reporting
file:///home/bot/AAMeineSachen/FL3XX/BRIGHT-reporting/app/etl/ps_etl.py :
[
    {
        "type": "refactor",
        "module": "ps_etl",
        "obj": "",
        "line": 116,
        "column": 56,
        "endLine": 116,
        "endColumn": 67,
        "path": "app/etl/ps_etl.py",
        "symbol": "unnecessary-dict-index-lookup",
        "message": "Unnecessary dictionary index lookup, use '_' instead",
        "message-id": "R1733"
    }
]

pylint --reports=n --output-format=json --from-stdin /home/bot/AAMeineSachen/FL3XX/BRIGHT-reporting/app/etl/ps_etl.py
CWD Linter: /home/bot/AAMeineSachen/FL3XX/BRIGHT-reporting
file:///home/bot/AAMeineSachen/FL3XX/BRIGHT-reporting/app/etl/ps_etl.py :
[
    {
        "type": "convention",
        "module": "ps_etl",
        "obj": "",
        "line": 191,
        "column": 0,
        "endLine": null,
        "endColumn": null,
        "path": "app/etl/ps_etl.py",
        "symbol": "missing-final-newline",
        "message": "Final newline missing",
        "message-id": "C0304"
    },
    {
        "type": "refactor",
        "module": "ps_etl",
        "obj": "",
        "line": 116,
        "column": 56,
        "endLine": 116,
        "endColumn": 67,
        "path": "app/etl/ps_etl.py",
        "symbol": "unnecessary-dict-index-lookup",
        "message": "Unnecessary dictionary index lookup, use '_' instead",
        "message-id": "R1733"
    },
    {
        "type": "warning",
        "module": "ps_etl",
        "obj": "",
        "line": 191,
        "column": 0,
        "endLine": 191,
        "endColumn": 6,
        "path": "app/etl/ps_etl.py",
        "symbol": "pointless-statement",
        "message": "Statement seems to have no effect",
        "message-id": "W0104"
    },
    {
        "type": "error",
        "module": "ps_etl",
        "obj": "",
        "line": 191,
        "column": 0,
        "endLine": 191,
        "endColumn": 6,
        "path": "app/etl/ps_etl.py",
        "symbol": "undefined-variable",
        "message": "Undefined variable 'sfasdf'",
        "message-id": "E0602"
    }
]

pylint --reports=n --output-format=json --from-stdin /home/bot/AAMeineSachen/FL3XX/BRIGHT-reporting/app/etl/ps_etl.py
CWD Linter: /home/bot/AAMeineSachen/FL3XX/BRIGHT-reporting
file:///home/bot/AAMeineSachen/FL3XX/BRIGHT-reporting/app/etl/ps_etl.py :
[
    {
        "type": "refactor",
        "module": "ps_etl",
        "obj": "",
        "line": 116,
        "column": 56,
        "endLine": 116,
        "endColumn": 67,
        "path": "app/etl/ps_etl.py",
        "symbol": "unnecessary-dict-index-lookup",
        "message": "Unnecessary dictionary index lookup, use '_' instead",
        "message-id": "R1733"
    }
]

pylint --reports=n --output-format=json --from-stdin /home/bot/AAMeineSachen/FL3XX/BRIGHT-reporting/app/etl/ps_etl.py
CWD Linter: /home/bot/AAMeineSachen/FL3XX/BRIGHT-reporting
file:///home/bot/AAMeineSachen/FL3XX/BRIGHT-reporting/app/etl/ps_etl.py :
[
    {
        "type": "convention",
        "module": "ps_etl",
        "obj": "",
        "line": 191,
        "column": 0,
        "endLine": null,
        "endColumn": null,
        "path": "app/etl/ps_etl.py",
        "symbol": "trailing-newlines",
        "message": "Trailing newlines",
        "message-id": "C0305"
    },
    {
        "type": "refactor",
        "module": "ps_etl",
        "obj": "",
        "line": 116,
        "column": 56,
        "endLine": 116,
        "endColumn": 67,
        "path": "app/etl/ps_etl.py",
        "symbol": "unnecessary-dict-index-lookup",
        "message": "Unnecessary dictionary index lookup, use '_' instead",
        "message-id": "R1733"
    }
]

pylint --reports=n --output-format=json --from-stdin /home/bot/AAMeineSachen/FL3XX/BRIGHT-reporting/app/etl/ps_etl.py
CWD Linter: /home/bot/AAMeineSachen/FL3XX/BRIGHT-reporting
file:///home/bot/AAMeineSachen/FL3XX/BRIGHT-reporting/app/etl/ps_etl.py :
[
    {
        "type": "error",
        "module": "ps_etl",
        "obj": "",
        "line": 192,
        "column": 5,
        "endLine": null,
        "endColumn": null,
        "path": "app/etl/ps_etl.py",
        "symbol": "syntax-error",
        "message": "invalid syntax (<unknown>, line 192)",
        "message-id": "E0001"
    }
]

pylint --reports=n --output-format=json --from-stdin /home/bot/AAMeineSachen/FL3XX/BRIGHT-reporting/app/etl/ps_etl.py
CWD Linter: /home/bot/AAMeineSachen/FL3XX/BRIGHT-reporting
file:///home/bot/AAMeineSachen/FL3XX/BRIGHT-reporting/app/etl/ps_etl.py :
[
    {
        "type": "convention",
        "module": "ps_etl",
        "obj": "",
        "line": 192,
        "column": 0,
        "endLine": null,
        "endColumn": null,
        "path": "app/etl/ps_etl.py",
        "symbol": "missing-final-newline",
        "message": "Final newline missing",
        "message-id": "C0304"
    },
    {
        "type": "refactor",
        "module": "ps_etl",
        "obj": "",
        "line": 116,
        "column": 56,
        "endLine": 116,
        "endColumn": 67,
        "path": "app/etl/ps_etl.py",
        "symbol": "unnecessary-dict-index-lookup",
        "message": "Unnecessary dictionary index lookup, use '_' instead",
        "message-id": "R1733"
    }
]

pylint --reports=n --output-format=json --from-stdin /home/bot/AAMeineSachen/FL3XX/BRIGHT-reporting/app/etl/ps_etl.py
CWD Linter: /home/bot/AAMeineSachen/FL3XX/BRIGHT-reporting
file:///home/bot/AAMeineSachen/FL3XX/BRIGHT-reporting/app/etl/ps_etl.py :
[
    {
        "type": "convention",
        "module": "ps_etl",
        "obj": "",
        "line": 192,
        "column": 0,
        "endLine": null,
        "endColumn": null,
        "path": "app/etl/ps_etl.py",
        "symbol": "missing-final-newline",
        "message": "Final newline missing",
        "message-id": "C0304"
    },
    {
        "type": "refactor",
        "module": "ps_etl",
        "obj": "",
        "line": 116,
        "column": 56,
        "endLine": 116,
        "endColumn": 67,
        "path": "app/etl/ps_etl.py",
        "symbol": "unnecessary-dict-index-lookup",
        "message": "Unnecessary dictionary index lookup, use '_' instead",
        "message-id": "R1733"
    }
]

pylint --reports=n --output-format=json --from-stdin /home/bot/AAMeineSachen/FL3XX/BRIGHT-reporting/app/etl/ps_etl.py
CWD Linter: /home/bot/AAMeineSachen/FL3XX/BRIGHT-reporting
file:///home/bot/AAMeineSachen/FL3XX/BRIGHT-reporting/app/etl/ps_etl.py :
[
    {
        "type": "convention",
        "module": "ps_etl",
        "obj": "",
        "line": 192,
        "column": 0,
        "endLine": null,
        "endColumn": null,
        "path": "app/etl/ps_etl.py",
        "symbol": "missing-final-newline",
        "message": "Final newline missing",
        "message-id": "C0304"
    },
    {
        "type": "refactor",
        "module": "ps_etl",
        "obj": "",
        "line": 116,
        "column": 56,
        "endLine": 116,
        "endColumn": 67,
        "path": "app/etl/ps_etl.py",
        "symbol": "unnecessary-dict-index-lookup",
        "message": "Unnecessary dictionary index lookup, use '_' instead",
        "message-id": "R1733"
    }
]

pylint --reports=n --output-format=json --from-stdin /home/bot/AAMeineSachen/FL3XX/BRIGHT-reporting/app/etl/ps_etl.py
CWD Linter: /home/bot/AAMeineSachen/FL3XX/BRIGHT-reporting
file:///home/bot/AAMeineSachen/FL3XX/BRIGHT-reporting/app/etl/ps_etl.py :
[
    {
        "type": "convention",
        "module": "ps_etl",
        "obj": "",
        "line": 192,
        "column": 0,
        "endLine": null,
        "endColumn": null,
        "path": "app/etl/ps_etl.py",
        "symbol": "missing-final-newline",
        "message": "Final newline missing",
        "message-id": "C0304"
    },
    {
        "type": "refactor",
        "module": "ps_etl",
        "obj": "",
        "line": 116,
        "column": 56,
        "endLine": 116,
        "endColumn": 67,
        "path": "app/etl/ps_etl.py",
        "symbol": "unnecessary-dict-index-lookup",
        "message": "Unnecessary dictionary index lookup, use '_' instead",
        "message-id": "R1733"
    }
]

pylint --reports=n --output-format=json --from-stdin /home/bot/AAMeineSachen/FL3XX/BRIGHT-reporting/app/etl/ps_etl.py
CWD Linter: /home/bot/AAMeineSachen/FL3XX/BRIGHT-reporting
file:///home/bot/AAMeineSachen/FL3XX/BRIGHT-reporting/app/etl/ps_etl.py :
[
    {
        "type": "refactor",
        "module": "ps_etl",
        "obj": "",
        "line": 116,
        "column": 56,
        "endLine": 116,
        "endColumn": 67,
        "path": "app/etl/ps_etl.py",
        "symbol": "unnecessary-dict-index-lookup",
        "message": "Unnecessary dictionary index lookup, use '_' instead",
        "message-id": "R1733"
    }
]

pylint --reports=n --output-format=json --from-stdin /home/bot/AAMeineSachen/FL3XX/BRIGHT-reporting/app/etl/ps_etl.py
CWD Linter: /home/bot/AAMeineSachen/FL3XX/BRIGHT-reporting
file:///home/bot/AAMeineSachen/FL3XX/BRIGHT-reporting/app/etl/ps_etl.py :
[
    {
        "type": "refactor",
        "module": "ps_etl",
        "obj": "",
        "line": 116,
        "column": 56,
        "endLine": 116,
        "endColumn": 67,
        "path": "app/etl/ps_etl.py",
        "symbol": "unnecessary-dict-index-lookup",
        "message": "Unnecessary dictionary index lookup, use '_' instead",
        "message-id": "R1733"
    }
]

CWD Linter Server: /home/bot/AAMeineSachen/FL3XX/BRIGHT-reporting
sys.path used to run Linter:
   /home/bot/.vscode/extensions/ms-python.pylint-2022.2.0/bundled/linter
   /home/bot/anaconda3/envs/bright/lib/python310.zip
   /home/bot/anaconda3/envs/bright/lib/python3.10
   /home/bot/anaconda3/envs/bright/lib/python3.10/lib-dynload
   /home/bot/.local/lib/python3.10/site-packages
   /home/bot/anaconda3/envs/bright/lib/python3.10/site-packages
   /home/bot/.vscode/extensions/ms-python.pylint-2022.2.0/bundled/libs
Settings used to run Linter:
[
    {
        "workspace": "file:///home/bot/AAMeineSachen/FL3XX/BRIGHT-reporting",
        "trace": "error",
        "args": [],
        "severity": {
            "convention": "Information",
            "error": "Error",
            "fatal": "Error",
            "refactor": "Hint",
            "warning": "Warning",
            "info": "Information"
        },
        "path": [],
        "interpreter": [
            "/home/bot/anaconda3/envs/bright/bin/python"
        ]
    }
]

pylint --reports=n --output-format=json --from-stdin /home/bot/AAMeineSachen/FL3XX/BRIGHT-reporting/app/etl/ps_etl.py
CWD Linter: /home/bot/AAMeineSachen/FL3XX/BRIGHT-reporting
file:///home/bot/AAMeineSachen/FL3XX/BRIGHT-reporting/app/etl/ps_etl.py :
[
    {
        "type": "refactor",
        "module": "ps_etl",
        "obj": "",
        "line": 116,
        "column": 56,
        "endLine": 116,
        "endColumn": 67,
        "path": "app/etl/ps_etl.py",
        "symbol": "unnecessary-dict-index-lookup",
        "message": "Unnecessary dictionary index lookup, use '_' instead",
        "message-id": "R1733"
    }
]

[INFO 2022-6-17 22:41:3.834]: Server: Stop requested
[INFO 2022-6-17 22:41:3.836]: Server: Start requested.
CWD Linter Server: /home/bot/AAMeineSachen/FL3XX/BRIGHT-reporting
sys.path used to run Linter:
   /home/bot/.vscode/extensions/ms-python.pylint-2022.2.0/bundled/linter
   /home/bot/anaconda3/envs/bright/lib/python310.zip
   /home/bot/anaconda3/envs/bright/lib/python3.10
   /home/bot/anaconda3/envs/bright/lib/python3.10/lib-dynload
   /home/bot/.local/lib/python3.10/site-packages
   /home/bot/anaconda3/envs/bright/lib/python3.10/site-packages
   /home/bot/.vscode/extensions/ms-python.pylint-2022.2.0/bundled/libs
Settings used to run Linter:
[
    {
        "workspace": "file:///home/bot/AAMeineSachen/FL3XX/BRIGHT-reporting",
        "trace": "info",
        "args": [],
        "severity": {
            "convention": "Information",
            "error": "Error",
            "fatal": "Error",
            "refactor": "Hint",
            "warning": "Warning",
            "info": "Information"
        },
        "path": [],
        "interpreter": [
            "/home/bot/anaconda3/envs/bright/bin/python"
        ]
    }
]

pylint --reports=n --output-format=json --from-stdin /home/bot/AAMeineSachen/FL3XX/BRIGHT-reporting/app/etl/ps_etl.py
CWD Linter: /home/bot/AAMeineSachen/FL3XX/BRIGHT-reporting
file:///home/bot/AAMeineSachen/FL3XX/BRIGHT-reporting/app/etl/ps_etl.py :
[
    {
        "type": "refactor",
        "module": "ps_etl",
        "obj": "",
        "line": 116,
        "column": 56,
        "endLine": 116,
        "endColumn": 67,
        "path": "app/etl/ps_etl.py",
        "symbol": "unnecessary-dict-index-lookup",
        "message": "Unnecessary dictionary index lookup, use '_' instead",
        "message-id": "R1733"
    }
]

pylint --reports=n --output-format=json --from-stdin /home/bot/AAMeineSachen/FL3XX/BRIGHT-reporting/app/etl/ps_etl.py
CWD Linter: /home/bot/AAMeineSachen/FL3XX/BRIGHT-reporting
file:///home/bot/AAMeineSachen/FL3XX/BRIGHT-reporting/app/etl/ps_etl.py :
[
    {
        "type": "refactor",
        "module": "ps_etl",
        "obj": "",
        "line": 116,
        "column": 56,
        "endLine": 116,
        "endColumn": 67,
        "path": "app/etl/ps_etl.py",
        "symbol": "unnecessary-dict-index-lookup",
        "message": "Unnecessary dictionary index lookup, use '_' instead",
        "message-id": "R1733"
    }
]

pylint --reports=n --output-format=json --from-stdin /home/bot/AAMeineSachen/FL3XX/BRIGHT-reporting/app/etl/ps_etl.py
CWD Linter: /home/bot/AAMeineSachen/FL3XX/BRIGHT-reporting
file:///home/bot/AAMeineSachen/FL3XX/BRIGHT-reporting/app/etl/ps_etl.py :
[
    {
        "type": "refactor",
        "module": "ps_etl",
        "obj": "",
        "line": 116,
        "column": 56,
        "endLine": 116,
        "endColumn": 67,
        "path": "app/etl/ps_etl.py",
        "symbol": "unnecessary-dict-index-lookup",
        "message": "Unnecessary dictionary index lookup, use '_' instead",
        "message-id": "R1733"
    }
]

pylint --reports=n --output-format=json --from-stdin /home/bot/AAMeineSachen/FL3XX/BRIGHT-reporting/app/etl/ps_etl.py
CWD Linter: /home/bot/AAMeineSachen/FL3XX/BRIGHT-reporting
file:///home/bot/AAMeineSachen/FL3XX/BRIGHT-reporting/app/etl/ps_etl.py :
[
    {
        "type": "convention",
        "module": "ps_etl",
        "obj": "",
        "line": 191,
        "column": 0,
        "endLine": null,
        "endColumn": null,
        "path": "app/etl/ps_etl.py",
        "symbol": "trailing-newlines",
        "message": "Trailing newlines",
        "message-id": "C0305"
    },
    {
        "type": "refactor",
        "module": "ps_etl",
        "obj": "",
        "line": 116,
        "column": 56,
        "endLine": 116,
        "endColumn": 67,
        "path": "app/etl/ps_etl.py",
        "symbol": "unnecessary-dict-index-lookup",
        "message": "Unnecessary dictionary index lookup, use '_' instead",
        "message-id": "R1733"
    }
]

pylint --reports=n --output-format=json --from-stdin /home/bot/AAMeineSachen/FL3XX/BRIGHT-reporting/app/etl/ps_etl.py
CWD Linter: /home/bot/AAMeineSachen/FL3XX/BRIGHT-reporting
file:///home/bot/AAMeineSachen/FL3XX/BRIGHT-reporting/app/etl/ps_etl.py :
[
    {
        "type": "convention",
        "module": "ps_etl",
        "obj": "",
        "line": 192,
        "column": 0,
        "endLine": null,
        "endColumn": null,
        "path": "app/etl/ps_etl.py",
        "symbol": "missing-final-newline",
        "message": "Final newline missing",
        "message-id": "C0304"
    },
    {
        "type": "refactor",
        "module": "ps_etl",
        "obj": "",
        "line": 116,
        "column": 56,
        "endLine": 116,
        "endColumn": 67,
        "path": "app/etl/ps_etl.py",
        "symbol": "unnecessary-dict-index-lookup",
        "message": "Unnecessary dictionary index lookup, use '_' instead",
        "message-id": "R1733"
    },
    {
        "type": "warning",
        "module": "ps_etl",
        "obj": "",
        "line": 192,
        "column": 0,
        "endLine": 192,
        "endColumn": 6,
        "path": "app/etl/ps_etl.py",
        "symbol": "pointless-statement",
        "message": "Statement seems to have no effect",
        "message-id": "W0104"
    },
    {
        "type": "error",
        "module": "ps_etl",
        "obj": "",
        "line": 192,
        "column": 0,
        "endLine": 192,
        "endColumn": 6,
        "path": "app/etl/ps_etl.py",
        "symbol": "undefined-variable",
        "message": "Undefined variable 'i_am_a'",
        "message-id": "E0602"
    }
]

pylint --reports=n --output-format=json --from-stdin /home/bot/AAMeineSachen/FL3XX/BRIGHT-reporting/app/etl/ps_etl.py
CWD Linter: /home/bot/AAMeineSachen/FL3XX/BRIGHT-reporting
file:///home/bot/AAMeineSachen/FL3XX/BRIGHT-reporting/app/etl/ps_etl.py :
[
    {
        "type": "convention",
        "module": "ps_etl",
        "obj": "",
        "line": 192,
        "column": 0,
        "endLine": null,
        "endColumn": null,
        "path": "app/etl/ps_etl.py",
        "symbol": "missing-final-newline",
        "message": "Final newline missing",
        "message-id": "C0304"
    },
    {
        "type": "refactor",
        "module": "ps_etl",
        "obj": "",
        "line": 116,
        "column": 56,
        "endLine": 116,
        "endColumn": 67,
        "path": "app/etl/ps_etl.py",
        "symbol": "unnecessary-dict-index-lookup",
        "message": "Unnecessary dictionary index lookup, use '_' instead",
        "message-id": "R1733"
    },
    {
        "type": "warning",
        "module": "ps_etl",
        "obj": "",
        "line": 192,
        "column": 0,
        "endLine": 192,
        "endColumn": 5,
        "path": "app/etl/ps_etl.py",
        "symbol": "pointless-statement",
        "message": "Statement seems to have no effect",
        "message-id": "W0104"
    },
    {
        "type": "error",
        "module": "ps_etl",
        "obj": "",
        "line": 192,
        "column": 0,
        "endLine": 192,
        "endColumn": 5,
        "path": "app/etl/ps_etl.py",
        "symbol": "undefined-variable",
        "message": "Undefined variable 'i_am_'",
        "message-id": "E0602"
    }
]

pylint --reports=n --output-format=json --from-stdin /home/bot/AAMeineSachen/FL3XX/BRIGHT-reporting/app/etl/ps_etl.py
CWD Linter: /home/bot/AAMeineSachen/FL3XX/BRIGHT-reporting
file:///home/bot/AAMeineSachen/FL3XX/BRIGHT-reporting/app/etl/ps_etl.py :
[
    {
        "type": "convention",
        "module": "ps_etl",
        "obj": "",
        "line": 192,
        "column": 0,
        "endLine": null,
        "endColumn": null,
        "path": "app/etl/ps_etl.py",
        "symbol": "missing-final-newline",
        "message": "Final newline missing",
        "message-id": "C0304"
    },
    {
        "type": "refactor",
        "module": "ps_etl",
        "obj": "",
        "line": 116,
        "column": 56,
        "endLine": 116,
        "endColumn": 67,
        "path": "app/etl/ps_etl.py",
        "symbol": "unnecessary-dict-index-lookup",
        "message": "Unnecessary dictionary index lookup, use '_' instead",
        "message-id": "R1733"
    },
    {
        "type": "warning",
        "module": "ps_etl",
        "obj": "",
        "line": 192,
        "column": 0,
        "endLine": 192,
        "endColumn": 10,
        "path": "app/etl/ps_etl.py",
        "symbol": "pointless-statement",
        "message": "Statement seems to have no effect",
        "message-id": "W0104"
    },
    {
        "type": "error",
        "module": "ps_etl",
        "obj": "",
        "line": 192,
        "column": 0,
        "endLine": 192,
        "endColumn": 10,
        "path": "app/etl/ps_etl.py",
        "symbol": "undefined-variable",
        "message": "Undefined variable 'i_am_nused'",
        "message-id": "E0602"
    }
]

pylint --reports=n --output-format=json --from-stdin /home/bot/AAMeineSachen/FL3XX/BRIGHT-reporting/app/etl/ps_etl.py
CWD Linter: /home/bot/AAMeineSachen/FL3XX/BRIGHT-reporting
file:///home/bot/AAMeineSachen/FL3XX/BRIGHT-reporting/app/etl/ps_etl.py :
[
    {
        "type": "convention",
        "module": "ps_etl",
        "obj": "",
        "line": 192,
        "column": 0,
        "endLine": null,
        "endColumn": null,
        "path": "app/etl/ps_etl.py",
        "symbol": "missing-final-newline",
        "message": "Final newline missing",
        "message-id": "C0304"
    },
    {
        "type": "refactor",
        "module": "ps_etl",
        "obj": "",
        "line": 116,
        "column": 56,
        "endLine": 116,
        "endColumn": 67,
        "path": "app/etl/ps_etl.py",
        "symbol": "unnecessary-dict-index-lookup",
        "message": "Unnecessary dictionary index lookup, use '_' instead",
        "message-id": "R1733"
    }
]

pylint --reports=n --output-format=json --from-stdin /home/bot/AAMeineSachen/FL3XX/BRIGHT-reporting/app/etl/ps_etl.py
CWD Linter: /home/bot/AAMeineSachen/FL3XX/BRIGHT-reporting
file:///home/bot/AAMeineSachen/FL3XX/BRIGHT-reporting/app/etl/ps_etl.py :
[
    {
        "type": "refactor",
        "module": "ps_etl",
        "obj": "",
        "line": 116,
        "column": 56,
        "endLine": 116,
        "endColumn": 67,
        "path": "app/etl/ps_etl.py",
        "symbol": "unnecessary-dict-index-lookup",
        "message": "Unnecessary dictionary index lookup, use '_' instead",
        "message-id": "R1733"
    }
]

