[1658089779435] INFO  (ext): SQLTools is starting
[1658089779435] INFO  (ext): initializing language client...
[1658089779436] INFO  (ext): Registering client for languages [{"scheme":"sqltools"},{"language":"sql","scheme":"untitled"},{"language":"sql","scheme":"file"},{"language":"sql","scheme":"sqltools"}]
    ns: "lc"
[1658089779437] INFO  (ext): loading plugins...
[1658089779437] INFO  (ext): registering Formatter Plugin.
    plugin: {
      "name": "Formatter Plugin"
    }
[1658089779437] INFO  (ext): registering Connection Manager Plugin.
    plugin: {
      "name": "Connection Manager Plugin"
    }
[1658089779437] INFO  (ext): registering CodeLens Plugin.
    plugin: {
      "name": "CodeLens Plugin",
      "registeredLanguages": []
    }
[1658089779437] INFO  (ext): registering Dependency Manager Plugin.
    plugin: {
      "name": "Dependency Manager Plugin",
      "installingDrivers": []
    }
[1658089779438] INFO  (ext): Connection explorer changed. Will be updated.
    ns: "conn-man:explorer"
[1658089779438] INFO  (ext): registering History Manager Plugin.
    plugin: {
      "name": "History Manager Plugin"
    }
[1658089779438] INFO  (ext): registering Bookmarks Manager Plugin.
    plugin: {
      "name": "Bookmarks Manager Plugin"
    }
[1658089779439] INFO  (ext): SQLTools activation completed. 3.815116 ms
[1658089779440] INFO  (ext): Formatter Plugin registered!
[1658089779440] INFO  (ext): CodeLens Plugin registered!
[1658089779440] INFO  (ext): Dependency Manager Plugin registered!
[1658089779440] INFO  (ext): Connection Manager Plugin registered!
[1658089779440] INFO  (ext): History Manager Plugin registered!
[1658089779440] INFO  (ext): Bookmarks Manager Plugin registered!
[1658089779823] INFO  (ls): SQLTools Server started!
===============================
Using node runtime?: no
ExecPath: /opt/visual-studio-code/code 
===============================
[1658089779826] INFO  (ls): Telemetry enabled!
    ns: "telemetry"
[1658089779937] INFO  (ext): LanguageClient ready
    ns: "lc"
[1658089780596] INFO  (ext): EXECUTING COMMAND => sqltools.refreshTree
[1658089780596] INFO  (ext): Connection explorer changed. Will be updated.
    ns: "conn-man:explorer"
[1658089781482] INFO  (ext): Connection explorer changed. Will be updated.
    ns: "conn-man:explorer"
[1658089795365] INFO  (ext): Connection explorer changed. Will be updated.
    ns: "conn-man:explorer"
[1658089816089] INFO  (ext): Connection explorer changed. Will be updated.
    ns: "conn-man:explorer"
[1658090058954] INFO  (ext): Connection explorer changed. Will be updated.
    ns: "conn-man:explorer"
[1658090059062] INFO  (ext): Connection explorer changed. Will be updated.
    ns: "conn-man:explorer"
[1658090059144] INFO  (ext): Connection explorer changed. Will be updated.
    ns: "conn-man:explorer"
[1658090059227] INFO  (ext): Connection explorer changed. Will be updated.
    ns: "conn-man:explorer"
[1658090059284] INFO  (ext): Connection explorer changed. Will be updated.
    ns: "conn-man:explorer"
[1658090071510] INFO  (ext): Connection explorer changed. Will be updated.
    ns: "conn-man:explorer"
[1658090071556] INFO  (ext): Connection explorer changed. Will be updated.
    ns: "conn-man:explorer"
[1658090113596] INFO  (ext): Connection explorer changed. Will be updated.
    ns: "conn-man:explorer"
[1658090113653] INFO  (ext): Connection explorer changed. Will be updated.
    ns: "conn-man:explorer"
[1658090126868] INFO  (ext): Connection explorer changed. Will be updated.
    ns: "conn-man:explorer"
[1658090126920] INFO  (ext): Connection explorer changed. Will be updated.
    ns: "conn-man:explorer"
[1658090134333] INFO  (ext): Connection explorer changed. Will be updated.
    ns: "conn-man:explorer"
[1658090134403] INFO  (ext): Connection explorer changed. Will be updated.
    ns: "conn-man:explorer"
[1658090134474] INFO  (ext): Connection explorer changed. Will be updated.
    ns: "conn-man:explorer"
[1658090134500] INFO  (ext): Connection explorer changed. Will be updated.
    ns: "conn-man:explorer"
[1658090134509] INFO  (ext): Connection explorer changed. Will be updated.
    ns: "conn-man:explorer"
[1658090134520] INFO  (ext): Connection explorer changed. Will be updated.
    ns: "conn-man:explorer"
[1658090134521] INFO  (ext): Connection explorer changed. Will be updated.
    ns: "conn-man:explorer"
[1658090134527] INFO  (ext): Connection explorer changed. Will be updated.
    ns: "conn-man:explorer"
[1658090314438] INFO  (ext): Connection explorer changed. Will be updated.
    ns: "conn-man:explorer"
[1658090314652] INFO  (ext): Connection explorer changed. Will be updated.
    ns: "conn-man:explorer"
[1658090314655] INFO  (ext): Connection explorer changed. Will be updated.
    ns: "conn-man:explorer"
[1658090314664] INFO  (ext): Connection explorer changed. Will be updated.
    ns: "conn-man:explorer"
[1658090314669] INFO  (ext): Connection explorer changed. Will be updated.
    ns: "conn-man:explorer"
[1658090314670] INFO  (ext): Connection explorer changed. Will be updated.
    ns: "conn-man:explorer"
[1658090314682] INFO  (ext): Connection explorer changed. Will be updated.
    ns: "conn-man:explorer"
[1658090494478] INFO  (ext): Connection explorer changed. Will be updated.
    ns: "conn-man:explorer"
[1658090494647] INFO  (ext): Connection explorer changed. Will be updated.
    ns: "conn-man:explorer"
[1658090494766] INFO  (ext): Connection explorer changed. Will be updated.
    ns: "conn-man:explorer"
[1658090494774] INFO  (ext): Connection explorer changed. Will be updated.
    ns: "conn-man:explorer"
[1658090494779] INFO  (ext): Connection explorer changed. Will be updated.
    ns: "conn-man:explorer"
[1658090494791] INFO  (ext): Connection explorer changed. Will be updated.
    ns: "conn-man:explorer"
[1658090494791] INFO  (ext): Connection explorer changed. Will be updated.
    ns: "conn-man:explorer"
[1658090547444] INFO  (ext): Connection explorer changed. Will be updated.
    ns: "conn-man:explorer"
[1658090547502] INFO  (ext): Connection explorer changed. Will be updated.
    ns: "conn-man:explorer"
[1658090674529] INFO  (ext): Connection explorer changed. Will be updated.
    ns: "conn-man:explorer"
[1658090674696] INFO  (ext): Connection explorer changed. Will be updated.
    ns: "conn-man:explorer"
[1658090674839] INFO  (ext): Connection explorer changed. Will be updated.
    ns: "conn-man:explorer"
[1658090674846] INFO  (ext): Connection explorer changed. Will be updated.
    ns: "conn-man:explorer"
[1658090674852] INFO  (ext): Connection explorer changed. Will be updated.
    ns: "conn-man:explorer"
[1658090674940] INFO  (ext): Connection explorer changed. Will be updated.
    ns: "conn-man:explorer"
[1658090674941] INFO  (ext): Connection explorer changed. Will be updated.
    ns: "conn-man:explorer"
