[2022-07-17T21:11:02.948Z] Log level: Info
[2022-07-17T21:11:02.948Z] [info] Validating found git in: git
[2022-07-17T21:11:03.476Z] [info] Using git  from git
[2022-07-17T21:11:03.497Z] > git rev-parse --show-toplevel [10ms]
[2022-07-17T21:11:03.539Z] > git rev-parse --git-dir --git-common-dir [31ms]
[2022-07-17T21:11:03.541Z] [info] Open repository: /home/bot/AAMeineSachen/FL3XX/BRIGHT-reporting
[2022-07-17T21:11:03.590Z] > git status -z -uall [29ms]
[2022-07-17T21:11:03.611Z] > git symbolic-ref --short HEAD [11ms]
[2022-07-17T21:11:03.625Z] > git for-each-ref --format=%(refname)%00%(upstream:short)%00%(objectname)%00%(upstream:track)%00%(upstream:remotename)%00%(upstream:remoteref) refs/heads/psalah refs/remotes/psalah [3ms]
[2022-07-17T21:11:03.670Z] > git remote --verbose [25ms]
[2022-07-17T21:11:03.670Z] > git for-each-ref --sort -committerdate --format %(refname) %(objectname) %(*objectname) [35ms]
[2022-07-17T21:11:03.688Z] > git config --get commit.template [6ms]
[2022-07-17T21:11:03.705Z] > git status -z -uall [6ms]
[2022-07-17T21:11:03.741Z] > git symbolic-ref --short HEAD [22ms]
[2022-07-17T21:11:03.831Z] > git for-each-ref --format=%(refname)%00%(upstream:short)%00%(objectname)%00%(upstream:track)%00%(upstream:remotename)%00%(upstream:remoteref) refs/heads/psalah refs/remotes/psalah [78ms]
[2022-07-17T21:11:03.853Z] > git remote --verbose [1ms]
[2022-07-17T21:11:03.853Z] > git for-each-ref --sort -committerdate --format %(refname) %(objectname) %(*objectname) [11ms]
[2022-07-17T21:11:03.869Z] > git config --get commit.template [2ms]
[2022-07-17T21:11:04.102Z] > git check-ignore -v -z --stdin [2ms]
[2022-07-17T21:11:04.471Z] > git show --textconv :app/etl/ps_etl.py [114ms]
[2022-07-17T21:11:04.478Z] > git ls-files --stage -- /home/bot/AAMeineSachen/FL3XX/BRIGHT-reporting/app/etl/ps_etl.py [31ms]
[2022-07-17T21:11:04.631Z] > git cat-file -s f01ff8279bda1a91387ab57ba8abccce4081ce8e [138ms]
[2022-07-17T21:11:04.678Z] > git fetch [1127ms]
[2022-07-17T21:11:04.678Z] Missing or invalid credentials.
Skip silent fetch commands
Missing or invalid credentials.
Skip silent fetch commands
remote: Unauthorized
fatal: Authentication failed for 'https://git.fl3xx.com/FL3XX/BRIGHT-reporting.git/'
[2022-07-17T21:11:04.758Z] > git ls-files --stage -- /home/bot/AAMeineSachen/FL3XX/BRIGHT-reporting/app/etl/ps_etl.py [8ms]
[2022-07-17T21:11:04.777Z] > git cat-file -s f01ff8279bda1a91387ab57ba8abccce4081ce8e [6ms]
[2022-07-17T21:11:04.812Z] > git show --textconv :app/etl/ps_etl.py [10ms]
[2022-07-17T21:11:08.957Z] > git status -z -uall [0ms]
[2022-07-17T21:11:08.970Z] > git symbolic-ref --short HEAD [1ms]
[2022-07-17T21:11:08.981Z] > git for-each-ref --format=%(refname)%00%(upstream:short)%00%(objectname)%00%(upstream:track)%00%(upstream:remotename)%00%(upstream:remoteref) refs/heads/psalah refs/remotes/psalah [0ms]
[2022-07-17T21:11:09.004Z] > git remote --verbose [3ms]
[2022-07-17T21:11:09.004Z] > git for-each-ref --sort -committerdate --format %(refname) %(objectname) %(*objectname) [13ms]
[2022-07-17T21:11:09.016Z] > git config --get commit.template [0ms]
[2022-07-17T21:11:09.048Z] > git ls-files --stage -- /home/bot/AAMeineSachen/FL3XX/BRIGHT-reporting/app/etl/ps_etl.py [0ms]
[2022-07-17T21:11:09.059Z] > git cat-file -s f01ff8279bda1a91387ab57ba8abccce4081ce8e [0ms]
[2022-07-17T21:11:09.073Z] > git show --textconv :app/etl/ps_etl.py [1ms]
[2022-07-17T21:11:15.539Z] > git status -z -uall [12ms]
[2022-07-17T21:11:15.551Z] > git symbolic-ref --short HEAD [1ms]
[2022-07-17T21:11:15.565Z] > git for-each-ref --format=%(refname)%00%(upstream:short)%00%(objectname)%00%(upstream:track)%00%(upstream:remotename)%00%(upstream:remoteref) refs/heads/psalah refs/remotes/psalah [3ms]
[2022-07-17T21:11:15.587Z] > git remote --verbose [1ms]
[2022-07-17T21:11:15.587Z] > git for-each-ref --sort -committerdate --format %(refname) %(objectname) %(*objectname) [11ms]
[2022-07-17T21:11:15.598Z] > git config --get commit.template [0ms]
[2022-07-17T21:11:23.591Z] > git status -z -uall [1ms]
[2022-07-17T21:11:23.603Z] > git symbolic-ref --short HEAD [0ms]
[2022-07-17T21:11:23.615Z] > git for-each-ref --format=%(refname)%00%(upstream:short)%00%(objectname)%00%(upstream:track)%00%(upstream:remotename)%00%(upstream:remoteref) refs/heads/psalah refs/remotes/psalah [1ms]
[2022-07-17T21:11:23.638Z] > git remote --verbose [1ms]
[2022-07-17T21:11:23.639Z] > git for-each-ref --sort -committerdate --format %(refname) %(objectname) %(*objectname) [13ms]
[2022-07-17T21:11:23.656Z] > git config --get commit.template [1ms]
[2022-07-17T21:11:28.682Z] > git status -z -uall [1ms]
[2022-07-17T21:11:28.695Z] > git symbolic-ref --short HEAD [1ms]
[2022-07-17T21:11:28.705Z] > git for-each-ref --format=%(refname)%00%(upstream:short)%00%(objectname)%00%(upstream:track)%00%(upstream:remotename)%00%(upstream:remoteref) refs/heads/psalah refs/remotes/psalah [0ms]
[2022-07-17T21:11:28.724Z] > git for-each-ref --sort -committerdate --format %(refname) %(objectname) %(*objectname) [10ms]
[2022-07-17T21:11:28.724Z] > git remote --verbose [1ms]
[2022-07-17T21:11:28.735Z] > git config --get commit.template [1ms]
[2022-07-17T21:11:33.765Z] > git status -z -uall [2ms]
[2022-07-17T21:11:33.784Z] > git symbolic-ref --short HEAD [1ms]
[2022-07-17T21:11:33.797Z] > git for-each-ref --format=%(refname)%00%(upstream:short)%00%(objectname)%00%(upstream:track)%00%(upstream:remotename)%00%(upstream:remoteref) refs/heads/psalah refs/remotes/psalah [0ms]
[2022-07-17T21:11:33.818Z] > git for-each-ref --sort -committerdate --format %(refname) %(objectname) %(*objectname) [11ms]
[2022-07-17T21:11:33.818Z] > git remote --verbose [2ms]
[2022-07-17T21:11:33.829Z] > git config --get commit.template [1ms]
[2022-07-17T21:11:42.741Z] > git status -z -uall [1ms]
[2022-07-17T21:11:42.755Z] > git symbolic-ref --short HEAD [2ms]
[2022-07-17T21:11:42.769Z] > git for-each-ref --format=%(refname)%00%(upstream:short)%00%(objectname)%00%(upstream:track)%00%(upstream:remotename)%00%(upstream:remoteref) refs/heads/psalah refs/remotes/psalah [1ms]
[2022-07-17T21:11:42.796Z] > git remote --verbose [1ms]
[2022-07-17T21:11:42.796Z] > git for-each-ref --sort -committerdate --format %(refname) %(objectname) %(*objectname) [14ms]
[2022-07-17T21:11:42.810Z] > git config --get commit.template [1ms]
[2022-07-17T21:12:01.302Z] > git status -z -uall [14ms]
[2022-07-17T21:12:01.315Z] > git symbolic-ref --short HEAD [1ms]
[2022-07-17T21:12:01.327Z] > git for-each-ref --format=%(refname)%00%(upstream:short)%00%(objectname)%00%(upstream:track)%00%(upstream:remotename)%00%(upstream:remoteref) refs/heads/psalah refs/remotes/psalah [1ms]
[2022-07-17T21:12:01.348Z] > git remote --verbose [1ms]
[2022-07-17T21:12:01.348Z] > git for-each-ref --sort -committerdate --format %(refname) %(objectname) %(*objectname) [11ms]
[2022-07-17T21:12:01.360Z] > git config --get commit.template [1ms]
[2022-07-17T21:12:08.141Z] > git status -z -uall [1ms]
[2022-07-17T21:12:08.152Z] > git symbolic-ref --short HEAD [1ms]
[2022-07-17T21:12:08.162Z] > git for-each-ref --format=%(refname)%00%(upstream:short)%00%(objectname)%00%(upstream:track)%00%(upstream:remotename)%00%(upstream:remoteref) refs/heads/psalah refs/remotes/psalah [1ms]
[2022-07-17T21:12:08.181Z] > git for-each-ref --sort -committerdate --format %(refname) %(objectname) %(*objectname) [10ms]
[2022-07-17T21:12:08.181Z] > git remote --verbose [0ms]
[2022-07-17T21:12:08.193Z] > git config --get commit.template [0ms]
[2022-07-17T21:12:13.220Z] > git status -z -uall [2ms]
[2022-07-17T21:12:13.238Z] > git symbolic-ref --short HEAD [1ms]
[2022-07-17T21:12:13.251Z] > git for-each-ref --format=%(refname)%00%(upstream:short)%00%(objectname)%00%(upstream:track)%00%(upstream:remotename)%00%(upstream:remoteref) refs/heads/psalah refs/remotes/psalah [0ms]
[2022-07-17T21:12:13.273Z] > git remote --verbose [1ms]
[2022-07-17T21:12:13.273Z] > git for-each-ref --sort -committerdate --format %(refname) %(objectname) %(*objectname) [11ms]
[2022-07-17T21:12:13.285Z] > git config --get commit.template [1ms]
[2022-07-17T21:12:18.297Z] > git status -z -uall [1ms]
[2022-07-17T21:12:18.307Z] > git symbolic-ref --short HEAD [0ms]
[2022-07-17T21:12:18.317Z] > git for-each-ref --format=%(refname)%00%(upstream:short)%00%(objectname)%00%(upstream:track)%00%(upstream:remotename)%00%(upstream:remoteref) refs/heads/psalah refs/remotes/psalah [1ms]
[2022-07-17T21:12:18.336Z] > git for-each-ref --sort -committerdate --format %(refname) %(objectname) %(*objectname) [9ms]
[2022-07-17T21:12:18.336Z] > git remote --verbose [0ms]
[2022-07-17T21:12:18.347Z] > git config --get commit.template [0ms]
[2022-07-17T21:12:24.215Z] > git status -z -uall [2ms]
[2022-07-17T21:12:24.228Z] > git symbolic-ref --short HEAD [0ms]
[2022-07-17T21:12:24.241Z] > git for-each-ref --format=%(refname)%00%(upstream:short)%00%(objectname)%00%(upstream:track)%00%(upstream:remotename)%00%(upstream:remoteref) refs/heads/psalah refs/remotes/psalah [0ms]
[2022-07-17T21:12:24.285Z] > git remote --verbose [21ms]
[2022-07-17T21:12:24.285Z] > git for-each-ref --sort -committerdate --format %(refname) %(objectname) %(*objectname) [33ms]
[2022-07-17T21:12:24.297Z] > git config --get commit.template [1ms]
[2022-07-17T21:12:29.322Z] > git status -z -uall [1ms]
[2022-07-17T21:12:29.334Z] > git symbolic-ref --short HEAD [1ms]
[2022-07-17T21:12:29.347Z] > git for-each-ref --format=%(refname)%00%(upstream:short)%00%(objectname)%00%(upstream:track)%00%(upstream:remotename)%00%(upstream:remoteref) refs/heads/psalah refs/remotes/psalah [1ms]
[2022-07-17T21:12:29.370Z] > git for-each-ref --sort -committerdate --format %(refname) %(objectname) %(*objectname) [11ms]
[2022-07-17T21:12:29.370Z] > git remote --verbose [1ms]
[2022-07-17T21:12:29.382Z] > git config --get commit.template [1ms]
[2022-07-17T21:12:34.393Z] > git status -z -uall [1ms]
[2022-07-17T21:12:34.404Z] > git symbolic-ref --short HEAD [0ms]
[2022-07-17T21:12:34.414Z] > git for-each-ref --format=%(refname)%00%(upstream:short)%00%(objectname)%00%(upstream:track)%00%(upstream:remotename)%00%(upstream:remoteref) refs/heads/psalah refs/remotes/psalah [0ms]
[2022-07-17T21:12:34.437Z] > git for-each-ref --sort -committerdate --format %(refname) %(objectname) %(*objectname) [11ms]
[2022-07-17T21:12:34.437Z] > git remote --verbose [1ms]
[2022-07-17T21:12:34.448Z] > git config --get commit.template [0ms]
[2022-07-17T21:12:39.479Z] > git status -z -uall [2ms]
[2022-07-17T21:12:39.497Z] > git symbolic-ref --short HEAD [1ms]
[2022-07-17T21:12:39.510Z] > git for-each-ref --format=%(refname)%00%(upstream:short)%00%(objectname)%00%(upstream:track)%00%(upstream:remotename)%00%(upstream:remoteref) refs/heads/psalah refs/remotes/psalah [1ms]
[2022-07-17T21:12:39.529Z] > git for-each-ref --sort -committerdate --format %(refname) %(objectname) %(*objectname) [10ms]
[2022-07-17T21:12:39.529Z] > git remote --verbose [0ms]
[2022-07-17T21:12:39.544Z] > git config --get commit.template [0ms]
[2022-07-17T21:12:47.526Z] > git status -z -uall [2ms]
[2022-07-17T21:12:47.542Z] > git symbolic-ref --short HEAD [0ms]
[2022-07-17T21:12:47.554Z] > git for-each-ref --format=%(refname)%00%(upstream:short)%00%(objectname)%00%(upstream:track)%00%(upstream:remotename)%00%(upstream:remoteref) refs/heads/psalah refs/remotes/psalah [0ms]
[2022-07-17T21:12:47.574Z] > git remote --verbose [1ms]
[2022-07-17T21:12:47.574Z] > git for-each-ref --sort -committerdate --format %(refname) %(objectname) %(*objectname) [10ms]
[2022-07-17T21:12:47.585Z] > git config --get commit.template [0ms]
[2022-07-17T21:12:52.610Z] > git status -z -uall [0ms]
[2022-07-17T21:12:52.622Z] > git symbolic-ref --short HEAD [1ms]
[2022-07-17T21:12:52.633Z] > git for-each-ref --format=%(refname)%00%(upstream:short)%00%(objectname)%00%(upstream:track)%00%(upstream:remotename)%00%(upstream:remoteref) refs/heads/psalah refs/remotes/psalah [1ms]
[2022-07-17T21:12:52.656Z] > git for-each-ref --sort -committerdate --format %(refname) %(objectname) %(*objectname) [12ms]
[2022-07-17T21:12:52.656Z] > git remote --verbose [0ms]
[2022-07-17T21:12:52.668Z] > git config --get commit.template [1ms]
[2022-07-17T21:23:01.847Z] > git show --textconv :app/etl/read_config.py [10ms]
[2022-07-17T21:23:01.848Z] > git ls-files --stage -- /home/bot/AAMeineSachen/FL3XX/BRIGHT-reporting/app/etl/read_config.py [1ms]
[2022-07-17T21:23:44.585Z] > git show --textconv :app/etl/ps_etl.py [12ms]
[2022-07-17T21:23:44.585Z] > git ls-files --stage -- /home/bot/AAMeineSachen/FL3XX/BRIGHT-reporting/app/etl/ps_etl.py [0ms]
[2022-07-17T21:23:44.597Z] > git cat-file -s f01ff8279bda1a91387ab57ba8abccce4081ce8e [1ms]
[2022-07-17T21:23:48.878Z] > git status -z -uall [1ms]
[2022-07-17T21:23:48.890Z] > git symbolic-ref --short HEAD [1ms]
[2022-07-17T21:23:48.902Z] > git for-each-ref --format=%(refname)%00%(upstream:short)%00%(objectname)%00%(upstream:track)%00%(upstream:remotename)%00%(upstream:remoteref) refs/heads/psalah refs/remotes/psalah [1ms]
[2022-07-17T21:23:48.923Z] > git for-each-ref --sort -committerdate --format %(refname) %(objectname) %(*objectname) [11ms]
[2022-07-17T21:23:48.924Z] > git remote --verbose [1ms]
[2022-07-17T21:23:48.935Z] > git config --get commit.template [1ms]
[2022-07-17T21:23:55.601Z] > git show --textconv :app/etl/read_config.py [19ms]
[2022-07-17T21:23:55.601Z] > git ls-files --stage -- /home/bot/AAMeineSachen/FL3XX/BRIGHT-reporting/app/etl/read_config.py [1ms]
[2022-07-17T21:24:00.811Z] > git status -z -uall [1ms]
[2022-07-17T21:24:00.822Z] > git symbolic-ref --short HEAD [0ms]
[2022-07-17T21:24:00.833Z] > git for-each-ref --format=%(refname)%00%(upstream:short)%00%(objectname)%00%(upstream:track)%00%(upstream:remotename)%00%(upstream:remoteref) refs/heads/psalah refs/remotes/psalah [1ms]
[2022-07-17T21:24:00.852Z] > git for-each-ref --sort -committerdate --format %(refname) %(objectname) %(*objectname) [10ms]
[2022-07-17T21:24:00.852Z] > git remote --verbose [1ms]
[2022-07-17T21:24:00.863Z] > git config --get commit.template [1ms]
[2022-07-17T21:24:03.437Z] > git show --textconv :app/etl/helpers.py [11ms]
[2022-07-17T21:24:03.438Z] > git ls-files --stage -- /home/bot/AAMeineSachen/FL3XX/BRIGHT-reporting/app/etl/helpers.py [1ms]
[2022-07-17T21:24:05.888Z] > git status -z -uall [1ms]
[2022-07-17T21:24:05.898Z] > git symbolic-ref --short HEAD [0ms]
[2022-07-17T21:24:05.910Z] > git for-each-ref --format=%(refname)%00%(upstream:short)%00%(objectname)%00%(upstream:track)%00%(upstream:remotename)%00%(upstream:remoteref) refs/heads/psalah refs/remotes/psalah [1ms]
[2022-07-17T21:24:05.929Z] > git for-each-ref --sort -committerdate --format %(refname) %(objectname) %(*objectname) [10ms]
[2022-07-17T21:24:05.929Z] > git remote --verbose [0ms]
[2022-07-17T21:24:05.940Z] > git config --get commit.template [1ms]
[2022-07-17T21:24:12.380Z] > git status -z -uall [2ms]
[2022-07-17T21:24:12.393Z] > git symbolic-ref --short HEAD [1ms]
[2022-07-17T21:24:12.405Z] > git for-each-ref --format=%(refname)%00%(upstream:short)%00%(objectname)%00%(upstream:track)%00%(upstream:remotename)%00%(upstream:remoteref) refs/heads/psalah refs/remotes/psalah [1ms]
[2022-07-17T21:24:12.425Z] > git for-each-ref --sort -committerdate --format %(refname) %(objectname) %(*objectname) [10ms]
[2022-07-17T21:24:12.425Z] > git remote --verbose [0ms]
[2022-07-17T21:24:12.436Z] > git config --get commit.template [0ms]
[2022-07-17T21:24:15.339Z] > git check-ignore -v -z --stdin [1ms]
[2022-07-17T21:24:17.448Z] > git status -z -uall [0ms]
[2022-07-17T21:24:17.459Z] > git symbolic-ref --short HEAD [0ms]
[2022-07-17T21:24:17.470Z] > git for-each-ref --format=%(refname)%00%(upstream:short)%00%(objectname)%00%(upstream:track)%00%(upstream:remotename)%00%(upstream:remoteref) refs/heads/psalah refs/remotes/psalah [1ms]
[2022-07-17T21:24:17.489Z] > git for-each-ref --sort -committerdate --format %(refname) %(objectname) %(*objectname) [10ms]
[2022-07-17T21:24:17.489Z] > git remote --verbose [1ms]
[2022-07-17T21:24:17.500Z] > git config --get commit.template [1ms]
[2022-07-17T21:24:25.883Z] > git status -z -uall [2ms]
[2022-07-17T21:24:25.901Z] > git symbolic-ref --short HEAD [1ms]
[2022-07-17T21:24:25.913Z] > git for-each-ref --format=%(refname)%00%(upstream:short)%00%(objectname)%00%(upstream:track)%00%(upstream:remotename)%00%(upstream:remoteref) refs/heads/psalah refs/remotes/psalah [1ms]
[2022-07-17T21:24:25.939Z] > git remote --verbose [1ms]
[2022-07-17T21:24:25.939Z] > git for-each-ref --sort -committerdate --format %(refname) %(objectname) %(*objectname) [14ms]
[2022-07-17T21:24:25.955Z] > git config --get commit.template [1ms]
[2022-07-17T21:24:30.991Z] > git status -z -uall [2ms]
[2022-07-17T21:24:31.005Z] > git symbolic-ref --short HEAD [1ms]
[2022-07-17T21:24:31.016Z] > git for-each-ref --format=%(refname)%00%(upstream:short)%00%(objectname)%00%(upstream:track)%00%(upstream:remotename)%00%(upstream:remoteref) refs/heads/psalah refs/remotes/psalah [0ms]
[2022-07-17T21:24:31.037Z] > git for-each-ref --sort -committerdate --format %(refname) %(objectname) %(*objectname) [10ms]
[2022-07-17T21:24:31.037Z] > git remote --verbose [0ms]
[2022-07-17T21:24:31.048Z] > git config --get commit.template [0ms]
[2022-07-17T21:24:50.198Z] > git status -z -uall [0ms]
[2022-07-17T21:24:50.209Z] > git symbolic-ref --short HEAD [0ms]
[2022-07-17T21:24:50.221Z] > git for-each-ref --format=%(refname)%00%(upstream:short)%00%(objectname)%00%(upstream:track)%00%(upstream:remotename)%00%(upstream:remoteref) refs/heads/psalah refs/remotes/psalah [1ms]
[2022-07-17T21:24:50.241Z] > git for-each-ref --sort -committerdate --format %(refname) %(objectname) %(*objectname) [10ms]
[2022-07-17T21:24:50.241Z] > git remote --verbose [0ms]
[2022-07-17T21:24:50.253Z] > git config --get commit.template [1ms]
[2022-07-17T21:24:55.288Z] > git status -z -uall [2ms]
[2022-07-17T21:24:55.307Z] > git symbolic-ref --short HEAD [0ms]
[2022-07-17T21:24:55.320Z] > git for-each-ref --format=%(refname)%00%(upstream:short)%00%(objectname)%00%(upstream:track)%00%(upstream:remotename)%00%(upstream:remoteref) refs/heads/psalah refs/remotes/psalah [0ms]
[2022-07-17T21:24:55.342Z] > git for-each-ref --sort -committerdate --format %(refname) %(objectname) %(*objectname) [11ms]
[2022-07-17T21:24:55.342Z] > git remote --verbose [1ms]
[2022-07-17T21:24:55.353Z] > git config --get commit.template [0ms]
[2022-07-17T21:25:00.369Z] > git status -z -uall [1ms]
[2022-07-17T21:25:00.380Z] > git symbolic-ref --short HEAD [0ms]
[2022-07-17T21:25:00.392Z] > git for-each-ref --format=%(refname)%00%(upstream:short)%00%(objectname)%00%(upstream:track)%00%(upstream:remotename)%00%(upstream:remoteref) refs/heads/psalah refs/remotes/psalah [1ms]
[2022-07-17T21:25:00.416Z] > git for-each-ref --sort -committerdate --format %(refname) %(objectname) %(*objectname) [12ms]
[2022-07-17T21:25:00.416Z] > git remote --verbose [1ms]
[2022-07-17T21:25:00.427Z] > git config --get commit.template [0ms]
[2022-07-17T21:25:03.723Z] > git show --textconv :app/etl/read_config.py [18ms]
[2022-07-17T21:25:03.724Z] > git ls-files --stage -- /home/bot/AAMeineSachen/FL3XX/BRIGHT-reporting/app/etl/read_config.py [2ms]
[2022-07-17T21:25:05.453Z] > git status -z -uall [1ms]
[2022-07-17T21:25:05.466Z] > git symbolic-ref --short HEAD [0ms]
[2022-07-17T21:25:05.477Z] > git for-each-ref --format=%(refname)%00%(upstream:short)%00%(objectname)%00%(upstream:track)%00%(upstream:remotename)%00%(upstream:remoteref) refs/heads/psalah refs/remotes/psalah [0ms]
[2022-07-17T21:25:05.498Z] > git for-each-ref --sort -committerdate --format %(refname) %(objectname) %(*objectname) [10ms]
[2022-07-17T21:25:05.499Z] > git remote --verbose [1ms]
[2022-07-17T21:25:05.510Z] > git config --get commit.template [0ms]
[2022-07-17T21:25:08.458Z] > git show --textconv :app/etl/ps_etl.py [16ms]
[2022-07-17T21:25:08.458Z] > git ls-files --stage -- /home/bot/AAMeineSachen/FL3XX/BRIGHT-reporting/app/etl/ps_etl.py [1ms]
[2022-07-17T21:25:08.469Z] > git cat-file -s f01ff8279bda1a91387ab57ba8abccce4081ce8e [1ms]
[2022-07-17T21:25:11.988Z] > git status -z -uall [1ms]
[2022-07-17T21:25:12.006Z] > git symbolic-ref --short HEAD [0ms]
[2022-07-17T21:25:12.020Z] > git for-each-ref --format=%(refname)%00%(upstream:short)%00%(objectname)%00%(upstream:track)%00%(upstream:remotename)%00%(upstream:remoteref) refs/heads/psalah refs/remotes/psalah [0ms]
[2022-07-17T21:25:12.041Z] > git for-each-ref --sort -committerdate --format %(refname) %(objectname) %(*objectname) [10ms]
[2022-07-17T21:25:12.041Z] > git remote --verbose [0ms]
[2022-07-17T21:25:12.053Z] > git config --get commit.template [1ms]
[2022-07-17T21:25:20.265Z] > git check-ignore -v -z --stdin [0ms]
[2022-07-17T21:25:21.137Z] > git status -z -uall [1ms]
[2022-07-17T21:25:21.150Z] > git symbolic-ref --short HEAD [0ms]
[2022-07-17T21:25:21.162Z] > git for-each-ref --format=%(refname)%00%(upstream:short)%00%(objectname)%00%(upstream:track)%00%(upstream:remotename)%00%(upstream:remoteref) refs/heads/psalah refs/remotes/psalah [1ms]
[2022-07-17T21:25:21.185Z] > git for-each-ref --sort -committerdate --format %(refname) %(objectname) %(*objectname) [12ms]
[2022-07-17T21:25:21.185Z] > git remote --verbose [1ms]
[2022-07-17T21:25:21.197Z] > git config --get commit.template [1ms]
[2022-07-17T21:27:10.650Z] > git show --textconv :app/etl/ps_etl.py [14ms]
[2022-07-17T21:27:10.650Z] > git ls-files --stage -- /home/bot/AAMeineSachen/FL3XX/BRIGHT-reporting/app/etl/ps_etl.py [1ms]
[2022-07-17T21:27:10.662Z] > git cat-file -s f01ff8279bda1a91387ab57ba8abccce4081ce8e [1ms]
[2022-07-17T21:27:44.180Z] > git show --textconv :app/etl/ps_etl.py [12ms]
[2022-07-17T21:27:44.181Z] > git ls-files --stage -- /home/bot/AAMeineSachen/FL3XX/BRIGHT-reporting/app/etl/ps_etl.py [1ms]
[2022-07-17T21:27:44.194Z] > git cat-file -s f01ff8279bda1a91387ab57ba8abccce4081ce8e [1ms]
[2022-07-17T21:27:46.872Z] > git status -z -uall [0ms]
[2022-07-17T21:27:46.886Z] > git symbolic-ref --short HEAD [0ms]
[2022-07-17T21:27:46.898Z] > git for-each-ref --format=%(refname)%00%(upstream:short)%00%(objectname)%00%(upstream:track)%00%(upstream:remotename)%00%(upstream:remoteref) refs/heads/psalah refs/remotes/psalah [0ms]
[2022-07-17T21:27:46.919Z] > git for-each-ref --sort -committerdate --format %(refname) %(objectname) %(*objectname) [11ms]
[2022-07-17T21:27:46.919Z] > git remote --verbose [1ms]
[2022-07-17T21:27:46.931Z] > git config --get commit.template [1ms]
[2022-07-17T21:27:53.377Z] > git status -z -uall [1ms]
[2022-07-17T21:27:53.389Z] > git symbolic-ref --short HEAD [1ms]
[2022-07-17T21:27:53.404Z] > git for-each-ref --format=%(refname)%00%(upstream:short)%00%(objectname)%00%(upstream:track)%00%(upstream:remotename)%00%(upstream:remoteref) refs/heads/psalah refs/remotes/psalah [1ms]
[2022-07-17T21:27:53.435Z] > git for-each-ref --sort -committerdate --format %(refname) %(objectname) %(*objectname) [15ms]
[2022-07-17T21:27:53.436Z] > git remote --verbose [1ms]
[2022-07-17T21:27:53.452Z] > git config --get commit.template [1ms]
[2022-07-17T21:27:58.649Z] > git status -z -uall [1ms]
[2022-07-17T21:27:58.662Z] > git symbolic-ref --short HEAD [1ms]
[2022-07-17T21:27:58.673Z] > git for-each-ref --format=%(refname)%00%(upstream:short)%00%(objectname)%00%(upstream:track)%00%(upstream:remotename)%00%(upstream:remoteref) refs/heads/psalah refs/remotes/psalah [0ms]
[2022-07-17T21:27:58.699Z] > git for-each-ref --sort -committerdate --format %(refname) %(objectname) %(*objectname) [14ms]
[2022-07-17T21:27:58.699Z] > git remote --verbose [1ms]
[2022-07-17T21:27:58.715Z] > git config --get commit.template [1ms]
[2022-07-17T21:28:35.097Z] > git status -z -uall [14ms]
[2022-07-17T21:28:35.123Z] > git symbolic-ref --short HEAD [14ms]
[2022-07-17T21:28:35.137Z] > git for-each-ref --format=%(refname)%00%(upstream:short)%00%(objectname)%00%(upstream:track)%00%(upstream:remotename)%00%(upstream:remoteref) refs/heads/psalah refs/remotes/psalah [1ms]
[2022-07-17T21:28:35.165Z] > git for-each-ref --sort -committerdate --format %(refname) %(objectname) %(*objectname) [12ms]
[2022-07-17T21:28:35.165Z] > git remote --verbose [0ms]
[2022-07-17T21:28:35.179Z] > git config --get commit.template [1ms]
[2022-07-17T21:28:40.194Z] > git status -z -uall [2ms]
[2022-07-17T21:28:40.209Z] > git symbolic-ref --short HEAD [1ms]
[2022-07-17T21:28:40.222Z] > git for-each-ref --format=%(refname)%00%(upstream:short)%00%(objectname)%00%(upstream:track)%00%(upstream:remotename)%00%(upstream:remoteref) refs/heads/psalah refs/remotes/psalah [1ms]
[2022-07-17T21:28:40.243Z] > git remote --verbose [0ms]
[2022-07-17T21:28:40.243Z] > git for-each-ref --sort -committerdate --format %(refname) %(objectname) %(*objectname) [10ms]
[2022-07-17T21:28:40.256Z] > git config --get commit.template [0ms]
[2022-07-17T21:28:45.269Z] > git status -z -uall [1ms]
[2022-07-17T21:28:45.281Z] > git symbolic-ref --short HEAD [1ms]
[2022-07-17T21:28:45.292Z] > git for-each-ref --format=%(refname)%00%(upstream:short)%00%(objectname)%00%(upstream:track)%00%(upstream:remotename)%00%(upstream:remoteref) refs/heads/psalah refs/remotes/psalah [0ms]
[2022-07-17T21:28:45.314Z] > git for-each-ref --sort -committerdate --format %(refname) %(objectname) %(*objectname) [11ms]
[2022-07-17T21:28:45.315Z] > git remote --verbose [1ms]
[2022-07-17T21:28:45.326Z] > git config --get commit.template [0ms]
[2022-07-17T21:28:50.338Z] > git status -z -uall [1ms]
[2022-07-17T21:28:50.349Z] > git symbolic-ref --short HEAD [1ms]
[2022-07-17T21:28:50.360Z] > git for-each-ref --format=%(refname)%00%(upstream:short)%00%(objectname)%00%(upstream:track)%00%(upstream:remotename)%00%(upstream:remoteref) refs/heads/psalah refs/remotes/psalah [1ms]
[2022-07-17T21:28:50.381Z] > git for-each-ref --sort -committerdate --format %(refname) %(objectname) %(*objectname) [11ms]
[2022-07-17T21:28:50.381Z] > git remote --verbose [1ms]
[2022-07-17T21:28:50.392Z] > git config --get commit.template [0ms]
[2022-07-17T21:28:55.411Z] > git status -z -uall [1ms]
[2022-07-17T21:28:55.424Z] > git symbolic-ref --short HEAD [1ms]
[2022-07-17T21:28:55.435Z] > git for-each-ref --format=%(refname)%00%(upstream:short)%00%(objectname)%00%(upstream:track)%00%(upstream:remotename)%00%(upstream:remoteref) refs/heads/psalah refs/remotes/psalah [0ms]
[2022-07-17T21:28:55.457Z] > git for-each-ref --sort -committerdate --format %(refname) %(objectname) %(*objectname) [11ms]
[2022-07-17T21:28:55.457Z] > git remote --verbose [0ms]
[2022-07-17T21:28:55.469Z] > git config --get commit.template [1ms]
[2022-07-17T21:29:00.494Z] > git status -z -uall [0ms]
[2022-07-17T21:29:00.511Z] > git symbolic-ref --short HEAD [0ms]
[2022-07-17T21:29:00.526Z] > git for-each-ref --format=%(refname)%00%(upstream:short)%00%(objectname)%00%(upstream:track)%00%(upstream:remotename)%00%(upstream:remoteref) refs/heads/psalah refs/remotes/psalah [2ms]
[2022-07-17T21:29:00.548Z] > git for-each-ref --sort -committerdate --format %(refname) %(objectname) %(*objectname) [11ms]
[2022-07-17T21:29:00.549Z] > git remote --verbose [2ms]
[2022-07-17T21:29:00.562Z] > git config --get commit.template [1ms]
[2022-07-17T21:29:05.575Z] > git status -z -uall [1ms]
[2022-07-17T21:29:05.588Z] > git symbolic-ref --short HEAD [1ms]
[2022-07-17T21:29:05.599Z] > git for-each-ref --format=%(refname)%00%(upstream:short)%00%(objectname)%00%(upstream:track)%00%(upstream:remotename)%00%(upstream:remoteref) refs/heads/psalah refs/remotes/psalah [1ms]
[2022-07-17T21:29:05.624Z] > git for-each-ref --sort -committerdate --format %(refname) %(objectname) %(*objectname) [14ms]
[2022-07-17T21:29:05.624Z] > git remote --verbose [1ms]
[2022-07-17T21:29:05.638Z] > git config --get commit.template [1ms]
[2022-07-17T21:29:14.084Z] > git status -z -uall [12ms]
[2022-07-17T21:29:14.097Z] > git symbolic-ref --short HEAD [1ms]
[2022-07-17T21:29:14.109Z] > git for-each-ref --format=%(refname)%00%(upstream:short)%00%(objectname)%00%(upstream:track)%00%(upstream:remotename)%00%(upstream:remoteref) refs/heads/psalah refs/remotes/psalah [1ms]
[2022-07-17T21:29:14.131Z] > git remote --verbose [1ms]
[2022-07-17T21:29:14.131Z] > git for-each-ref --sort -committerdate --format %(refname) %(objectname) %(*objectname) [11ms]
[2022-07-17T21:29:14.143Z] > git config --get commit.template [0ms]
[2022-07-17T21:29:20.382Z] > git status -z -uall [1ms]
[2022-07-17T21:29:20.394Z] > git symbolic-ref --short HEAD [0ms]
[2022-07-17T21:29:20.406Z] > git for-each-ref --format=%(refname)%00%(upstream:short)%00%(objectname)%00%(upstream:track)%00%(upstream:remotename)%00%(upstream:remoteref) refs/heads/psalah refs/remotes/psalah [0ms]
[2022-07-17T21:29:20.429Z] > git for-each-ref --sort -committerdate --format %(refname) %(objectname) %(*objectname) [12ms]
[2022-07-17T21:29:20.429Z] > git remote --verbose [0ms]
[2022-07-17T21:29:20.443Z] > git config --get commit.template [1ms]
[2022-07-17T21:29:29.743Z] > git status -z -uall [1ms]
[2022-07-17T21:29:29.755Z] > git symbolic-ref --short HEAD [1ms]
[2022-07-17T21:29:29.766Z] > git for-each-ref --format=%(refname)%00%(upstream:short)%00%(objectname)%00%(upstream:track)%00%(upstream:remotename)%00%(upstream:remoteref) refs/heads/psalah refs/remotes/psalah [0ms]
[2022-07-17T21:29:29.790Z] > git for-each-ref --sort -committerdate --format %(refname) %(objectname) %(*objectname) [12ms]
[2022-07-17T21:29:29.790Z] > git remote --verbose [0ms]
[2022-07-17T21:29:29.802Z] > git config --get commit.template [0ms]
[2022-07-17T21:29:44.031Z] > git show --textconv :app/etl/ps_etl.py [15ms]
[2022-07-17T21:29:44.032Z] > git ls-files --stage -- /home/bot/AAMeineSachen/FL3XX/BRIGHT-reporting/app/etl/ps_etl.py [1ms]
[2022-07-17T21:29:44.047Z] > git cat-file -s f01ff8279bda1a91387ab57ba8abccce4081ce8e [1ms]
[2022-07-17T21:29:47.169Z] > git status -z -uall [1ms]
[2022-07-17T21:29:47.182Z] > git symbolic-ref --short HEAD [0ms]
[2022-07-17T21:29:47.194Z] > git for-each-ref --format=%(refname)%00%(upstream:short)%00%(objectname)%00%(upstream:track)%00%(upstream:remotename)%00%(upstream:remoteref) refs/heads/psalah refs/remotes/psalah [1ms]
[2022-07-17T21:29:47.215Z] > git for-each-ref --sort -committerdate --format %(refname) %(objectname) %(*objectname) [11ms]
[2022-07-17T21:29:47.215Z] > git remote --verbose [1ms]
[2022-07-17T21:29:47.226Z] > git config --get commit.template [0ms]
[2022-07-17T21:30:02.413Z] > git status -z -uall [1ms]
[2022-07-17T21:30:02.430Z] > git symbolic-ref --short HEAD [1ms]
[2022-07-17T21:30:02.446Z] > git for-each-ref --format=%(refname)%00%(upstream:short)%00%(objectname)%00%(upstream:track)%00%(upstream:remotename)%00%(upstream:remoteref) refs/heads/psalah refs/remotes/psalah [1ms]
[2022-07-17T21:30:02.476Z] > git for-each-ref --sort -committerdate --format %(refname) %(objectname) %(*objectname) [15ms]
[2022-07-17T21:30:02.476Z] > git remote --verbose [1ms]
[2022-07-17T21:30:02.493Z] > git config --get commit.template [0ms]
[2022-07-17T21:30:11.196Z] > git status -z -uall [1ms]
[2022-07-17T21:30:11.213Z] > git symbolic-ref --short HEAD [1ms]
[2022-07-17T21:30:11.230Z] > git for-each-ref --format=%(refname)%00%(upstream:short)%00%(objectname)%00%(upstream:track)%00%(upstream:remotename)%00%(upstream:remoteref) refs/heads/psalah refs/remotes/psalah [1ms]
[2022-07-17T21:30:11.268Z] > git for-each-ref --sort -committerdate --format %(refname) %(objectname) %(*objectname) [20ms]
[2022-07-17T21:30:11.270Z] > git remote --verbose [3ms]
[2022-07-17T21:30:11.289Z] > git config --get commit.template [1ms]
[2022-07-17T21:30:27.910Z] > git status -z -uall [1ms]
[2022-07-17T21:30:27.926Z] > git symbolic-ref --short HEAD [1ms]
[2022-07-17T21:30:27.942Z] > git for-each-ref --format=%(refname)%00%(upstream:short)%00%(objectname)%00%(upstream:track)%00%(upstream:remotename)%00%(upstream:remoteref) refs/heads/psalah refs/remotes/psalah [1ms]
[2022-07-17T21:30:27.973Z] > git for-each-ref --sort -committerdate --format %(refname) %(objectname) %(*objectname) [15ms]
[2022-07-17T21:30:27.974Z] > git remote --verbose [2ms]
[2022-07-17T21:30:27.989Z] > git config --get commit.template [1ms]
[2022-07-17T21:30:39.581Z] > git status -z -uall [12ms]
[2022-07-17T21:30:39.595Z] > git symbolic-ref --short HEAD [1ms]
[2022-07-17T21:30:39.609Z] > git for-each-ref --format=%(refname)%00%(upstream:short)%00%(objectname)%00%(upstream:track)%00%(upstream:remotename)%00%(upstream:remoteref) refs/heads/psalah refs/remotes/psalah [1ms]
[2022-07-17T21:30:39.634Z] > git for-each-ref --sort -committerdate --format %(refname) %(objectname) %(*objectname) [12ms]
[2022-07-17T21:30:39.635Z] > git remote --verbose [1ms]
[2022-07-17T21:30:39.648Z] > git config --get commit.template [1ms]
[2022-07-17T21:30:49.691Z] > git status -z -uall [1ms]
[2022-07-17T21:30:49.704Z] > git symbolic-ref --short HEAD [1ms]
[2022-07-17T21:30:49.717Z] > git for-each-ref --format=%(refname)%00%(upstream:short)%00%(objectname)%00%(upstream:track)%00%(upstream:remotename)%00%(upstream:remoteref) refs/heads/psalah refs/remotes/psalah [1ms]
[2022-07-17T21:30:49.739Z] > git for-each-ref --sort -committerdate --format %(refname) %(objectname) %(*objectname) [11ms]
[2022-07-17T21:30:49.739Z] > git remote --verbose [0ms]
[2022-07-17T21:30:49.752Z] > git config --get commit.template [0ms]
[2022-07-17T21:30:49.783Z] > git ls-files --stage -- /home/bot/AAMeineSachen/FL3XX/BRIGHT-reporting/app/etl/ps_etl.py [0ms]
[2022-07-17T21:30:49.796Z] > git cat-file -s f01ff8279bda1a91387ab57ba8abccce4081ce8e [0ms]
[2022-07-17T21:30:49.812Z] > git show --textconv :app/etl/ps_etl.py [1ms]
[2022-07-17T21:31:13.556Z] > git status -z -uall [1ms]
[2022-07-17T21:31:13.569Z] > git symbolic-ref --short HEAD [1ms]
[2022-07-17T21:31:13.581Z] > git for-each-ref --format=%(refname)%00%(upstream:short)%00%(objectname)%00%(upstream:track)%00%(upstream:remotename)%00%(upstream:remoteref) refs/heads/psalah refs/remotes/psalah [0ms]
[2022-07-17T21:31:13.603Z] > git for-each-ref --sort -committerdate --format %(refname) %(objectname) %(*objectname) [11ms]
[2022-07-17T21:31:13.603Z] > git remote --verbose [0ms]
[2022-07-17T21:31:13.615Z] > git config --get commit.template [0ms]
[2022-07-17T21:31:14.946Z] > git check-ignore -v -z --stdin [1ms]
[2022-07-17T21:31:18.638Z] > git status -z -uall [1ms]
[2022-07-17T21:31:18.654Z] > git symbolic-ref --short HEAD [1ms]
[2022-07-17T21:31:18.670Z] > git for-each-ref --format=%(refname)%00%(upstream:short)%00%(objectname)%00%(upstream:track)%00%(upstream:remotename)%00%(upstream:remoteref) refs/heads/psalah refs/remotes/psalah [0ms]
[2022-07-17T21:31:18.693Z] > git for-each-ref --sort -committerdate --format %(refname) %(objectname) %(*objectname) [11ms]
[2022-07-17T21:31:18.693Z] > git remote --verbose [1ms]
[2022-07-17T21:31:18.705Z] > git config --get commit.template [1ms]
[2022-07-17T21:31:28.740Z] > git status -z -uall [17ms]
[2022-07-17T21:31:28.785Z] > git symbolic-ref --short HEAD [28ms]
[2022-07-17T21:31:28.798Z] > git for-each-ref --format=%(refname)%00%(upstream:short)%00%(objectname)%00%(upstream:track)%00%(upstream:remotename)%00%(upstream:remoteref) refs/heads/psalah refs/remotes/psalah [1ms]
[2022-07-17T21:31:28.824Z] > git for-each-ref --sort -committerdate --format %(refname) %(objectname) %(*objectname) [13ms]
[2022-07-17T21:31:28.824Z] > git remote --verbose [0ms]
[2022-07-17T21:31:28.838Z] > git config --get commit.template [1ms]
[2022-07-17T21:31:54.589Z] > git status -z -uall [1ms]
[2022-07-17T21:31:54.600Z] > git symbolic-ref --short HEAD [0ms]
[2022-07-17T21:31:54.611Z] > git for-each-ref --format=%(refname)%00%(upstream:short)%00%(objectname)%00%(upstream:track)%00%(upstream:remotename)%00%(upstream:remoteref) refs/heads/psalah refs/remotes/psalah [0ms]
[2022-07-17T21:31:54.634Z] > git for-each-ref --sort -committerdate --format %(refname) %(objectname) %(*objectname) [12ms]
[2022-07-17T21:31:54.634Z] > git remote --verbose [1ms]
[2022-07-17T21:31:54.646Z] > git config --get commit.template [1ms]
[2022-07-17T21:32:18.599Z] > git show --textconv :app/etl/ps_etl.py [11ms]
[2022-07-17T21:32:18.599Z] > git ls-files --stage -- /home/bot/AAMeineSachen/FL3XX/BRIGHT-reporting/app/etl/ps_etl.py [0ms]
[2022-07-17T21:32:18.610Z] > git cat-file -s f01ff8279bda1a91387ab57ba8abccce4081ce8e [0ms]
[2022-07-17T21:32:24.181Z] > git status -z -uall [15ms]
[2022-07-17T21:32:24.194Z] > git symbolic-ref --short HEAD [1ms]
[2022-07-17T21:32:24.207Z] > git for-each-ref --format=%(refname)%00%(upstream:short)%00%(objectname)%00%(upstream:track)%00%(upstream:remotename)%00%(upstream:remoteref) refs/heads/psalah refs/remotes/psalah [0ms]
[2022-07-17T21:32:24.230Z] > git remote --verbose [2ms]
[2022-07-17T21:32:24.230Z] > git for-each-ref --sort -committerdate --format %(refname) %(objectname) %(*objectname) [12ms]
[2022-07-17T21:32:24.241Z] > git config --get commit.template [0ms]
[2022-07-17T21:32:30.879Z] > git status -z -uall [0ms]
[2022-07-17T21:32:30.891Z] > git symbolic-ref --short HEAD [1ms]
[2022-07-17T21:32:30.902Z] > git for-each-ref --format=%(refname)%00%(upstream:short)%00%(objectname)%00%(upstream:track)%00%(upstream:remotename)%00%(upstream:remoteref) refs/heads/psalah refs/remotes/psalah [1ms]
[2022-07-17T21:32:30.923Z] > git for-each-ref --sort -committerdate --format %(refname) %(objectname) %(*objectname) [11ms]
[2022-07-17T21:32:30.924Z] > git remote --verbose [1ms]
[2022-07-17T21:32:30.935Z] > git config --get commit.template [0ms]
[2022-07-17T21:34:34.633Z] > git show --textconv :app/etl/helpers.py [13ms]
[2022-07-17T21:34:34.633Z] > git ls-files --stage -- /home/bot/AAMeineSachen/FL3XX/BRIGHT-reporting/app/etl/helpers.py [0ms]
[2022-07-17T21:34:37.114Z] > git show --textconv :app/etl/ps_etl.py [12ms]
[2022-07-17T21:34:37.115Z] > git ls-files --stage -- /home/bot/AAMeineSachen/FL3XX/BRIGHT-reporting/app/etl/ps_etl.py [2ms]
[2022-07-17T21:34:37.126Z] > git cat-file -s f01ff8279bda1a91387ab57ba8abccce4081ce8e [1ms]
[2022-07-17T21:34:42.084Z] > git status -z -uall [1ms]
[2022-07-17T21:34:42.096Z] > git symbolic-ref --short HEAD [0ms]
[2022-07-17T21:34:42.108Z] > git for-each-ref --format=%(refname)%00%(upstream:short)%00%(objectname)%00%(upstream:track)%00%(upstream:remotename)%00%(upstream:remoteref) refs/heads/psalah refs/remotes/psalah [0ms]
[2022-07-17T21:34:42.133Z] > git for-each-ref --sort -committerdate --format %(refname) %(objectname) %(*objectname) [13ms]
[2022-07-17T21:34:42.133Z] > git remote --verbose [1ms]
[2022-07-17T21:34:42.149Z] > git config --get commit.template [0ms]
[2022-07-17T21:35:03.196Z] > git status -z -uall [1ms]
[2022-07-17T21:35:03.212Z] > git symbolic-ref --short HEAD [1ms]
[2022-07-17T21:35:03.228Z] > git for-each-ref --format=%(refname)%00%(upstream:short)%00%(objectname)%00%(upstream:track)%00%(upstream:remotename)%00%(upstream:remoteref) refs/heads/psalah refs/remotes/psalah [2ms]
[2022-07-17T21:35:03.252Z] > git for-each-ref --sort -committerdate --format %(refname) %(objectname) %(*objectname) [13ms]
[2022-07-17T21:35:03.252Z] > git remote --verbose [0ms]
[2022-07-17T21:35:03.265Z] > git config --get commit.template [1ms]
[2022-07-17T21:35:13.432Z] > git status -z -uall [2ms]
[2022-07-17T21:35:13.450Z] > git symbolic-ref --short HEAD [0ms]
[2022-07-17T21:35:13.463Z] > git for-each-ref --format=%(refname)%00%(upstream:short)%00%(objectname)%00%(upstream:track)%00%(upstream:remotename)%00%(upstream:remoteref) refs/heads/psalah refs/remotes/psalah [1ms]
[2022-07-17T21:35:13.487Z] > git for-each-ref --sort -committerdate --format %(refname) %(objectname) %(*objectname) [12ms]
[2022-07-17T21:35:13.487Z] > git remote --verbose [0ms]
[2022-07-17T21:35:13.499Z] > git config --get commit.template [1ms]
[2022-07-17T21:35:20.059Z] > git status -z -uall [1ms]
[2022-07-17T21:35:20.074Z] > git symbolic-ref --short HEAD [0ms]
[2022-07-17T21:35:20.090Z] > git for-each-ref --format=%(refname)%00%(upstream:short)%00%(objectname)%00%(upstream:track)%00%(upstream:remotename)%00%(upstream:remoteref) refs/heads/psalah refs/remotes/psalah [1ms]
[2022-07-17T21:35:20.116Z] > git for-each-ref --sort -committerdate --format %(refname) %(objectname) %(*objectname) [13ms]
[2022-07-17T21:35:20.116Z] > git remote --verbose [0ms]
[2022-07-17T21:35:20.129Z] > git config --get commit.template [0ms]
[2022-07-17T21:35:26.485Z] > git status -z -uall [2ms]
[2022-07-17T21:35:26.503Z] > git symbolic-ref --short HEAD [1ms]
[2022-07-17T21:35:26.516Z] > git for-each-ref --format=%(refname)%00%(upstream:short)%00%(objectname)%00%(upstream:track)%00%(upstream:remotename)%00%(upstream:remoteref) refs/heads/psalah refs/remotes/psalah [1ms]
[2022-07-17T21:35:26.537Z] > git for-each-ref --sort -committerdate --format %(refname) %(objectname) %(*objectname) [11ms]
[2022-07-17T21:35:26.537Z] > git remote --verbose [1ms]
[2022-07-17T21:35:26.551Z] > git config --get commit.template [1ms]
[2022-07-17T21:35:41.366Z] > git status -z -uall [1ms]
[2022-07-17T21:35:41.383Z] > git symbolic-ref --short HEAD [1ms]
[2022-07-17T21:35:41.399Z] > git for-each-ref --format=%(refname)%00%(upstream:short)%00%(objectname)%00%(upstream:track)%00%(upstream:remotename)%00%(upstream:remoteref) refs/heads/psalah refs/remotes/psalah [0ms]
[2022-07-17T21:35:41.432Z] > git for-each-ref --sort -committerdate --format %(refname) %(objectname) %(*objectname) [17ms]
[2022-07-17T21:35:41.433Z] > git remote --verbose [1ms]
[2022-07-17T21:35:41.451Z] > git config --get commit.template [1ms]
[2022-07-17T21:35:46.477Z] > git status -z -uall [0ms]
[2022-07-17T21:35:46.490Z] > git symbolic-ref --short HEAD [1ms]
[2022-07-17T21:35:46.502Z] > git for-each-ref --format=%(refname)%00%(upstream:short)%00%(objectname)%00%(upstream:track)%00%(upstream:remotename)%00%(upstream:remoteref) refs/heads/psalah refs/remotes/psalah [1ms]
[2022-07-17T21:35:46.523Z] > git for-each-ref --sort -committerdate --format %(refname) %(objectname) %(*objectname) [11ms]
[2022-07-17T21:35:46.523Z] > git remote --verbose [1ms]
[2022-07-17T21:35:46.535Z] > git config --get commit.template [0ms]
[2022-07-17T21:36:02.852Z] > git status -z -uall [1ms]
[2022-07-17T21:36:02.867Z] > git symbolic-ref --short HEAD [1ms]
[2022-07-17T21:36:02.881Z] > git for-each-ref --format=%(refname)%00%(upstream:short)%00%(objectname)%00%(upstream:track)%00%(upstream:remotename)%00%(upstream:remoteref) refs/heads/psalah refs/remotes/psalah [1ms]
[2022-07-17T21:36:02.906Z] > git for-each-ref --sort -committerdate --format %(refname) %(objectname) %(*objectname) [13ms]
[2022-07-17T21:36:02.906Z] > git remote --verbose [1ms]
[2022-07-17T21:36:02.921Z] > git config --get commit.template [0ms]
[2022-07-17T21:36:07.947Z] > git status -z -uall [0ms]
[2022-07-17T21:36:07.959Z] > git symbolic-ref --short HEAD [0ms]
[2022-07-17T21:36:07.970Z] > git for-each-ref --format=%(refname)%00%(upstream:short)%00%(objectname)%00%(upstream:track)%00%(upstream:remotename)%00%(upstream:remoteref) refs/heads/psalah refs/remotes/psalah [0ms]
[2022-07-17T21:36:07.991Z] > git for-each-ref --sort -committerdate --format %(refname) %(objectname) %(*objectname) [11ms]
[2022-07-17T21:36:07.991Z] > git remote --verbose [0ms]
[2022-07-17T21:36:08.002Z] > git config --get commit.template [0ms]
[2022-07-17T21:36:34.122Z] > git show --textconv :app/etl/ps_etl.py [12ms]
[2022-07-17T21:36:34.122Z] > git ls-files --stage -- /home/bot/AAMeineSachen/FL3XX/BRIGHT-reporting/app/etl/ps_etl.py [0ms]
[2022-07-17T21:36:34.134Z] > git cat-file -s f01ff8279bda1a91387ab57ba8abccce4081ce8e [1ms]
[2022-07-17T21:41:38.824Z] > git show --textconv :app/etl/ps_etl.py [16ms]
[2022-07-17T21:41:38.825Z] > git ls-files --stage -- /home/bot/AAMeineSachen/FL3XX/BRIGHT-reporting/app/etl/ps_etl.py [1ms]
[2022-07-17T21:41:38.837Z] > git cat-file -s f01ff8279bda1a91387ab57ba8abccce4081ce8e [1ms]
[2022-07-17T21:41:46.709Z] > git show --textconv :app/etl/read_config.py [22ms]
[2022-07-17T21:41:46.710Z] > git ls-files --stage -- /home/bot/AAMeineSachen/FL3XX/BRIGHT-reporting/app/etl/read_config.py [2ms]
[2022-07-17T21:41:52.012Z] > git show --textconv :app/etl/helpers.py [10ms]
[2022-07-17T21:41:52.013Z] > git ls-files --stage -- /home/bot/AAMeineSachen/FL3XX/BRIGHT-reporting/app/etl/helpers.py [1ms]
[2022-07-17T21:44:10.101Z] > git show --textconv :app/etl/ps_etl.py [12ms]
[2022-07-17T21:44:10.101Z] > git ls-files --stage -- /home/bot/AAMeineSachen/FL3XX/BRIGHT-reporting/app/etl/ps_etl.py [1ms]
[2022-07-17T21:44:10.112Z] > git cat-file -s f01ff8279bda1a91387ab57ba8abccce4081ce8e [0ms]
[2022-07-17T21:44:13.106Z] > git status -z -uall [1ms]
[2022-07-17T21:44:13.117Z] > git symbolic-ref --short HEAD [1ms]
[2022-07-17T21:44:13.128Z] > git for-each-ref --format=%(refname)%00%(upstream:short)%00%(objectname)%00%(upstream:track)%00%(upstream:remotename)%00%(upstream:remoteref) refs/heads/psalah refs/remotes/psalah [1ms]
[2022-07-17T21:44:13.151Z] > git for-each-ref --sort -committerdate --format %(refname) %(objectname) %(*objectname) [11ms]
[2022-07-17T21:44:13.152Z] > git remote --verbose [1ms]
[2022-07-17T21:44:13.164Z] > git config --get commit.template [1ms]
[2022-07-17T21:44:18.547Z] > git show --textconv :app/etl/ps_etl.py [11ms]
[2022-07-17T21:44:18.548Z] > git ls-files --stage -- /home/bot/AAMeineSachen/FL3XX/BRIGHT-reporting/app/etl/ps_etl.py [1ms]
[2022-07-17T21:44:18.560Z] > git cat-file -s f01ff8279bda1a91387ab57ba8abccce4081ce8e [1ms]
[2022-07-17T21:44:26.800Z] > git status -z -uall [0ms]
[2022-07-17T21:44:26.818Z] > git symbolic-ref --short HEAD [1ms]
[2022-07-17T21:44:26.835Z] > git for-each-ref --format=%(refname)%00%(upstream:short)%00%(objectname)%00%(upstream:track)%00%(upstream:remotename)%00%(upstream:remoteref) refs/heads/psalah refs/remotes/psalah [0ms]
[2022-07-17T21:44:26.868Z] > git remote --verbose [0ms]
[2022-07-17T21:44:26.868Z] > git for-each-ref --sort -committerdate --format %(refname) %(objectname) %(*objectname) [16ms]
[2022-07-17T21:44:26.885Z] > git config --get commit.template [0ms]
[2022-07-17T21:46:19.147Z] > git show --textconv :app/etl/ps_etl.py [11ms]
[2022-07-17T21:46:19.147Z] > git ls-files --stage -- /home/bot/AAMeineSachen/FL3XX/BRIGHT-reporting/app/etl/ps_etl.py [0ms]
[2022-07-17T21:46:19.160Z] > git cat-file -s f01ff8279bda1a91387ab57ba8abccce4081ce8e [2ms]
[2022-07-17T21:46:26.283Z] > git status -z -uall [1ms]
[2022-07-17T21:46:26.294Z] > git symbolic-ref --short HEAD [0ms]
[2022-07-17T21:46:26.306Z] > git for-each-ref --format=%(refname)%00%(upstream:short)%00%(objectname)%00%(upstream:track)%00%(upstream:remotename)%00%(upstream:remoteref) refs/heads/psalah refs/remotes/psalah [1ms]
[2022-07-17T21:46:26.328Z] > git for-each-ref --sort -committerdate --format %(refname) %(objectname) %(*objectname) [12ms]
[2022-07-17T21:46:26.328Z] > git remote --verbose [1ms]
[2022-07-17T21:46:26.339Z] > git config --get commit.template [0ms]
[2022-07-17T21:46:33.776Z] > git status -z -uall [1ms]
[2022-07-17T21:46:33.789Z] > git symbolic-ref --short HEAD [1ms]
[2022-07-17T21:46:33.802Z] > git for-each-ref --format=%(refname)%00%(upstream:short)%00%(objectname)%00%(upstream:track)%00%(upstream:remotename)%00%(upstream:remoteref) refs/heads/psalah refs/remotes/psalah [1ms]
[2022-07-17T21:46:33.829Z] > git for-each-ref --sort -committerdate --format %(refname) %(objectname) %(*objectname) [15ms]
[2022-07-17T21:46:33.829Z] > git remote --verbose [1ms]
[2022-07-17T21:46:33.844Z] > git config --get commit.template [1ms]
[2022-07-17T21:46:38.859Z] > git status -z -uall [1ms]
[2022-07-17T21:46:38.871Z] > git symbolic-ref --short HEAD [0ms]
[2022-07-17T21:46:38.883Z] > git for-each-ref --format=%(refname)%00%(upstream:short)%00%(objectname)%00%(upstream:track)%00%(upstream:remotename)%00%(upstream:remoteref) refs/heads/psalah refs/remotes/psalah [1ms]
[2022-07-17T21:46:38.904Z] > git for-each-ref --sort -committerdate --format %(refname) %(objectname) %(*objectname) [11ms]
[2022-07-17T21:46:38.904Z] > git remote --verbose [1ms]
[2022-07-17T21:46:38.917Z] > git config --get commit.template [0ms]
[2022-07-17T21:46:58.325Z] > git show --textconv :app/etl/ps_etl.py [13ms]
[2022-07-17T21:46:58.325Z] > git ls-files --stage -- /home/bot/AAMeineSachen/FL3XX/BRIGHT-reporting/app/etl/ps_etl.py [1ms]
[2022-07-17T21:46:58.337Z] > git cat-file -s f01ff8279bda1a91387ab57ba8abccce4081ce8e [1ms]
[2022-07-17T21:47:03.571Z] > git status -z -uall [1ms]
[2022-07-17T21:47:03.583Z] > git symbolic-ref --short HEAD [1ms]
[2022-07-17T21:47:03.595Z] > git for-each-ref --format=%(refname)%00%(upstream:short)%00%(objectname)%00%(upstream:track)%00%(upstream:remotename)%00%(upstream:remoteref) refs/heads/psalah refs/remotes/psalah [1ms]
[2022-07-17T21:47:03.617Z] > git remote --verbose [1ms]
[2022-07-17T21:47:03.617Z] > git for-each-ref --sort -committerdate --format %(refname) %(objectname) %(*objectname) [12ms]
[2022-07-17T21:47:03.628Z] > git config --get commit.template [0ms]
[2022-07-17T21:47:29.668Z] > git show --textconv :app/etl/ps_etl.py [12ms]
[2022-07-17T21:47:29.669Z] > git ls-files --stage -- /home/bot/AAMeineSachen/FL3XX/BRIGHT-reporting/app/etl/ps_etl.py [1ms]
[2022-07-17T21:47:29.680Z] > git cat-file -s f01ff8279bda1a91387ab57ba8abccce4081ce8e [0ms]
[2022-07-17T21:47:32.565Z] > git status -z -uall [0ms]
[2022-07-17T21:47:32.578Z] > git symbolic-ref --short HEAD [1ms]
[2022-07-17T21:47:32.590Z] > git for-each-ref --format=%(refname)%00%(upstream:short)%00%(objectname)%00%(upstream:track)%00%(upstream:remotename)%00%(upstream:remoteref) refs/heads/psalah refs/remotes/psalah [1ms]
[2022-07-17T21:47:32.612Z] > git for-each-ref --sort -committerdate --format %(refname) %(objectname) %(*objectname) [12ms]
[2022-07-17T21:47:32.612Z] > git remote --verbose [1ms]
[2022-07-17T21:47:32.624Z] > git config --get commit.template [1ms]
