["INFO" - 11:11:05 PM] Extension Name: esbenp.prettier-vscode.
["INFO" - 11:11:05 PM] Extension Version: 9.5.0.
["INFO" - 11:11:41 PM] Formatting file:///home/bot/AAMeineSachen/FL3XX/BRIGHT-reporting/.vscode/settings.json
["INFO" - 11:11:41 PM] Using ignore file (if present) at /home/bot/AAMeineSachen/FL3XX/BRIGHT-reporting/.prettierignore
["INFO" - 11:11:41 PM] File Info:
{
  "ignored": false,
  "inferredParser": "json"
}
["INFO" - 11:11:41 PM] No local configuration (i.e. .prettierrc or .editorconfig) detected, falling back to VS Code configuration
["INFO" - 11:11:41 PM] Prettier Options:
{
  "arrowParens": "always",
  "bracketSpacing": true,
  "endOfLine": "lf",
  "htmlWhitespaceSensitivity": "css",
  "insertPragma": false,
  "jsxBracketSameLine": false,
  "jsxSingleQuote": false,
  "printWidth": 80,
  "proseWrap": "preserve",
  "quoteProps": "as-needed",
  "requirePragma": false,
  "semi": true,
  "singleQuote": false,
  "tabWidth": 2,
  "trailingComma": "es5",
  "useTabs": false,
  "vueIndentScriptAndStyle": false,
  "filepath": "/home/bot/AAMeineSachen/FL3XX/BRIGHT-reporting/.vscode/settings.json",
  "parser": "json"
}
["INFO" - 11:11:41 PM] Formatting completed in 0.022ms.
["INFO" - 11:11:41 PM] Formatting file:///home/bot/AAMeineSachen/FL3XX/BRIGHT-reporting/.vscode/settings.json
["INFO" - 11:11:41 PM] Using ignore file (if present) at /home/bot/AAMeineSachen/FL3XX/BRIGHT-reporting/.prettierignore
["INFO" - 11:11:41 PM] File Info:
{
  "ignored": false,
  "inferredParser": "json"
}
["INFO" - 11:11:41 PM] No local configuration (i.e. .prettierrc or .editorconfig) detected, falling back to VS Code configuration
["INFO" - 11:11:41 PM] Prettier Options:
{
  "arrowParens": "always",
  "bracketSpacing": true,
  "endOfLine": "lf",
  "htmlWhitespaceSensitivity": "css",
  "insertPragma": false,
  "jsxBracketSameLine": false,
  "jsxSingleQuote": false,
  "printWidth": 80,
  "proseWrap": "preserve",
  "quoteProps": "as-needed",
  "requirePragma": false,
  "semi": true,
  "singleQuote": false,
  "tabWidth": 2,
  "trailingComma": "es5",
  "useTabs": false,
  "vueIndentScriptAndStyle": false,
  "filepath": "/home/bot/AAMeineSachen/FL3XX/BRIGHT-reporting/.vscode/settings.json",
  "parser": "json"
}
["INFO" - 11:11:41 PM] Formatting completed in 0.007ms.
["INFO" - 11:21:36 PM] Formatting vscode-userdata:/home/bot/.config/Code/User/settings.json
["INFO" - 11:21:36 PM] File Info:
{
  "ignored": false,
  "inferredParser": "json"
}
["INFO" - 11:21:36 PM] No local configuration (i.e. .prettierrc or .editorconfig) detected, falling back to VS Code configuration
["INFO" - 11:21:36 PM] Prettier Options:
{
  "arrowParens": "always",
  "bracketSpacing": true,
  "endOfLine": "lf",
  "htmlWhitespaceSensitivity": "css",
  "insertPragma": false,
  "jsxBracketSameLine": false,
  "jsxSingleQuote": false,
  "printWidth": 80,
  "proseWrap": "preserve",
  "quoteProps": "as-needed",
  "requirePragma": false,
  "semi": true,
  "singleQuote": false,
  "tabWidth": 2,
  "trailingComma": "es5",
  "useTabs": false,
  "vueIndentScriptAndStyle": false,
  "filepath": "/home/bot/.config/Code/User/settings.json",
  "parser": "json"
}
["ERROR" - 11:21:36 PM] Error formatting document.
["ERROR" - 11:21:36 PM] Unexpected token (58:42)
  56 |   // "python.linting.pylintArgs": [
  57 |     // "--disable=W1618", // C0103,W1618,W1632,W0141
> 58 |     "--extension-pkg-whitelist=cv2,numpy",
     |                                          ^
  59 |     "--max-line-length=100"
  60 |     // "--enable=F,E,W", //F,E,W
  61 |     // "--enable=F,E,W,unreachable,duplicate-key,unnecessary-semicolon,global-variable-not-assigned,unused-variable,binary-op-exception,bad-format-string,anomalous-backslash-in-string,bad-open-mode"
SyntaxError: Unexpected token (58:42)
  56 |   // "python.linting.pylintArgs": [
  57 |     // "--disable=W1618", // C0103,W1618,W1632,W0141
> 58 |     "--extension-pkg-whitelist=cv2,numpy",
     |                                          ^
  59 |     "--max-line-length=100"
  60 |     // "--enable=F,E,W", //F,E,W
  61 |     // "--enable=F,E,W,unreachable,duplicate-key,unnecessary-semicolon,global-variable-not-assigned,unused-variable,binary-op-exception,bad-format-string,anomalous-backslash-in-string,bad-open-mode"
    at p (/home/bot/.vscode/extensions/esbenp.prettier-vscode-9.5.0/node_modules/prettier/parser-babel.js:22:1038)
    at d (/home/bot/.vscode/extensions/esbenp.prettier-vscode-9.5.0/node_modules/prettier/parser-babel.js:22:1271)
    at Object.parse (/home/bot/.vscode/extensions/esbenp.prettier-vscode-9.5.0/node_modules/prettier/parser-babel.js:27:47065)
    at Object.parse (/home/bot/.vscode/extensions/esbenp.prettier-vscode-9.5.0/node_modules/prettier/index.js:7330:23)
    at coreFormat (/home/bot/.vscode/extensions/esbenp.prettier-vscode-9.5.0/node_modules/prettier/index.js:8641:18)
    at formatWithCursor2 (/home/bot/.vscode/extensions/esbenp.prettier-vscode-9.5.0/node_modules/prettier/index.js:8833:18)
    at /home/bot/.vscode/extensions/esbenp.prettier-vscode-9.5.0/node_modules/prettier/index.js:39137:12
    at Object.Success [as format] (/home/bot/.vscode/extensions/esbenp.prettier-vscode-9.5.0/node_modules/prettier/index.js:39151:12)
    at t.default.format (/home/bot/.vscode/extensions/esbenp.prettier-vscode-9.5.0/src/PrettierEditService.ts:463:45)
    at t.PrettierEditProvider.provideEdits (/home/bot/.vscode/extensions/esbenp.prettier-vscode-9.5.0/src/PrettierEditService.ts:322:22)
    at F.provideDocumentFormattingEdits (/opt/visual-studio-code/resources/app/out/vs/workbench/api/node/extensionHostProcess.js:87:45332)
["INFO" - 11:21:36 PM] Formatting completed in 0.031ms.
["INFO" - 11:21:49 PM] Formatting vscode-userdata:/home/bot/.config/Code/User/settings.json
["INFO" - 11:21:49 PM] File Info:
{
  "ignored": false,
  "inferredParser": "json"
}
["INFO" - 11:21:49 PM] No local configuration (i.e. .prettierrc or .editorconfig) detected, falling back to VS Code configuration
["INFO" - 11:21:49 PM] Prettier Options:
{
  "arrowParens": "always",
  "bracketSpacing": true,
  "endOfLine": "lf",
  "htmlWhitespaceSensitivity": "css",
  "insertPragma": false,
  "jsxBracketSameLine": false,
  "jsxSingleQuote": false,
  "printWidth": 80,
  "proseWrap": "preserve",
  "quoteProps": "as-needed",
  "requirePragma": false,
  "semi": true,
  "singleQuote": false,
  "tabWidth": 2,
  "trailingComma": "es5",
  "useTabs": false,
  "vueIndentScriptAndStyle": false,
  "filepath": "/home/bot/.config/Code/User/settings.json",
  "parser": "json"
}
["INFO" - 11:21:49 PM] Formatting completed in 0.016ms.
["INFO" - 11:21:59 PM] Formatting vscode-userdata:/home/bot/.config/Code/User/settings.json
["INFO" - 11:21:59 PM] File Info:
{
  "ignored": false,
  "inferredParser": "json"
}
["INFO" - 11:21:59 PM] No local configuration (i.e. .prettierrc or .editorconfig) detected, falling back to VS Code configuration
["INFO" - 11:21:59 PM] Prettier Options:
{
  "arrowParens": "always",
  "bracketSpacing": true,
  "endOfLine": "lf",
  "htmlWhitespaceSensitivity": "css",
  "insertPragma": false,
  "jsxBracketSameLine": false,
  "jsxSingleQuote": false,
  "printWidth": 80,
  "proseWrap": "preserve",
  "quoteProps": "as-needed",
  "requirePragma": false,
  "semi": true,
  "singleQuote": false,
  "tabWidth": 2,
  "trailingComma": "es5",
  "useTabs": false,
  "vueIndentScriptAndStyle": false,
  "filepath": "/home/bot/.config/Code/User/settings.json",
  "parser": "json"
}
["INFO" - 11:21:59 PM] Formatting completed in 0.012ms.
["INFO" - 11:23:39 PM] Formatting vscode-userdata:/home/bot/.config/Code/User/settings.json
["INFO" - 11:23:39 PM] File Info:
{
  "ignored": false,
  "inferredParser": "json"
}
["INFO" - 11:23:39 PM] No local configuration (i.e. .prettierrc or .editorconfig) detected, falling back to VS Code configuration
["INFO" - 11:23:39 PM] Prettier Options:
{
  "arrowParens": "always",
  "bracketSpacing": true,
  "endOfLine": "lf",
  "htmlWhitespaceSensitivity": "css",
  "insertPragma": false,
  "jsxBracketSameLine": false,
  "jsxSingleQuote": false,
  "printWidth": 80,
  "proseWrap": "preserve",
  "quoteProps": "as-needed",
  "requirePragma": false,
  "semi": true,
  "singleQuote": false,
  "tabWidth": 2,
  "trailingComma": "es5",
  "useTabs": false,
  "vueIndentScriptAndStyle": false,
  "filepath": "/home/bot/.config/Code/User/settings.json",
  "parser": "json"
}
["INFO" - 11:23:39 PM] Formatting completed in 0.008ms.
["INFO" - 11:23:42 PM] Formatting vscode-userdata:/home/bot/.config/Code/User/settings.json
["INFO" - 11:23:42 PM] File Info:
{
  "ignored": false,
  "inferredParser": "json"
}
["INFO" - 11:23:42 PM] No local configuration (i.e. .prettierrc or .editorconfig) detected, falling back to VS Code configuration
["INFO" - 11:23:42 PM] Prettier Options:
{
  "arrowParens": "always",
  "bracketSpacing": true,
  "endOfLine": "lf",
  "htmlWhitespaceSensitivity": "css",
  "insertPragma": false,
  "jsxBracketSameLine": false,
  "jsxSingleQuote": false,
  "printWidth": 80,
  "proseWrap": "preserve",
  "quoteProps": "as-needed",
  "requirePragma": false,
  "semi": true,
  "singleQuote": false,
  "tabWidth": 2,
  "trailingComma": "es5",
  "useTabs": false,
  "vueIndentScriptAndStyle": false,
  "filepath": "/home/bot/.config/Code/User/settings.json",
  "parser": "json"
}
["INFO" - 11:23:42 PM] Formatting completed in 0.008ms.
["INFO" - 11:23:42 PM] Formatting vscode-userdata:/home/bot/.config/Code/User/settings.json
["INFO" - 11:23:42 PM] File Info:
{
  "ignored": false,
  "inferredParser": "json"
}
["INFO" - 11:23:42 PM] No local configuration (i.e. .prettierrc or .editorconfig) detected, falling back to VS Code configuration
["INFO" - 11:23:42 PM] Prettier Options:
{
  "arrowParens": "always",
  "bracketSpacing": true,
  "endOfLine": "lf",
  "htmlWhitespaceSensitivity": "css",
  "insertPragma": false,
  "jsxBracketSameLine": false,
  "jsxSingleQuote": false,
  "printWidth": 80,
  "proseWrap": "preserve",
  "quoteProps": "as-needed",
  "requirePragma": false,
  "semi": true,
  "singleQuote": false,
  "tabWidth": 2,
  "trailingComma": "es5",
  "useTabs": false,
  "vueIndentScriptAndStyle": false,
  "filepath": "/home/bot/.config/Code/User/settings.json",
  "parser": "json"
}
["INFO" - 11:23:42 PM] Formatting completed in 0.008ms.
["INFO" - 11:23:43 PM] Formatting vscode-userdata:/home/bot/.config/Code/User/settings.json
["INFO" - 11:23:43 PM] File Info:
{
  "ignored": false,
  "inferredParser": "json"
}
["INFO" - 11:23:43 PM] No local configuration (i.e. .prettierrc or .editorconfig) detected, falling back to VS Code configuration
["INFO" - 11:23:43 PM] Prettier Options:
{
  "arrowParens": "always",
  "bracketSpacing": true,
  "endOfLine": "lf",
  "htmlWhitespaceSensitivity": "css",
  "insertPragma": false,
  "jsxBracketSameLine": false,
  "jsxSingleQuote": false,
  "printWidth": 80,
  "proseWrap": "preserve",
  "quoteProps": "as-needed",
  "requirePragma": false,
  "semi": true,
  "singleQuote": false,
  "tabWidth": 2,
  "trailingComma": "es5",
  "useTabs": false,
  "vueIndentScriptAndStyle": false,
  "filepath": "/home/bot/.config/Code/User/settings.json",
  "parser": "json"
}
["INFO" - 11:23:43 PM] Formatting completed in 0.007ms.
["INFO" - 11:27:38 PM] Formatting vscode-userdata:/home/bot/.config/Code/User/settings.json
["INFO" - 11:27:38 PM] File Info:
{
  "ignored": false,
  "inferredParser": "json"
}
["INFO" - 11:27:38 PM] No local configuration (i.e. .prettierrc or .editorconfig) detected, falling back to VS Code configuration
["INFO" - 11:27:38 PM] Prettier Options:
{
  "arrowParens": "always",
  "bracketSpacing": true,
  "endOfLine": "lf",
  "htmlWhitespaceSensitivity": "css",
  "insertPragma": false,
  "jsxBracketSameLine": false,
  "jsxSingleQuote": false,
  "printWidth": 80,
  "proseWrap": "preserve",
  "quoteProps": "as-needed",
  "requirePragma": false,
  "semi": true,
  "singleQuote": false,
  "tabWidth": 2,
  "trailingComma": "es5",
  "useTabs": false,
  "vueIndentScriptAndStyle": false,
  "filepath": "/home/bot/.config/Code/User/settings.json",
  "parser": "json"
}
["INFO" - 11:27:38 PM] Formatting completed in 0.014ms.
["INFO" - 11:27:52 PM] Formatting file:///home/bot/AAMeineSachen/FL3XX/BRIGHT-reporting/.vscode/settings.json
["INFO" - 11:27:52 PM] Using ignore file (if present) at /home/bot/AAMeineSachen/FL3XX/BRIGHT-reporting/.prettierignore
["INFO" - 11:27:52 PM] File Info:
{
  "ignored": false,
  "inferredParser": "json"
}
["INFO" - 11:27:52 PM] No local configuration (i.e. .prettierrc or .editorconfig) detected, falling back to VS Code configuration
["INFO" - 11:27:52 PM] Prettier Options:
{
  "arrowParens": "always",
  "bracketSpacing": true,
  "endOfLine": "lf",
  "htmlWhitespaceSensitivity": "css",
  "insertPragma": false,
  "jsxBracketSameLine": false,
  "jsxSingleQuote": false,
  "printWidth": 80,
  "proseWrap": "preserve",
  "quoteProps": "as-needed",
  "requirePragma": false,
  "semi": true,
  "singleQuote": false,
  "tabWidth": 2,
  "trailingComma": "es5",
  "useTabs": false,
  "vueIndentScriptAndStyle": false,
  "filepath": "/home/bot/AAMeineSachen/FL3XX/BRIGHT-reporting/.vscode/settings.json",
  "parser": "json"
}
["INFO" - 11:27:52 PM] Formatting completed in 0.004ms.
["INFO" - 11:27:52 PM] Formatting file:///home/bot/AAMeineSachen/FL3XX/BRIGHT-reporting/.vscode/settings.json
["INFO" - 11:27:52 PM] Using ignore file (if present) at /home/bot/AAMeineSachen/FL3XX/BRIGHT-reporting/.prettierignore
["INFO" - 11:27:52 PM] File Info:
{
  "ignored": false,
  "inferredParser": "json"
}
["INFO" - 11:27:52 PM] No local configuration (i.e. .prettierrc or .editorconfig) detected, falling back to VS Code configuration
["INFO" - 11:27:52 PM] Prettier Options:
{
  "arrowParens": "always",
  "bracketSpacing": true,
  "endOfLine": "lf",
  "htmlWhitespaceSensitivity": "css",
  "insertPragma": false,
  "jsxBracketSameLine": false,
  "jsxSingleQuote": false,
  "printWidth": 80,
  "proseWrap": "preserve",
  "quoteProps": "as-needed",
  "requirePragma": false,
  "semi": true,
  "singleQuote": false,
  "tabWidth": 2,
  "trailingComma": "es5",
  "useTabs": false,
  "vueIndentScriptAndStyle": false,
  "filepath": "/home/bot/AAMeineSachen/FL3XX/BRIGHT-reporting/.vscode/settings.json",
  "parser": "json"
}
["INFO" - 11:27:52 PM] Formatting completed in 0.003ms.
["INFO" - 11:29:40 PM] Formatting vscode-userdata:/home/bot/.config/Code/User/settings.json
["INFO" - 11:29:40 PM] File Info:
{
  "ignored": false,
  "inferredParser": "json"
}
["INFO" - 11:29:40 PM] No local configuration (i.e. .prettierrc or .editorconfig) detected, falling back to VS Code configuration
["INFO" - 11:29:40 PM] Prettier Options:
{
  "arrowParens": "always",
  "bracketSpacing": true,
  "endOfLine": "lf",
  "htmlWhitespaceSensitivity": "css",
  "insertPragma": false,
  "jsxBracketSameLine": false,
  "jsxSingleQuote": false,
  "printWidth": 80,
  "proseWrap": "preserve",
  "quoteProps": "as-needed",
  "requirePragma": false,
  "semi": true,
  "singleQuote": false,
  "tabWidth": 2,
  "trailingComma": "es5",
  "useTabs": false,
  "vueIndentScriptAndStyle": false,
  "filepath": "/home/bot/.config/Code/User/settings.json",
  "parser": "json"
}
["INFO" - 11:29:40 PM] Formatting completed in 0.012ms.
["INFO" - 11:29:41 PM] Formatting vscode-userdata:/home/bot/.config/Code/User/settings.json
["INFO" - 11:29:41 PM] File Info:
{
  "ignored": false,
  "inferredParser": "json"
}
["INFO" - 11:29:41 PM] No local configuration (i.e. .prettierrc or .editorconfig) detected, falling back to VS Code configuration
["INFO" - 11:29:41 PM] Prettier Options:
{
  "arrowParens": "always",
  "bracketSpacing": true,
  "endOfLine": "lf",
  "htmlWhitespaceSensitivity": "css",
  "insertPragma": false,
  "jsxBracketSameLine": false,
  "jsxSingleQuote": false,
  "printWidth": 80,
  "proseWrap": "preserve",
  "quoteProps": "as-needed",
  "requirePragma": false,
  "semi": true,
  "singleQuote": false,
  "tabWidth": 2,
  "trailingComma": "es5",
  "useTabs": false,
  "vueIndentScriptAndStyle": false,
  "filepath": "/home/bot/.config/Code/User/settings.json",
  "parser": "json"
}
["INFO" - 11:29:41 PM] Formatting completed in 0.008ms.
["INFO" - 11:30:01 PM] Formatting file:///home/bot/AAMeineSachen/FL3XX/BRIGHT-reporting/.vscode/settings.json
["INFO" - 11:30:01 PM] Using ignore file (if present) at /home/bot/AAMeineSachen/FL3XX/BRIGHT-reporting/.prettierignore
["INFO" - 11:30:01 PM] File Info:
{
  "ignored": false,
  "inferredParser": "json"
}
["INFO" - 11:30:01 PM] No local configuration (i.e. .prettierrc or .editorconfig) detected, falling back to VS Code configuration
["INFO" - 11:30:01 PM] Prettier Options:
{
  "arrowParens": "always",
  "bracketSpacing": true,
  "endOfLine": "lf",
  "htmlWhitespaceSensitivity": "css",
  "insertPragma": false,
  "jsxBracketSameLine": false,
  "jsxSingleQuote": false,
  "printWidth": 80,
  "proseWrap": "preserve",
  "quoteProps": "as-needed",
  "requirePragma": false,
  "semi": true,
  "singleQuote": false,
  "tabWidth": 2,
  "trailingComma": "es5",
  "useTabs": false,
  "vueIndentScriptAndStyle": false,
  "filepath": "/home/bot/AAMeineSachen/FL3XX/BRIGHT-reporting/.vscode/settings.json",
  "parser": "json"
}
["INFO" - 11:30:01 PM] Formatting completed in 0.004ms.
["INFO" - 11:30:01 PM] Formatting file:///home/bot/AAMeineSachen/FL3XX/BRIGHT-reporting/.vscode/settings.json
["INFO" - 11:30:01 PM] Using ignore file (if present) at /home/bot/AAMeineSachen/FL3XX/BRIGHT-reporting/.prettierignore
["INFO" - 11:30:01 PM] File Info:
{
  "ignored": false,
  "inferredParser": "json"
}
["INFO" - 11:30:01 PM] No local configuration (i.e. .prettierrc or .editorconfig) detected, falling back to VS Code configuration
["INFO" - 11:30:01 PM] Prettier Options:
{
  "arrowParens": "always",
  "bracketSpacing": true,
  "endOfLine": "lf",
  "htmlWhitespaceSensitivity": "css",
  "insertPragma": false,
  "jsxBracketSameLine": false,
  "jsxSingleQuote": false,
  "printWidth": 80,
  "proseWrap": "preserve",
  "quoteProps": "as-needed",
  "requirePragma": false,
  "semi": true,
  "singleQuote": false,
  "tabWidth": 2,
  "trailingComma": "es5",
  "useTabs": false,
  "vueIndentScriptAndStyle": false,
  "filepath": "/home/bot/AAMeineSachen/FL3XX/BRIGHT-reporting/.vscode/settings.json",
  "parser": "json"
}
["INFO" - 11:30:01 PM] Formatting completed in 0.004ms.
["INFO" - 11:30:10 PM] Formatting file:///home/bot/AAMeineSachen/FL3XX/BRIGHT-reporting/.vscode/settings.json
["INFO" - 11:30:10 PM] Using ignore file (if present) at /home/bot/AAMeineSachen/FL3XX/BRIGHT-reporting/.prettierignore
["INFO" - 11:30:10 PM] File Info:
{
  "ignored": false,
  "inferredParser": "json"
}
["INFO" - 11:30:10 PM] No local configuration (i.e. .prettierrc or .editorconfig) detected, falling back to VS Code configuration
["INFO" - 11:30:10 PM] Prettier Options:
{
  "arrowParens": "always",
  "bracketSpacing": true,
  "endOfLine": "lf",
  "htmlWhitespaceSensitivity": "css",
  "insertPragma": false,
  "jsxBracketSameLine": false,
  "jsxSingleQuote": false,
  "printWidth": 80,
  "proseWrap": "preserve",
  "quoteProps": "as-needed",
  "requirePragma": false,
  "semi": true,
  "singleQuote": false,
  "tabWidth": 2,
  "trailingComma": "es5",
  "useTabs": false,
  "vueIndentScriptAndStyle": false,
  "filepath": "/home/bot/AAMeineSachen/FL3XX/BRIGHT-reporting/.vscode/settings.json",
  "parser": "json"
}
["INFO" - 11:30:10 PM] Formatting completed in 0.004ms.
["INFO" - 11:30:10 PM] Formatting file:///home/bot/AAMeineSachen/FL3XX/BRIGHT-reporting/.vscode/settings.json
["INFO" - 11:30:10 PM] Using ignore file (if present) at /home/bot/AAMeineSachen/FL3XX/BRIGHT-reporting/.prettierignore
["INFO" - 11:30:10 PM] File Info:
{
  "ignored": false,
  "inferredParser": "json"
}
["INFO" - 11:30:10 PM] No local configuration (i.e. .prettierrc or .editorconfig) detected, falling back to VS Code configuration
["INFO" - 11:30:10 PM] Prettier Options:
{
  "arrowParens": "always",
  "bracketSpacing": true,
  "endOfLine": "lf",
  "htmlWhitespaceSensitivity": "css",
  "insertPragma": false,
  "jsxBracketSameLine": false,
  "jsxSingleQuote": false,
  "printWidth": 80,
  "proseWrap": "preserve",
  "quoteProps": "as-needed",
  "requirePragma": false,
  "semi": true,
  "singleQuote": false,
  "tabWidth": 2,
  "trailingComma": "es5",
  "useTabs": false,
  "vueIndentScriptAndStyle": false,
  "filepath": "/home/bot/AAMeineSachen/FL3XX/BRIGHT-reporting/.vscode/settings.json",
  "parser": "json"
}
["INFO" - 11:30:10 PM] Formatting completed in 0.003ms.
["INFO" - 11:30:26 PM] Formatting file:///home/bot/AAMeineSachen/FL3XX/BRIGHT-reporting/.vscode/settings.json
["INFO" - 11:30:26 PM] Using ignore file (if present) at /home/bot/AAMeineSachen/FL3XX/BRIGHT-reporting/.prettierignore
["INFO" - 11:30:26 PM] File Info:
{
  "ignored": false,
  "inferredParser": "json"
}
["INFO" - 11:30:26 PM] No local configuration (i.e. .prettierrc or .editorconfig) detected, falling back to VS Code configuration
["INFO" - 11:30:26 PM] Prettier Options:
{
  "arrowParens": "always",
  "bracketSpacing": true,
  "endOfLine": "lf",
  "htmlWhitespaceSensitivity": "css",
  "insertPragma": false,
  "jsxBracketSameLine": false,
  "jsxSingleQuote": false,
  "printWidth": 80,
  "proseWrap": "preserve",
  "quoteProps": "as-needed",
  "requirePragma": false,
  "semi": true,
  "singleQuote": false,
  "tabWidth": 2,
  "trailingComma": "es5",
  "useTabs": false,
  "vueIndentScriptAndStyle": false,
  "filepath": "/home/bot/AAMeineSachen/FL3XX/BRIGHT-reporting/.vscode/settings.json",
  "parser": "json"
}
["INFO" - 11:30:26 PM] Formatting completed in 0.004ms.
["INFO" - 11:30:26 PM] Formatting file:///home/bot/AAMeineSachen/FL3XX/BRIGHT-reporting/.vscode/settings.json
["INFO" - 11:30:26 PM] Using ignore file (if present) at /home/bot/AAMeineSachen/FL3XX/BRIGHT-reporting/.prettierignore
["INFO" - 11:30:26 PM] File Info:
{
  "ignored": false,
  "inferredParser": "json"
}
["INFO" - 11:30:26 PM] No local configuration (i.e. .prettierrc or .editorconfig) detected, falling back to VS Code configuration
["INFO" - 11:30:26 PM] Prettier Options:
{
  "arrowParens": "always",
  "bracketSpacing": true,
  "endOfLine": "lf",
  "htmlWhitespaceSensitivity": "css",
  "insertPragma": false,
  "jsxBracketSameLine": false,
  "jsxSingleQuote": false,
  "printWidth": 80,
  "proseWrap": "preserve",
  "quoteProps": "as-needed",
  "requirePragma": false,
  "semi": true,
  "singleQuote": false,
  "tabWidth": 2,
  "trailingComma": "es5",
  "useTabs": false,
  "vueIndentScriptAndStyle": false,
  "filepath": "/home/bot/AAMeineSachen/FL3XX/BRIGHT-reporting/.vscode/settings.json",
  "parser": "json"
}
["INFO" - 11:30:26 PM] Formatting completed in 0.003ms.
["INFO" - 11:30:38 PM] Formatting file:///home/bot/AAMeineSachen/FL3XX/BRIGHT-reporting/.vscode/settings.json
["INFO" - 11:30:38 PM] Using ignore file (if present) at /home/bot/AAMeineSachen/FL3XX/BRIGHT-reporting/.prettierignore
["INFO" - 11:30:38 PM] File Info:
{
  "ignored": false,
  "inferredParser": "json"
}
["INFO" - 11:30:38 PM] No local configuration (i.e. .prettierrc or .editorconfig) detected, falling back to VS Code configuration
["INFO" - 11:30:38 PM] Prettier Options:
{
  "arrowParens": "always",
  "bracketSpacing": true,
  "endOfLine": "lf",
  "htmlWhitespaceSensitivity": "css",
  "insertPragma": false,
  "jsxBracketSameLine": false,
  "jsxSingleQuote": false,
  "printWidth": 80,
  "proseWrap": "preserve",
  "quoteProps": "as-needed",
  "requirePragma": false,
  "semi": true,
  "singleQuote": false,
  "tabWidth": 2,
  "trailingComma": "es5",
  "useTabs": false,
  "vueIndentScriptAndStyle": false,
  "filepath": "/home/bot/AAMeineSachen/FL3XX/BRIGHT-reporting/.vscode/settings.json",
  "parser": "json"
}
["INFO" - 11:30:38 PM] Formatting completed in 0.003ms.
["INFO" - 11:30:38 PM] Formatting file:///home/bot/AAMeineSachen/FL3XX/BRIGHT-reporting/.vscode/settings.json
["INFO" - 11:30:38 PM] Using ignore file (if present) at /home/bot/AAMeineSachen/FL3XX/BRIGHT-reporting/.prettierignore
["INFO" - 11:30:38 PM] File Info:
{
  "ignored": false,
  "inferredParser": "json"
}
["INFO" - 11:30:38 PM] No local configuration (i.e. .prettierrc or .editorconfig) detected, falling back to VS Code configuration
["INFO" - 11:30:38 PM] Prettier Options:
{
  "arrowParens": "always",
  "bracketSpacing": true,
  "endOfLine": "lf",
  "htmlWhitespaceSensitivity": "css",
  "insertPragma": false,
  "jsxBracketSameLine": false,
  "jsxSingleQuote": false,
  "printWidth": 80,
  "proseWrap": "preserve",
  "quoteProps": "as-needed",
  "requirePragma": false,
  "semi": true,
  "singleQuote": false,
  "tabWidth": 2,
  "trailingComma": "es5",
  "useTabs": false,
  "vueIndentScriptAndStyle": false,
  "filepath": "/home/bot/AAMeineSachen/FL3XX/BRIGHT-reporting/.vscode/settings.json",
  "parser": "json"
}
["INFO" - 11:30:38 PM] Formatting completed in 0.004ms.
["INFO" - 11:31:27 PM] Formatting file:///home/bot/AAMeineSachen/FL3XX/BRIGHT-reporting/.vscode/settings.json
["INFO" - 11:31:27 PM] Using ignore file (if present) at /home/bot/AAMeineSachen/FL3XX/BRIGHT-reporting/.prettierignore
["INFO" - 11:31:27 PM] File Info:
{
  "ignored": false,
  "inferredParser": "json"
}
["INFO" - 11:31:27 PM] No local configuration (i.e. .prettierrc or .editorconfig) detected, falling back to VS Code configuration
["INFO" - 11:31:27 PM] Prettier Options:
{
  "arrowParens": "always",
  "bracketSpacing": true,
  "endOfLine": "lf",
  "htmlWhitespaceSensitivity": "css",
  "insertPragma": false,
  "jsxBracketSameLine": false,
  "jsxSingleQuote": false,
  "printWidth": 80,
  "proseWrap": "preserve",
  "quoteProps": "as-needed",
  "requirePragma": false,
  "semi": true,
  "singleQuote": false,
  "tabWidth": 2,
  "trailingComma": "es5",
  "useTabs": false,
  "vueIndentScriptAndStyle": false,
  "filepath": "/home/bot/AAMeineSachen/FL3XX/BRIGHT-reporting/.vscode/settings.json",
  "parser": "json"
}
["INFO" - 11:31:27 PM] Formatting completed in 0.004ms.
["INFO" - 11:31:27 PM] Formatting file:///home/bot/AAMeineSachen/FL3XX/BRIGHT-reporting/.vscode/settings.json
["INFO" - 11:31:27 PM] Using ignore file (if present) at /home/bot/AAMeineSachen/FL3XX/BRIGHT-reporting/.prettierignore
["INFO" - 11:31:27 PM] File Info:
{
  "ignored": false,
  "inferredParser": "json"
}
["INFO" - 11:31:27 PM] No local configuration (i.e. .prettierrc or .editorconfig) detected, falling back to VS Code configuration
["INFO" - 11:31:27 PM] Prettier Options:
{
  "arrowParens": "always",
  "bracketSpacing": true,
  "endOfLine": "lf",
  "htmlWhitespaceSensitivity": "css",
  "insertPragma": false,
  "jsxBracketSameLine": false,
  "jsxSingleQuote": false,
  "printWidth": 80,
  "proseWrap": "preserve",
  "quoteProps": "as-needed",
  "requirePragma": false,
  "semi": true,
  "singleQuote": false,
  "tabWidth": 2,
  "trailingComma": "es5",
  "useTabs": false,
  "vueIndentScriptAndStyle": false,
  "filepath": "/home/bot/AAMeineSachen/FL3XX/BRIGHT-reporting/.vscode/settings.json",
  "parser": "json"
}
["INFO" - 11:31:27 PM] Formatting completed in 0.003ms.
["INFO" - 11:33:18 PM] Formatting vscode-userdata:/home/bot/.config/Code/User/settings.json
["INFO" - 11:33:18 PM] File Info:
{
  "ignored": false,
  "inferredParser": "json"
}
["INFO" - 11:33:18 PM] No local configuration (i.e. .prettierrc or .editorconfig) detected, falling back to VS Code configuration
["INFO" - 11:33:18 PM] Prettier Options:
{
  "arrowParens": "always",
  "bracketSpacing": true,
  "endOfLine": "lf",
  "htmlWhitespaceSensitivity": "css",
  "insertPragma": false,
  "jsxBracketSameLine": false,
  "jsxSingleQuote": false,
  "printWidth": 80,
  "proseWrap": "preserve",
  "quoteProps": "as-needed",
  "requirePragma": false,
  "semi": true,
  "singleQuote": false,
  "tabWidth": 2,
  "trailingComma": "es5",
  "useTabs": false,
  "vueIndentScriptAndStyle": false,
  "filepath": "/home/bot/.config/Code/User/settings.json",
  "parser": "json"
}
["INFO" - 11:33:18 PM] Formatting completed in 0.008ms.
["INFO" - 11:33:45 PM] Formatting vscode-userdata:/home/bot/.config/Code/User/settings.json
["INFO" - 11:33:45 PM] File Info:
{
  "ignored": false,
  "inferredParser": "json"
}
["INFO" - 11:33:45 PM] No local configuration (i.e. .prettierrc or .editorconfig) detected, falling back to VS Code configuration
["INFO" - 11:33:45 PM] Prettier Options:
{
  "arrowParens": "always",
  "bracketSpacing": true,
  "endOfLine": "lf",
  "htmlWhitespaceSensitivity": "css",
  "insertPragma": false,
  "jsxBracketSameLine": false,
  "jsxSingleQuote": false,
  "printWidth": 80,
  "proseWrap": "preserve",
  "quoteProps": "as-needed",
  "requirePragma": false,
  "semi": true,
  "singleQuote": false,
  "tabWidth": 2,
  "trailingComma": "es5",
  "useTabs": false,
  "vueIndentScriptAndStyle": false,
  "filepath": "/home/bot/.config/Code/User/settings.json",
  "parser": "json"
}
["INFO" - 11:33:45 PM] Formatting completed in 0.013ms.
["INFO" - 11:33:51 PM] Formatting vscode-userdata:/home/bot/.config/Code/User/settings.json
["INFO" - 11:33:51 PM] File Info:
{
  "ignored": false,
  "inferredParser": "json"
}
["INFO" - 11:33:51 PM] No local configuration (i.e. .prettierrc or .editorconfig) detected, falling back to VS Code configuration
["INFO" - 11:33:51 PM] Prettier Options:
{
  "arrowParens": "always",
  "bracketSpacing": true,
  "endOfLine": "lf",
  "htmlWhitespaceSensitivity": "css",
  "insertPragma": false,
  "jsxBracketSameLine": false,
  "jsxSingleQuote": false,
  "printWidth": 80,
  "proseWrap": "preserve",
  "quoteProps": "as-needed",
  "requirePragma": false,
  "semi": true,
  "singleQuote": false,
  "tabWidth": 2,
  "trailingComma": "es5",
  "useTabs": false,
  "vueIndentScriptAndStyle": false,
  "filepath": "/home/bot/.config/Code/User/settings.json",
  "parser": "json"
}
["INFO" - 11:33:51 PM] Formatting completed in 0.007ms.
["INFO" - 11:34:03 PM] Formatting vscode-userdata:/home/bot/.config/Code/User/settings.json
["INFO" - 11:34:03 PM] File Info:
{
  "ignored": false,
  "inferredParser": "json"
}
["INFO" - 11:34:03 PM] No local configuration (i.e. .prettierrc or .editorconfig) detected, falling back to VS Code configuration
["INFO" - 11:34:03 PM] Prettier Options:
{
  "arrowParens": "always",
  "bracketSpacing": true,
  "endOfLine": "lf",
  "htmlWhitespaceSensitivity": "css",
  "insertPragma": false,
  "jsxBracketSameLine": false,
  "jsxSingleQuote": false,
  "printWidth": 80,
  "proseWrap": "preserve",
  "quoteProps": "as-needed",
  "requirePragma": false,
  "semi": true,
  "singleQuote": false,
  "tabWidth": 2,
  "trailingComma": "es5",
  "useTabs": false,
  "vueIndentScriptAndStyle": false,
  "filepath": "/home/bot/.config/Code/User/settings.json",
  "parser": "json"
}
["INFO" - 11:34:03 PM] Formatting completed in 0.007ms.
["INFO" - 11:34:09 PM] Formatting vscode-userdata:/home/bot/.config/Code/User/settings.json
["INFO" - 11:34:09 PM] File Info:
{
  "ignored": false,
  "inferredParser": "json"
}
["INFO" - 11:34:09 PM] No local configuration (i.e. .prettierrc or .editorconfig) detected, falling back to VS Code configuration
["INFO" - 11:34:09 PM] Prettier Options:
{
  "arrowParens": "always",
  "bracketSpacing": true,
  "endOfLine": "lf",
  "htmlWhitespaceSensitivity": "css",
  "insertPragma": false,
  "jsxBracketSameLine": false,
  "jsxSingleQuote": false,
  "printWidth": 80,
  "proseWrap": "preserve",
  "quoteProps": "as-needed",
  "requirePragma": false,
  "semi": true,
  "singleQuote": false,
  "tabWidth": 2,
  "trailingComma": "es5",
  "useTabs": false,
  "vueIndentScriptAndStyle": false,
  "filepath": "/home/bot/.config/Code/User/settings.json",
  "parser": "json"
}
["INFO" - 11:34:09 PM] Formatting completed in 0.007ms.
["INFO" - 11:35:02 PM] Formatting file:///home/bot/AAMeineSachen/FL3XX/BRIGHT-reporting/.vscode/settings.json
["INFO" - 11:35:02 PM] Using ignore file (if present) at /home/bot/AAMeineSachen/FL3XX/BRIGHT-reporting/.prettierignore
["INFO" - 11:35:02 PM] File Info:
{
  "ignored": false,
  "inferredParser": "json"
}
["INFO" - 11:35:02 PM] No local configuration (i.e. .prettierrc or .editorconfig) detected, falling back to VS Code configuration
["INFO" - 11:35:02 PM] Prettier Options:
{
  "arrowParens": "always",
  "bracketSpacing": true,
  "endOfLine": "lf",
  "htmlWhitespaceSensitivity": "css",
  "insertPragma": false,
  "jsxBracketSameLine": false,
  "jsxSingleQuote": false,
  "printWidth": 80,
  "proseWrap": "preserve",
  "quoteProps": "as-needed",
  "requirePragma": false,
  "semi": true,
  "singleQuote": false,
  "tabWidth": 2,
  "trailingComma": "es5",
  "useTabs": false,
  "vueIndentScriptAndStyle": false,
  "filepath": "/home/bot/AAMeineSachen/FL3XX/BRIGHT-reporting/.vscode/settings.json",
  "parser": "json"
}
["INFO" - 11:35:02 PM] Formatting completed in 0.004ms.
["INFO" - 11:35:02 PM] Formatting file:///home/bot/AAMeineSachen/FL3XX/BRIGHT-reporting/.vscode/settings.json
["INFO" - 11:35:02 PM] Using ignore file (if present) at /home/bot/AAMeineSachen/FL3XX/BRIGHT-reporting/.prettierignore
["INFO" - 11:35:02 PM] File Info:
{
  "ignored": false,
  "inferredParser": "json"
}
["INFO" - 11:35:02 PM] No local configuration (i.e. .prettierrc or .editorconfig) detected, falling back to VS Code configuration
["INFO" - 11:35:02 PM] Prettier Options:
{
  "arrowParens": "always",
  "bracketSpacing": true,
  "endOfLine": "lf",
  "htmlWhitespaceSensitivity": "css",
  "insertPragma": false,
  "jsxBracketSameLine": false,
  "jsxSingleQuote": false,
  "printWidth": 80,
  "proseWrap": "preserve",
  "quoteProps": "as-needed",
  "requirePragma": false,
  "semi": true,
  "singleQuote": false,
  "tabWidth": 2,
  "trailingComma": "es5",
  "useTabs": false,
  "vueIndentScriptAndStyle": false,
  "filepath": "/home/bot/AAMeineSachen/FL3XX/BRIGHT-reporting/.vscode/settings.json",
  "parser": "json"
}
["INFO" - 11:35:02 PM] Formatting completed in 0.003ms.
["INFO" - 11:35:18 PM] Formatting file:///home/bot/AAMeineSachen/FL3XX/BRIGHT-reporting/.vscode/settings.json
["INFO" - 11:35:18 PM] Using ignore file (if present) at /home/bot/AAMeineSachen/FL3XX/BRIGHT-reporting/.prettierignore
["INFO" - 11:35:18 PM] File Info:
{
  "ignored": false,
  "inferredParser": "json"
}
["INFO" - 11:35:18 PM] No local configuration (i.e. .prettierrc or .editorconfig) detected, falling back to VS Code configuration
["INFO" - 11:35:18 PM] Prettier Options:
{
  "arrowParens": "always",
  "bracketSpacing": true,
  "endOfLine": "lf",
  "htmlWhitespaceSensitivity": "css",
  "insertPragma": false,
  "jsxBracketSameLine": false,
  "jsxSingleQuote": false,
  "printWidth": 80,
  "proseWrap": "preserve",
  "quoteProps": "as-needed",
  "requirePragma": false,
  "semi": true,
  "singleQuote": false,
  "tabWidth": 2,
  "trailingComma": "es5",
  "useTabs": false,
  "vueIndentScriptAndStyle": false,
  "filepath": "/home/bot/AAMeineSachen/FL3XX/BRIGHT-reporting/.vscode/settings.json",
  "parser": "json"
}
["INFO" - 11:35:18 PM] Formatting completed in 0.004ms.
["INFO" - 11:35:18 PM] Formatting file:///home/bot/AAMeineSachen/FL3XX/BRIGHT-reporting/.vscode/settings.json
["INFO" - 11:35:18 PM] Using ignore file (if present) at /home/bot/AAMeineSachen/FL3XX/BRIGHT-reporting/.prettierignore
["INFO" - 11:35:18 PM] File Info:
{
  "ignored": false,
  "inferredParser": "json"
}
["INFO" - 11:35:18 PM] No local configuration (i.e. .prettierrc or .editorconfig) detected, falling back to VS Code configuration
["INFO" - 11:35:18 PM] Prettier Options:
{
  "arrowParens": "always",
  "bracketSpacing": true,
  "endOfLine": "lf",
  "htmlWhitespaceSensitivity": "css",
  "insertPragma": false,
  "jsxBracketSameLine": false,
  "jsxSingleQuote": false,
  "printWidth": 80,
  "proseWrap": "preserve",
  "quoteProps": "as-needed",
  "requirePragma": false,
  "semi": true,
  "singleQuote": false,
  "tabWidth": 2,
  "trailingComma": "es5",
  "useTabs": false,
  "vueIndentScriptAndStyle": false,
  "filepath": "/home/bot/AAMeineSachen/FL3XX/BRIGHT-reporting/.vscode/settings.json",
  "parser": "json"
}
["INFO" - 11:35:18 PM] Formatting completed in 0.004ms.
["INFO" - 11:35:40 PM] Formatting file:///home/bot/AAMeineSachen/FL3XX/BRIGHT-reporting/.vscode/settings.json
["INFO" - 11:35:40 PM] Using ignore file (if present) at /home/bot/AAMeineSachen/FL3XX/BRIGHT-reporting/.prettierignore
["INFO" - 11:35:40 PM] File Info:
{
  "ignored": false,
  "inferredParser": "json"
}
["INFO" - 11:35:40 PM] No local configuration (i.e. .prettierrc or .editorconfig) detected, falling back to VS Code configuration
["INFO" - 11:35:40 PM] Prettier Options:
{
  "arrowParens": "always",
  "bracketSpacing": true,
  "endOfLine": "lf",
  "htmlWhitespaceSensitivity": "css",
  "insertPragma": false,
  "jsxBracketSameLine": false,
  "jsxSingleQuote": false,
  "printWidth": 80,
  "proseWrap": "preserve",
  "quoteProps": "as-needed",
  "requirePragma": false,
  "semi": true,
  "singleQuote": false,
  "tabWidth": 2,
  "trailingComma": "es5",
  "useTabs": false,
  "vueIndentScriptAndStyle": false,
  "filepath": "/home/bot/AAMeineSachen/FL3XX/BRIGHT-reporting/.vscode/settings.json",
  "parser": "json"
}
["INFO" - 11:35:40 PM] Formatting completed in 0.003ms.
["INFO" - 11:35:40 PM] Formatting file:///home/bot/AAMeineSachen/FL3XX/BRIGHT-reporting/.vscode/settings.json
["INFO" - 11:35:40 PM] Using ignore file (if present) at /home/bot/AAMeineSachen/FL3XX/BRIGHT-reporting/.prettierignore
["INFO" - 11:35:40 PM] File Info:
{
  "ignored": false,
  "inferredParser": "json"
}
["INFO" - 11:35:40 PM] No local configuration (i.e. .prettierrc or .editorconfig) detected, falling back to VS Code configuration
["INFO" - 11:35:40 PM] Prettier Options:
{
  "arrowParens": "always",
  "bracketSpacing": true,
  "endOfLine": "lf",
  "htmlWhitespaceSensitivity": "css",
  "insertPragma": false,
  "jsxBracketSameLine": false,
  "jsxSingleQuote": false,
  "printWidth": 80,
  "proseWrap": "preserve",
  "quoteProps": "as-needed",
  "requirePragma": false,
  "semi": true,
  "singleQuote": false,
  "tabWidth": 2,
  "trailingComma": "es5",
  "useTabs": false,
  "vueIndentScriptAndStyle": false,
  "filepath": "/home/bot/AAMeineSachen/FL3XX/BRIGHT-reporting/.vscode/settings.json",
  "parser": "json"
}
["INFO" - 11:35:40 PM] Formatting completed in 0.003ms.
["INFO" - 11:36:01 PM] Formatting file:///home/bot/AAMeineSachen/FL3XX/BRIGHT-reporting/.vscode/settings.json
["INFO" - 11:36:01 PM] Using ignore file (if present) at /home/bot/AAMeineSachen/FL3XX/BRIGHT-reporting/.prettierignore
["INFO" - 11:36:01 PM] File Info:
{
  "ignored": false,
  "inferredParser": "json"
}
["INFO" - 11:36:01 PM] No local configuration (i.e. .prettierrc or .editorconfig) detected, falling back to VS Code configuration
["INFO" - 11:36:01 PM] Prettier Options:
{
  "arrowParens": "always",
  "bracketSpacing": true,
  "endOfLine": "lf",
  "htmlWhitespaceSensitivity": "css",
  "insertPragma": false,
  "jsxBracketSameLine": false,
  "jsxSingleQuote": false,
  "printWidth": 80,
  "proseWrap": "preserve",
  "quoteProps": "as-needed",
  "requirePragma": false,
  "semi": true,
  "singleQuote": false,
  "tabWidth": 2,
  "trailingComma": "es5",
  "useTabs": false,
  "vueIndentScriptAndStyle": false,
  "filepath": "/home/bot/AAMeineSachen/FL3XX/BRIGHT-reporting/.vscode/settings.json",
  "parser": "json"
}
["INFO" - 11:36:01 PM] Formatting completed in 0.003ms.
["INFO" - 11:36:01 PM] Formatting file:///home/bot/AAMeineSachen/FL3XX/BRIGHT-reporting/.vscode/settings.json
["INFO" - 11:36:01 PM] Using ignore file (if present) at /home/bot/AAMeineSachen/FL3XX/BRIGHT-reporting/.prettierignore
["INFO" - 11:36:01 PM] File Info:
{
  "ignored": false,
  "inferredParser": "json"
}
["INFO" - 11:36:01 PM] No local configuration (i.e. .prettierrc or .editorconfig) detected, falling back to VS Code configuration
["INFO" - 11:36:01 PM] Prettier Options:
{
  "arrowParens": "always",
  "bracketSpacing": true,
  "endOfLine": "lf",
  "htmlWhitespaceSensitivity": "css",
  "insertPragma": false,
  "jsxBracketSameLine": false,
  "jsxSingleQuote": false,
  "printWidth": 80,
  "proseWrap": "preserve",
  "quoteProps": "as-needed",
  "requirePragma": false,
  "semi": true,
  "singleQuote": false,
  "tabWidth": 2,
  "trailingComma": "es5",
  "useTabs": false,
  "vueIndentScriptAndStyle": false,
  "filepath": "/home/bot/AAMeineSachen/FL3XX/BRIGHT-reporting/.vscode/settings.json",
  "parser": "json"
}
["INFO" - 11:36:01 PM] Formatting completed in 0.004ms.
["INFO" - 11:36:26 PM] Formatting vscode-userdata:/home/bot/.config/Code/User/settings.json
["INFO" - 11:36:26 PM] File Info:
{
  "ignored": false,
  "inferredParser": "json"
}
["INFO" - 11:36:26 PM] No local configuration (i.e. .prettierrc or .editorconfig) detected, falling back to VS Code configuration
["INFO" - 11:36:26 PM] Prettier Options:
{
  "arrowParens": "always",
  "bracketSpacing": true,
  "endOfLine": "lf",
  "htmlWhitespaceSensitivity": "css",
  "insertPragma": false,
  "jsxBracketSameLine": false,
  "jsxSingleQuote": false,
  "printWidth": 80,
  "proseWrap": "preserve",
  "quoteProps": "as-needed",
  "requirePragma": false,
  "semi": true,
  "singleQuote": false,
  "tabWidth": 2,
  "trailingComma": "es5",
  "useTabs": false,
  "vueIndentScriptAndStyle": false,
  "filepath": "/home/bot/.config/Code/User/settings.json",
  "parser": "json"
}
["INFO" - 11:36:26 PM] Formatting completed in 0.011ms.
["INFO" - 11:38:48 PM] Formatting vscode-userdata:/home/bot/.config/Code/User/settings.json
["INFO" - 11:38:48 PM] File Info:
{
  "ignored": false,
  "inferredParser": "json"
}
["INFO" - 11:38:48 PM] No local configuration (i.e. .prettierrc or .editorconfig) detected, falling back to VS Code configuration
["INFO" - 11:38:48 PM] Prettier Options:
{
  "arrowParens": "always",
  "bracketSpacing": true,
  "endOfLine": "lf",
  "htmlWhitespaceSensitivity": "css",
  "insertPragma": false,
  "jsxBracketSameLine": false,
  "jsxSingleQuote": false,
  "printWidth": 80,
  "proseWrap": "preserve",
  "quoteProps": "as-needed",
  "requirePragma": false,
  "semi": true,
  "singleQuote": false,
  "tabWidth": 2,
  "trailingComma": "es5",
  "useTabs": false,
  "vueIndentScriptAndStyle": false,
  "filepath": "/home/bot/.config/Code/User/settings.json",
  "parser": "json"
}
["INFO" - 11:38:48 PM] Formatting completed in 0.007ms.
["INFO" - 11:39:25 PM] Formatting vscode-userdata:/home/bot/.config/Code/User/settings.json
["INFO" - 11:39:25 PM] File Info:
{
  "ignored": false,
  "inferredParser": "json"
}
["INFO" - 11:39:25 PM] No local configuration (i.e. .prettierrc or .editorconfig) detected, falling back to VS Code configuration
["INFO" - 11:39:25 PM] Prettier Options:
{
  "arrowParens": "always",
  "bracketSpacing": true,
  "endOfLine": "lf",
  "htmlWhitespaceSensitivity": "css",
  "insertPragma": false,
  "jsxBracketSameLine": false,
  "jsxSingleQuote": false,
  "printWidth": 80,
  "proseWrap": "preserve",
  "quoteProps": "as-needed",
  "requirePragma": false,
  "semi": true,
  "singleQuote": false,
  "tabWidth": 2,
  "trailingComma": "es5",
  "useTabs": false,
  "vueIndentScriptAndStyle": false,
  "filepath": "/home/bot/.config/Code/User/settings.json",
  "parser": "json"
}
["INFO" - 11:39:25 PM] Formatting completed in 0.006ms.
["INFO" - 11:40:26 PM] Formatting vscode-userdata:/home/bot/.config/Code/User/settings.json
["INFO" - 11:40:26 PM] File Info:
{
  "ignored": false,
  "inferredParser": "json"
}
["INFO" - 11:40:26 PM] No local configuration (i.e. .prettierrc or .editorconfig) detected, falling back to VS Code configuration
["INFO" - 11:40:26 PM] Prettier Options:
{
  "arrowParens": "always",
  "bracketSpacing": true,
  "endOfLine": "lf",
  "htmlWhitespaceSensitivity": "css",
  "insertPragma": false,
  "jsxBracketSameLine": false,
  "jsxSingleQuote": false,
  "printWidth": 80,
  "proseWrap": "preserve",
  "quoteProps": "as-needed",
  "requirePragma": false,
  "semi": true,
  "singleQuote": false,
  "tabWidth": 2,
  "trailingComma": "es5",
  "useTabs": false,
  "vueIndentScriptAndStyle": false,
  "filepath": "/home/bot/.config/Code/User/settings.json",
  "parser": "json"
}
["INFO" - 11:40:26 PM] Formatting completed in 0.024ms.
["INFO" - 11:41:29 PM] Formatting vscode-userdata:/home/bot/.config/Code/User/settings.json
["INFO" - 11:41:29 PM] File Info:
{
  "ignored": false,
  "inferredParser": "json"
}
["INFO" - 11:41:29 PM] No local configuration (i.e. .prettierrc or .editorconfig) detected, falling back to VS Code configuration
["INFO" - 11:41:29 PM] Prettier Options:
{
  "arrowParens": "always",
  "bracketSpacing": true,
  "endOfLine": "lf",
  "htmlWhitespaceSensitivity": "css",
  "insertPragma": false,
  "jsxBracketSameLine": false,
  "jsxSingleQuote": false,
  "printWidth": 80,
  "proseWrap": "preserve",
  "quoteProps": "as-needed",
  "requirePragma": false,
  "semi": true,
  "singleQuote": false,
  "tabWidth": 2,
  "trailingComma": "es5",
  "useTabs": false,
  "vueIndentScriptAndStyle": false,
  "filepath": "/home/bot/.config/Code/User/settings.json",
  "parser": "json"
}
["INFO" - 11:41:29 PM] Formatting completed in 0.008ms.
["INFO" - 11:41:37 PM] Formatting vscode-userdata:/home/bot/.config/Code/User/settings.json
["INFO" - 11:41:37 PM] File Info:
{
  "ignored": false,
  "inferredParser": "json"
}
["INFO" - 11:41:37 PM] No local configuration (i.e. .prettierrc or .editorconfig) detected, falling back to VS Code configuration
["INFO" - 11:41:37 PM] Prettier Options:
{
  "arrowParens": "always",
  "bracketSpacing": true,
  "endOfLine": "lf",
  "htmlWhitespaceSensitivity": "css",
  "insertPragma": false,
  "jsxBracketSameLine": false,
  "jsxSingleQuote": false,
  "printWidth": 80,
  "proseWrap": "preserve",
  "quoteProps": "as-needed",
  "requirePragma": false,
  "semi": true,
  "singleQuote": false,
  "tabWidth": 2,
  "trailingComma": "es5",
  "useTabs": false,
  "vueIndentScriptAndStyle": false,
  "filepath": "/home/bot/.config/Code/User/settings.json",
  "parser": "json"
}
["INFO" - 11:41:37 PM] Formatting completed in 0.005ms.
["INFO" - 11:44:03 PM] Formatting vscode-userdata:/home/bot/.config/Code/User/settings.json
["INFO" - 11:44:03 PM] File Info:
{
  "ignored": false,
  "inferredParser": "json"
}
["INFO" - 11:44:03 PM] No local configuration (i.e. .prettierrc or .editorconfig) detected, falling back to VS Code configuration
["INFO" - 11:44:03 PM] Prettier Options:
{
  "arrowParens": "always",
  "bracketSpacing": true,
  "endOfLine": "lf",
  "htmlWhitespaceSensitivity": "css",
  "insertPragma": false,
  "jsxBracketSameLine": false,
  "jsxSingleQuote": false,
  "printWidth": 80,
  "proseWrap": "preserve",
  "quoteProps": "as-needed",
  "requirePragma": false,
  "semi": true,
  "singleQuote": false,
  "tabWidth": 2,
  "trailingComma": "es5",
  "useTabs": false,
  "vueIndentScriptAndStyle": false,
  "filepath": "/home/bot/.config/Code/User/settings.json",
  "parser": "json"
}
["INFO" - 11:44:03 PM] Formatting completed in 0.025ms.
["INFO" - 11:44:25 PM] Formatting file:///home/bot/AAMeineSachen/FL3XX/BRIGHT-reporting/.vscode/settings.json
["INFO" - 11:44:25 PM] Using ignore file (if present) at /home/bot/AAMeineSachen/FL3XX/BRIGHT-reporting/.prettierignore
["INFO" - 11:44:25 PM] File Info:
{
  "ignored": false,
  "inferredParser": "json"
}
["INFO" - 11:44:25 PM] No local configuration (i.e. .prettierrc or .editorconfig) detected, falling back to VS Code configuration
["INFO" - 11:44:25 PM] Prettier Options:
{
  "arrowParens": "always",
  "bracketSpacing": true,
  "endOfLine": "lf",
  "htmlWhitespaceSensitivity": "css",
  "insertPragma": false,
  "jsxBracketSameLine": false,
  "jsxSingleQuote": false,
  "printWidth": 80,
  "proseWrap": "preserve",
  "quoteProps": "as-needed",
  "requirePragma": false,
  "semi": true,
  "singleQuote": false,
  "tabWidth": 2,
  "trailingComma": "es5",
  "useTabs": false,
  "vueIndentScriptAndStyle": false,
  "filepath": "/home/bot/AAMeineSachen/FL3XX/BRIGHT-reporting/.vscode/settings.json",
  "parser": "json"
}
["INFO" - 11:44:25 PM] Formatting completed in 0.005ms.
["INFO" - 11:44:25 PM] Formatting file:///home/bot/AAMeineSachen/FL3XX/BRIGHT-reporting/.vscode/settings.json
["INFO" - 11:44:25 PM] Using ignore file (if present) at /home/bot/AAMeineSachen/FL3XX/BRIGHT-reporting/.prettierignore
["INFO" - 11:44:25 PM] File Info:
{
  "ignored": false,
  "inferredParser": "json"
}
["INFO" - 11:44:25 PM] No local configuration (i.e. .prettierrc or .editorconfig) detected, falling back to VS Code configuration
["INFO" - 11:44:25 PM] Prettier Options:
{
  "arrowParens": "always",
  "bracketSpacing": true,
  "endOfLine": "lf",
  "htmlWhitespaceSensitivity": "css",
  "insertPragma": false,
  "jsxBracketSameLine": false,
  "jsxSingleQuote": false,
  "printWidth": 80,
  "proseWrap": "preserve",
  "quoteProps": "as-needed",
  "requirePragma": false,
  "semi": true,
  "singleQuote": false,
  "tabWidth": 2,
  "trailingComma": "es5",
  "useTabs": false,
  "vueIndentScriptAndStyle": false,
  "filepath": "/home/bot/AAMeineSachen/FL3XX/BRIGHT-reporting/.vscode/settings.json",
  "parser": "json"
}
["INFO" - 11:44:25 PM] Formatting completed in 0.003ms.
["INFO" - 11:46:15 PM] Formatting vscode-userdata:/home/bot/.config/Code/User/settings.json
["INFO" - 11:46:15 PM] File Info:
{
  "ignored": false,
  "inferredParser": "json"
}
["INFO" - 11:46:15 PM] No local configuration (i.e. .prettierrc or .editorconfig) detected, falling back to VS Code configuration
["INFO" - 11:46:15 PM] Prettier Options:
{
  "arrowParens": "always",
  "bracketSpacing": true,
  "endOfLine": "lf",
  "htmlWhitespaceSensitivity": "css",
  "insertPragma": false,
  "jsxBracketSameLine": false,
  "jsxSingleQuote": false,
  "printWidth": 80,
  "proseWrap": "preserve",
  "quoteProps": "as-needed",
  "requirePragma": false,
  "semi": true,
  "singleQuote": false,
  "tabWidth": 2,
  "trailingComma": "es5",
  "useTabs": false,
  "vueIndentScriptAndStyle": false,
  "filepath": "/home/bot/.config/Code/User/settings.json",
  "parser": "json"
}
["INFO" - 11:46:15 PM] Formatting completed in 0.006ms.
["INFO" - 11:46:15 PM] Formatting vscode-userdata:/home/bot/.config/Code/User/settings.json
["INFO" - 11:46:15 PM] File Info:
{
  "ignored": false,
  "inferredParser": "json"
}
["INFO" - 11:46:15 PM] No local configuration (i.e. .prettierrc or .editorconfig) detected, falling back to VS Code configuration
["INFO" - 11:46:15 PM] Prettier Options:
{
  "arrowParens": "always",
  "bracketSpacing": true,
  "endOfLine": "lf",
  "htmlWhitespaceSensitivity": "css",
  "insertPragma": false,
  "jsxBracketSameLine": false,
  "jsxSingleQuote": false,
  "printWidth": 80,
  "proseWrap": "preserve",
  "quoteProps": "as-needed",
  "requirePragma": false,
  "semi": true,
  "singleQuote": false,
  "tabWidth": 2,
  "trailingComma": "es5",
  "useTabs": false,
  "vueIndentScriptAndStyle": false,
  "filepath": "/home/bot/.config/Code/User/settings.json",
  "parser": "json"
}
["INFO" - 11:46:15 PM] Formatting completed in 0.007ms.
["INFO" - 11:46:32 PM] Formatting file:///home/bot/AAMeineSachen/FL3XX/BRIGHT-reporting/.vscode/settings.json
["INFO" - 11:46:32 PM] Using ignore file (if present) at /home/bot/AAMeineSachen/FL3XX/BRIGHT-reporting/.prettierignore
["INFO" - 11:46:32 PM] File Info:
{
  "ignored": false,
  "inferredParser": "json"
}
["INFO" - 11:46:32 PM] No local configuration (i.e. .prettierrc or .editorconfig) detected, falling back to VS Code configuration
["INFO" - 11:46:32 PM] Prettier Options:
{
  "arrowParens": "always",
  "bracketSpacing": true,
  "endOfLine": "lf",
  "htmlWhitespaceSensitivity": "css",
  "insertPragma": false,
  "jsxBracketSameLine": false,
  "jsxSingleQuote": false,
  "printWidth": 80,
  "proseWrap": "preserve",
  "quoteProps": "as-needed",
  "requirePragma": false,
  "semi": true,
  "singleQuote": false,
  "tabWidth": 2,
  "trailingComma": "es5",
  "useTabs": false,
  "vueIndentScriptAndStyle": false,
  "filepath": "/home/bot/AAMeineSachen/FL3XX/BRIGHT-reporting/.vscode/settings.json",
  "parser": "json"
}
["INFO" - 11:46:32 PM] Formatting completed in 0.005ms.
["INFO" - 11:46:32 PM] Formatting file:///home/bot/AAMeineSachen/FL3XX/BRIGHT-reporting/.vscode/settings.json
["INFO" - 11:46:32 PM] Using ignore file (if present) at /home/bot/AAMeineSachen/FL3XX/BRIGHT-reporting/.prettierignore
["INFO" - 11:46:32 PM] File Info:
{
  "ignored": false,
  "inferredParser": "json"
}
["INFO" - 11:46:32 PM] No local configuration (i.e. .prettierrc or .editorconfig) detected, falling back to VS Code configuration
["INFO" - 11:46:32 PM] Prettier Options:
{
  "arrowParens": "always",
  "bracketSpacing": true,
  "endOfLine": "lf",
  "htmlWhitespaceSensitivity": "css",
  "insertPragma": false,
  "jsxBracketSameLine": false,
  "jsxSingleQuote": false,
  "printWidth": 80,
  "proseWrap": "preserve",
  "quoteProps": "as-needed",
  "requirePragma": false,
  "semi": true,
  "singleQuote": false,
  "tabWidth": 2,
  "trailingComma": "es5",
  "useTabs": false,
  "vueIndentScriptAndStyle": false,
  "filepath": "/home/bot/AAMeineSachen/FL3XX/BRIGHT-reporting/.vscode/settings.json",
  "parser": "json"
}
["INFO" - 11:46:32 PM] Formatting completed in 0.003ms.
["INFO" - 11:46:53 PM] Formatting vscode-userdata:/home/bot/.config/Code/User/settings.json
["INFO" - 11:46:53 PM] File Info:
{
  "ignored": false,
  "inferredParser": "json"
}
["INFO" - 11:46:53 PM] No local configuration (i.e. .prettierrc or .editorconfig) detected, falling back to VS Code configuration
["INFO" - 11:46:53 PM] Prettier Options:
{
  "arrowParens": "always",
  "bracketSpacing": true,
  "endOfLine": "lf",
  "htmlWhitespaceSensitivity": "css",
  "insertPragma": false,
  "jsxBracketSameLine": false,
  "jsxSingleQuote": false,
  "printWidth": 80,
  "proseWrap": "preserve",
  "quoteProps": "as-needed",
  "requirePragma": false,
  "semi": true,
  "singleQuote": false,
  "tabWidth": 2,
  "trailingComma": "es5",
  "useTabs": false,
  "vueIndentScriptAndStyle": false,
  "filepath": "/home/bot/.config/Code/User/settings.json",
  "parser": "json"
}
["INFO" - 11:46:53 PM] Formatting completed in 0.007ms.
["INFO" - 11:46:53 PM] Formatting vscode-userdata:/home/bot/.config/Code/User/settings.json
["INFO" - 11:46:53 PM] File Info:
{
  "ignored": false,
  "inferredParser": "json"
}
["INFO" - 11:46:53 PM] No local configuration (i.e. .prettierrc or .editorconfig) detected, falling back to VS Code configuration
["INFO" - 11:46:53 PM] Prettier Options:
{
  "arrowParens": "always",
  "bracketSpacing": true,
  "endOfLine": "lf",
  "htmlWhitespaceSensitivity": "css",
  "insertPragma": false,
  "jsxBracketSameLine": false,
  "jsxSingleQuote": false,
  "printWidth": 80,
  "proseWrap": "preserve",
  "quoteProps": "as-needed",
  "requirePragma": false,
  "semi": true,
  "singleQuote": false,
  "tabWidth": 2,
  "trailingComma": "es5",
  "useTabs": false,
  "vueIndentScriptAndStyle": false,
  "filepath": "/home/bot/.config/Code/User/settings.json",
  "parser": "json"
}
["INFO" - 11:46:53 PM] Formatting completed in 0.007ms.
["INFO" - 11:46:53 PM] Formatting vscode-userdata:/home/bot/.config/Code/User/settings.json
["INFO" - 11:46:53 PM] File Info:
{
  "ignored": false,
  "inferredParser": "json"
}
["INFO" - 11:46:53 PM] No local configuration (i.e. .prettierrc or .editorconfig) detected, falling back to VS Code configuration
["INFO" - 11:46:53 PM] Prettier Options:
{
  "arrowParens": "always",
  "bracketSpacing": true,
  "endOfLine": "lf",
  "htmlWhitespaceSensitivity": "css",
  "insertPragma": false,
  "jsxBracketSameLine": false,
  "jsxSingleQuote": false,
  "printWidth": 80,
  "proseWrap": "preserve",
  "quoteProps": "as-needed",
  "requirePragma": false,
  "semi": true,
  "singleQuote": false,
  "tabWidth": 2,
  "trailingComma": "es5",
  "useTabs": false,
  "vueIndentScriptAndStyle": false,
  "filepath": "/home/bot/.config/Code/User/settings.json",
  "parser": "json"
}
["INFO" - 11:46:53 PM] Formatting completed in 0.005ms.
["INFO" - 11:46:53 PM] Formatting vscode-userdata:/home/bot/.config/Code/User/settings.json
["INFO" - 11:46:53 PM] File Info:
{
  "ignored": false,
  "inferredParser": "json"
}
["INFO" - 11:46:53 PM] No local configuration (i.e. .prettierrc or .editorconfig) detected, falling back to VS Code configuration
["INFO" - 11:46:53 PM] Prettier Options:
{
  "arrowParens": "always",
  "bracketSpacing": true,
  "endOfLine": "lf",
  "htmlWhitespaceSensitivity": "css",
  "insertPragma": false,
  "jsxBracketSameLine": false,
  "jsxSingleQuote": false,
  "printWidth": 80,
  "proseWrap": "preserve",
  "quoteProps": "as-needed",
  "requirePragma": false,
  "semi": true,
  "singleQuote": false,
  "tabWidth": 2,
  "trailingComma": "es5",
  "useTabs": false,
  "vueIndentScriptAndStyle": false,
  "filepath": "/home/bot/.config/Code/User/settings.json",
  "parser": "json"
}
["INFO" - 11:46:53 PM] Formatting completed in 0.008ms.
["INFO" - 11:47:26 PM] Formatting vscode-userdata:/home/bot/.config/Code/User/settings.json
["INFO" - 11:47:26 PM] File Info:
{
  "ignored": false,
  "inferredParser": "json"
}
["INFO" - 11:47:26 PM] No local configuration (i.e. .prettierrc or .editorconfig) detected, falling back to VS Code configuration
["INFO" - 11:47:26 PM] Prettier Options:
{
  "arrowParens": "always",
  "bracketSpacing": true,
  "endOfLine": "lf",
  "htmlWhitespaceSensitivity": "css",
  "insertPragma": false,
  "jsxBracketSameLine": false,
  "jsxSingleQuote": false,
  "printWidth": 80,
  "proseWrap": "preserve",
  "quoteProps": "as-needed",
  "requirePragma": false,
  "semi": true,
  "singleQuote": false,
  "tabWidth": 2,
  "trailingComma": "es5",
  "useTabs": false,
  "vueIndentScriptAndStyle": false,
  "filepath": "/home/bot/.config/Code/User/settings.json",
  "parser": "json"
}
["INFO" - 11:47:26 PM] Formatting completed in 0.005ms.
["INFO" - 11:47:26 PM] Formatting vscode-userdata:/home/bot/.config/Code/User/settings.json
["INFO" - 11:47:26 PM] File Info:
{
  "ignored": false,
  "inferredParser": "json"
}
["INFO" - 11:47:26 PM] No local configuration (i.e. .prettierrc or .editorconfig) detected, falling back to VS Code configuration
["INFO" - 11:47:26 PM] Prettier Options:
{
  "arrowParens": "always",
  "bracketSpacing": true,
  "endOfLine": "lf",
  "htmlWhitespaceSensitivity": "css",
  "insertPragma": false,
  "jsxBracketSameLine": false,
  "jsxSingleQuote": false,
  "printWidth": 80,
  "proseWrap": "preserve",
  "quoteProps": "as-needed",
  "requirePragma": false,
  "semi": true,
  "singleQuote": false,
  "tabWidth": 2,
  "trailingComma": "es5",
  "useTabs": false,
  "vueIndentScriptAndStyle": false,
  "filepath": "/home/bot/.config/Code/User/settings.json",
  "parser": "json"
}
["INFO" - 11:47:26 PM] Formatting completed in 0.009ms.
["INFO" - 11:48:40 PM] Formatting vscode-userdata:/home/bot/.config/Code/User/settings.json
["INFO" - 11:48:40 PM] File Info:
{
  "ignored": false,
  "inferredParser": "json"
}
["INFO" - 11:48:40 PM] No local configuration (i.e. .prettierrc or .editorconfig) detected, falling back to VS Code configuration
["INFO" - 11:48:40 PM] Prettier Options:
{
  "arrowParens": "always",
  "bracketSpacing": true,
  "endOfLine": "lf",
  "htmlWhitespaceSensitivity": "css",
  "insertPragma": false,
  "jsxBracketSameLine": false,
  "jsxSingleQuote": false,
  "printWidth": 80,
  "proseWrap": "preserve",
  "quoteProps": "as-needed",
  "requirePragma": false,
  "semi": true,
  "singleQuote": false,
  "tabWidth": 2,
  "trailingComma": "es5",
  "useTabs": false,
  "vueIndentScriptAndStyle": false,
  "filepath": "/home/bot/.config/Code/User/settings.json",
  "parser": "json"
}
["INFO" - 11:48:40 PM] Formatting completed in 0.006ms.
